#
# A fatal error has been detected by the Java Runtime Environment:
#
#  EXCEPTION_ACCESS_VIOLATION (0xc0000005) at pc=0x00007fff490ecad6, pid=1872, tid=16588
#
# JRE version: OpenJDK Runtime Environment Temurin-17.0.17+10 (17.0.17+10) (build 17.0.17+10)
# Java VM: OpenJDK 64-Bit Server VM Temurin-17.0.17+10 (17.0.17+10, mixed mode, emulated-client, sharing, tiered, compressed oops, compressed class ptrs, g1 gc, windows-amd64)
# Problematic frame:
# V  [jvm.dll+0xcad6]
#
# No core dump will be written. Minidumps are not enabled by default on client versions of Windows
#
# If you would like to submit a bug report, please visit:
#   https://github.com/adoptium/adoptium-support/issues
#

---------------  S U M M A R Y ------------

Command Line: -agentlib:jdwp=transport=dt_socket,address=127.0.0.1:55998,suspend=y,server=n -javaagent:C:\Users\kotei\AppData\Local\JetBrains\IntelliJIdea2025.2\captureAgent\debugger-agent.jar=file:///C:/Users/kotei/AppData/Local/Temp/capture4680110689664383742.props -agentpath:C:\Users\kotei\AppData\Local\Temp\idea_libasyncProfiler_dll_temp_folder3\libasyncProfiler.dll=version,jfr,event=wall,interval=10ms,cstack=no,file=C:\Users\kotei\IdeaSnapshots\ApiAutomationApplication_2026_03_13_140133.jfr,dbghelppath=C:\Users\kotei\AppData\Local\Temp\idea_dbghelp_dll_temp_folder9\dbghelp.dll,log=C:\Users\kotei\AppData\Local\Temp\ApiAutomationApplication_2026_03_13_140133.jfr.log.txt,logLevel=DEBUG -XX:TieredStopAtLevel=1 -Dspring.output.ansi.enabled=always -Dcom.sun.management.jmxremote -Dspring.jmx.enabled=true -Dspring.liveBeansView.mbeanDomain -Dspring.application.admin.enabled=true -Dmanagement.endpoints.jmx.exposure.include=* -Dkotlinx.coroutines.debug.enable.creation.stack.trace=false -Ddebugger.agent.enable.coroutines=true -Dkotlinx.coroutines.debug.enable.flows.stack.trace=true -Dkotlinx.coroutines.debug.enable.mutable.state.flows.stack.trace=true -Dfile.encoding=UTF-8 com.usg.apiAutomation.ApiAutomationApplication

Host: 11th Gen Intel(R) Core(TM) i5-1135G7 @ 2.40GHz, 8 cores, 31G,  Windows 11 , 64 bit Build 26100 (10.0.26100.7920)
Time: Fri Mar 13 14:25:02 2026 Greenwich Standard Time elapsed time: 1408.425794 seconds (0d 0h 23m 28s)

---------------  T H R E A D  ---------------

Current thread (0x000001c0a44e9c60):  ConcurrentGCThread "G1 Conc#1" [stack: 0x000000a638500000,0x000000a638600000] [id=16588]

Stack: [0x000000a638500000,0x000000a638600000],  sp=0x000000a6385ff608,  free space=1021k
Native frames: (J=compiled Java code, j=interpreted, Vv=VM code, C=native code)
V  [jvm.dll+0xcad6]


siginfo: EXCEPTION_ACCESS_VIOLATION (0xc0000005), reading address 0x000001c11ec74d79


Registers:
RAX=0x2222222221241100, RBX=0x000001c044a93001, RCX=0x00000006063a6b78, RDX=0x00000006063a6b78
RSP=0x000000a6385ff608, RBP=0x0000000000000001, RSI=0x000001c044a92fd0, RDI=0x00000006063a6b78
R8 =0x000001c05328e9a8, R9 =0x000001c11ec74d71, R10=0x000001c044a92fd0, R11=0x0000000000000003
R12=0x0000000000000000, R13=0x0000000000000001, R14=0x000001c05e12f3d8, R15=0x00000006063a8508
RIP=0x00007fff490ecad6, EFLAGS=0x0000000000010206

XMM[0]=0x0000000000000000 0x0000000000000000
XMM[1]=0x0000000000000000 0x0000000000000000
XMM[2]=0x0000000000000000 0x0000000000000000
XMM[3]=0x0000000000000000 0x0000000000000000
XMM[4]=0x0000000000000000 0x0000000000000000
XMM[5]=0x0000000000000000 0x0000000000000000
XMM[6]=0x0000000000000000 0x3ff241719fa45d28
XMM[7]=0x0000000000000000 0x408f400000000000
XMM[8]=0x0000000000000000 0x0000000000000000
XMM[9]=0x0000000000000000 0x0000000000000000
XMM[10]=0x0000000000000000 0x0000000000000000
XMM[11]=0x0000000000000000 0x0000000000000000
XMM[12]=0x0000000000000000 0x0000000000000000
XMM[13]=0x0000000000000000 0x0000000000000000
XMM[14]=0x0000000000000000 0x0000000000000000
XMM[15]=0x0000000000000000 0x0000000000000000
  MXCSR=0x00001fa0


Register to memory mapping:

RIP=0x00007fff490ecad6 jvm.dll
RAX=0x2222222221241100 is an unknown value
RBX=0x000001c044a93001 points into unknown readable memory: 00 34 4b c0 01 00 00
RCX=0x00000006063a6b78 is pointing into object: java.util.HashMap$Node 
{0x00000006063a6b68} - klass: 'java/util/HashMap$Node'
 - ---- fields (total size 4 words):
 - final 'hash' 'I' @12  -1632306425 (9eb4fb07)
 - final 'key' 'Ljava/lang/Object;' @16  "deprecated"{0x00000006055e1df0} (c0abc3be)
 - 'value' 'Ljava/lang/Object;' @20  a 'java/lang/Integer'{0x0000000604ed0220} = 6 (c09da044)
 - 'next' 'Ljava/util/HashMap$Node;' @24  a 'java/util/HashMap$Node'{0x00000006063a6b88} (c0c74d71)
RDX=0x00000006063a6b78 is pointing into object: java.util.HashMap$Node 
{0x00000006063a6b68} - klass: 'java/util/HashMap$Node'
 - ---- fields (total size 4 words):
 - final 'hash' 'I' @12  -1632306425 (9eb4fb07)
 - final 'key' 'Ljava/lang/Object;' @16  "deprecated"{0x00000006055e1df0} (c0abc3be)
 - 'value' 'Ljava/lang/Object;' @20  a 'java/lang/Integer'{0x0000000604ed0220} = 6 (c09da044)
 - 'next' 'Ljava/util/HashMap$Node;' @24  a 'java/util/HashMap$Node'{0x00000006063a6b88} (c0c74d71)
RSP=0x000000a6385ff608 points into unknown readable memory: 0x00007fff493ba91d | 1d a9 3b 49 ff 7f 00 00
RBP=0x0000000000000001 is an unknown value
RSI=0x000001c044a92fd0 points into unknown readable memory: 0x000001c044ae2010 | 10 20 ae 44 c0 01 00 00
RDI=0x00000006063a6b78 is pointing into object: java.util.HashMap$Node 
{0x00000006063a6b68} - klass: 'java/util/HashMap$Node'
 - ---- fields (total size 4 words):
 - final 'hash' 'I' @12  -1632306425 (9eb4fb07)
 - final 'key' 'Ljava/lang/Object;' @16  "deprecated"{0x00000006055e1df0} (c0abc3be)
 - 'value' 'Ljava/lang/Object;' @20  a 'java/lang/Integer'{0x0000000604ed0220} = 6 (c09da044)
 - 'next' 'Ljava/util/HashMap$Node;' @24  a 'java/util/HashMap$Node'{0x00000006063a6b88} (c0c74d71)
R8 =0x000001c05328e9a8 points into unknown readable memory: 0x2222a22221241100 | 00 11 24 21 22 a2 22 22
R9 =0x000001c11ec74d71 is an unknown value
R10=0x000001c044a92fd0 points into unknown readable memory: 0x000001c044ae2010 | 10 20 ae 44 c0 01 00 00
R11=0x0000000000000003 is an unknown value
R12=0x0 is NULL
R13=0x0000000000000001 is an unknown value
R14=0x000001c05e12f3d8 is pointing into metadata
R15=0x00000006063a8508 is an oop: java.util.HashMap$Node 
{0x00000006063a8508} - klass: 'java/util/HashMap$Node'
 - ---- fields (total size 4 words):
 - final 'hash' 'I' @12  527434219 (1f7001eb)
 - final 'key' 'Ljava/lang/Object;' @16  
[error occurred during error reporting (printing register info), id 0xc0000005, EXCEPTION_ACCESS_VIOLATION (0xc0000005) at pc=0x00007fff49750b13]

Top of Stack: (sp=0x000000a6385ff608)
0x000000a6385ff608:   00007fff493ba91d 000000000002625a
0x000000a6385ff618:   00007fff493ba889 000045cf31a2b4af
0x000000a6385ff628:   0000000000000040 00000006063a6b78
0x000000a6385ff638:   00007fff493ba71d 000001c044aed3c0
0x000000a6385ff648:   000000a6385ff770 000001c05e12f3d0
0x000000a6385ff658:   000000a6385ff770 00000006063a8524
0x000000a6385ff668:   00007fff493b87fd 00000006063a8518
0x000000a6385ff678:   00007fff493b8cad 000000060637f068
0x000000a6385ff688:   0000000000000000 0000000000000000
0x000000a6385ff698:   0000000000000040 00000006063a8508
0x000000a6385ff6a8:   00007fff493b8441 000001c05e12f198
0x000000a6385ff6b8:   0000000000000004 000000a6385ff770
0x000000a6385ff6c8:   0000000000000000 000001c044aed3c0
0x000000a6385ff6d8:   00007fff493cbc44 00000006063a8508
0x000000a6385ff6e8:   00000000000000a6 000001c044aeb400
0x000000a6385ff6f8:   000001c0449f8540 0000000000000001
0x000000a6385ff708:   0000000000000000 000001c0a51e87d0
0x000000a6385ff718:   000000a6361ff401 000001c044aed3c0
0x000000a6385ff728:   00007fff493caf90 0000000606047c38
0x000000a6385ff738:   000001c044aed490 000001c044aed458
0x000000a6385ff748:   0000000000000000 000001c044a92fd0
0x000000a6385ff758:   000001c044aed3c0 0000000606d02bd0
0x000000a6385ff768:   000000000005fa86 00007fff49a3ac58
0x000000a6385ff778:   000001c044a017f0 000001c000000003
0x000000a6385ff788:   000001c0449f6ea0 000001c044aed3c0
0x000000a6385ff798:   00007fff4975d34c c215b08487ff8f5c
0x000000a6385ff7a8:   0000000000000000 0000000000000000
0x000000a6385ff7b8:   0000000000000000 000001c0a49d5240
0x000000a6385ff7c8:   000001c0a44e9c60 000001c0a49d5250
0x000000a6385ff7d8:   000001c044aed3c0 000001c044aed490
0x000000a6385ff7e8:   00007fff493ceb66 0000002036f78063
0x000000a6385ff7f8:   000000a6361ff4c0 000001c0a51e87d0 

Instructions: (pc=0x00007fff490ecad6)
0x00007fff490ec9d6:   cc cc cc cc cc cc cc cc cc cc 4c 8b 01 4c 8b c9
0x00007fff490ec9e6:   48 8b 0d 23 f2 b6 00 ba 64 60 08 00 e9 59 f1 ff
0x00007fff490ec9f6:   ff cc cc cc cc cc cc cc cc cc 8b 05 02 39 b1 00
0x00007fff490eca06:   c3 cc cc cc cc cc cc cc cc cc 0f b6 05 1e fb b7
0x00007fff490eca16:   00 48 8b d1 84 c0 74 16 44 8b 41 08 8b 0d e0 38
0x00007fff490eca26:   b1 00 49 d3 e0 4c 03 05 ce 38 b1 00 eb 04 4c 8b
0x00007fff490eca36:   41 08 45 8b 48 08 45 85 c9 7e 0e 41 f6 c1 01 75
0x00007fff490eca46:   53 41 c1 f9 03 41 8b c1 c3 79 49 84 c0 41 b8 0c
0x00007fff490eca56:   00 00 00 8b 05 e5 47 b1 00 b9 10 00 00 00 41 0f
0x00007fff490eca66:   45 c8 ff c8 48 98 48 63 14 11 41 8b c9 83 e1 3f
0x00007fff490eca76:   48 d3 e2 41 8b c9 48 c1 f9 10 44 0f b6 c1 48 8d
0x00007fff490eca86:   0c 10 48 f7 d0 4c 03 c1 48 c1 e8 03 49 c1 e8 03
0x00007fff490eca96:   41 23 c0 c3 49 8b 00 49 8b c8 48 ff a0 00 01 00
0x00007fff490ecaa6:   00 cc cc cc cc cc cc cc cc cc 8b 44 24 30 45 03
0x00007fff490ecab6:   c9 44 2b 4c 24 28 83 c0 0b 44 03 ca 45 03 c8 41
0x00007fff490ecac6:   03 c1 c3 cc cc cc cc cc cc cc 4c 8b ca 48 8b d1
0x00007fff490ecad6:   45 8b 41 08 45 85 c0 7e 0e 41 f6 c0 01 75 56 41
0x00007fff490ecae6:   c1 f8 03 41 8b c0 c3 79 4c 80 3d 3f fa b7 00 00
0x00007fff490ecaf6:   b8 0c 00 00 00 b9 10 00 00 00 0f 45 c8 8b 05 3b
0x00007fff490ecb06:   47 b1 00 ff c8 48 98 48 63 14 11 41 8b c8 83 e1
0x00007fff490ecb16:   3f 48 d3 e2 41 8b c8 48 c1 f9 10 44 0f b6 c1 48
0x00007fff490ecb26:   8d 0c 10 48 f7 d0 4c 03 c1 48 c1 e8 03 49 c1 e8
0x00007fff490ecb36:   03 41 23 c0 c3 49 8b 01 49 8b c9 48 ff a0 00 01
0x00007fff490ecb46:   00 00 cc cc cc cc cc cc cc cc 48 8b 41 08 0f b7
0x00007fff490ecb56:   48 2a 0f b7 40 28 83 c0 48 03 c1 c3 cc cc cc cc
0x00007fff490ecb66:   cc cc cc cc cc cc cc cc cc cc 48 89 5c 24 08 57
0x00007fff490ecb76:   48 83 ec 20 0f b6 05 6f e6 bb 00 48 8b fa 48 8b
0x00007fff490ecb86:   d9 84 c0 74 4f 48 85 15 56 de bb 00 74 38 48 8b
0x00007fff490ecb96:   ca e8 14 f4 85 00 48 8b d0 48 85 db 74 25 48 85
0x00007fff490ecba6:   c0 74 20 48 8b c7 f0 48 0f b1 13 74 16 48 85 05
0x00007fff490ecbb6:   2e de bb 00 74 0d 48 8b c8 f0 48 0f b1 13 48 3b
0x00007fff490ecbc6:   c1 75 ea 48 8b fa 48 8b c7 48 8b 5c 24 30 48 83 


Stack slot to memory mapping:
stack at sp + 0 slots: 0x00007fff493ba91d jvm.dll
stack at sp + 1 slots: 0x000000000002625a is an unknown value
stack at sp + 2 slots: 0x00007fff493ba889 jvm.dll
stack at sp + 3 slots: 0x000045cf31a2b4af is an unknown value
stack at sp + 4 slots: 0x0000000000000040 is an unknown value
stack at sp + 5 slots: 0x00000006063a6b78 is pointing into object: java.util.HashMap$Node 
{0x00000006063a6b68} - klass: 'java/util/HashMap$Node'
 - ---- fields (total size 4 words):
 - final 'hash' 'I' @12  -1632306425 (9eb4fb07)
 - final 'key' 'Ljava/lang/Object;' @16  "deprecated"{0x00000006055e1df0} (c0abc3be)
 - 'value' 'Ljava/lang/Object;' @20  a 'java/lang/Integer'{0x0000000604ed0220} = 6 (c09da044)
 - 'next' 'Ljava/util/HashMap$Node;' @24  a 'java/util/HashMap$Node'{0x00000006063a6b88} (c0c74d71)
stack at sp + 6 slots: 0x00007fff493ba71d jvm.dll
stack at sp + 7 slots: 0x000001c044aed3c0 points into unknown readable memory: 0x00007fff49a3ac38 | 38 ac a3 49 ff 7f 00 00


---------------  P R O C E S S  ---------------

Threads class SMR info:
_java_thread_list=0x000001c0b0fea250, length=40, elements={
0x000001c05dc1c200, 0x000001c05dc1ccd0, 0x000001c05dc22ca0, 0x000001c05dc25580,
0x000001c05dc25e50, 0x000001c05dc26720, 0x000001c05dc270a0, 0x000001c05dc279b0,
0x000001c05dca6d70, 0x000001c05ddc3780, 0x000001c05ddde8b0, 0x000001c05dde0db0,
0x000001c05de0d140, 0x000001c0a315f130, 0x000001c0a3ff9810, 0x000001c0a47016a0,
0x000001c0a693fd10, 0x000001c0a6941660, 0x000001c0a6940730, 0x000001c0a50cfd40,
0x000001c0a79b4510, 0x000001c0a926eab0, 0x000001c0a926cc50, 0x000001c0a926f9e0,
0x000001c0aa470870, 0x000001c0aa47dd10, 0x000001c0aa47c8d0, 0x000001c0aa47a560,
0x000001c0aa47c3c0, 0x000001c0aa47e220, 0x000001c0a926db80, 0x000001c0a926b810,
0x000001c0a79b4000, 0x000001c0a8536560, 0x000001c0afd74fd0, 0x000001c0afd754e0,
0x000001c0afd77850, 0x000001c0afd745b0, 0x000001c0afd77340, 0x000001c0afd76e30
}

Java Threads: ( => current thread )
  0x000001c05dc1c200 JavaThread "Reference Handler" daemon [_thread_blocked, id=19396, stack(0x000000a636600000,0x000000a636700000)]
  0x000001c05dc1ccd0 JavaThread "Finalizer" daemon [_thread_blocked, id=1464, stack(0x000000a636700000,0x000000a636800000)]
  0x000001c05dc22ca0 JavaThread "Signal Dispatcher" daemon [_thread_blocked, id=12620, stack(0x000000a636800000,0x000000a636900000)]
  0x000001c05dc25580 JavaThread "Attach Listener" daemon [_thread_blocked, id=3460, stack(0x000000a636900000,0x000000a636a00000)]
  0x000001c05dc25e50 JavaThread "Service Thread" daemon [_thread_blocked, id=18624, stack(0x000000a636a00000,0x000000a636b00000)]
  0x000001c05dc26720 JavaThread "Monitor Deflation Thread" daemon [_thread_blocked, id=8612, stack(0x000000a636b00000,0x000000a636c00000)]
  0x000001c05dc270a0 JavaThread "C1 CompilerThread0" daemon [_thread_blocked, id=6848, stack(0x000000a636c00000,0x000000a636d00000)]
  0x000001c05dc279b0 JavaThread "Sweeper thread" daemon [_thread_blocked, id=9352, stack(0x000000a636d00000,0x000000a636e00000)]
  0x000001c05dca6d70 JavaThread "Common-Cleaner" daemon [_thread_blocked, id=9828, stack(0x000000a636e00000,0x000000a636f00000)]
  0x000001c05ddc3780 JavaThread "JDWP Transport Listener: dt_socket" daemon [_thread_blocked, id=18404, stack(0x000000a637100000,0x000000a637200000)]
  0x000001c05ddde8b0 JavaThread "JDWP Event Helper Thread" daemon [_thread_blocked, id=4328, stack(0x000000a637200000,0x000000a637300000)]
  0x000001c05dde0db0 JavaThread "JDWP Command Reader" daemon [_thread_in_native, id=3648, stack(0x000000a637300000,0x000000a637400000)]
  0x000001c05de0d140 JavaThread "IntelliJ Suspend Helper" daemon [_thread_blocked, id=19092, stack(0x000000a637400000,0x000000a637500000)]
  0x000001c0a315f130 JavaThread "Notification Thread" daemon [_thread_blocked, id=7192, stack(0x000000a637500000,0x000000a637600000)]
  0x000001c0a3ff9810 JavaThread "RMI TCP Accept-0" daemon [_thread_in_native, id=9968, stack(0x000000a637600000,0x000000a637700000)]
  0x000001c0a47016a0 JavaThread "RMI Scheduler(0)" daemon [_thread_blocked, id=14984, stack(0x000000a638300000,0x000000a638400000)]
  0x000001c0a693fd10 JavaThread "Catalina-utility-1" [_thread_blocked, id=17744, stack(0x000000a638400000,0x000000a638500000)]
  0x000001c0a6941660 JavaThread "Catalina-utility-2" [_thread_blocked, id=12072, stack(0x000000a638700000,0x000000a638800000)]
  0x000001c0a6940730 JavaThread "container-0" [_thread_blocked, id=10440, stack(0x000000a638800000,0x000000a638900000)]
  0x000001c0a50cfd40 JavaThread "PostgreSQL-JDBC-Cleaner" daemon [_thread_blocked, id=18660, stack(0x000000a638a00000,0x000000a638b00000)]
  0x000001c0a79b4510 JavaThread "PostgreSQL-Hikari-Pool housekeeper" daemon [_thread_blocked, id=12748, stack(0x000000a638c00000,0x000000a638d00000)]
  0x000001c0a926eab0 JavaThread "Timer-0" daemon [_thread_blocked, id=13480, stack(0x000000a638d00000,0x000000a638e00000)]
  0x000001c0a926cc50 JavaThread "oracle.jdbc.driver.BlockSource.ThreadedCachingBlockSource.BlockReleaser" daemon [_thread_blocked, id=1916, stack(0x000000a638e00000,0x000000a638f00000)]
  0x000001c0a926f9e0 JavaThread "InterruptTimer" daemon [_thread_blocked, id=18120, stack(0x000000a638f00000,0x000000a639000000)]
  0x000001c0aa470870 JavaThread "Oracle-Hikari-Pool housekeeper" daemon [_thread_blocked, id=2544, stack(0x000000a638b00000,0x000000a638c00000)]
  0x000001c0aa47dd10 JavaThread "File Watcher" daemon [_thread_in_native, id=4208, stack(0x000000a639200000,0x000000a639300000)]
  0x000001c0aa47c8d0 JavaThread "Live Reload Server" daemon [_thread_in_native, id=5812, stack(0x000000a639400000,0x000000a639500000)]
  0x000001c0aa47a560 JavaThread "http-nio-4789-exec-1" daemon [_thread_blocked, id=4920, stack(0x000000a639300000,0x000000a639400000)]
  0x000001c0aa47c3c0 JavaThread "http-nio-4789-exec-2" daemon [_thread_blocked, id=9860, stack(0x000000a639500000,0x000000a639600000)]
  0x000001c0aa47e220 JavaThread "http-nio-4789-exec-3" daemon [_thread_blocked, id=8844, stack(0x000000a639600000,0x000000a639700000)]
  0x000001c0a926db80 JavaThread "http-nio-4789-exec-4" daemon [_thread_blocked, id=9176, stack(0x000000a639700000,0x000000a639800000)]
  0x000001c0a926b810 JavaThread "http-nio-4789-exec-5" daemon [_thread_blocked, id=2640, stack(0x000000a639800000,0x000000a639900000)]
  0x000001c0a79b4000 JavaThread "http-nio-4789-exec-6" daemon [_thread_blocked, id=1864, stack(0x000000a639900000,0x000000a639a00000)]
  0x000001c0a8536560 JavaThread "http-nio-4789-exec-7" daemon [_thread_blocked, id=1256, stack(0x000000a639a00000,0x000000a639b00000)]
  0x000001c0afd74fd0 JavaThread "http-nio-4789-exec-8" daemon [_thread_blocked, id=12408, stack(0x000000a639b00000,0x000000a639c00000)]
  0x000001c0afd754e0 JavaThread "http-nio-4789-exec-9" daemon [_thread_blocked, id=3088, stack(0x000000a639c00000,0x000000a639d00000)]
  0x000001c0afd77850 JavaThread "http-nio-4789-exec-10" daemon [_thread_blocked, id=2744, stack(0x000000a639d00000,0x000000a639e00000)]
  0x000001c0afd745b0 JavaThread "http-nio-4789-Poller" daemon [_thread_in_native, id=16092, stack(0x000000a639e00000,0x000000a639f00000)]
  0x000001c0afd77340 JavaThread "http-nio-4789-Acceptor" daemon [_thread_in_native, id=17772, stack(0x000000a639f00000,0x000000a63a000000)]
  0x000001c0afd76e30 JavaThread "DestroyJavaVM" [_thread_blocked, id=15012, stack(0x000000a635f00000,0x000000a636000000)]

Other Threads:
  0x000001c05dc0e0e0 VMThread "VM Thread" [stack: 0x000000a636500000,0x000000a636600000] [id=440]
  0x000001c0a3c6d760 WatcherThread [stack: 0x000000a637700000,0x000000a637800000] [id=11876]
  0x000001c044a92d00 GCTaskThread "GC Thread#0" [stack: 0x000000a636000000,0x000000a636100000] [id=12376]
  0x000001c0a3e5bc10 GCTaskThread "GC Thread#1" [stack: 0x000000a637800000,0x000000a637900000] [id=10192]
  0x000001c0a3e5a8d0 GCTaskThread "GC Thread#2" [stack: 0x000000a637900000,0x000000a637a00000] [id=4376]
  0x000001c0a3e5b690 GCTaskThread "GC Thread#3" [stack: 0x000000a637a00000,0x000000a637b00000] [id=18280]
  0x000001c0a3e5b110 GCTaskThread "GC Thread#4" [stack: 0x000000a637b00000,0x000000a637c00000] [id=19284]
  0x000001c0a3e5bed0 GCTaskThread "GC Thread#5" [stack: 0x000000a637c00000,0x000000a637d00000] [id=11132]
  0x000001c0a3e5b3d0 GCTaskThread "GC Thread#6" [stack: 0x000000a637d00000,0x000000a637e00000] [id=19112]
  0x000001c0a3e5b950 GCTaskThread "GC Thread#7" [stack: 0x000000a637e00000,0x000000a637f00000] [id=1368]
  0x000001c044ae2010 ConcurrentGCThread "G1 Main Marker" [stack: 0x000000a636100000,0x000000a636200000] [id=13268]
  0x000001c044ae30e0 ConcurrentGCThread "G1 Conc#0" [stack: 0x000000a636200000,0x000000a636300000] [id=11548]
=>0x000001c0a44e9c60 ConcurrentGCThread "G1 Conc#1" [stack: 0x000000a638500000,0x000000a638600000] [id=16588]
  0x000001c05dab2570 ConcurrentGCThread "G1 Refine#0" [stack: 0x000000a636300000,0x000000a636400000] [id=18684]
  0x000001c0a4140130 ConcurrentGCThread "G1 Refine#1" [stack: 0x000000a637f00000,0x000000a638000000] [id=7280]
  0x000001c05dabfdf0 ConcurrentGCThread "G1 Service" [stack: 0x000000a636400000,0x000000a636500000] [id=9864]

Threads with active compile tasks:

VM state: not at safepoint (normal execution)

VM Mutex/Monitor currently owned by a thread: None

Heap address: 0x0000000604800000, size: 8120 MB, Compressed Oops mode: Zero based, Oop shift amount: 3

CDS archive(s) mapped at: [0x000001c05e000000-0x000001c05ebb0000-0x000001c05ebb0000), size 12255232, SharedBaseAddress: 0x000001c05e000000, ArchiveRelocationMode: 1.
Compressed class space mapped at: 0x000001c05f000000-0x000001c09f000000, reserved size: 1073741824
Narrow klass base: 0x000001c05e000000, Narrow klass shift: 0, Narrow klass range: 0x100000000

GC Precious Log:
 CPUs: 8 total, 8 available
 Memory: 32466M
 Large Page Support: Disabled
 NUMA Support: Disabled
 Compressed Oops: Enabled (Zero based)
 Heap Region Size: 4M
 Heap Min Capacity: 8M
 Heap Initial Capacity: 508M
 Heap Max Capacity: 8120M
 Pre-touch: Disabled
 Parallel Workers: 8
 Concurrent Workers: 2
 Concurrent Refinement Workers: 8
 Periodic GC: Disabled

Heap:
 garbage-first heap   total 393216K, used 98175K [0x0000000604800000, 0x0000000800000000)
  region size 4096K, 6 young (24576K), 5 survivors (20480K)
 Metaspace       used 111855K, committed 113152K, reserved 1179648K
  class space    used 15535K, committed 16192K, reserved 1048576K

Heap Regions: E=young(eden), S=young(survivor), O=old, HS=humongous(starts), HC=humongous(continues), CS=collection set, F=free, OA=open archive, CA=closed archive, TAMS=top-at-mark-start (previous, next)
|   0|0x0000000604800000, 0x0000000604c00000, 0x0000000604c00000|100%| O|  |TAMS 0x0000000604c00000, 0x0000000604c00000| Untracked 
|   1|0x0000000604c00000, 0x0000000605000000, 0x0000000605000000|100%| O|  |TAMS 0x0000000605000000, 0x0000000605000000| Untracked 
|   2|0x0000000605000000, 0x0000000605400000, 0x0000000605400000|100%| O|  |TAMS 0x0000000605400000, 0x0000000605400000| Untracked 
|   3|0x0000000605400000, 0x0000000605800000, 0x0000000605800000|100%| O|  |TAMS 0x0000000605800000, 0x0000000605800000| Untracked 
|   4|0x0000000605800000, 0x0000000605c00000, 0x0000000605c00000|100%| O|  |TAMS 0x0000000605c00000, 0x0000000605c00000| Untracked 
|   5|0x0000000605c00000, 0x0000000606000000, 0x0000000606000000|100%| O|  |TAMS 0x0000000606000000, 0x0000000606000000| Untracked 
|   6|0x0000000606000000, 0x0000000606400000, 0x0000000606400000|100%| O|  |TAMS 0x0000000606000000, 0x0000000606400000| Untracked 
|   7|0x0000000606400000, 0x0000000606800000, 0x0000000606800000|100%| O|  |TAMS 0x0000000606800000, 0x0000000606800000| Untracked 
|   8|0x0000000606800000, 0x0000000606c00000, 0x0000000606c00000|100%| O|  |TAMS 0x0000000606c00000, 0x0000000606c00000| Untracked 
|   9|0x0000000606c00000, 0x0000000607000000, 0x0000000607000000|100%| O|  |TAMS 0x0000000607000000, 0x0000000607000000| Untracked 
|  10|0x0000000607000000, 0x0000000607400000, 0x0000000607400000|100%| O|  |TAMS 0x0000000607000000, 0x0000000607400000| Untracked 
|  11|0x0000000607400000, 0x0000000607800000, 0x0000000607800000|100%| O|  |TAMS 0x0000000607400000, 0x0000000607800000| Untracked 
|  12|0x0000000607800000, 0x0000000607c00000, 0x0000000607c00000|100%| O|  |TAMS 0x0000000607800000, 0x0000000607c00000| Untracked 
|  13|0x0000000607c00000, 0x0000000608000000, 0x0000000608000000|100%| O|  |TAMS 0x0000000607c00000, 0x0000000608000000| Untracked 
|  14|0x0000000608000000, 0x0000000608400000, 0x0000000608400000|100%| O|  |TAMS 0x0000000608000000, 0x0000000608400000| Untracked 
|  15|0x0000000608400000, 0x0000000608800000, 0x0000000608800000|100%| O|  |TAMS 0x0000000608400000, 0x0000000608800000| Untracked 
|  16|0x0000000608800000, 0x0000000608c00000, 0x0000000608c00000|100%| O|  |TAMS 0x0000000608800000, 0x0000000608c00000| Untracked 
|  17|0x0000000608c00000, 0x0000000609000000, 0x0000000609000000|100%| O|  |TAMS 0x0000000608c00000, 0x0000000609000000| Untracked 
|  18|0x0000000609000000, 0x0000000609400000, 0x0000000609400000|100%| O|  |TAMS 0x0000000609000000, 0x0000000609400000| Untracked 
|  19|0x0000000609400000, 0x000000060957ca00, 0x0000000609800000| 37%| O|  |TAMS 0x0000000609400000, 0x000000060957ca00| Untracked 
|  20|0x0000000609800000, 0x0000000609800000, 0x0000000609c00000|  0%| F|  |TAMS 0x0000000609800000, 0x0000000609800000| Untracked 
|  21|0x0000000609c00000, 0x0000000609c00000, 0x000000060a000000|  0%| F|  |TAMS 0x0000000609c00000, 0x0000000609c00000| Untracked 
|  22|0x000000060a000000, 0x000000060a000000, 0x000000060a400000|  0%| F|  |TAMS 0x000000060a000000, 0x000000060a000000| Untracked 
|  23|0x000000060a400000, 0x000000060a400000, 0x000000060a800000|  0%| F|  |TAMS 0x000000060a400000, 0x000000060a400000| Untracked 
|  24|0x000000060a800000, 0x000000060a800000, 0x000000060ac00000|  0%| F|  |TAMS 0x000000060a800000, 0x000000060a800000| Untracked 
|  25|0x000000060ac00000, 0x000000060ac00000, 0x000000060b000000|  0%| F|  |TAMS 0x000000060ac00000, 0x000000060ac00000| Untracked 
|  26|0x000000060b000000, 0x000000060b000000, 0x000000060b400000|  0%| F|  |TAMS 0x000000060b000000, 0x000000060b000000| Untracked 
|  27|0x000000060b400000, 0x000000060b400000, 0x000000060b800000|  0%| F|  |TAMS 0x000000060b400000, 0x000000060b400000| Untracked 
|  28|0x000000060b800000, 0x000000060b800000, 0x000000060bc00000|  0%| F|  |TAMS 0x000000060b800000, 0x000000060b800000| Untracked 
|  29|0x000000060bc00000, 0x000000060bc00000, 0x000000060c000000|  0%| F|  |TAMS 0x000000060bc00000, 0x000000060bc00000| Untracked 
|  30|0x000000060c000000, 0x000000060c000000, 0x000000060c400000|  0%| F|  |TAMS 0x000000060c000000, 0x000000060c000000| Untracked 
|  31|0x000000060c400000, 0x000000060c400000, 0x000000060c800000|  0%| F|  |TAMS 0x000000060c400000, 0x000000060c400000| Untracked 
|  32|0x000000060c800000, 0x000000060c800000, 0x000000060cc00000|  0%| F|  |TAMS 0x000000060c800000, 0x000000060c800000| Untracked 
|  33|0x000000060cc00000, 0x000000060cc00000, 0x000000060d000000|  0%| F|  |TAMS 0x000000060cc00000, 0x000000060cc00000| Untracked 
|  34|0x000000060d000000, 0x000000060d000000, 0x000000060d400000|  0%| F|  |TAMS 0x000000060d000000, 0x000000060d000000| Untracked 
|  35|0x000000060d400000, 0x000000060d400000, 0x000000060d800000|  0%| F|  |TAMS 0x000000060d400000, 0x000000060d400000| Untracked 
|  36|0x000000060d800000, 0x000000060d800000, 0x000000060dc00000|  0%| F|  |TAMS 0x000000060d800000, 0x000000060d800000| Untracked 
|  37|0x000000060dc00000, 0x000000060dc00000, 0x000000060e000000|  0%| F|  |TAMS 0x000000060dc00000, 0x000000060dc00000| Untracked 
|  38|0x000000060e000000, 0x000000060e000000, 0x000000060e400000|  0%| F|  |TAMS 0x000000060e000000, 0x000000060e000000| Untracked 
|  39|0x000000060e400000, 0x000000060e400000, 0x000000060e800000|  0%| F|  |TAMS 0x000000060e400000, 0x000000060e400000| Untracked 
|  40|0x000000060e800000, 0x000000060e800000, 0x000000060ec00000|  0%| F|  |TAMS 0x000000060e800000, 0x000000060e800000| Untracked 
|  41|0x000000060ec00000, 0x000000060ec00000, 0x000000060f000000|  0%| F|  |TAMS 0x000000060ec00000, 0x000000060ec00000| Untracked 
|  42|0x000000060f000000, 0x000000060f000000, 0x000000060f400000|  0%| F|  |TAMS 0x000000060f000000, 0x000000060f000000| Untracked 
|  43|0x000000060f400000, 0x000000060f400000, 0x000000060f800000|  0%| F|  |TAMS 0x000000060f400000, 0x000000060f400000| Untracked 
|  44|0x000000060f800000, 0x000000060f800000, 0x000000060fc00000|  0%| F|  |TAMS 0x000000060f800000, 0x000000060f800000| Untracked 
|  45|0x000000060fc00000, 0x000000060fc00000, 0x0000000610000000|  0%| F|  |TAMS 0x000000060fc00000, 0x000000060fc00000| Untracked 
|  46|0x0000000610000000, 0x0000000610000000, 0x0000000610400000|  0%| F|  |TAMS 0x0000000610000000, 0x0000000610000000| Untracked 
|  47|0x0000000610400000, 0x0000000610400000, 0x0000000610800000|  0%| F|  |TAMS 0x0000000610400000, 0x0000000610400000| Untracked 
|  48|0x0000000610800000, 0x0000000610800000, 0x0000000610c00000|  0%| F|  |TAMS 0x0000000610800000, 0x0000000610800000| Untracked 
|  49|0x0000000610c00000, 0x0000000610c00000, 0x0000000611000000|  0%| F|  |TAMS 0x0000000610c00000, 0x0000000610c00000| Untracked 
|  50|0x0000000611000000, 0x0000000611000000, 0x0000000611400000|  0%| F|  |TAMS 0x0000000611000000, 0x0000000611000000| Untracked 
|  51|0x0000000611400000, 0x0000000611400000, 0x0000000611800000|  0%| F|  |TAMS 0x0000000611400000, 0x0000000611400000| Untracked 
|  52|0x0000000611800000, 0x0000000611800000, 0x0000000611c00000|  0%| F|  |TAMS 0x0000000611800000, 0x0000000611800000| Untracked 
|  53|0x0000000611c00000, 0x0000000611c00000, 0x0000000612000000|  0%| F|  |TAMS 0x0000000611c00000, 0x0000000611c00000| Untracked 
|  54|0x0000000612000000, 0x0000000612000000, 0x0000000612400000|  0%| F|  |TAMS 0x0000000612000000, 0x0000000612000000| Untracked 
|  55|0x0000000612400000, 0x0000000612400000, 0x0000000612800000|  0%| F|  |TAMS 0x0000000612400000, 0x0000000612400000| Untracked 
|  56|0x0000000612800000, 0x0000000612800000, 0x0000000612c00000|  0%| F|  |TAMS 0x0000000612800000, 0x0000000612800000| Untracked 
|  57|0x0000000612c00000, 0x0000000612c00000, 0x0000000613000000|  0%| F|  |TAMS 0x0000000612c00000, 0x0000000612c00000| Untracked 
|  58|0x0000000613000000, 0x0000000613000000, 0x0000000613400000|  0%| F|  |TAMS 0x0000000613000000, 0x0000000613000000| Untracked 
|  59|0x0000000613400000, 0x0000000613400000, 0x0000000613800000|  0%| F|  |TAMS 0x0000000613400000, 0x0000000613400000| Untracked 
|  60|0x0000000613800000, 0x0000000613800000, 0x0000000613c00000|  0%| F|  |TAMS 0x0000000613800000, 0x0000000613800000| Untracked 
|  61|0x0000000613c00000, 0x0000000613c00000, 0x0000000614000000|  0%| F|  |TAMS 0x0000000613c00000, 0x0000000613c00000| Untracked 
|  62|0x0000000614000000, 0x0000000614000000, 0x0000000614400000|  0%| F|  |TAMS 0x0000000614000000, 0x0000000614000000| Untracked 
|  63|0x0000000614400000, 0x0000000614400000, 0x0000000614800000|  0%| F|  |TAMS 0x0000000614400000, 0x0000000614400000| Untracked 
|  64|0x0000000614800000, 0x0000000614800000, 0x0000000614c00000|  0%| F|  |TAMS 0x0000000614800000, 0x0000000614800000| Untracked 
|  65|0x0000000614c00000, 0x0000000614c00000, 0x0000000615000000|  0%| F|  |TAMS 0x0000000614c00000, 0x0000000614c00000| Untracked 
|  66|0x0000000615000000, 0x0000000615000000, 0x0000000615400000|  0%| F|  |TAMS 0x0000000615000000, 0x0000000615000000| Untracked 
|  67|0x0000000615400000, 0x0000000615400000, 0x0000000615800000|  0%| F|  |TAMS 0x0000000615400000, 0x0000000615400000| Untracked 
|  68|0x0000000615800000, 0x0000000615800000, 0x0000000615c00000|  0%| F|  |TAMS 0x0000000615800000, 0x0000000615800000| Untracked 
|  69|0x0000000615c00000, 0x0000000615c00000, 0x0000000616000000|  0%| F|  |TAMS 0x0000000615c00000, 0x0000000615c00000| Untracked 
|  70|0x0000000616000000, 0x0000000616000000, 0x0000000616400000|  0%| F|  |TAMS 0x0000000616000000, 0x0000000616000000| Untracked 
|  71|0x0000000616400000, 0x0000000616663340, 0x0000000616800000| 59%| S|CS|TAMS 0x0000000616400000, 0x0000000616400000| Complete 
|  72|0x0000000616800000, 0x0000000616c00000, 0x0000000616c00000|100%| S|CS|TAMS 0x0000000616800000, 0x0000000616800000| Complete 
|  73|0x0000000616c00000, 0x0000000617000000, 0x0000000617000000|100%| S|CS|TAMS 0x0000000616c00000, 0x0000000616c00000| Complete 
|  74|0x0000000617000000, 0x0000000617400000, 0x0000000617400000|100%| S|CS|TAMS 0x0000000617000000, 0x0000000617000000| Complete 
|  75|0x0000000617400000, 0x0000000617800000, 0x0000000617800000|100%| S|CS|TAMS 0x0000000617400000, 0x0000000617400000| Complete 
|  76|0x0000000617800000, 0x0000000617800000, 0x0000000617c00000|  0%| F|  |TAMS 0x0000000617800000, 0x0000000617800000| Untracked 
|  77|0x0000000617c00000, 0x0000000617c00000, 0x0000000618000000|  0%| F|  |TAMS 0x0000000617c00000, 0x0000000617c00000| Untracked 
|  78|0x0000000618000000, 0x0000000618000000, 0x0000000618400000|  0%| F|  |TAMS 0x0000000618000000, 0x0000000618000000| Untracked 
|  79|0x0000000618400000, 0x0000000618400000, 0x0000000618800000|  0%| F|  |TAMS 0x0000000618400000, 0x0000000618400000| Untracked 
|  80|0x0000000618800000, 0x0000000618800000, 0x0000000618c00000|  0%| F|  |TAMS 0x0000000618800000, 0x0000000618800000| Untracked 
|  81|0x0000000618c00000, 0x0000000618c00000, 0x0000000619000000|  0%| F|  |TAMS 0x0000000618c00000, 0x0000000618c00000| Untracked 
|  82|0x0000000619000000, 0x0000000619000000, 0x0000000619400000|  0%| F|  |TAMS 0x0000000619000000, 0x0000000619000000| Untracked 
|  83|0x0000000619400000, 0x0000000619400000, 0x0000000619800000|  0%| F|  |TAMS 0x0000000619400000, 0x0000000619400000| Untracked 
|  84|0x0000000619800000, 0x0000000619800000, 0x0000000619c00000|  0%| F|  |TAMS 0x0000000619800000, 0x0000000619800000| Untracked 
|  85|0x0000000619c00000, 0x0000000619c00000, 0x000000061a000000|  0%| F|  |TAMS 0x0000000619c00000, 0x0000000619c00000| Untracked 
|  86|0x000000061a000000, 0x000000061a000000, 0x000000061a400000|  0%| F|  |TAMS 0x000000061a000000, 0x000000061a000000| Untracked 
|  87|0x000000061a400000, 0x000000061a400000, 0x000000061a800000|  0%| F|  |TAMS 0x000000061a400000, 0x000000061a400000| Untracked 
|  88|0x000000061a800000, 0x000000061a800000, 0x000000061ac00000|  0%| F|  |TAMS 0x000000061a800000, 0x000000061a800000| Untracked 
|  89|0x000000061ac00000, 0x000000061ac00000, 0x000000061b000000|  0%| F|  |TAMS 0x000000061ac00000, 0x000000061ac00000| Untracked 
|  90|0x000000061b000000, 0x000000061b000000, 0x000000061b400000|  0%| F|  |TAMS 0x000000061b000000, 0x000000061b000000| Untracked 
|  91|0x000000061b400000, 0x000000061b400000, 0x000000061b800000|  0%| F|  |TAMS 0x000000061b400000, 0x000000061b400000| Untracked 
|  92|0x000000061b800000, 0x000000061b800000, 0x000000061bc00000|  0%| F|  |TAMS 0x000000061b800000, 0x000000061b800000| Untracked 
|  93|0x000000061bc00000, 0x000000061bc00000, 0x000000061c000000|  0%| F|  |TAMS 0x000000061bc00000, 0x000000061bc00000| Untracked 
|  94|0x000000061c000000, 0x000000061c000000, 0x000000061c400000|  0%| F|  |TAMS 0x000000061c000000, 0x000000061c000000| Untracked 
| 126|0x0000000624000000, 0x000000062433b408, 0x0000000624400000| 80%| E|  |TAMS 0x0000000624000000, 0x0000000624000000| Complete 

Card table byte_map: [0x000001c049380000,0x000001c04a360000] _byte_map_base: 0x000001c04635c000

Marking Bits (Prev, Next): (CMBitMap*) 0x000001c044a92fe0, (CMBitMap*) 0x000001c044a93020
 Prev Bits: [0x000001c04b340000, 0x000001c053220000)
 Next Bits: [0x000001c053220000, 0x000001c05b100000)

Polling page: 0x000001c03aae0000

Metaspace:

Usage:
  Non-class:     94.06 MB used.
      Class:     15.17 MB used.
       Both:    109.23 MB used.

Virtual space:
  Non-class space:      128.00 MB reserved,      94.69 MB ( 74%) committed,  2 nodes.
      Class space:        1.00 GB reserved,      15.81 MB (  2%) committed,  1 nodes.
             Both:        1.12 GB reserved,     110.50 MB ( 10%) committed. 

Chunk freelists:
   Non-Class:  1.36 MB
       Class:  251.00 KB
        Both:  1.60 MB

MaxMetaspaceSize: unlimited
CompressedClassSpaceSize: 1.00 GB
Initial GC threshold: 21.00 MB
Current GC threshold: 110.75 MB
CDS: on
MetaspaceReclaimPolicy: balanced
 - commit_granule_bytes: 65536.
 - commit_granule_words: 8192.
 - virtual_space_node_default_size: 8388608.
 - enlarge_chunks_in_place: 1.
 - new_chunks_are_fully_committed: 0.
 - uncommit_free_chunks: 1.
 - use_allocation_guard: 0.
 - handle_deallocations: 1.


Internal statistics:

num_allocs_failed_limit: 15.
num_arena_births: 2160.
num_arena_deaths: 0.
num_vsnodes_births: 3.
num_vsnodes_deaths: 0.
num_space_committed: 1768.
num_space_uncommitted: 0.
num_chunks_returned_to_freelist: 15.
num_chunks_taken_from_freelist: 6514.
num_chunk_merges: 12.
num_chunk_splits: 4437.
num_chunks_enlarged: 3033.
num_inconsistent_stats: 0.

CodeCache: size=49152Kb used=40147Kb max_used=41266Kb free=9004Kb
 bounds [0x000001c044b10000, 0x000001c047360000, 0x000001c047b10000]
 total_blobs=19617 nmethods=18797 adapters=744
 compilation: enabled
              stopped_count=0, restarted_count=0
 full_count=0

Compilation events (20 events):
Event: 1408.199 Thread 0x000001c05dc270a0 19053       1       java.sql.Timestamp::getTime (16 bytes)
Event: 1408.199 Thread 0x000001c05dc270a0 nmethod 19053 0x000001c047200610 code [0x000001c0472007c0, 0x000001c047200908]
Event: 1408.268 Thread 0x000001c05dc270a0 19054       1       org.hibernate.engine.internal.EntityEntryContext::processEachManagedEntity (29 bytes)
Event: 1408.268 Thread 0x000001c05dc270a0 nmethod 19054 0x000001c047200110 code [0x000001c0472002c0, 0x000001c047200448]
Event: 1408.278 Thread 0x000001c05dc270a0 19055       1       org.apache.catalina.connector.OutputBuffer::transfer (41 bytes)
Event: 1408.279 Thread 0x000001c05dc270a0 nmethod 19055 0x000001c0471ffa10 code [0x000001c0471ffc00, 0x000001c0471ffe38]
Event: 1408.279 Thread 0x000001c05dc270a0 19056       1       org.apache.catalina.connector.OutputBuffer::toWriteMode (20 bytes)
Event: 1408.279 Thread 0x000001c05dc270a0 nmethod 19056 0x000001c0471ff310 code [0x000001c0471ff4c0, 0x000001c0471ff608]
Event: 1408.279 Thread 0x000001c05dc270a0 19057       1       org.apache.catalina.connector.OutputBuffer::toReadMode (13 bytes)
Event: 1408.280 Thread 0x000001c05dc270a0 nmethod 19057 0x000001c046ff2110 code [0x000001c046ff22c0, 0x000001c046ff23f8]
Event: 1408.280 Thread 0x000001c05dc270a0 19058       1       java.nio.ByteBuffer::reset (5 bytes)
Event: 1408.280 Thread 0x000001c05dc270a0 nmethod 19058 0x000001c046ff1d90 code [0x000001c046ff1f40, 0x000001c046ff2028]
Event: 1408.280 Thread 0x000001c05dc270a0 19059       1       java.nio.ByteBuffer::reset (7 bytes)
Event: 1408.280 Thread 0x000001c05dc270a0 nmethod 19059 0x000001c046ff1910 code [0x000001c046ff1ac0, 0x000001c046ff1c08]
Event: 1408.280 Thread 0x000001c05dc270a0 19060       1       java.nio.ByteBuffer::mark (5 bytes)
Event: 1408.281 Thread 0x000001c05dc270a0 nmethod 19060 0x000001c046ff1590 code [0x000001c046ff1740, 0x000001c046ff1828]
Event: 1408.318 Thread 0x000001c05dc270a0 19061       1       jdk.internal.reflect.MethodAccessorGenerator::generateMethod (20 bytes)
Event: 1408.319 Thread 0x000001c05dc270a0 nmethod 19061 0x000001c046ff1110 code [0x000001c046ff12c0, 0x000001c046ff1468]
Event: 1408.319 Thread 0x000001c05dc270a0 19062       1       jdk.internal.reflect.ClassFileAssembler::opc_ifnonnull (37 bytes)
Event: 1408.320 Thread 0x000001c05dc270a0 nmethod 19062 0x000001c046ff0590 code [0x000001c046ff0780, 0x000001c046ff0b98]

GC Heap History (20 events):
Event: 14.074 GC heap before
{Heap before GC invocations=26 (full 0):
 garbage-first heap   total 327680K, used 251157K [0x0000000604800000, 0x0000000800000000)
  region size 4096K, 48 young (196608K), 5 survivors (20480K)
 Metaspace       used 90844K, committed 91520K, reserved 1179648K
  class space    used 12607K, committed 12928K, reserved 1048576K
}
Event: 14.087 GC heap after
{Heap after GC invocations=27 (full 0):
 garbage-first heap   total 327680K, used 80970K [0x0000000604800000, 0x0000000800000000)
  region size 4096K, 4 young (16384K), 4 survivors (16384K)
 Metaspace       used 90844K, committed 91520K, reserved 1179648K
  class space    used 12607K, committed 12928K, reserved 1048576K
}
Event: 14.766 GC heap before
{Heap before GC invocations=27 (full 0):
 garbage-first heap   total 327680K, used 261194K [0x0000000604800000, 0x0000000800000000)
  region size 4096K, 48 young (196608K), 4 survivors (16384K)
 Metaspace       used 91856K, committed 92544K, reserved 1179648K
  class space    used 12693K, committed 13056K, reserved 1048576K
}
Event: 14.779 GC heap after
{Heap after GC invocations=28 (full 0):
 garbage-first heap   total 393216K, used 84234K [0x0000000604800000, 0x0000000800000000)
  region size 4096K, 3 young (12288K), 3 survivors (12288K)
 Metaspace       used 91856K, committed 92544K, reserved 1179648K
  class space    used 12693K, committed 13056K, reserved 1048576K
}
Event: 96.164 GC heap before
{Heap before GC invocations=28 (full 0):
 garbage-first heap   total 393216K, used 305418K [0x0000000604800000, 0x0000000800000000)
  region size 4096K, 57 young (233472K), 3 survivors (12288K)
 Metaspace       used 102846K, committed 103616K, reserved 1179648K
  class space    used 14199K, committed 14592K, reserved 1048576K
}
Event: 96.193 GC heap after
{Heap after GC invocations=29 (full 0):
 garbage-first heap   total 393216K, used 90317K [0x0000000604800000, 0x0000000800000000)
  region size 4096K, 5 young (20480K), 5 survivors (20480K)
 Metaspace       used 102846K, committed 103616K, reserved 1179648K
  class space    used 14199K, committed 14592K, reserved 1048576K
}
Event: 346.179 GC heap before
{Heap before GC invocations=29 (full 0):
 garbage-first heap   total 393216K, used 303309K [0x0000000604800000, 0x0000000800000000)
  region size 4096K, 57 young (233472K), 5 survivors (20480K)
 Metaspace       used 102846K, committed 103616K, reserved 1179648K
  class space    used 14199K, committed 14592K, reserved 1048576K
}
Event: 346.200 GC heap after
{Heap after GC invocations=30 (full 0):
 garbage-first heap   total 393216K, used 90888K [0x0000000604800000, 0x0000000800000000)
  region size 4096K, 5 young (20480K), 5 survivors (20480K)
 Metaspace       used 102846K, committed 103616K, reserved 1179648K
  class space    used 14199K, committed 14592K, reserved 1048576K
}
Event: 479.269 GC heap before
{Heap before GC invocations=30 (full 0):
 garbage-first heap   total 393216K, used 299784K [0x0000000604800000, 0x0000000800000000)
  region size 4096K, 57 young (233472K), 5 survivors (20480K)
 Metaspace       used 110313K, committed 111232K, reserved 1179648K
  class space    used 15242K, committed 15680K, reserved 1048576K
}
Event: 479.301 GC heap after
{Heap after GC invocations=31 (full 0):
 garbage-first heap   total 393216K, used 95457K [0x0000000604800000, 0x0000000800000000)
  region size 4096K, 6 young (24576K), 6 survivors (24576K)
 Metaspace       used 110313K, committed 111232K, reserved 1179648K
  class space    used 15242K, committed 15680K, reserved 1048576K
}
Event: 721.875 GC heap before
{Heap before GC invocations=31 (full 0):
 garbage-first heap   total 393216K, used 304353K [0x0000000604800000, 0x0000000800000000)
  region size 4096K, 57 young (233472K), 6 survivors (24576K)
 Metaspace       used 110647K, committed 111744K, reserved 1179648K
  class space    used 15313K, committed 15808K, reserved 1048576K
}
Event: 721.905 GC heap after
{Heap after GC invocations=32 (full 0):
 garbage-first heap   total 393216K, used 95730K [0x0000000604800000, 0x0000000800000000)
  region size 4096K, 4 young (16384K), 4 survivors (16384K)
 Metaspace       used 110647K, committed 111744K, reserved 1179648K
  class space    used 15313K, committed 15808K, reserved 1048576K
}
Event: 885.537 GC heap before
{Heap before GC invocations=32 (full 0):
 garbage-first heap   total 393216K, used 312818K [0x0000000604800000, 0x0000000800000000)
  region size 4096K, 57 young (233472K), 4 survivors (16384K)
 Metaspace       used 111420K, committed 112576K, reserved 1179648K
  class space    used 15444K, committed 16000K, reserved 1048576K
}
Event: 885.562 GC heap after
{Heap after GC invocations=33 (full 0):
 garbage-first heap   total 393216K, used 96123K [0x0000000604800000, 0x0000000800000000)
  region size 4096K, 5 young (20480K), 5 survivors (20480K)
 Metaspace       used 111420K, committed 112576K, reserved 1179648K
  class space    used 15444K, committed 16000K, reserved 1048576K
}
Event: 1122.486 GC heap before
{Heap before GC invocations=33 (full 0):
 garbage-first heap   total 393216K, used 309115K [0x0000000604800000, 0x0000000800000000)
  region size 4096K, 57 young (233472K), 5 survivors (20480K)
 Metaspace       used 111808K, committed 113024K, reserved 1179648K
  class space    used 15525K, committed 16128K, reserved 1048576K
}
Event: 1122.511 GC heap after
{Heap after GC invocations=34 (full 0):
 garbage-first heap   total 393216K, used 96897K [0x0000000604800000, 0x0000000800000000)
  region size 4096K, 5 young (20480K), 5 survivors (20480K)
 Metaspace       used 111808K, committed 113024K, reserved 1179648K
  class space    used 15525K, committed 16128K, reserved 1048576K
}
Event: 1395.324 GC heap before
{Heap before GC invocations=34 (full 0):
 garbage-first heap   total 393216K, used 309889K [0x0000000604800000, 0x0000000800000000)
  region size 4096K, 57 young (233472K), 5 survivors (20480K)
 Metaspace       used 111820K, committed 113024K, reserved 1179648K
  class space    used 15527K, committed 16128K, reserved 1048576K
}
Event: 1395.346 GC heap after
{Heap after GC invocations=35 (full 0):
 garbage-first heap   total 393216K, used 96939K [0x0000000604800000, 0x0000000800000000)
  region size 4096K, 5 young (20480K), 5 survivors (20480K)
 Metaspace       used 111820K, committed 113024K, reserved 1179648K
  class space    used 15527K, committed 16128K, reserved 1048576K
}
Event: 1408.284 GC heap before
{Heap before GC invocations=35 (full 0):
 garbage-first heap   total 393216K, used 174763K [0x0000000604800000, 0x0000000800000000)
  region size 4096K, 25 young (102400K), 5 survivors (20480K)
 Metaspace       used 111845K, committed 113088K, reserved 1179648K
  class space    used 15533K, committed 16128K, reserved 1048576K
}
Event: 1408.311 GC heap after
{Heap after GC invocations=36 (full 0):
 garbage-first heap   total 393216K, used 98175K [0x0000000604800000, 0x0000000800000000)
  region size 4096K, 5 young (20480K), 5 survivors (20480K)
 Metaspace       used 111845K, committed 113088K, reserved 1179648K
  class space    used 15533K, committed 16128K, reserved 1048576K
}

Dll operation events (13 events):
Event: 0.012 Loaded shared library C:\Program Files\Eclipse Adoptium\jdk-17.0.17.10-hotspot\bin\java.dll
Event: 0.014 Loaded shared library C:\Program Files\Eclipse Adoptium\jdk-17.0.17.10-hotspot\bin\zip.dll
Event: 0.032 Loaded shared library C:\Program Files\Eclipse Adoptium\jdk-17.0.17.10-hotspot\bin\jsvml.dll
Event: 0.147 Loaded shared library C:\Program Files\Eclipse Adoptium\jdk-17.0.17.10-hotspot\bin\instrument.dll
Event: 0.221 Loaded shared library C:\Program Files\Eclipse Adoptium\jdk-17.0.17.10-hotspot\bin\jimage.dll
Event: 0.240 Loaded shared library C:\Program Files\Eclipse Adoptium\jdk-17.0.17.10-hotspot\bin\net.dll
Event: 0.241 Loaded shared library C:\Program Files\Eclipse Adoptium\jdk-17.0.17.10-hotspot\bin\nio.dll
Event: 0.256 Loaded shared library C:\Program Files\Eclipse Adoptium\jdk-17.0.17.10-hotspot\bin\zip.dll
Event: 0.359 Loaded shared library C:\Program Files\Eclipse Adoptium\jdk-17.0.17.10-hotspot\bin\management.dll
Event: 0.373 Loaded shared library C:\Program Files\Eclipse Adoptium\jdk-17.0.17.10-hotspot\bin\management_ext.dll
Event: 0.618 Loaded shared library C:\Program Files\Eclipse Adoptium\jdk-17.0.17.10-hotspot\bin\extnet.dll
Event: 1.890 Loaded shared library C:\Program Files\Eclipse Adoptium\jdk-17.0.17.10-hotspot\bin\sunmscapi.dll
Event: 4.799 Loaded shared library C:\Program Files\Eclipse Adoptium\jdk-17.0.17.10-hotspot\bin\verify.dll

Deoptimization events (20 events):
Event: 1407.770 Thread 0x000001c0afd754e0 DEOPT PACKING pc=0x000001c046c4d6cc sp=0x000000a639cf7170
Event: 1407.770 Thread 0x000001c0afd754e0 DEOPT UNPACKING pc=0x000001c044b6ace3 sp=0x000000a639cf6680 mode 1
Event: 1407.770 Thread 0x000001c0afd754e0 DEOPT PACKING pc=0x000001c046ad2fdc sp=0x000000a639cf7230
Event: 1407.770 Thread 0x000001c0afd754e0 DEOPT UNPACKING pc=0x000001c044b6ace3 sp=0x000000a639cf6788 mode 1
Event: 1407.797 Thread 0x000001c0afd754e0 DEOPT PACKING pc=0x000001c0471d43c4 sp=0x000000a639cf7d30
Event: 1407.797 Thread 0x000001c0afd754e0 DEOPT UNPACKING pc=0x000001c044b6ace3 sp=0x000000a639cf7218 mode 1
Event: 1407.797 Thread 0x000001c0afd754e0 DEOPT PACKING pc=0x000001c0471d27e5 sp=0x000000a639cf7d00
Event: 1407.797 Thread 0x000001c0afd754e0 DEOPT UNPACKING pc=0x000001c044b6ace3 sp=0x000000a639cf71a8 mode 1
Event: 1407.797 Thread 0x000001c0afd754e0 DEOPT PACKING pc=0x000001c0471d2414 sp=0x000000a639cf7d70
Event: 1407.797 Thread 0x000001c0afd754e0 DEOPT UNPACKING pc=0x000001c044b6ace3 sp=0x000000a639cf7228 mode 1
Event: 1407.797 Thread 0x000001c0afd754e0 DEOPT PACKING pc=0x000001c0471eb854 sp=0x000000a639cf7e70
Event: 1407.797 Thread 0x000001c0afd754e0 DEOPT UNPACKING pc=0x000001c044b6ace3 sp=0x000000a639cf72d8 mode 1
Event: 1408.169 Thread 0x000001c0afd754e0 DEOPT PACKING pc=0x000001c0471d43c4 sp=0x000000a639cf7d60
Event: 1408.169 Thread 0x000001c0afd754e0 DEOPT UNPACKING pc=0x000001c044b6ace3 sp=0x000000a639cf7248 mode 1
Event: 1408.169 Thread 0x000001c0afd754e0 DEOPT PACKING pc=0x000001c0471d27e5 sp=0x000000a639cf7d30
Event: 1408.169 Thread 0x000001c0afd754e0 DEOPT UNPACKING pc=0x000001c044b6ace3 sp=0x000000a639cf71d8 mode 1
Event: 1408.169 Thread 0x000001c0afd754e0 DEOPT PACKING pc=0x000001c0471d2414 sp=0x000000a639cf7da0
Event: 1408.169 Thread 0x000001c0afd754e0 DEOPT UNPACKING pc=0x000001c044b6ace3 sp=0x000000a639cf7258 mode 1
Event: 1408.169 Thread 0x000001c0afd754e0 DEOPT PACKING pc=0x000001c0471eb854 sp=0x000000a639cf7ea0
Event: 1408.169 Thread 0x000001c0afd754e0 DEOPT UNPACKING pc=0x000001c044b6ace3 sp=0x000000a639cf7308 mode 1

Classes loaded (20 events):
Event: 920.693 Loading class com/usg/apiAutomation/entities/postgres/apiGenerationEngine/ApiParameterEntity
Event: 920.693 Loading class com/usg/apiAutomation/entities/postgres/apiGenerationEngine/ApiParameterEntity done
Event: 920.694 Loading class com/usg/apiAutomation/entities/postgres/apiGenerationEngine/ApiParameterEntity
Event: 920.694 Loading class com/usg/apiAutomation/entities/postgres/apiGenerationEngine/ApiParameterEntity done
Event: 920.695 Loading class com/usg/apiAutomation/entities/postgres/apiGenerationEngine/ApiParameterEntity
Event: 920.695 Loading class com/usg/apiAutomation/entities/postgres/apiGenerationEngine/ApiParameterEntity done
Event: 920.695 Loading class com/usg/apiAutomation/entities/postgres/apiGenerationEngine/ApiParameterEntity
Event: 920.695 Loading class com/usg/apiAutomation/entities/postgres/apiGenerationEngine/ApiParameterEntity done
Event: 920.696 Loading class com/usg/apiAutomation/entities/postgres/apiGenerationEngine/ApiParameterEntity
Event: 920.696 Loading class com/usg/apiAutomation/entities/postgres/apiGenerationEngine/ApiParameterEntity done
Event: 1324.881 Loading class jakarta/servlet/http/HttpSessionEvent
Event: 1324.881 Loading class jakarta/servlet/http/HttpSessionEvent done
Event: 1324.887 Loading class org/apache/catalina/session/StandardSessionFacade
Event: 1324.887 Loading class org/apache/catalina/session/StandardSessionFacade done
Event: 1324.896 Loading class org/apache/catalina/ContainerEvent
Event: 1324.896 Loading class org/apache/catalina/ContainerEvent done
Event: 1324.897 Loading class org/apache/catalina/session/ManagerBase$SessionTiming
Event: 1324.897 Loading class org/apache/catalina/session/ManagerBase$SessionTiming done
Event: 1324.898 Loading class jakarta/servlet/http/HttpSessionBindingListener
Event: 1324.898 Loading class jakarta/servlet/http/HttpSessionBindingListener done

Classes unloaded (0 events):
No events

Classes redefined (1 events):
Event: 0.176 Thread 0x000001c05dc0e0e0 redefined class name=java.lang.Throwable, count=1

Internal exceptions (20 events):
Event: 1407.002 Thread 0x000001c0afd754e0 Exception <a 'sun/nio/fs/WindowsException'{0x0000000618f914e8}> (0x0000000618f914e8) 
thrown [s\src\hotspot\share\prims\jni.cpp, line 516]
Event: 1407.016 Thread 0x000001c0afd754e0 Exception <a 'sun/nio/fs/WindowsException'{0x0000000618fc6f20}> (0x0000000618fc6f20) 
thrown [s\src\hotspot\share\prims\jni.cpp, line 516]
Event: 1407.039 Thread 0x000001c0afd754e0 Exception <a 'sun/nio/fs/WindowsException'{0x000000061883cb78}> (0x000000061883cb78) 
thrown [s\src\hotspot\share\prims\jni.cpp, line 516]
Event: 1407.070 Thread 0x000001c0afd754e0 Exception <a 'sun/nio/fs/WindowsException'{0x0000000618882260}> (0x0000000618882260) 
thrown [s\src\hotspot\share\prims\jni.cpp, line 516]
Event: 1407.094 Thread 0x000001c0afd754e0 Exception <a 'sun/nio/fs/WindowsException'{0x00000006188c6d60}> (0x00000006188c6d60) 
thrown [s\src\hotspot\share\prims\jni.cpp, line 516]
Event: 1407.110 Thread 0x000001c0afd754e0 Exception <a 'sun/nio/fs/WindowsException'{0x00000006188f1aa8}> (0x00000006188f1aa8) 
thrown [s\src\hotspot\share\prims\jni.cpp, line 516]
Event: 1407.125 Thread 0x000001c0afd754e0 Exception <a 'sun/nio/fs/WindowsException'{0x0000000618918640}> (0x0000000618918640) 
thrown [s\src\hotspot\share\prims\jni.cpp, line 516]
Event: 1407.149 Thread 0x000001c0afd754e0 Exception <a 'sun/nio/fs/WindowsException'{0x000000061895ce30}> (0x000000061895ce30) 
thrown [s\src\hotspot\share\prims\jni.cpp, line 516]
Event: 1407.154 Thread 0x000001c0afd754e0 Exception <a 'sun/nio/fs/WindowsException'{0x0000000618964688}> (0x0000000618964688) 
thrown [s\src\hotspot\share\prims\jni.cpp, line 516]
Event: 1407.182 Thread 0x000001c0afd754e0 Exception <a 'sun/nio/fs/WindowsException'{0x00000006189a7450}> (0x00000006189a7450) 
thrown [s\src\hotspot\share\prims\jni.cpp, line 516]
Event: 1407.203 Thread 0x000001c0afd754e0 Exception <a 'sun/nio/fs/WindowsException'{0x00000006189e9170}> (0x00000006189e9170) 
thrown [s\src\hotspot\share\prims\jni.cpp, line 516]
Event: 1407.228 Thread 0x000001c0afd754e0 Exception <a 'sun/nio/fs/WindowsException'{0x0000000618a2d750}> (0x0000000618a2d750) 
thrown [s\src\hotspot\share\prims\jni.cpp, line 516]
Event: 1407.325 Thread 0x000001c0afd754e0 Exception <a 'sun/nio/fs/WindowsException'{0x0000000618b29cb0}> (0x0000000618b29cb0) 
thrown [s\src\hotspot\share\prims\jni.cpp, line 516]
Event: 1407.419 Thread 0x000001c0afd754e0 Exception <a 'sun/nio/fs/WindowsException'{0x00000006184235b0}> (0x00000006184235b0) 
thrown [s\src\hotspot\share\prims\jni.cpp, line 516]
Event: 1407.436 Thread 0x000001c0afd754e0 Exception <a 'sun/nio/fs/WindowsException'{0x000000061845d7e8}> (0x000000061845d7e8) 
thrown [s\src\hotspot\share\prims\jni.cpp, line 516]
Event: 1407.588 Thread 0x000001c0afd754e0 Exception <a 'sun/nio/fs/WindowsException'{0x0000000618073600}> (0x0000000618073600) 
thrown [s\src\hotspot\share\prims\jni.cpp, line 516]
Event: 1407.797 Thread 0x000001c0afd754e0 Exception <a 'sun/nio/fs/WindowsException'{0x00000006182d9408}> (0x00000006182d9408) 
thrown [s\src\hotspot\share\prims\jni.cpp, line 516]
Event: 1408.169 Thread 0x000001c0afd754e0 Exception <a 'sun/nio/fs/WindowsException'{0x0000000617ef47f8}> (0x0000000617ef47f8) 
thrown [s\src\hotspot\share\prims\jni.cpp, line 516]
Event: 1408.312 Thread 0x000001c05dc1ccd0 Exception <a 'java/net/SocketException'{0x0000000624055280}: Socket is not connected: shutdown> (0x0000000624055280) 
thrown [s\src\hotspot\share\prims\jni.cpp, line 535]
Event: 1408.312 Thread 0x000001c05dc1ccd0 Exception <a 'java/net/SocketException'{0x00000006240555d8}: Socket is not connected: shutdown> (0x00000006240555d8) 
thrown [s\src\hotspot\share\prims\jni.cpp, line 535]

VM Operations (20 events):
Event: 957.191 Executing VM operation: Cleanup
Event: 957.192 Executing VM operation: Cleanup done
Event: 958.206 Executing VM operation: Cleanup
Event: 958.206 Executing VM operation: Cleanup done
Event: 961.991 Executing VM operation: HandshakeAllThreads
Event: 961.991 Executing VM operation: HandshakeAllThreads done
Event: 1122.486 Executing VM operation: G1CollectForAllocation
Event: 1122.511 Executing VM operation: G1CollectForAllocation done
Event: 1324.895 Executing VM operation: HandshakeAllThreads
Event: 1324.895 Executing VM operation: HandshakeAllThreads done
Event: 1395.324 Executing VM operation: G1CollectForAllocation
Event: 1395.347 Executing VM operation: G1CollectForAllocation done
Event: 1402.405 Executing VM operation: Cleanup
Event: 1402.406 Executing VM operation: Cleanup done
Event: 1404.410 Executing VM operation: Cleanup
Event: 1404.410 Executing VM operation: Cleanup done
Event: 1405.411 Executing VM operation: Cleanup
Event: 1405.411 Executing VM operation: Cleanup done
Event: 1408.284 Executing VM operation: CollectForMetadataAllocation
Event: 1408.311 Executing VM operation: CollectForMetadataAllocation done

Memory protections (0 events):
No events

Nmethod flushes (20 events):
Event: 16.151 Thread 0x000001c05dc279b0 flushing  nmethod 0x000001c04647f810
Event: 16.151 Thread 0x000001c05dc279b0 flushing  nmethod 0x000001c0464a5610
Event: 16.151 Thread 0x000001c05dc279b0 flushing  nmethod 0x000001c0464a6f10
Event: 16.151 Thread 0x000001c05dc279b0 flushing  nmethod 0x000001c0464afd10
Event: 16.152 Thread 0x000001c05dc279b0 flushing  nmethod 0x000001c046533d90
Event: 16.152 Thread 0x000001c05dc279b0 flushing  nmethod 0x000001c04653c790
Event: 16.152 Thread 0x000001c05dc279b0 flushing  nmethod 0x000001c0465a2610
Event: 16.152 Thread 0x000001c05dc279b0 flushing  nmethod 0x000001c0465b2a90
Event: 16.152 Thread 0x000001c05dc279b0 flushing  nmethod 0x000001c04662f090
Event: 16.152 Thread 0x000001c05dc279b0 flushing  nmethod 0x000001c046650d90
Event: 16.152 Thread 0x000001c05dc279b0 flushing  nmethod 0x000001c046662390
Event: 16.152 Thread 0x000001c05dc279b0 flushing  nmethod 0x000001c046665b10
Event: 16.152 Thread 0x000001c05dc279b0 flushing  nmethod 0x000001c046666b10
Event: 16.152 Thread 0x000001c05dc279b0 flushing  nmethod 0x000001c0466f3290
Event: 16.153 Thread 0x000001c05dc279b0 flushing  nmethod 0x000001c04671fd90
Event: 16.153 Thread 0x000001c05dc279b0 flushing  nmethod 0x000001c046721510
Event: 16.153 Thread 0x000001c05dc279b0 flushing  nmethod 0x000001c046724f90
Event: 16.153 Thread 0x000001c05dc279b0 flushing  nmethod 0x000001c046731610
Event: 16.153 Thread 0x000001c05dc279b0 flushing  nmethod 0x000001c04675ad10
Event: 470.721 Thread 0x000001c05dc279b0 flushing  nmethod 0x000001c04594ca10

Events (20 events):
Event: 881.387 Thread 0x000001c0b10285a0 Thread exited: 0x000001c0b10285a0
Event: 883.505 Thread 0x000001c0b07a49e0 Thread exited: 0x000001c0b07a49e0
Event: 919.059 Thread 0x000001c05dc270a0 Thread added: 0x000001c0b102b570
Event: 925.828 Thread 0x000001c0b102b570 Thread exited: 0x000001c0b102b570
Event: 944.759 Thread 0x000001c05dc270a0 Thread added: 0x000001c0b102b570
Event: 944.759 Thread 0x000001c05dc270a0 Thread added: 0x000001c0b1027b00
Event: 948.734 Thread 0x000001c0b1027b00 Thread exited: 0x000001c0b1027b00
Event: 948.735 Thread 0x000001c0b102b570 Thread added: 0x000001c0b1027b00
Event: 948.735 Thread 0x000001c0b102b570 Thread added: 0x000001c0b102cab0
Event: 953.937 Thread 0x000001c0b102cab0 Thread exited: 0x000001c0b102cab0
Event: 962.213 Thread 0x000001c0b1027b00 Thread exited: 0x000001c0b1027b00
Event: 967.220 Thread 0x000001c0b102b570 Thread exited: 0x000001c0b102b570
Event: 1403.683 Thread 0x000001c0a8536560 Thread added: 0x000001c0b07a6d50
Event: 1403.714 Thread 0x000001c0b07a6d50 Thread exited: 0x000001c0b07a6d50
Event: 1404.709 Thread 0x000001c05dc270a0 Thread added: 0x000001c0b102b570
Event: 1404.709 Thread 0x000001c05dc270a0 Thread added: 0x000001c0b1027b00
Event: 1407.518 Thread 0x000001c0b1027b00 Thread exited: 0x000001c0b1027b00
Event: 1407.518 Thread 0x000001c0b102b570 Thread exited: 0x000001c0b102b570
Event: 1407.571 Thread 0x000001c05dc270a0 Thread added: 0x000001c0b1027b00
Event: 1408.199 Thread 0x000001c0b1027b00 Thread exited: 0x000001c0b1027b00


Dynamic libraries:
0x00007ff77a570000 - 0x00007ff77a57e000 	C:\Program Files\Eclipse Adoptium\jdk-17.0.17.10-hotspot\bin\java.exe
0x00007fffa1360000 - 0x00007fffa15c7000 	C:\WINDOWS\SYSTEM32\ntdll.dll
0x00007fff9ff70000 - 0x00007fffa0039000 	C:\WINDOWS\System32\KERNEL32.DLL
0x00007fff9e760000 - 0x00007fff9eb51000 	C:\WINDOWS\System32\KERNELBASE.dll
0x00007fff9e5e0000 - 0x00007fff9e72b000 	C:\WINDOWS\System32\ucrtbase.dll
0x00007fff9ae50000 - 0x00007fff9ae68000 	C:\Program Files\Eclipse Adoptium\jdk-17.0.17.10-hotspot\bin\jli.dll
0x00007fff8d8b0000 - 0x00007fff8d8ce000 	C:\Program Files\Eclipse Adoptium\jdk-17.0.17.10-hotspot\bin\VCRUNTIME140.dll
0x00007fffa1000000 - 0x00007fffa11c5000 	C:\WINDOWS\System32\USER32.dll
0x00007fff9e730000 - 0x00007fff9e757000 	C:\WINDOWS\System32\win32u.dll
0x00007fff845b0000 - 0x00007fff84843000 	C:\WINDOWS\WinSxS\amd64_microsoft.windows.common-controls_6595b64144ccf1df_6.0.26100.8037_none_3e092faae333b53b\COMCTL32.dll
0x00007fffa12f0000 - 0x00007fffa131b000 	C:\WINDOWS\System32\GDI32.dll
0x00007fff9f6f0000 - 0x00007fff9f799000 	C:\WINDOWS\System32\msvcrt.dll
0x00007fff9e4b0000 - 0x00007fff9e5db000 	C:\WINDOWS\System32\gdi32full.dll
0x00007fff9eee0000 - 0x00007fff9ef83000 	C:\WINDOWS\System32\msvcp_win.dll
0x00007fff9f5b0000 - 0x00007fff9f5e1000 	C:\WINDOWS\System32\IMM32.DLL
0x000000006d650000 - 0x000000006d65c000 	C:\Program Files (x86)\360\Total Security\safemon\SafeWrapper.dll
0x00007fff9f310000 - 0x00007fff9f3cb000 	C:\WINDOWS\System32\ADVAPI32.dll
0x00007fffa04d0000 - 0x00007fffa0577000 	C:\WINDOWS\System32\sechost.dll
0x00007fffa11d0000 - 0x00007fffa12e8000 	C:\WINDOWS\System32\RPCRT4.dll
0x00007fff49d50000 - 0x00007fff49dfc000 	C:\Program Files (x86)\360\Total Security\safemon\libzdtp64.dll
0x00007fffa0580000 - 0x00007fffa0cdf000 	C:\WINDOWS\System32\SHELL32.dll
0x00007fff9ef90000 - 0x00007fff9f0fa000 	C:\WINDOWS\System32\wintypes.dll
0x00007fff9f940000 - 0x00007fff9fcc2000 	C:\WINDOWS\System32\combase.dll
0x00007fff9ff00000 - 0x00007fff9ff67000 	C:\WINDOWS\System32\SHLWAPI.dll
0x00007fff9dc40000 - 0x00007fff9e4a4000 	C:\WINDOWS\System32\Windows.Storage.dll
0x00007fff9d720000 - 0x00007fff9d72b000 	C:\WINDOWS\SYSTEM32\VERSION.dll
0x00007fff9ae40000 - 0x00007fff9ae4c000 	C:\Program Files\Eclipse Adoptium\jdk-17.0.17.10-hotspot\bin\vcruntime140_1.dll
0x00007fff7e3e0000 - 0x00007fff7e46d000 	C:\Program Files\Eclipse Adoptium\jdk-17.0.17.10-hotspot\bin\msvcp140.dll
0x00007fff490e0000 - 0x00007fff49d4b000 	C:\Program Files\Eclipse Adoptium\jdk-17.0.17.10-hotspot\bin\server\jvm.dll
0x00007fff9fcd0000 - 0x00007fff9fd44000 	C:\WINDOWS\System32\WS2_32.dll
0x00007fff9daa0000 - 0x00007fff9dafe000 	C:\WINDOWS\SYSTEM32\POWRPROF.dll
0x00007fff98d90000 - 0x00007fff98dc5000 	C:\WINDOWS\SYSTEM32\WINMM.dll
0x00007fff9da80000 - 0x00007fff9da94000 	C:\WINDOWS\SYSTEM32\UMPDC.dll
0x00007fff9c920000 - 0x00007fff9c93b000 	C:\WINDOWS\SYSTEM32\kernel.appcore.dll
0x00007fff98ad0000 - 0x00007fff98ada000 	C:\Program Files\Eclipse Adoptium\jdk-17.0.17.10-hotspot\bin\jimage.dll
0x00007fff9ba10000 - 0x00007fff9bc52000 	C:\WINDOWS\SYSTEM32\DBGHELP.DLL
0x00007fff9fd90000 - 0x00007fff9fe67000 	C:\WINDOWS\System32\OLEAUT32.dll
0x00007fff98d50000 - 0x00007fff98d8b000 	C:\WINDOWS\SYSTEM32\dbgcore.DLL
0x00007fff9ee30000 - 0x00007fff9eed5000 	C:\WINDOWS\System32\bcryptPrimitives.dll
0x00007fff8d7f0000 - 0x00007fff8d82b000 	C:\Program Files\Eclipse Adoptium\jdk-17.0.17.10-hotspot\bin\jdwp.dll
0x00007fff98a00000 - 0x00007fff98a0e000 	C:\Program Files\Eclipse Adoptium\jdk-17.0.17.10-hotspot\bin\instrument.dll
0x00007fff8d880000 - 0x00007fff8d8a5000 	C:\Program Files\Eclipse Adoptium\jdk-17.0.17.10-hotspot\bin\java.dll
0x00007fff7a4a0000 - 0x00007fff7a6b1000 	C:\Users\kotei\AppData\Local\Temp\idea_libasyncProfiler_dll_temp_folder3\libasyncProfiler.dll
0x00007fff7e720000 - 0x00007fff7e738000 	C:\Program Files\Eclipse Adoptium\jdk-17.0.17.10-hotspot\bin\zip.dll
0x00007fff79c10000 - 0x00007fff79ce7000 	C:\Program Files\Eclipse Adoptium\jdk-17.0.17.10-hotspot\bin\jsvml.dll
0x00007fff9f200000 - 0x00007fff9f2f7000 	C:\WINDOWS\System32\SHCORE.dll
0x00007fff9db60000 - 0x00007fff9db89000 	C:\WINDOWS\SYSTEM32\profapi.dll
0x00007fff8e400000 - 0x00007fff8e40c000 	C:\Program Files\Eclipse Adoptium\jdk-17.0.17.10-hotspot\bin\dt_socket.dll
0x00007fff9c310000 - 0x00007fff9c343000 	C:\WINDOWS\SYSTEM32\IPHLPAPI.DLL
0x00007fff9ce70000 - 0x00007fff9cedb000 	C:\WINDOWS\system32\mswsock.dll
0x00007fff8d700000 - 0x00007fff8d71a000 	C:\Program Files\Eclipse Adoptium\jdk-17.0.17.10-hotspot\bin\net.dll
0x00007fff95710000 - 0x00007fff95837000 	C:\WINDOWS\SYSTEM32\WINHTTP.dll
0x00007fff8beb0000 - 0x00007fff8bec6000 	C:\Program Files\Eclipse Adoptium\jdk-17.0.17.10-hotspot\bin\nio.dll
0x00007fff9c3a0000 - 0x00007fff9c4ca000 	C:\WINDOWS\SYSTEM32\DNSAPI.dll
0x00007fff9f300000 - 0x00007fff9f30a000 	C:\WINDOWS\System32\NSI.dll
0x00007fff96050000 - 0x00007fff9605b000 	C:\Windows\System32\rasadhlp.dll
0x00007fff95fb0000 - 0x00007fff96036000 	C:\WINDOWS\System32\fwpuclnt.dll
0x00007fff8d6f0000 - 0x00007fff8d6fa000 	C:\Program Files\Eclipse Adoptium\jdk-17.0.17.10-hotspot\bin\management.dll
0x00007fff8be20000 - 0x00007fff8be2c000 	C:\Program Files\Eclipse Adoptium\jdk-17.0.17.10-hotspot\bin\management_ext.dll
0x00007fff9fd50000 - 0x00007fff9fd58000 	C:\WINDOWS\System32\PSAPI.DLL
0x00007fff9d270000 - 0x00007fff9d28b000 	C:\WINDOWS\SYSTEM32\CRYPTSP.dll
0x00007fff9c880000 - 0x00007fff9c8b9000 	C:\WINDOWS\system32\rsaenh.dll
0x00007fff9cf20000 - 0x00007fff9cf52000 	C:\WINDOWS\SYSTEM32\USERENV.dll
0x00007fff9db30000 - 0x00007fff9db5a000 	C:\WINDOWS\SYSTEM32\bcrypt.dll
0x00007fff9d0d0000 - 0x00007fff9d0dc000 	C:\WINDOWS\SYSTEM32\CRYPTBASE.dll
0x00007fff96090000 - 0x00007fff960ad000 	C:\WINDOWS\SYSTEM32\dhcpcsvc6.DLL
0x00007fff96060000 - 0x00007fff96083000 	C:\WINDOWS\SYSTEM32\dhcpcsvc.DLL
0x00007fff766e0000 - 0x00007fff766f8000 	C:\WINDOWS\system32\napinsp.dll
0x00007fff766c0000 - 0x00007fff766d2000 	C:\WINDOWS\System32\winrnr.dll
0x00007fff73dc0000 - 0x00007fff73de2000 	C:\WINDOWS\system32\nlansp_c.dll
0x00007fff73da0000 - 0x00007fff73db6000 	C:\WINDOWS\system32\wshbth.dll
0x00007fff8bda0000 - 0x00007fff8bda9000 	C:\Program Files\Eclipse Adoptium\jdk-17.0.17.10-hotspot\bin\extnet.dll
0x00007fff8d870000 - 0x00007fff8d87e000 	C:\Program Files\Eclipse Adoptium\jdk-17.0.17.10-hotspot\bin\sunmscapi.dll
0x00007fff9ecb0000 - 0x00007fff9ee27000 	C:\WINDOWS\System32\CRYPT32.dll
0x00007fff9d3d0000 - 0x00007fff9d400000 	C:\WINDOWS\SYSTEM32\ncrypt.dll
0x00007fff9d380000 - 0x00007fff9d3bf000 	C:\WINDOWS\SYSTEM32\NTASN1.dll
0x00007fff85530000 - 0x00007fff85540000 	C:\Program Files\Eclipse Adoptium\jdk-17.0.17.10-hotspot\bin\verify.dll
0x00007fff35750000 - 0x00007fff35758000 	C:\WINDOWS\system32\wshunix.dll

dbghelp: loaded successfully - version: 4.0.5 - missing functions: none
symbol engine: initialized successfully - sym options: 0x614 - pdb path: .;C:\Program Files\Eclipse Adoptium\jdk-17.0.17.10-hotspot\bin;C:\WINDOWS\SYSTEM32;C:\WINDOWS\WinSxS\amd64_microsoft.windows.common-controls_6595b64144ccf1df_6.0.26100.8037_none_3e092faae333b53b;C:\Program Files (x86)\360\Total Security\safemon;C:\Program Files\Eclipse Adoptium\jdk-17.0.17.10-hotspot\bin\server;C:\Users\kotei\AppData\Local\Temp\idea_libasyncProfiler_dll_temp_folder3

VM Arguments:
jvm_args: -agentlib:jdwp=transport=dt_socket,address=127.0.0.1:55998,suspend=y,server=n -javaagent:C:\Users\kotei\AppData\Local\JetBrains\IntelliJIdea2025.2\captureAgent\debugger-agent.jar=file:///C:/Users/kotei/AppData/Local/Temp/capture4680110689664383742.props -agentpath:C:\Users\kotei\AppData\Local\Temp\idea_libasyncProfiler_dll_temp_folder3\libasyncProfiler.dll=version,jfr,event=wall,interval=10ms,cstack=no,file=C:\Users\kotei\IdeaSnapshots\ApiAutomationApplication_2026_03_13_140133.jfr,dbghelppath=C:\Users\kotei\AppData\Local\Temp\idea_dbghelp_dll_temp_folder9\dbghelp.dll,log=C:\Users\kotei\AppData\Local\Temp\ApiAutomationApplication_2026_03_13_140133.jfr.log.txt,logLevel=DEBUG -XX:TieredStopAtLevel=1 -Dspring.output.ansi.enabled=always -Dcom.sun.management.jmxremote -Dspring.jmx.enabled=true -Dspring.liveBeansView.mbeanDomain -Dspring.application.admin.enabled=true -Dmanagement.endpoints.jmx.exposure.include=* -Dkotlinx.coroutines.debug.enable.creation.stack.trace=false -Ddebugger.agent.enable.coroutines=true -Dkotlinx.coroutines.debug.enable.flows.stack.trace=true -Dkotlinx.coroutines.debug.enable.mutable.state.flows.stack.trace=true -Dfile.encoding=UTF-8 
java_command: com.usg.apiAutomation.ApiAutomationApplication
java_class_path (initial): C:\Users\kotei\OneDrive\Documents\KEY PROJECTS\API AUTOMATION\SERVER\target\classes;C:\Users\kotei\.m2\repository\org\springframework\boot\spring-boot-starter-data-jpa\3.4.12\spring-boot-starter-data-jpa-3.4.12.jar;C:\Users\kotei\.m2\repository\org\springframework\boot\spring-boot-starter\3.4.12\spring-boot-starter-3.4.12.jar;C:\Users\kotei\.m2\repository\org\springframework\boot\spring-boot-starter-logging\3.4.12\spring-boot-starter-logging-3.4.12.jar;C:\Users\kotei\.m2\repository\ch\qos\logback\logback-classic\1.5.21\logback-classic-1.5.21.jar;C:\Users\kotei\.m2\repository\ch\qos\logback\logback-core\1.5.21\logback-core-1.5.21.jar;C:\Users\kotei\.m2\repository\org\apache\logging\log4j\log4j-to-slf4j\2.24.3\log4j-to-slf4j-2.24.3.jar;C:\Users\kotei\.m2\repository\org\apache\logging\log4j\log4j-api\2.24.3\log4j-api-2.24.3.jar;C:\Users\kotei\.m2\repository\org\slf4j\jul-to-slf4j\2.0.17\jul-to-slf4j-2.0.17.jar;C:\Users\kotei\.m2\repository\org\yaml\snakeyaml\2.3\snakeyaml-2.3.jar;C:\Users\kotei\.m2\repository\org\springframework\boot\spring-boot-starter-jdbc\3.4.12\spring-boot-starter-jdbc-3.4.12.jar;C:\Users\kotei\.m2\repository\com\zaxxer\HikariCP\5.1.0\HikariCP-5.1.0.jar;C:\Users\kotei\.m2\repository\org\springframework\spring-jdbc\6.2.14\spring-jdbc-6.2.14.jar;C:\Users\kotei\.m2\repository\org\hibernate\orm\hibernate-core\6.6.36.Final\hibernate-core-6.6.36.Final.jar;C:\Users\kotei\.m2\repository\jakarta\persistence\jakarta.persistence-api\3.1.0\jakarta.persistence-api-3.1.0.jar;C:\Users\kotei\.m2\repository\jakarta\transaction\jakarta.transaction-api\2.0.1\jakarta.transaction-api-2.0.1.jar;C:\Users\kotei\.m2\repository\org\jboss\logging\jboss-logging\3.6.1.Final\jboss-logging-3.6.1.Final.jar;C:\Users\kotei\.m2\repository\org\hibernate\common\hibernate-commons-annotations\7.0.3.Final\hibernate-commons-annotations-7.0.3.Final.jar;C:\Users\kotei\.m2\repository\io\smallrye\jandex\3.2.0\jandex-3.2.0.jar;C:\Users\kotei\.m2\repository\com\fast
Launcher Type: SUN_STANDARD

[Global flags]
     intx CICompilerCount                          = 4                                         {product} {ergonomic}
     uint ConcGCThreads                            = 2                                         {product} {ergonomic}
     uint G1ConcRefinementThreads                  = 8                                         {product} {ergonomic}
   size_t G1HeapRegionSize                         = 4194304                                   {product} {ergonomic}
    uintx GCDrainStackTargetSize                   = 64                                        {product} {ergonomic}
   size_t InitialHeapSize                          = 532676608                                 {product} {ergonomic}
     bool ManagementServer                         = true                                      {product} {command line}
   size_t MarkStackSize                            = 4194304                                   {product} {ergonomic}
   size_t MaxHeapSize                              = 8514437120                                {product} {ergonomic}
   size_t MaxNewSize                               = 5108662272                                {product} {ergonomic}
   size_t MinHeapDeltaBytes                        = 4194304                                   {product} {ergonomic}
   size_t MinHeapSize                              = 8388608                                   {product} {ergonomic}
    uintx NonProfiledCodeHeapSize                  = 0                                      {pd product} {ergonomic}
     bool ProfileInterpreter                       = false                                  {pd product} {command line}
    uintx ProfiledCodeHeapSize                     = 0                                      {pd product} {ergonomic}
   size_t SoftMaxHeapSize                          = 8514437120                             {manageable} {ergonomic}
     intx TieredStopAtLevel                        = 1                                         {product} {command line}
     bool UseCompressedClassPointers               = true                           {product lp64_product} {ergonomic}
     bool UseCompressedOops                        = true                           {product lp64_product} {ergonomic}
     bool UseG1GC                                  = true                                      {product} {ergonomic}
     bool UseLargePagesIndividualAllocation        = false                                  {pd product} {ergonomic}

Logging:
Log output configuration:
 #0: stdout all=warning uptime,level,tags
 #1: stderr all=off uptime,level,tags

Environment Variables:
JAVA_HOME=C:\Program Files\Eclipse Adoptium\jdk-17.0.17.10-hotspot
PATH=C:\Program Files\Eclipse Adoptium\jdk-17.0.17.10-hotspot\bin;C:\Program Files\Common Files\Oracle\Java\javapath;C:\WINDOWS\system32;C:\WINDOWS;C:\WINDOWS\System32\Wbem;C:\WINDOWS\System32\WindowsPowerShell\v1.0\;C:\WINDOWS\System32\OpenSSH\;C:\Program Files\nodejs\;C:\Program Files\Apache\Maven\bin;C:\Program Files\Git\cmd;C:\Program Files\PostgreSQL\18\bin;C:\Program Files\Eclipse Adoptium\jdk-17.0.17.10-hotspot\bin;C:\Users\kotei\AppData\Local\Microsoft\WindowsApps;C:\Users\kotei\AppData\Local\Programs\Microsoft VS Code\bin;C:\Users\kotei\AppData\Roaming\npm;
USERNAME=kotei
OS=Windows_NT
PROCESSOR_IDENTIFIER=Intel64 Family 6 Model 140 Stepping 1, GenuineIntel
TMP=C:\Users\kotei\AppData\Local\Temp
TEMP=C:\Users\kotei\AppData\Local\Temp



Periodic native trim disabled


---------------  S Y S T E M  ---------------

OS:
 Windows 11 , 64 bit Build 26100 (10.0.26100.7920)
OS uptime: 0 days 3:50 hours
Hyper-V role detected

CPU: total 8 (initial active 8) (4 cores per cpu, 2 threads per core) family 6 model 140 stepping 1 microcode 0x86, cx8, cmov, fxsr, ht, mmx, 3dnowpref, sse, sse2, sse3, ssse3, sse4.1, sse4.2, popcnt, lzcnt, tsc, tscinvbit, avx, avx2, aes, erms, clmul, bmi1, bmi2, adx, avx512f, avx512dq, avx512cd, avx512bw, avx512vl, sha, fma, vzeroupper, avx512_vpopcntdq, avx512_vpclmulqdq, avx512_vaes, avx512_vnni, clflush, clflushopt, clwb, avx512_vbmi2, avx512_vbmi, hv
Processor Information for all 8 processors :
  Max Mhz: 2419, Current Mhz: 1209, Mhz Limit: 2419

Memory: 4k page, system-wide physical 32466M (16587M free)
TotalPageFile size 34514M (AvailPageFile size 17001M)
current process WorkingSet (physical memory assigned to process): 732M, peak: 732M
current process commit charge ("private bytes"): 788M, peak: 788M

vm_info: OpenJDK 64-Bit Server VM (17.0.17+10) for windows-amd64 JRE (17.0.17+10), built on Oct 21 2025 23:25:32 by "admin" with unknown MS VC++:1942

END.
