#
# A fatal error has been detected by the Java Runtime Environment:
#
#  Internal Error (utilities/concurrentHashTable.inline.hpp:678), pid=5428, tid=21304
#  fatal error: aux_index does not match even or odd indices
#
# JRE version: OpenJDK Runtime Environment Temurin-17.0.18+8 (17.0.18+8) (build 17.0.18+8)
# Java VM: OpenJDK 64-Bit Server VM Temurin-17.0.18+8 (17.0.18+8, mixed mode, emulated-client, sharing, tiered, compressed oops, compressed class ptrs, g1 gc, windows-amd64)
# No core dump will be written. Minidumps are not enabled by default on client versions of Windows
#
# If you would like to submit a bug report, please visit:
#   https://github.com/adoptium/adoptium-support/issues
#

---------------  S U M M A R Y ------------

Command Line: -agentlib:jdwp=transport=dt_socket,address=127.0.0.1:56290,suspend=y,server=n -javaagent:C:\Users\kotei\AppData\Local\JetBrains\IntelliJIdea2025.2\captureAgent\debugger-agent.jar=file:///C:/Users/kotei/AppData/Local/Temp/capture9650920249526770182.props -agentpath:C:\Users\kotei\AppData\Local\Temp\idea_libasyncProfiler_dll_temp_folder11655\libasyncProfiler.dll=version,jfr,event=wall,interval=10ms,cstack=no,file=C:\Users\kotei\IdeaSnapshots\ApiGenerationApplication_2026_04_05_111923.jfr,dbghelppath=C:\Users\kotei\AppData\Local\Temp\idea_dbghelp_dll_temp_folder35954\dbghelp.dll,log=C:\Users\kotei\AppData\Local\Temp\ApiGenerationApplication_2026_04_05_111923.jfr.log.txt,logLevel=DEBUG -XX:TieredStopAtLevel=1 -Dspring.output.ansi.enabled=always -Dcom.sun.management.jmxremote -Dspring.jmx.enabled=true -Dspring.liveBeansView.mbeanDomain -Dspring.application.admin.enabled=true -Dmanagement.endpoints.jmx.exposure.include=* -Dkotlinx.coroutines.debug.enable.creation.stack.trace=false -Ddebugger.agent.enable.coroutines=true -Dkotlinx.coroutines.debug.enable.flows.stack.trace=true -Dkotlinx.coroutines.debug.enable.mutable.state.flows.stack.trace=true -Dfile.encoding=UTF-8 com.usg.apiGeneration.ApiGenerationApplication

Host: 11th Gen Intel(R) Core(TM) i5-1135G7 @ 2.40GHz, 8 cores, 31G,  Windows 11 , 64 bit Build 26100 (10.0.26100.7920)
Time: Sun Apr  5 13:18:14 2026 Greenwich Standard Time elapsed time: 7130.206379 seconds (0d 1h 58m 50s)

---------------  T H R E A D  ---------------

Current thread (0x00000262c7cf4f60):  JavaThread "Service Thread" daemon [_thread_in_vm, id=21304, stack(0x000000cfa5300000,0x000000cfa5400000)]

Stack: [0x000000cfa5300000,0x000000cfa5400000]
Native frames: (J=compiled Java code, j=interpreted, Vv=VM code, C=native code)
V  [jvm.dll+0x6846f9]
V  [jvm.dll+0x839ea5]
V  [jvm.dll+0x83b91e]
V  [jvm.dll+0x248c1b]
V  [jvm.dll+0x7ab5e3]
V  [jvm.dll+0x7aa01a]
V  [jvm.dll+0x7a97a9]
V  [jvm.dll+0x6e86d2]
V  [jvm.dll+0x7f0658]
V  [jvm.dll+0x7eaaec]
V  [jvm.dll+0x6835c7]
C  [ucrtbase.dll+0x37b0]
C  [KERNEL32.DLL+0x2e8d7]
C  [ntdll.dll+0x8c48c]


---------------  P R O C E S S  ---------------

Threads class SMR info:
_java_thread_list=0x000002631b57c4e0, length=43, elements={
0x00000262c7ce93d0, 0x00000262c7ce9ea0, 0x00000262c7cefda0, 0x00000262c7cf2680,
0x00000262c7cf4f60, 0x00000262c7cf5830, 0x00000262c7cf6100, 0x00000262c7d191e0,
0x00000262c7d6d420, 0x00000262c7e57d30, 0x00000262c7e58fb0, 0x00000262c7e75fe0,
0x00000262c7e9f900, 0x000002630d146360, 0x000002630dda2660, 0x000002630e811380,
0x0000026310f0e280, 0x0000026310f11520, 0x0000026310f11010, 0x0000026310f11f40,
0x0000026310f12960, 0x00000263135f8d40, 0x00000263135fa690, 0x00000263135faba0,
0x0000026312cd3bf0, 0x0000026313836740, 0x000002631a155750, 0x000002631a155c60,
0x000002631a156680, 0x000002631a157fd0, 0x000002631a1575b0, 0x000002631a154820,
0x000002631a1584e0, 0x000002631a156170, 0x000002631a154d30, 0x000002631a157ac0,
0x000002631a1589f0, 0x000002631a155240, 0x000002631a15b270, 0x000002631a15a340,
0x000002631a15c1a0, 0x000002631a15c6b0, 0x000002631b2d0400
}

Java Threads: ( => current thread )
  0x00000262c7ce93d0 JavaThread "Reference Handler" daemon [_thread_blocked, id=31228, stack(0x000000cfa4f00000,0x000000cfa5000000)]
  0x00000262c7ce9ea0 JavaThread "Finalizer" daemon [_thread_blocked, id=5184, stack(0x000000cfa5000000,0x000000cfa5100000)]
  0x00000262c7cefda0 JavaThread "Signal Dispatcher" daemon [_thread_blocked, id=12732, stack(0x000000cfa5100000,0x000000cfa5200000)]
  0x00000262c7cf2680 JavaThread "Attach Listener" daemon [_thread_blocked, id=28832, stack(0x000000cfa5200000,0x000000cfa5300000)]
=>0x00000262c7cf4f60 JavaThread "Service Thread" daemon [_thread_in_vm, id=21304, stack(0x000000cfa5300000,0x000000cfa5400000)]
  0x00000262c7cf5830 JavaThread "Monitor Deflation Thread" daemon [_thread_blocked, id=27948, stack(0x000000cfa5400000,0x000000cfa5500000)]
  0x00000262c7cf6100 JavaThread "C1 CompilerThread0" daemon [_thread_blocked, id=8916, stack(0x000000cfa5500000,0x000000cfa5600000)]
  0x00000262c7d191e0 JavaThread "Sweeper thread" daemon [_thread_blocked, id=11568, stack(0x000000cfa5600000,0x000000cfa5700000)]
  0x00000262c7d6d420 JavaThread "Common-Cleaner" daemon [_thread_blocked, id=28580, stack(0x000000cfa5700000,0x000000cfa5800000)]
  0x00000262c7e57d30 JavaThread "JDWP Transport Listener: dt_socket" daemon [_thread_blocked, id=6428, stack(0x000000cfa5a00000,0x000000cfa5b00000)]
  0x00000262c7e58fb0 JavaThread "JDWP Event Helper Thread" daemon [_thread_blocked, id=10308, stack(0x000000cfa5b00000,0x000000cfa5c00000)]
  0x00000262c7e75fe0 JavaThread "JDWP Command Reader" daemon [_thread_in_native, id=15828, stack(0x000000cfa5c00000,0x000000cfa5d00000)]
  0x00000262c7e9f900 JavaThread "IntelliJ Suspend Helper" daemon [_thread_blocked, id=1840, stack(0x000000cfa5d00000,0x000000cfa5e00000)]
  0x000002630d146360 JavaThread "Notification Thread" daemon [_thread_blocked, id=14508, stack(0x000000cfa5e00000,0x000000cfa5f00000)]
  0x000002630dda2660 JavaThread "RMI TCP Accept-0" daemon [_thread_in_native, id=22220, stack(0x000000cfa5f00000,0x000000cfa6000000)]
  0x000002630e811380 JavaThread "RMI Scheduler(0)" daemon [_thread_blocked, id=11744, stack(0x000000cfa6c00000,0x000000cfa6d00000)]
  0x0000026310f0e280 JavaThread "Catalina-utility-1" [_thread_blocked, id=31468, stack(0x000000cfa7000000,0x000000cfa7100000)]
  0x0000026310f11520 JavaThread "Catalina-utility-2" [_thread_blocked, id=15404, stack(0x000000cfa7100000,0x000000cfa7200000)]
  0x0000026310f11010 JavaThread "container-0" [_thread_blocked, id=28420, stack(0x000000cfa7200000,0x000000cfa7300000)]
  0x0000026310f11f40 JavaThread "PostgreSQL-JDBC-Cleaner" daemon [_thread_blocked, id=26100, stack(0x000000cfa7400000,0x000000cfa7500000)]
  0x0000026310f12960 JavaThread "PostgreSQL-Hikari-Pool housekeeper" daemon [_thread_blocked, id=23792, stack(0x000000cfa7500000,0x000000cfa7600000)]
  0x00000263135f8d40 JavaThread "Oracle-Hikari-Pool housekeeper" daemon [_thread_blocked, id=24212, stack(0x000000cfa7900000,0x000000cfa7a00000)]
  0x00000263135fa690 JavaThread "Timer-0" daemon [_thread_blocked, id=30148, stack(0x000000cfa7b00000,0x000000cfa7c00000)]
  0x00000263135faba0 JavaThread "oracle.jdbc.driver.BlockSource.ThreadedCachingBlockSource.BlockReleaser" daemon [_thread_blocked, id=10520, stack(0x000000cfa7c00000,0x000000cfa7d00000)]
  0x0000026312cd3bf0 JavaThread "InterruptTimer" daemon [_thread_blocked, id=21988, stack(0x000000cfa7d00000,0x000000cfa7e00000)]
  0x0000026313836740 JavaThread "pool-2-thread-1" [_thread_blocked, id=30484, stack(0x000000cfa7e00000,0x000000cfa7f00000)]
  0x000002631a155750 JavaThread "File Watcher" daemon [_thread_blocked, id=14872, stack(0x000000cfa8000000,0x000000cfa8100000)]
  0x000002631a155c60 JavaThread "Live Reload Server" daemon [_thread_in_native, id=1412, stack(0x000000cfa8200000,0x000000cfa8300000)]
  0x000002631a156680 JavaThread "http-nio-4789-exec-1" daemon [_thread_blocked, id=1228, stack(0x000000cfa8100000,0x000000cfa8200000)]
  0x000002631a157fd0 JavaThread "http-nio-4789-exec-2" daemon [_thread_blocked, id=30340, stack(0x000000cfa8300000,0x000000cfa8400000)]
  0x000002631a1575b0 JavaThread "http-nio-4789-exec-3" daemon [_thread_blocked, id=31376, stack(0x000000cfa8400000,0x000000cfa8500000)]
  0x000002631a154820 JavaThread "http-nio-4789-exec-4" daemon [_thread_blocked, id=20788, stack(0x000000cfa8500000,0x000000cfa8600000)]
  0x000002631a1584e0 JavaThread "http-nio-4789-exec-5" daemon [_thread_blocked, id=2684, stack(0x000000cfa8600000,0x000000cfa8700000)]
  0x000002631a156170 JavaThread "http-nio-4789-exec-6" daemon [_thread_blocked, id=24380, stack(0x000000cfa8700000,0x000000cfa8800000)]
  0x000002631a154d30 JavaThread "http-nio-4789-exec-7" daemon [_thread_blocked, id=27224, stack(0x000000cfa8800000,0x000000cfa8900000)]
  0x000002631a157ac0 JavaThread "http-nio-4789-exec-8" daemon [_thread_blocked, id=31520, stack(0x000000cfa8900000,0x000000cfa8a00000)]
  0x000002631a1589f0 JavaThread "http-nio-4789-exec-9" daemon [_thread_blocked, id=3292, stack(0x000000cfa8a00000,0x000000cfa8b00000)]
  0x000002631a155240 JavaThread "http-nio-4789-exec-10" daemon [_thread_blocked, id=29700, stack(0x000000cfa8b00000,0x000000cfa8c00000)]
  0x000002631a15b270 JavaThread "http-nio-4789-Poller" daemon [_thread_in_native, id=19768, stack(0x000000cfa8c00000,0x000000cfa8d00000)]
  0x000002631a15a340 JavaThread "http-nio-4789-Acceptor" daemon [_thread_in_native, id=9252, stack(0x000000cfa8d00000,0x000000cfa8e00000)]
  0x000002631a15c1a0 JavaThread "DestroyJavaVM" [_thread_blocked, id=19312, stack(0x000000cfa4800000,0x000000cfa4900000)]
  0x000002631a15c6b0 JavaThread "OracleTimeoutPollingThread" daemon [_thread_blocked, id=3348, stack(0x000000cfa4600000,0x000000cfa4700000)]
  0x000002631b2d0400 JavaThread "PostgreSQL-JDBC-SharedTimer-3" daemon [_thread_blocked, id=1548, stack(0x000000cfa6900000,0x000000cfa6a00000)]

Other Threads:
  0x00000262c7cdc3d0 VMThread "VM Thread" [stack: 0x000000cfa4e00000,0x000000cfa4f00000] [id=800]
  0x000002630dd05010 WatcherThread [stack: 0x000000cfa6000000,0x000000cfa6100000] [id=18260]
  0x00000262aea5ae40 GCTaskThread "GC Thread#0" [stack: 0x000000cfa4900000,0x000000cfa4a00000] [id=19140]
  0x000002630de3ee80 GCTaskThread "GC Thread#1" [stack: 0x000000cfa6100000,0x000000cfa6200000] [id=20280]
  0x000002630de3e900 GCTaskThread "GC Thread#2" [stack: 0x000000cfa6200000,0x000000cfa6300000] [id=29172]
  0x000002630de3e640 GCTaskThread "GC Thread#3" [stack: 0x000000cfa6300000,0x000000cfa6400000] [id=10284]
  0x000002630de3f140 GCTaskThread "GC Thread#4" [stack: 0x000000cfa6400000,0x000000cfa6500000] [id=21600]
  0x000002630de3f400 GCTaskThread "GC Thread#5" [stack: 0x000000cfa6500000,0x000000cfa6600000] [id=27940]
  0x000002630de3de00 GCTaskThread "GC Thread#6" [stack: 0x000000cfa6600000,0x000000cfa6700000] [id=28432]
  0x000002630de3e0c0 GCTaskThread "GC Thread#7" [stack: 0x000000cfa6700000,0x000000cfa6800000] [id=15996]
  0x00000262aeb42010 ConcurrentGCThread "G1 Main Marker" [stack: 0x000000cfa4a00000,0x000000cfa4b00000] [id=19048]
  0x00000262aeb42940 ConcurrentGCThread "G1 Conc#0" [stack: 0x000000cfa4b00000,0x000000cfa4c00000] [id=30228]
  0x000002630e520dd0 ConcurrentGCThread "G1 Conc#1" [stack: 0x000000cfa6f00000,0x000000cfa7000000] [id=26348]
  0x00000262aeb6ebf0 ConcurrentGCThread "G1 Refine#0" [stack: 0x000000cfa4c00000,0x000000cfa4d00000] [id=1020]
  0x000002630e015cd0 ConcurrentGCThread "G1 Refine#1" [stack: 0x000000cfa6800000,0x000000cfa6900000] [id=16240]
  0x00000262c7b8ab30 ConcurrentGCThread "G1 Service" [stack: 0x000000cfa4d00000,0x000000cfa4e00000] [id=25056]

Threads with active compile tasks:

VM state: not at safepoint (normal execution)

VM Mutex/Monitor currently owned by a thread: None

Heap address: 0x0000000604800000, size: 8120 MB, Compressed Oops mode: Zero based, Oop shift amount: 3

CDS archive(s) mapped at: [0x00000262c8000000-0x00000262c8bb0000-0x00000262c8bb0000), size 12255232, SharedBaseAddress: 0x00000262c8000000, ArchiveRelocationMode: 1.
Compressed class space mapped at: 0x00000262c9000000-0x0000026309000000, reserved size: 1073741824
Narrow klass base: 0x00000262c8000000, Narrow klass shift: 0, Narrow klass range: 0x100000000

GC Precious Log:
 CPUs: 8 total, 8 available
 Memory: 32466M
 Large Page Support: Disabled
 NUMA Support: Disabled
 Compressed Oops: Enabled (Zero based)
 Heap Region Size: 4M
 Heap Min Capacity: 8M
 Heap Initial Capacity: 508M
 Heap Max Capacity: 8120M
 Pre-touch: Disabled
 Parallel Workers: 8
 Concurrent Workers: 2
 Concurrent Refinement Workers: 8
 Periodic GC: Disabled

Heap:
 garbage-first heap   total 286720K, used 148513K [0x0000000604800000, 0x0000000800000000)
  region size 4096K, 3 young (12288K), 2 survivors (8192K)
 Metaspace       used 116521K, committed 118464K, reserved 1179648K
  class space    used 15813K, committed 16576K, reserved 1048576K

Heap Regions: E=young(eden), S=young(survivor), O=old, HS=humongous(starts), HC=humongous(continues), CS=collection set, F=free, OA=open archive, CA=closed archive, TAMS=top-at-mark-start (previous, next)
|   0|0x0000000604800000, 0x0000000604c00000, 0x0000000604c00000|100%| O|  |TAMS 0x0000000604c00000, 0x0000000604800000| Untracked 
|   1|0x0000000604c00000, 0x0000000605000000, 0x0000000605000000|100%| O|  |TAMS 0x0000000605000000, 0x0000000604c00000| Updating 
|   2|0x0000000605000000, 0x0000000605400000, 0x0000000605400000|100%| O|  |TAMS 0x0000000605400000, 0x0000000605000000| Updating 
|   3|0x0000000605400000, 0x0000000605800000, 0x0000000605800000|100%| O|  |TAMS 0x0000000605800000, 0x0000000605400000| Updating 
|   4|0x0000000605800000, 0x0000000605c00000, 0x0000000605c00000|100%| O|  |TAMS 0x0000000605c00000, 0x0000000605800000| Updating 
|   5|0x0000000605c00000, 0x0000000606000000, 0x0000000606000000|100%| O|  |TAMS 0x0000000606000000, 0x0000000605c00000| Updating 
|   6|0x0000000606000000, 0x0000000606400000, 0x0000000606400000|100%| O|  |TAMS 0x0000000606400000, 0x0000000606000000| Updating 
|   7|0x0000000606400000, 0x0000000606800000, 0x0000000606800000|100%| O|  |TAMS 0x0000000606800000, 0x0000000606400000| Updating 
|   8|0x0000000606800000, 0x0000000606a0f800, 0x0000000606c00000| 51%| O|  |TAMS 0x0000000606a0f800, 0x0000000606800000| Updating 
|   9|0x0000000606c00000, 0x0000000607000000, 0x0000000607000000|100%| O|  |TAMS 0x0000000607000000, 0x0000000606c00000| Updating 
|  10|0x0000000607000000, 0x0000000607400000, 0x0000000607400000|100%| O|  |TAMS 0x0000000607400000, 0x0000000607000000| Updating 
|  11|0x0000000607400000, 0x0000000607800000, 0x0000000607800000|100%| O|  |TAMS 0x0000000607800000, 0x0000000607400000| Updating 
|  12|0x0000000607800000, 0x0000000607c00000, 0x0000000607c00000|100%| O|  |TAMS 0x0000000607c00000, 0x0000000607800000| Untracked 
|  13|0x0000000607c00000, 0x0000000608000000, 0x0000000608000000|100%| O|  |TAMS 0x0000000608000000, 0x0000000607c00000| Untracked 
|  14|0x0000000608000000, 0x0000000608400000, 0x0000000608400000|100%| O|  |TAMS 0x0000000608400000, 0x0000000608000000| Untracked 
|  15|0x0000000608400000, 0x0000000608800000, 0x0000000608800000|100%| O|  |TAMS 0x0000000608800000, 0x0000000608400000| Updating 
|  16|0x0000000608800000, 0x0000000608c00000, 0x0000000608c00000|100%| O|  |TAMS 0x0000000608c00000, 0x0000000608800000| Updating 
|  17|0x0000000608c00000, 0x0000000609000000, 0x0000000609000000|100%| O|  |TAMS 0x0000000609000000, 0x0000000608c00000| Updating 
|  18|0x0000000609000000, 0x0000000609400000, 0x0000000609400000|100%| O|  |TAMS 0x0000000609400000, 0x0000000609000000| Updating 
|  19|0x0000000609400000, 0x0000000609800000, 0x0000000609800000|100%| O|  |TAMS 0x0000000609800000, 0x0000000609400000| Updating 
|  20|0x0000000609800000, 0x0000000609c00000, 0x0000000609c00000|100%| O|  |TAMS 0x0000000609c00000, 0x0000000609800000| Untracked 
|  21|0x0000000609c00000, 0x000000060a000000, 0x000000060a000000|100%| O|  |TAMS 0x000000060a000000, 0x0000000609c00000| Updating 
|  22|0x000000060a000000, 0x000000060a400000, 0x000000060a400000|100%| O|  |TAMS 0x000000060a400000, 0x000000060a000000| Updating 
|  23|0x000000060a400000, 0x000000060a800000, 0x000000060a800000|100%| O|  |TAMS 0x000000060a800000, 0x000000060a400000| Untracked 
|  24|0x000000060a800000, 0x000000060ac00000, 0x000000060ac00000|100%| O|  |TAMS 0x000000060ac00000, 0x000000060a800000| Updating 
|  25|0x000000060ac00000, 0x000000060b000000, 0x000000060b000000|100%| O|  |TAMS 0x000000060b000000, 0x000000060ac00000| Updating 
|  26|0x000000060b000000, 0x000000060b400000, 0x000000060b400000|100%| O|  |TAMS 0x000000060b400000, 0x000000060b000000| Untracked 
|  27|0x000000060b400000, 0x000000060b800000, 0x000000060b800000|100%| O|  |TAMS 0x000000060b800000, 0x000000060b400000| Updating 
|  28|0x000000060b800000, 0x000000060bc00000, 0x000000060bc00000|100%| O|  |TAMS 0x000000060bc00000, 0x000000060b800000| Untracked 
|  29|0x000000060bc00000, 0x000000060c000000, 0x000000060c000000|100%| O|  |TAMS 0x000000060c000000, 0x000000060bc00000| Untracked 
|  30|0x000000060c000000, 0x000000060c400000, 0x000000060c400000|100%| O|  |TAMS 0x000000060c400000, 0x000000060c000000| Untracked 
|  31|0x000000060c400000, 0x000000060c800000, 0x000000060c800000|100%| O|  |TAMS 0x000000060c4b8600, 0x000000060c400000| Untracked 
|  32|0x000000060c800000, 0x000000060cc00000, 0x000000060cc00000|100%| O|  |TAMS 0x000000060c800000, 0x000000060c800000| Untracked 
|  33|0x000000060cc00000, 0x000000060d000000, 0x000000060d000000|100%| O|  |TAMS 0x000000060cc00000, 0x000000060cc00000| Untracked 
|  34|0x000000060d000000, 0x000000060d400000, 0x000000060d400000|100%| O|  |TAMS 0x000000060d000000, 0x000000060d000000| Untracked 
|  35|0x000000060d400000, 0x000000060d432600, 0x000000060d800000|  4%| O|  |TAMS 0x000000060d400000, 0x000000060d400000| Updating 
|  36|0x000000060d800000, 0x000000060d800000, 0x000000060dc00000|  0%| F|  |TAMS 0x000000060d800000, 0x000000060d800000| Untracked 
|  37|0x000000060dc00000, 0x000000060dc00000, 0x000000060e000000|  0%| F|  |TAMS 0x000000060dc00000, 0x000000060dc00000| Untracked 
|  38|0x000000060e000000, 0x000000060e000000, 0x000000060e400000|  0%| F|  |TAMS 0x000000060e000000, 0x000000060e000000| Untracked 
|  39|0x000000060e400000, 0x000000060e400000, 0x000000060e800000|  0%| F|  |TAMS 0x000000060e400000, 0x000000060e400000| Untracked 
|  40|0x000000060e800000, 0x000000060e800000, 0x000000060ec00000|  0%| F|  |TAMS 0x000000060e800000, 0x000000060e800000| Untracked 
|  41|0x000000060ec00000, 0x000000060ec00000, 0x000000060f000000|  0%| F|  |TAMS 0x000000060ec00000, 0x000000060ec00000| Untracked 
|  42|0x000000060f000000, 0x000000060f000000, 0x000000060f400000|  0%| F|  |TAMS 0x000000060f000000, 0x000000060f000000| Untracked 
|  43|0x000000060f400000, 0x000000060f400000, 0x000000060f800000|  0%| F|  |TAMS 0x000000060f400000, 0x000000060f400000| Untracked 
|  44|0x000000060f800000, 0x000000060f800000, 0x000000060fc00000|  0%| F|  |TAMS 0x000000060f800000, 0x000000060f800000| Untracked 
|  45|0x000000060fc00000, 0x000000060fc00000, 0x0000000610000000|  0%| F|  |TAMS 0x000000060fc00000, 0x000000060fc00000| Untracked 
|  46|0x0000000610000000, 0x0000000610000000, 0x0000000610400000|  0%| F|  |TAMS 0x0000000610000000, 0x0000000610000000| Untracked 
|  47|0x0000000610400000, 0x00000006106c6940, 0x0000000610800000| 69%| S|CS|TAMS 0x0000000610400000, 0x0000000610400000| Complete 
|  48|0x0000000610800000, 0x0000000610c00000, 0x0000000610c00000|100%| S|CS|TAMS 0x0000000610800000, 0x0000000610800000| Complete 
|  49|0x0000000610c00000, 0x0000000610c00000, 0x0000000611000000|  0%| F|  |TAMS 0x0000000610c00000, 0x0000000610c00000| Untracked 
|  50|0x0000000611000000, 0x0000000611000000, 0x0000000611400000|  0%| F|  |TAMS 0x0000000611000000, 0x0000000611000000| Untracked 
|  51|0x0000000611400000, 0x0000000611400000, 0x0000000611800000|  0%| F|  |TAMS 0x0000000611400000, 0x0000000611400000| Untracked 
|  52|0x0000000611800000, 0x0000000611800000, 0x0000000611c00000|  0%| F|  |TAMS 0x0000000611800000, 0x0000000611800000| Untracked 
|  53|0x0000000611c00000, 0x0000000611c00000, 0x0000000612000000|  0%| F|  |TAMS 0x0000000611c00000, 0x0000000611c00000| Untracked 
|  54|0x0000000612000000, 0x0000000612000000, 0x0000000612400000|  0%| F|  |TAMS 0x0000000612000000, 0x0000000612000000| Untracked 
|  55|0x0000000612400000, 0x0000000612400000, 0x0000000612800000|  0%| F|  |TAMS 0x0000000612400000, 0x0000000612400000| Untracked 
|  56|0x0000000612800000, 0x0000000612800000, 0x0000000612c00000|  0%| F|  |TAMS 0x0000000612800000, 0x0000000612800000| Untracked 
|  57|0x0000000612c00000, 0x0000000612c00000, 0x0000000613000000|  0%| F|  |TAMS 0x0000000612c00000, 0x0000000612c00000| Untracked 
|  58|0x0000000613000000, 0x0000000613000000, 0x0000000613400000|  0%| F|  |TAMS 0x0000000613000000, 0x0000000613000000| Untracked 
|  59|0x0000000613400000, 0x0000000613400000, 0x0000000613800000|  0%| F|  |TAMS 0x0000000613400000, 0x0000000613400000| Untracked 
|  60|0x0000000613800000, 0x0000000613800000, 0x0000000613c00000|  0%| F|  |TAMS 0x0000000613800000, 0x0000000613800000| Untracked 
|  61|0x0000000613c00000, 0x0000000613c00000, 0x0000000614000000|  0%| F|  |TAMS 0x0000000613c00000, 0x0000000613c00000| Untracked 
|  62|0x0000000614000000, 0x0000000614000000, 0x0000000614400000|  0%| F|  |TAMS 0x0000000614000000, 0x0000000614000000| Untracked 
|  63|0x0000000614400000, 0x0000000614400000, 0x0000000614800000|  0%| F|  |TAMS 0x0000000614400000, 0x0000000614400000| Untracked 
|  64|0x0000000614800000, 0x0000000614800000, 0x0000000614c00000|  0%| F|  |TAMS 0x0000000614800000, 0x0000000614800000| Untracked 
|  65|0x0000000614c00000, 0x0000000614c00000, 0x0000000615000000|  0%| F|  |TAMS 0x0000000614c00000, 0x0000000614c00000| Untracked 
|  66|0x0000000615000000, 0x0000000615000000, 0x0000000615400000|  0%| F|  |TAMS 0x0000000615000000, 0x0000000615000000| Untracked 
|  67|0x0000000615400000, 0x0000000615400000, 0x0000000615800000|  0%| F|  |TAMS 0x0000000615400000, 0x0000000615400000| Untracked 
|  68|0x0000000615800000, 0x0000000615800000, 0x0000000615c00000|  0%| F|  |TAMS 0x0000000615800000, 0x0000000615800000| Untracked 
| 126|0x0000000624000000, 0x0000000624113d30, 0x0000000624400000| 26%| E|  |TAMS 0x0000000624000000, 0x0000000624000000| Complete 

Card table byte_map: [0x00000262b3430000,0x00000262b4410000] _byte_map_base: 0x00000262b040c000

Marking Bits (Prev, Next): (CMBitMap*) 0x00000262aeaf3510, (CMBitMap*) 0x00000262aeaf3550
 Prev Bits: [0x00000262b53f0000, 0x00000262bd2d0000)
 Next Bits: [0x00000262bd2d0000, 0x00000262c51b0000)

Polling page: 0x00000262a4b70000

Metaspace:

Usage:
  Non-class:     98.35 MB used.
      Class:     15.44 MB used.
       Both:    113.79 MB used.

Virtual space:
  Non-class space:      128.00 MB reserved,      99.50 MB ( 78%) committed,  2 nodes.
      Class space:        1.00 GB reserved,      16.19 MB (  2%) committed,  1 nodes.
             Both:        1.12 GB reserved,     115.69 MB ( 10%) committed. 

Chunk freelists:
   Non-Class:  12.33 MB
       Class:  16.13 MB
        Both:  28.46 MB

MaxMetaspaceSize: unlimited
CompressedClassSpaceSize: 1.00 GB
Initial GC threshold: 21.00 MB
Current GC threshold: 192.81 MB
CDS: on
MetaspaceReclaimPolicy: balanced
 - commit_granule_bytes: 65536.
 - commit_granule_words: 8192.
 - virtual_space_node_default_size: 8388608.
 - enlarge_chunks_in_place: 1.
 - new_chunks_are_fully_committed: 0.
 - uncommit_free_chunks: 1.
 - use_allocation_guard: 0.
 - handle_deallocations: 1.


Internal statistics:

num_allocs_failed_limit: 9.
num_arena_births: 2146.
num_arena_deaths: 540.
num_vsnodes_births: 3.
num_vsnodes_deaths: 0.
num_space_committed: 1851.
num_space_uncommitted: 0.
num_chunks_returned_to_freelist: 682.
num_chunks_taken_from_freelist: 6709.
num_chunk_merges: 209.
num_chunk_splits: 4456.
num_chunks_enlarged: 2993.
num_inconsistent_stats: 0.

CodeCache: size=49152Kb used=4183Kb max_used=46464Kb free=44968Kb
 bounds [0x00000262aeb70000, 0x00000262b18e0000, 0x00000262b1b70000]
 total_blobs=2199 nmethods=1387 adapters=735
 compilation: enabled
              stopped_count=0, restarted_count=0
 full_count=0

Compilation events (20 events):
Event: 7126.308 Thread 0x00000262c7cf6100 21587       1       com.intellij.rt.debugger.agent.CaptureStorage::withoutThrowableCapture (13 bytes)
Event: 7126.308 Thread 0x00000262c7cf6100 nmethod 21587 0x00000262afecbc90 code [0x00000262afecbe40, 0x00000262afecbfe8]
Event: 7126.308 Thread 0x00000262c7cf6100 21588       1       com.intellij.rt.debugger.agent.CaptureStorage$9::<init> (10 bytes)
Event: 7126.308 Thread 0x00000262c7cf6100 nmethod 21588 0x00000262afecb890 code [0x00000262afecba20, 0x00000262afecbb58]
Event: 7126.308 Thread 0x00000262c7cf6100 21589       1       com.intellij.rt.debugger.agent.CaptureStorage::access$300 (4 bytes)
Event: 7126.308 Thread 0x00000262c7cf6100 nmethod 21589 0x00000262aef73410 code [0x00000262aef735a0, 0x00000262aef73678]
Event: 7127.865 Thread 0x00000262c7cf6100 21590       1       java.util.HashMap$HashIterator::<init> (79 bytes)
Event: 7127.866 Thread 0x00000262c7cf6100 nmethod 21590 0x00000262b0668290 code [0x00000262b0668440, 0x00000262b06686d8]
Event: 7127.866 Thread 0x00000262c7cf6100 21591       1       java.util.Collections$UnmodifiableCollection::iterator (9 bytes)
Event: 7127.866 Thread 0x00000262c7cf6100 nmethod 21591 0x00000262b0baf310 code [0x00000262b0baf4c0, 0x00000262b0baf708]
Event: 7127.866 Thread 0x00000262c7cf6100 21592       1       java.util.Collections$UnmodifiableCollection$1::<init> (26 bytes)
Event: 7127.866 Thread 0x00000262c7cf6100 nmethod 21592 0x00000262af18dc90 code [0x00000262af18de40, 0x00000262af18e028]
Event: 7129.136 Thread 0x00000262c7cf6100 21593   !   1       java.util.AbstractSet::equals (45 bytes)
Event: 7129.136 Thread 0x00000262c7cf6100 nmethod 21593 0x00000262aff78110 code [0x00000262aff78300, 0x00000262aff78628]
Event: 7129.136 Thread 0x00000262c7cf6100 21594       1       org.springframework.boot.devtools.filewatch.DirectorySnapshot::filter (72 bytes)
Event: 7129.137 Thread 0x00000262c7cf6100 nmethod 21594 0x00000262af0b2890 code [0x00000262af0b2ac0, 0x00000262af0b2ef8]
Event: 7130.182 Thread 0x00000262c7cf6100 21595       1       java.lang.ref.Reference::enqueueFromPending (19 bytes)
Event: 7130.183 Thread 0x00000262c7cf6100 nmethod 21595 0x00000262af18d890 code [0x00000262af18da40, 0x00000262af18db88]
Event: 7130.183 Thread 0x00000262c7cf6100 21596   !   1       java.lang.ref.ReferenceQueue::enqueue (119 bytes)
Event: 7130.183 Thread 0x00000262c7cf6100 nmethod 21596 0x00000262af75fc10 code [0x00000262af75fde0, 0x00000262af7602e8]

GC Heap History (20 events):
Event: 6354.113 GC heap before
{Heap before GC invocations=67 (full 0):
 garbage-first heap   total 286720K, used 246795K [0x0000000604800000, 0x0000000800000000)
  region size 4096K, 33 young (135168K), 1 survivors (4096K)
 Metaspace       used 115750K, committed 116736K, reserved 1179648K
  class space    used 15671K, committed 16192K, reserved 1048576K
}
Event: 6354.116 GC heap after
{Heap after GC invocations=68 (full 0):
 garbage-first heap   total 286720K, used 116599K [0x0000000604800000, 0x0000000800000000)
  region size 4096K, 1 young (4096K), 1 survivors (4096K)
 Metaspace       used 115750K, committed 116736K, reserved 1179648K
  class space    used 15671K, committed 16192K, reserved 1048576K
}
Event: 6471.945 GC heap before
{Heap before GC invocations=68 (full 0):
 garbage-first heap   total 286720K, used 243575K [0x0000000604800000, 0x0000000800000000)
  region size 4096K, 32 young (131072K), 1 survivors (4096K)
 Metaspace       used 115750K, committed 116736K, reserved 1179648K
  class space    used 15671K, committed 16192K, reserved 1048576K
}
Event: 6471.948 GC heap after
{Heap after GC invocations=69 (full 0):
 garbage-first heap   total 286720K, used 115761K [0x0000000604800000, 0x0000000800000000)
  region size 4096K, 1 young (4096K), 1 survivors (4096K)
 Metaspace       used 115750K, committed 116736K, reserved 1179648K
  class space    used 15671K, committed 16192K, reserved 1048576K
}
Event: 6596.282 GC heap before
{Heap before GC invocations=69 (full 0):
 garbage-first heap   total 286720K, used 246833K [0x0000000604800000, 0x0000000800000000)
  region size 4096K, 33 young (135168K), 1 survivors (4096K)
 Metaspace       used 115750K, committed 116736K, reserved 1179648K
  class space    used 15671K, committed 16192K, reserved 1048576K
}
Event: 6596.285 GC heap after
{Heap after GC invocations=70 (full 0):
 garbage-first heap   total 286720K, used 116002K [0x0000000604800000, 0x0000000800000000)
  region size 4096K, 1 young (4096K), 1 survivors (4096K)
 Metaspace       used 115750K, committed 116736K, reserved 1179648K
  class space    used 15671K, committed 16192K, reserved 1048576K
}
Event: 6721.635 GC heap before
{Heap before GC invocations=70 (full 0):
 garbage-first heap   total 286720K, used 247074K [0x0000000604800000, 0x0000000800000000)
  region size 4096K, 33 young (135168K), 1 survivors (4096K)
 Metaspace       used 115750K, committed 116736K, reserved 1179648K
  class space    used 15671K, committed 16192K, reserved 1048576K
}
Event: 6721.638 GC heap after
{Heap after GC invocations=71 (full 0):
 garbage-first heap   total 286720K, used 115876K [0x0000000604800000, 0x0000000800000000)
  region size 4096K, 1 young (4096K), 1 survivors (4096K)
 Metaspace       used 115750K, committed 116736K, reserved 1179648K
  class space    used 15671K, committed 16192K, reserved 1048576K
}
Event: 6847.674 GC heap before
{Heap before GC invocations=71 (full 0):
 garbage-first heap   total 286720K, used 246948K [0x0000000604800000, 0x0000000800000000)
  region size 4096K, 33 young (135168K), 1 survivors (4096K)
 Metaspace       used 115750K, committed 116736K, reserved 1179648K
  class space    used 15671K, committed 16192K, reserved 1048576K
}
Event: 6847.678 GC heap after
{Heap after GC invocations=72 (full 0):
 garbage-first heap   total 286720K, used 115791K [0x0000000604800000, 0x0000000800000000)
  region size 4096K, 1 young (4096K), 1 survivors (4096K)
 Metaspace       used 115750K, committed 116736K, reserved 1179648K
  class space    used 15671K, committed 16192K, reserved 1048576K
}
Event: 6972.308 GC heap before
{Heap before GC invocations=72 (full 0):
 garbage-first heap   total 286720K, used 246863K [0x0000000604800000, 0x0000000800000000)
  region size 4096K, 33 young (135168K), 1 survivors (4096K)
 Metaspace       used 115750K, committed 116736K, reserved 1179648K
  class space    used 15671K, committed 16192K, reserved 1048576K
}
Event: 6972.312 GC heap after
{Heap after GC invocations=73 (full 0):
 garbage-first heap   total 286720K, used 115730K [0x0000000604800000, 0x0000000800000000)
  region size 4096K, 1 young (4096K), 1 survivors (4096K)
 Metaspace       used 115750K, committed 116736K, reserved 1179648K
  class space    used 15671K, committed 16192K, reserved 1048576K
}
Event: 7068.472 GC heap before
{Heap before GC invocations=73 (full 0):
 garbage-first heap   total 286720K, used 246802K [0x0000000604800000, 0x0000000800000000)
  region size 4096K, 33 young (135168K), 1 survivors (4096K)
 Metaspace       used 115780K, committed 116800K, reserved 1179648K
  class space    used 15676K, committed 16192K, reserved 1048576K
}
Event: 7068.476 GC heap after
{Heap after GC invocations=74 (full 0):
 garbage-first heap   total 286720K, used 116253K [0x0000000604800000, 0x0000000800000000)
  region size 4096K, 1 young (4096K), 1 survivors (4096K)
 Metaspace       used 115780K, committed 116800K, reserved 1179648K
  class space    used 15676K, committed 16192K, reserved 1048576K
}
Event: 7087.013 GC heap before
{Heap before GC invocations=74 (full 0):
 garbage-first heap   total 286720K, used 247325K [0x0000000604800000, 0x0000000800000000)
  region size 4096K, 33 young (135168K), 1 survivors (4096K)
 Metaspace       used 116907K, committed 118080K, reserved 1179648K
  class space    used 15894K, committed 16448K, reserved 1048576K
}
Event: 7087.020 GC heap after
{Heap after GC invocations=75 (full 0):
 garbage-first heap   total 286720K, used 127610K [0x0000000604800000, 0x0000000800000000)
  region size 4096K, 4 young (16384K), 4 survivors (16384K)
 Metaspace       used 116907K, committed 118080K, reserved 1179648K
  class space    used 15894K, committed 16448K, reserved 1048576K
}
Event: 7087.207 GC heap before
{Heap before GC invocations=75 (full 0):
 garbage-first heap   total 286720K, used 234106K [0x0000000604800000, 0x0000000800000000)
  region size 4096K, 30 young (122880K), 4 survivors (16384K)
 Metaspace       used 117044K, committed 118208K, reserved 1179648K
  class space    used 15910K, committed 16448K, reserved 1048576K
}
Event: 7087.220 GC heap after
{Heap after GC invocations=76 (full 0):
 garbage-first heap   total 286720K, used 142111K [0x0000000604800000, 0x0000000800000000)
  region size 4096K, 4 young (16384K), 4 survivors (16384K)
 Metaspace       used 117044K, committed 118208K, reserved 1179648K
  class space    used 15910K, committed 16448K, reserved 1048576K
}
Event: 7130.006 GC heap before
{Heap before GC invocations=76 (full 0):
 garbage-first heap   total 286720K, used 228127K [0x0000000604800000, 0x0000000800000000)
  region size 4096K, 25 young (102400K), 4 survivors (16384K)
 Metaspace       used 117205K, committed 118464K, reserved 1179648K
  class space    used 15951K, committed 16576K, reserved 1048576K
}
Event: 7130.020 GC heap after
{Heap after GC invocations=77 (full 0):
 garbage-first heap   total 286720K, used 148513K [0x0000000604800000, 0x0000000800000000)
  region size 4096K, 2 young (8192K), 2 survivors (8192K)
 Metaspace       used 117205K, committed 118464K, reserved 1179648K
  class space    used 15951K, committed 16576K, reserved 1048576K
}

Dll operation events (13 events):
Event: 0.015 Loaded shared library C:\Program Files\Eclipse Adoptium\jdk-17.0.18.8-hotspot\bin\java.dll
Event: 0.016 Loaded shared library C:\Program Files\Eclipse Adoptium\jdk-17.0.18.8-hotspot\bin\zip.dll
Event: 0.038 Loaded shared library C:\Program Files\Eclipse Adoptium\jdk-17.0.18.8-hotspot\bin\jsvml.dll
Event: 0.184 Loaded shared library C:\Program Files\Eclipse Adoptium\jdk-17.0.18.8-hotspot\bin\instrument.dll
Event: 0.260 Loaded shared library C:\Program Files\Eclipse Adoptium\jdk-17.0.18.8-hotspot\bin\jimage.dll
Event: 0.282 Loaded shared library C:\Program Files\Eclipse Adoptium\jdk-17.0.18.8-hotspot\bin\net.dll
Event: 0.284 Loaded shared library C:\Program Files\Eclipse Adoptium\jdk-17.0.18.8-hotspot\bin\nio.dll
Event: 0.299 Loaded shared library C:\Program Files\Eclipse Adoptium\jdk-17.0.18.8-hotspot\bin\zip.dll
Event: 0.409 Loaded shared library C:\Program Files\Eclipse Adoptium\jdk-17.0.18.8-hotspot\bin\management.dll
Event: 0.423 Loaded shared library C:\Program Files\Eclipse Adoptium\jdk-17.0.18.8-hotspot\bin\management_ext.dll
Event: 0.707 Loaded shared library C:\Program Files\Eclipse Adoptium\jdk-17.0.18.8-hotspot\bin\extnet.dll
Event: 2.589 Loaded shared library C:\Program Files\Eclipse Adoptium\jdk-17.0.18.8-hotspot\bin\sunmscapi.dll
Event: 17.358 Loaded shared library C:\Program Files\Eclipse Adoptium\jdk-17.0.18.8-hotspot\bin\verify.dll

Deoptimization events (20 events):
Event: 7087.031 Thread 0x000002631a1575b0 DEOPT PACKING pc=0x00000262b126225c sp=0x000000cfa84fc640
Event: 7087.031 Thread 0x000002631a1575b0 DEOPT UNPACKING pc=0x00000262aebcace3 sp=0x000000cfa84fbb98 mode 1
Event: 7087.042 Thread 0x000002631a1575b0 DEOPT PACKING pc=0x00000262af5115a4 sp=0x000000cfa84fb7e0
Event: 7087.042 Thread 0x000002631a1575b0 DEOPT UNPACKING pc=0x00000262aebcace3 sp=0x000000cfa84fad10 mode 1
Event: 7087.042 Thread 0x000002631a1575b0 DEOPT PACKING pc=0x00000262af850c54 sp=0x000000cfa84fb8f0
Event: 7087.042 Thread 0x000002631a1575b0 DEOPT UNPACKING pc=0x00000262aebcace3 sp=0x000000cfa84fae48 mode 1
Event: 7089.662 Thread 0x000002631a156680 DEOPT PACKING pc=0x00000262b138f144 sp=0x000000cfa81f99d0
Event: 7089.662 Thread 0x000002631a156680 DEOPT UNPACKING pc=0x00000262aebcace3 sp=0x000000cfa81f8eb8 mode 1
Event: 7089.662 Thread 0x000002631a156680 DEOPT PACKING pc=0x00000262b139b6e5 sp=0x000000cfa81f99a0
Event: 7089.662 Thread 0x000002631a156680 DEOPT UNPACKING pc=0x00000262aebcace3 sp=0x000000cfa81f8e48 mode 1
Event: 7089.662 Thread 0x000002631a156680 DEOPT PACKING pc=0x00000262b13a7014 sp=0x000000cfa81f9a10
Event: 7089.662 Thread 0x000002631a156680 DEOPT UNPACKING pc=0x00000262aebcace3 sp=0x000000cfa81f8ec8 mode 1
Event: 7089.662 Thread 0x000002631a156680 DEOPT PACKING pc=0x00000262b163afd4 sp=0x000000cfa81f9b10
Event: 7089.662 Thread 0x000002631a156680 DEOPT UNPACKING pc=0x00000262aebcace3 sp=0x000000cfa81f8f78 mode 1
Event: 7089.673 Thread 0x000002631a156680 DEOPT PACKING pc=0x00000262af75a3b4 sp=0x000000cfa81f88f0
Event: 7089.673 Thread 0x000002631a156680 DEOPT UNPACKING pc=0x00000262aebcace3 sp=0x000000cfa81f7dc0 mode 1
Event: 7089.946 Thread 0x000002631a155750 DEOPT PACKING pc=0x00000262b1835164 sp=0x000000cfa80fe4e0
Event: 7089.946 Thread 0x000002631a155750 DEOPT UNPACKING pc=0x00000262aebcace3 sp=0x000000cfa80fd970 mode 3
Event: 7111.280 Thread 0x000002631a155750 DEOPT PACKING pc=0x00000262b189d4ce sp=0x000000cfa80fe740
Event: 7111.280 Thread 0x000002631a155750 DEOPT UNPACKING pc=0x00000262aebcace3 sp=0x000000cfa80fdbe8 mode 3

Classes loaded (20 events):
Event: 7087.108 Loading class org/apache/catalina/session/StandardSessionFacade
Event: 7087.108 Loading class org/apache/catalina/session/StandardSessionFacade done
Event: 7087.108 Loading class org/apache/catalina/ContainerEvent
Event: 7087.108 Loading class org/apache/catalina/ContainerEvent done
Event: 7087.109 Loading class org/apache/catalina/session/ManagerBase$SessionTiming
Event: 7087.109 Loading class org/apache/catalina/session/ManagerBase$SessionTiming done
Event: 7087.109 Loading class jakarta/servlet/http/Cookie
Event: 7087.109 Loading class jakarta/servlet/http/Cookie done
Event: 7087.110 Loading class jakarta/servlet/http/CookieNameValidator
Event: 7087.110 Loading class jakarta/servlet/http/CookieNameValidator done
Event: 7087.110 Loading class jakarta/servlet/http/RFC6265Validator
Event: 7087.110 Loading class jakarta/servlet/http/RFC6265Validator done
Event: 7087.112 Loading class jakarta/servlet/http/HttpSessionBindingListener
Event: 7087.112 Loading class jakarta/servlet/http/HttpSessionBindingListener done
Event: 7087.205 Loading class com/usg/apiGeneration/dtos/apiGenerationEngine/ApiNavSummaryDTO
Event: 7087.205 Loading class com/usg/apiGeneration/dtos/apiGenerationEngine/ApiNavSummaryDTO done
Event: 7089.728 Loading class com/usg/apiGeneration/services/ApiRequestService
Event: 7089.728 Loading class com/usg/apiGeneration/services/ApiRequestService done
Event: 7089.728 Loading class com/usg/apiGeneration/dtos/apiGenerationEngine/ApiRequestResponseDTO$ApiRequestSummaryDTO
Event: 7089.728 Loading class com/usg/apiGeneration/dtos/apiGenerationEngine/ApiRequestResponseDTO$ApiRequestSummaryDTO done

Classes unloaded (20 events):
Event: 7130.166 Thread 0x00000262c7cdc3d0 Unloading class 0x00000262c918c800 'java/lang/invoke/LambdaForm$MH+0x00000262c918c800'
Event: 7130.166 Thread 0x00000262c7cdc3d0 Unloading class 0x00000262c918c400 'java/lang/invoke/LambdaForm$MH+0x00000262c918c400'
Event: 7130.166 Thread 0x00000262c7cdc3d0 Unloading class 0x00000262c918c000 'java/lang/invoke/LambdaForm$MH+0x00000262c918c000'
Event: 7130.166 Thread 0x00000262c7cdc3d0 Unloading class 0x00000262c90d6000 'java/lang/invoke/LambdaForm$MH+0x00000262c90d6000'
Event: 7130.166 Thread 0x00000262c7cdc3d0 Unloading class 0x00000262c90d5c00 'java/lang/invoke/LambdaForm$MH+0x00000262c90d5c00'
Event: 7130.166 Thread 0x00000262c7cdc3d0 Unloading class 0x00000262c90d5800 'java/lang/invoke/LambdaForm$MH+0x00000262c90d5800'
Event: 7130.166 Thread 0x00000262c7cdc3d0 Unloading class 0x00000262c90d5400 'java/lang/invoke/LambdaForm$MH+0x00000262c90d5400'
Event: 7130.166 Thread 0x00000262c7cdc3d0 Unloading class 0x00000262c90d5000 'java/lang/invoke/LambdaForm$MH+0x00000262c90d5000'
Event: 7130.166 Thread 0x00000262c7cdc3d0 Unloading class 0x00000262c90d4c00 'java/lang/invoke/LambdaForm$MH+0x00000262c90d4c00'
Event: 7130.166 Thread 0x00000262c7cdc3d0 Unloading class 0x00000262c90d4400 'java/lang/invoke/LambdaForm$MH+0x00000262c90d4400'
Event: 7130.166 Thread 0x00000262c7cdc3d0 Unloading class 0x00000262c90d4000 'java/lang/invoke/LambdaForm$MH+0x00000262c90d4000'
Event: 7130.166 Thread 0x00000262c7cdc3d0 Unloading class 0x00000262c90c2400 'jdk/internal/reflect/GeneratedSerializationConstructorAccessor3'
Event: 7130.166 Thread 0x00000262c7cdc3d0 Unloading class 0x00000262c90c2000 'jdk/internal/reflect/GeneratedSerializationConstructorAccessor2'
Event: 7130.166 Thread 0x00000262c7cdc3d0 Unloading class 0x00000262c90c1c00 'jdk/internal/reflect/GeneratedSerializationConstructorAccessor1'
Event: 7130.166 Thread 0x00000262c7cdc3d0 Unloading class 0x00000262c90c1400 'java/lang/invoke/LambdaForm$DMH+0x00000262c90c1400'
Event: 7130.166 Thread 0x00000262c7cdc3d0 Unloading class 0x00000262c90c0c00 'java/lang/invoke/LambdaForm$DMH+0x00000262c90c0c00'
Event: 7130.166 Thread 0x00000262c7cdc3d0 Unloading class 0x00000262c90c0000 'jdk/internal/reflect/GeneratedConstructorAccessor1'
Event: 7130.166 Thread 0x00000262c7cdc3d0 Unloading class 0x00000262c9004800 'java/lang/invoke/LambdaForm$MH+0x00000262c9004800'
Event: 7130.166 Thread 0x00000262c7cdc3d0 Unloading class 0x00000262c9004400 'java/lang/invoke/LambdaForm$MH+0x00000262c9004400'
Event: 7130.166 Thread 0x00000262c7cdc3d0 Unloading class 0x00000262c9003c00 'java/lang/invoke/LambdaForm$MH+0x00000262c9003c00'

Classes redefined (1 events):
Event: 0.203 Thread 0x00000262c7cdc3d0 redefined class name=java.lang.Throwable, count=1

Internal exceptions (20 events):
Event: 7082.243 Thread 0x000002631a156170 Exception <a 'sun/nio/fs/WindowsException'{0x0000000612f410f8}> (0x0000000612f410f8) 
thrown [s\src\hotspot\share\prims\jni.cpp, line 516]
Event: 7082.247 Thread 0x000002631a156170 Exception <a 'sun/nio/fs/WindowsException'{0x0000000612f60d60}> (0x0000000612f60d60) 
thrown [s\src\hotspot\share\prims\jni.cpp, line 516]
Event: 7082.251 Thread 0x000002631a157ac0 Exception <a 'sun/nio/fs/WindowsException'{0x0000000612f7fff8}> (0x0000000612f7fff8) 
thrown [s\src\hotspot\share\prims\jni.cpp, line 516]
Event: 7082.254 Thread 0x000002631a156170 Exception <a 'sun/nio/fs/WindowsException'{0x0000000612f72c40}> (0x0000000612f72c40) 
thrown [s\src\hotspot\share\prims\jni.cpp, line 516]
Event: 7086.815 Thread 0x000002631a156170 Exception <a 'sun/nio/fs/WindowsException'{0x00000006126d1050}> (0x00000006126d1050) 
thrown [s\src\hotspot\share\prims\jni.cpp, line 516]
Event: 7086.818 Thread 0x000002631a154820 Exception <a 'sun/nio/fs/WindowsException'{0x000000061276ee48}> (0x000000061276ee48) 
thrown [s\src\hotspot\share\prims\jni.cpp, line 516]
Event: 7086.818 Thread 0x000002631a157ac0 Exception <a 'sun/nio/fs/WindowsException'{0x000000061273e698}> (0x000000061273e698) 
thrown [s\src\hotspot\share\prims\jni.cpp, line 516]
Event: 7086.818 Thread 0x000002631a154d30 Exception <a 'sun/nio/fs/WindowsException'{0x000000061277dc40}> (0x000000061277dc40) 
thrown [s\src\hotspot\share\prims\jni.cpp, line 516]
Event: 7086.819 Thread 0x000002631a155240 Exception <a 'sun/nio/fs/WindowsException'{0x000000061271c730}> (0x000000061271c730) 
thrown [s\src\hotspot\share\prims\jni.cpp, line 516]
Event: 7086.856 Thread 0x000002631a155240 Exception <a 'java/lang/NoSuchMethodError'{0x0000000611f1ba00}: 'int java.lang.invoke.DirectMethodHandle$Holder.invokeStatic(java.lang.Object, long, java.lang.Object)'> (0x0000000611f1ba00) 
thrown [s\src\hotspot\share\interpreter\linkResolver.cpp, line 759]
Event: 7086.856 Thread 0x000002631a154820 Exception <a 'java/lang/NoSuchMethodError'{0x0000000611977ce8}: 'java.lang.Object java.lang.invoke.DirectMethodHandle$Holder.newInvokeSpecial(java.lang.Object, long)'> (0x0000000611977ce8) 
thrown [s\src\hotspot\share\interpreter\linkResolver.cpp, line 759]
Event: 7086.856 Thread 0x000002631a154d30 Exception <a 'java/lang/NoSuchMethodError'{0x00000006119e2f90}: 'java.lang.Object java.lang.invoke.DirectMethodHandle$Holder.newInvokeSpecial(java.lang.Object, long)'> (0x00000006119e2f90) 
thrown [s\src\hotspot\share\interpreter\linkResolver.cpp, line 759]
Event: 7086.856 Thread 0x000002631a155240 Exception <a 'java/lang/NoSuchMethodError'{0x0000000611f21dc0}: 'java.lang.Object java.lang.invoke.DirectMethodHandle$Holder.newInvokeSpecial(java.lang.Object, long)'> (0x0000000611f21dc0) 
thrown [s\src\hotspot\share\interpreter\linkResolver.cpp, line 759]
Event: 7086.908 Thread 0x000002631a155240 Exception <a 'java/lang/NoSuchMethodError'{0x000000060e90d878}: 'void java.lang.invoke.DirectMethodHandle$Holder.invokeStatic(java.lang.Object, java.lang.Object, long)'> (0x000000060e90d878) 
thrown [s\src\hotspot\share\interpreter\linkResolver.cpp, line 759]
Event: 7086.908 Thread 0x000002631a154d30 Exception <a 'java/lang/NoSuchMethodError'{0x000000060eaab5d0}: 'void java.lang.invoke.DirectMethodHandle$Holder.invokeStatic(java.lang.Object, java.lang.Object, long)'> (0x000000060eaab5d0) 
thrown [s\src\hotspot\share\interpreter\linkResolver.cpp, line 759]
Event: 7086.908 Thread 0x000002631a157ac0 Exception <a 'java/lang/NoSuchMethodError'{0x000000060ea1fe68}: 'void java.lang.invoke.DirectMethodHandle$Holder.invokeStatic(java.lang.Object, java.lang.Object, long)'> (0x000000060ea1fe68) 
thrown [s\src\hotspot\share\interpreter\linkResolver.cpp, line 759]
Event: 7086.908 Thread 0x000002631a154820 Exception <a 'java/lang/NoSuchMethodError'{0x000000060e9d3788}: 'void java.lang.invoke.DirectMethodHandle$Holder.invokeStatic(java.lang.Object, java.lang.Object, long)'> (0x000000060e9d3788) 
thrown [s\src\hotspot\share\interpreter\linkResolver.cpp, line 759]
Event: 7086.909 Thread 0x000002631a156170 Exception <a 'java/lang/NoSuchMethodError'{0x000000060eae9760}: 'void java.lang.invoke.DirectMethodHandle$Holder.invokeVirtual(java.lang.Object, java.lang.Object, double)'> (0x000000060eae9760) 
thrown [s\src\hotspot\share\interpreter\linkResolver.cpp, line 759]
Event: 7086.978 Thread 0x000002631a1575b0 Exception <a 'java/lang/NoSuchMethodError'{0x000000060e7c5328}: 'java.lang.Object java.lang.invoke.DirectMethodHandle$Holder.invokeStatic(java.lang.Object, int, int)'> (0x000000060e7c5328) 
thrown [s\src\hotspot\share\interpreter\linkResolver.cpp, line 759]
Event: 7089.662 Thread 0x000002631a156680 Exception <a 'sun/nio/fs/WindowsException'{0x00000006136a8618}> (0x00000006136a8618) 
thrown [s\src\hotspot\share\prims\jni.cpp, line 516]

VM Operations (20 events):
Event: 7110.063 Executing VM operation: Cleanup
Event: 7110.063 Executing VM operation: Cleanup done
Event: 7111.280 Executing VM operation: HandshakeAllThreads
Event: 7111.280 Executing VM operation: HandshakeAllThreads done
Event: 7114.301 Executing VM operation: Cleanup
Event: 7114.301 Executing VM operation: Cleanup done
Event: 7119.351 Executing VM operation: Cleanup
Event: 7119.351 Executing VM operation: Cleanup done
Event: 7120.424 Executing VM operation: HandshakeAllThreads
Event: 7120.424 Executing VM operation: HandshakeAllThreads done
Event: 7122.430 Executing VM operation: Cleanup
Event: 7122.430 Executing VM operation: Cleanup done
Event: 7124.445 Executing VM operation: Cleanup
Event: 7124.445 Executing VM operation: Cleanup done
Event: 7128.472 Executing VM operation: Cleanup
Event: 7128.472 Executing VM operation: Cleanup done
Event: 7130.006 Executing VM operation: G1CollectForAllocation
Event: 7130.020 Executing VM operation: G1CollectForAllocation done
Event: 7130.164 Executing VM operation: G1PauseRemark
Event: 7130.182 Executing VM operation: G1PauseRemark done

Memory protections (0 events):
No events

Nmethod flushes (20 events):
Event: 7111.283 Thread 0x00000262c7d191e0 flushing  nmethod 0x00000262b177ab10
Event: 7111.283 Thread 0x00000262c7d191e0 flushing  nmethod 0x00000262b177bb90
Event: 7111.283 Thread 0x00000262c7d191e0 flushing  nmethod 0x00000262b177bf10
Event: 7111.283 Thread 0x00000262c7d191e0 flushing  nmethod 0x00000262b177c310
Event: 7111.283 Thread 0x00000262c7d191e0 flushing  nmethod 0x00000262b177c610
Event: 7111.283 Thread 0x00000262c7d191e0 flushing  nmethod 0x00000262b177cb90
Event: 7111.283 Thread 0x00000262c7d191e0 flushing  nmethod 0x00000262b177d090
Event: 7111.283 Thread 0x00000262c7d191e0 flushing  nmethod 0x00000262b177d510
Event: 7111.283 Thread 0x00000262c7d191e0 flushing  nmethod 0x00000262b177d890
Event: 7111.283 Thread 0x00000262c7d191e0 flushing  nmethod 0x00000262b177db90
Event: 7111.283 Thread 0x00000262c7d191e0 flushing  nmethod 0x00000262b177e510
Event: 7111.283 Thread 0x00000262c7d191e0 flushing  nmethod 0x00000262b1781710
Event: 7111.283 Thread 0x00000262c7d191e0 flushing  nmethod 0x00000262b1781e90
Event: 7111.283 Thread 0x00000262c7d191e0 flushing  nmethod 0x00000262b1783f10
Event: 7111.283 Thread 0x00000262c7d191e0 flushing  nmethod 0x00000262b1784210
Event: 7111.283 Thread 0x00000262c7d191e0 flushing  nmethod 0x00000262b1784590
Event: 7111.283 Thread 0x00000262c7d191e0 flushing  nmethod 0x00000262b1784910
Event: 7111.283 Thread 0x00000262c7d191e0 flushing  nmethod 0x00000262b1785190
Event: 7111.283 Thread 0x00000262c7d191e0 flushing  nmethod 0x00000262b1785790
Event: 7111.283 Thread 0x00000262c7d191e0 flushing  nmethod 0x00000262b178d690

Events (20 events):
Event: 7074.947 Thread 0x00000262c7cf6100 Thread added: 0x000002631a87a070
Event: 7075.095 Thread 0x000002631a1575b0 Thread added: 0x000002631b2d0910
Event: 7077.444 Thread 0x000002631a87a070 Thread exited: 0x000002631a87a070
Event: 7077.444 Thread 0x000002631a8795d0 Thread exited: 0x000002631a8795d0
Event: 7077.444 Thread 0x000002631a879080 Thread exited: 0x000002631a879080
Event: 7077.468 Thread 0x00000262c7cf6100 Thread added: 0x000002631a87a070
Event: 7077.468 Thread 0x000002631a87a070 Thread added: 0x000002631a8795d0
Event: 7077.468 Thread 0x000002631a87a070 Thread added: 0x000002631a879080
Event: 7080.272 Thread 0x000002631b2d0910 Thread exited: 0x000002631b2d0910
Event: 7082.182 Thread 0x000002631a879080 Thread exited: 0x000002631a879080
Event: 7082.182 Thread 0x000002631a8795d0 Thread exited: 0x000002631a8795d0
Event: 7082.444 Thread 0x0000026310f12960 Thread added: 0x000002631b2d0910
Event: 7086.807 Thread 0x000002631a87a070 Thread added: 0x000002631a876600
Event: 7087.457 Thread 0x000002631b2d0910 Thread exited: 0x000002631b2d0910
Event: 7087.801 Thread 0x00000262c7cf6100 Thread added: 0x000002631a87a5c0
Event: 7094.021 Thread 0x000002631a87a5c0 Thread exited: 0x000002631a87a5c0
Event: 7094.316 Thread 0x000002631a876600 Thread exited: 0x000002631a876600
Event: 7098.048 Thread 0x000002631a87a070 Thread exited: 0x000002631a87a070
Event: 7122.309 Thread 0x00000262c7cf6100 Thread added: 0x000002631a871ba0
Event: 7123.310 Thread 0x000002631a871ba0 Thread exited: 0x000002631a871ba0


Dynamic libraries:
0x00007ff7d9790000 - 0x00007ff7d979e000 	C:\Program Files\Eclipse Adoptium\jdk-17.0.18.8-hotspot\bin\java.exe
0x00007ffb50740000 - 0x00007ffb509a7000 	C:\WINDOWS\SYSTEM32\ntdll.dll
0x00007ffb4ea50000 - 0x00007ffb4eb19000 	C:\WINDOWS\System32\KERNEL32.DLL
0x00007ffb4d450000 - 0x00007ffb4d841000 	C:\WINDOWS\System32\KERNELBASE.dll
0x00007ffb4d180000 - 0x00007ffb4d2cb000 	C:\WINDOWS\System32\ucrtbase.dll
0x00007ffb47c30000 - 0x00007ffb47c48000 	C:\Program Files\Eclipse Adoptium\jdk-17.0.18.8-hotspot\bin\jli.dll
0x00007ffb47bb0000 - 0x00007ffb47bce000 	C:\Program Files\Eclipse Adoptium\jdk-17.0.18.8-hotspot\bin\VCRUNTIME140.dll
0x00007ffb4fe90000 - 0x00007ffb50055000 	C:\WINDOWS\System32\USER32.dll
0x00007ffb33320000 - 0x00007ffb335b3000 	C:\WINDOWS\WinSxS\amd64_microsoft.windows.common-controls_6595b64144ccf1df_6.0.26100.8037_none_3e092faae333b53b\COMCTL32.dll
0x00007ffb4d150000 - 0x00007ffb4d177000 	C:\WINDOWS\System32\win32u.dll
0x00007ffb4eb20000 - 0x00007ffb4ebc9000 	C:\WINDOWS\System32\msvcrt.dll
0x00007ffb506d0000 - 0x00007ffb506fb000 	C:\WINDOWS\System32\GDI32.dll
0x00007ffb4d020000 - 0x00007ffb4d14b000 	C:\WINDOWS\System32\gdi32full.dll
0x00007ffb4da80000 - 0x00007ffb4db23000 	C:\WINDOWS\System32\msvcp_win.dll
0x00007ffb4e6f0000 - 0x00007ffb4e721000 	C:\WINDOWS\System32\IMM32.DLL
0x0000000060560000 - 0x000000006056c000 	C:\Program Files (x86)\360\Total Security\safemon\SafeWrapper.dll
0x00007ffb50510000 - 0x00007ffb505cb000 	C:\WINDOWS\System32\ADVAPI32.dll
0x00007ffb50060000 - 0x00007ffb50107000 	C:\WINDOWS\System32\sechost.dll
0x00007ffb4ebd0000 - 0x00007ffb4ece8000 	C:\WINDOWS\System32\RPCRT4.dll
0x00007ffadc610000 - 0x00007ffadc6bc000 	C:\Program Files (x86)\360\Total Security\safemon\libzdtp64.dll
0x00007ffb4f470000 - 0x00007ffb4fbcf000 	C:\WINDOWS\System32\SHELL32.dll
0x00007ffb4d910000 - 0x00007ffb4da7a000 	C:\WINDOWS\System32\wintypes.dll
0x00007ffb50110000 - 0x00007ffb50492000 	C:\WINDOWS\System32\combase.dll
0x00007ffb504a0000 - 0x00007ffb50507000 	C:\WINDOWS\System32\SHLWAPI.dll
0x00007ffb4dbe0000 - 0x00007ffb4e444000 	C:\WINDOWS\System32\Windows.Storage.dll
0x00007ffb4cb00000 - 0x00007ffb4cb0b000 	C:\WINDOWS\SYSTEM32\VERSION.dll
0x00007ffb481b0000 - 0x00007ffb481bc000 	C:\Program Files\Eclipse Adoptium\jdk-17.0.18.8-hotspot\bin\vcruntime140_1.dll
0x00007ffb2bab0000 - 0x00007ffb2bb3d000 	C:\Program Files\Eclipse Adoptium\jdk-17.0.18.8-hotspot\bin\msvcp140.dll
0x00007ffad0f90000 - 0x00007ffad1bfb000 	C:\Program Files\Eclipse Adoptium\jdk-17.0.18.8-hotspot\bin\server\jvm.dll
0x00007ffb4e570000 - 0x00007ffb4e5e4000 	C:\WINDOWS\System32\WS2_32.dll
0x00007ffb47fc0000 - 0x00007ffb47ff5000 	C:\WINDOWS\SYSTEM32\WINMM.dll
0x00007ffb4ce80000 - 0x00007ffb4cede000 	C:\WINDOWS\SYSTEM32\POWRPROF.dll
0x00007ffb4ce60000 - 0x00007ffb4ce74000 	C:\WINDOWS\SYSTEM32\UMPDC.dll
0x00007ffb4bd00000 - 0x00007ffb4bd1b000 	C:\WINDOWS\SYSTEM32\kernel.appcore.dll
0x00007ffb47c20000 - 0x00007ffb47c2a000 	C:\Program Files\Eclipse Adoptium\jdk-17.0.18.8-hotspot\bin\jimage.dll
0x00007ffb4a8b0000 - 0x00007ffb4aaf2000 	C:\WINDOWS\SYSTEM32\DBGHELP.DLL
0x00007ffb4fc00000 - 0x00007ffb4fcd7000 	C:\WINDOWS\System32\OLEAUT32.dll
0x00007ffb47f80000 - 0x00007ffb47fbb000 	C:\WINDOWS\SYSTEM32\dbgcore.DLL
0x00007ffb4db30000 - 0x00007ffb4dbd5000 	C:\WINDOWS\System32\bcryptPrimitives.dll
0x00007ffb31b40000 - 0x00007ffb31b7b000 	C:\Program Files\Eclipse Adoptium\jdk-17.0.18.8-hotspot\bin\jdwp.dll
0x00007ffb34c90000 - 0x00007ffb34c9e000 	C:\Program Files\Eclipse Adoptium\jdk-17.0.18.8-hotspot\bin\instrument.dll
0x00007ffb345f0000 - 0x00007ffb34615000 	C:\Program Files\Eclipse Adoptium\jdk-17.0.18.8-hotspot\bin\java.dll
0x00007ffad7d00000 - 0x00007ffad7f11000 	C:\Users\kotei\AppData\Local\Temp\idea_libasyncProfiler_dll_temp_folder11655\libasyncProfiler.dll
0x00007ffb34670000 - 0x00007ffb34688000 	C:\Program Files\Eclipse Adoptium\jdk-17.0.18.8-hotspot\bin\zip.dll
0x00007ffb1e290000 - 0x00007ffb1e367000 	C:\Program Files\Eclipse Adoptium\jdk-17.0.18.8-hotspot\bin\jsvml.dll
0x00007ffb505d0000 - 0x00007ffb506c7000 	C:\WINDOWS\System32\SHCORE.dll
0x00007ffb4cf40000 - 0x00007ffb4cf69000 	C:\WINDOWS\SYSTEM32\profapi.dll
0x00007ffb34c30000 - 0x00007ffb34c3c000 	C:\Program Files\Eclipse Adoptium\jdk-17.0.18.8-hotspot\bin\dt_socket.dll
0x00007ffb4b7a0000 - 0x00007ffb4b7d3000 	C:\WINDOWS\SYSTEM32\IPHLPAPI.DLL
0x00007ffb4c250000 - 0x00007ffb4c2bb000 	C:\WINDOWS\system32\mswsock.dll
0x00007ffb32ce0000 - 0x00007ffb32cfa000 	C:\Program Files\Eclipse Adoptium\jdk-17.0.18.8-hotspot\bin\net.dll
0x00007ffb3dc60000 - 0x00007ffb3dd87000 	C:\WINDOWS\SYSTEM32\WINHTTP.dll
0x00007ffb32730000 - 0x00007ffb32746000 	C:\Program Files\Eclipse Adoptium\jdk-17.0.18.8-hotspot\bin\nio.dll
0x00007ffb4b7e0000 - 0x00007ffb4b90a000 	C:\WINDOWS\SYSTEM32\DNSAPI.dll
0x00007ffb4fe80000 - 0x00007ffb4fe8a000 	C:\WINDOWS\System32\NSI.dll
0x00007ffb3c960000 - 0x00007ffb3c96b000 	C:\Windows\System32\rasadhlp.dll
0x00007ffb46010000 - 0x00007ffb46096000 	C:\WINDOWS\System32\fwpuclnt.dll
0x00007ffb34640000 - 0x00007ffb3464a000 	C:\Program Files\Eclipse Adoptium\jdk-17.0.18.8-hotspot\bin\management.dll
0x00007ffb337b0000 - 0x00007ffb337bc000 	C:\Program Files\Eclipse Adoptium\jdk-17.0.18.8-hotspot\bin\management_ext.dll
0x00007ffb4e730000 - 0x00007ffb4e738000 	C:\WINDOWS\System32\PSAPI.DLL
0x00007ffb4c650000 - 0x00007ffb4c66b000 	C:\WINDOWS\SYSTEM32\CRYPTSP.dll
0x00007ffb4bc60000 - 0x00007ffb4bc99000 	C:\WINDOWS\system32\rsaenh.dll
0x00007ffb4c300000 - 0x00007ffb4c332000 	C:\WINDOWS\SYSTEM32\USERENV.dll
0x00007ffb4cf10000 - 0x00007ffb4cf3a000 	C:\WINDOWS\SYSTEM32\bcrypt.dll
0x00007ffb4c4b0000 - 0x00007ffb4c4bc000 	C:\WINDOWS\SYSTEM32\CRYPTBASE.dll
0x00007ffb446e0000 - 0x00007ffb446fd000 	C:\WINDOWS\SYSTEM32\dhcpcsvc6.DLL
0x00007ffb446b0000 - 0x00007ffb446d3000 	C:\WINDOWS\SYSTEM32\dhcpcsvc.DLL
0x00007ffb26340000 - 0x00007ffb26358000 	C:\WINDOWS\system32\napinsp.dll
0x00007ffb26320000 - 0x00007ffb26332000 	C:\WINDOWS\System32\winrnr.dll
0x00007ffb262f0000 - 0x00007ffb26312000 	C:\WINDOWS\system32\nlansp_c.dll
0x00007ffb3c970000 - 0x00007ffb3c986000 	C:\WINDOWS\system32\wshbth.dll
0x00007ffb33790000 - 0x00007ffb33799000 	C:\Program Files\Eclipse Adoptium\jdk-17.0.18.8-hotspot\bin\extnet.dll
0x00007ffb34660000 - 0x00007ffb3466e000 	C:\Program Files\Eclipse Adoptium\jdk-17.0.18.8-hotspot\bin\sunmscapi.dll
0x00007ffb4d2d0000 - 0x00007ffb4d447000 	C:\WINDOWS\System32\CRYPT32.dll
0x00007ffb4c7b0000 - 0x00007ffb4c7e0000 	C:\WINDOWS\SYSTEM32\ncrypt.dll
0x00007ffb4c760000 - 0x00007ffb4c79f000 	C:\WINDOWS\SYSTEM32\NTASN1.dll
0x00007ffb32cd0000 - 0x00007ffb32ce0000 	C:\Program Files\Eclipse Adoptium\jdk-17.0.18.8-hotspot\bin\verify.dll
0x00007ffb30a90000 - 0x00007ffb30a98000 	C:\WINDOWS\system32\wshunix.dll

dbghelp: loaded successfully - version: 4.0.5 - missing functions: none
symbol engine: initialized successfully - sym options: 0x614 - pdb path: .;C:\Program Files\Eclipse Adoptium\jdk-17.0.18.8-hotspot\bin;C:\WINDOWS\SYSTEM32;C:\WINDOWS\WinSxS\amd64_microsoft.windows.common-controls_6595b64144ccf1df_6.0.26100.8037_none_3e092faae333b53b;C:\Program Files (x86)\360\Total Security\safemon;C:\Program Files\Eclipse Adoptium\jdk-17.0.18.8-hotspot\bin\server;C:\Users\kotei\AppData\Local\Temp\idea_libasyncProfiler_dll_temp_folder11655

VM Arguments:
jvm_args: -agentlib:jdwp=transport=dt_socket,address=127.0.0.1:56290,suspend=y,server=n -javaagent:C:\Users\kotei\AppData\Local\JetBrains\IntelliJIdea2025.2\captureAgent\debugger-agent.jar=file:///C:/Users/kotei/AppData/Local/Temp/capture9650920249526770182.props -agentpath:C:\Users\kotei\AppData\Local\Temp\idea_libasyncProfiler_dll_temp_folder11655\libasyncProfiler.dll=version,jfr,event=wall,interval=10ms,cstack=no,file=C:\Users\kotei\IdeaSnapshots\ApiGenerationApplication_2026_04_05_111923.jfr,dbghelppath=C:\Users\kotei\AppData\Local\Temp\idea_dbghelp_dll_temp_folder35954\dbghelp.dll,log=C:\Users\kotei\AppData\Local\Temp\ApiGenerationApplication_2026_04_05_111923.jfr.log.txt,logLevel=DEBUG -XX:TieredStopAtLevel=1 -Dspring.output.ansi.enabled=always -Dcom.sun.management.jmxremote -Dspring.jmx.enabled=true -Dspring.liveBeansView.mbeanDomain -Dspring.application.admin.enabled=true -Dmanagement.endpoints.jmx.exposure.include=* -Dkotlinx.coroutines.debug.enable.creation.stack.trace=false -Ddebugger.agent.enable.coroutines=true -Dkotlinx.coroutines.debug.enable.flows.stack.trace=true -Dkotlinx.coroutines.debug.enable.mutable.state.flows.stack.trace=true -Dfile.encoding=UTF-8 
java_command: com.usg.apiGeneration.ApiGenerationApplication
java_class_path (initial): C:\Users\kotei\OneDrive\Documents\KEY PROJECTS\API AUTOMATION\SERVER\target\classes;C:\Users\kotei\.m2\repository\org\springframework\boot\spring-boot-starter-data-jpa\3.4.12\spring-boot-starter-data-jpa-3.4.12.jar;C:\Users\kotei\.m2\repository\org\springframework\boot\spring-boot-starter\3.4.12\spring-boot-starter-3.4.12.jar;C:\Users\kotei\.m2\repository\org\springframework\boot\spring-boot-starter-logging\3.4.12\spring-boot-starter-logging-3.4.12.jar;C:\Users\kotei\.m2\repository\ch\qos\logback\logback-classic\1.5.21\logback-classic-1.5.21.jar;C:\Users\kotei\.m2\repository\ch\qos\logback\logback-core\1.5.21\logback-core-1.5.21.jar;C:\Users\kotei\.m2\repository\org\apache\logging\log4j\log4j-to-slf4j\2.24.3\log4j-to-slf4j-2.24.3.jar;C:\Users\kotei\.m2\repository\org\apache\logging\log4j\log4j-api\2.24.3\log4j-api-2.24.3.jar;C:\Users\kotei\.m2\repository\org\slf4j\jul-to-slf4j\2.0.17\jul-to-slf4j-2.0.17.jar;C:\Users\kotei\.m2\repository\org\yaml\snakeyaml\2.3\snakeyaml-2.3.jar;C:\Users\kotei\.m2\repository\org\springframework\boot\spring-boot-starter-jdbc\3.4.12\spring-boot-starter-jdbc-3.4.12.jar;C:\Users\kotei\.m2\repository\com\zaxxer\HikariCP\5.1.0\HikariCP-5.1.0.jar;C:\Users\kotei\.m2\repository\org\springframework\spring-jdbc\6.2.14\spring-jdbc-6.2.14.jar;C:\Users\kotei\.m2\repository\org\hibernate\orm\hibernate-core\6.6.36.Final\hibernate-core-6.6.36.Final.jar;C:\Users\kotei\.m2\repository\jakarta\persistence\jakarta.persistence-api\3.1.0\jakarta.persistence-api-3.1.0.jar;C:\Users\kotei\.m2\repository\jakarta\transaction\jakarta.transaction-api\2.0.1\jakarta.transaction-api-2.0.1.jar;C:\Users\kotei\.m2\repository\org\jboss\logging\jboss-logging\3.6.1.Final\jboss-logging-3.6.1.Final.jar;C:\Users\kotei\.m2\repository\org\hibernate\common\hibernate-commons-annotations\7.0.3.Final\hibernate-commons-annotations-7.0.3.Final.jar;C:\Users\kotei\.m2\repository\io\smallrye\jandex\3.2.0\jandex-3.2.0.jar;C:\Users\kotei\.m2\repository\com\fast
Launcher Type: SUN_STANDARD

[Global flags]
     intx CICompilerCount                          = 4                                         {product} {ergonomic}
     uint ConcGCThreads                            = 2                                         {product} {ergonomic}
     uint G1ConcRefinementThreads                  = 8                                         {product} {ergonomic}
   size_t G1HeapRegionSize                         = 4194304                                   {product} {ergonomic}
    uintx GCDrainStackTargetSize                   = 64                                        {product} {ergonomic}
   size_t InitialHeapSize                          = 532676608                                 {product} {ergonomic}
     bool ManagementServer                         = true                                      {product} {command line}
   size_t MarkStackSize                            = 4194304                                   {product} {ergonomic}
   size_t MaxHeapSize                              = 8514437120                                {product} {ergonomic}
   size_t MaxNewSize                               = 5108662272                                {product} {ergonomic}
   size_t MinHeapDeltaBytes                        = 4194304                                   {product} {ergonomic}
   size_t MinHeapSize                              = 8388608                                   {product} {ergonomic}
    uintx NonProfiledCodeHeapSize                  = 0                                      {pd product} {ergonomic}
     bool ProfileInterpreter                       = false                                  {pd product} {command line}
    uintx ProfiledCodeHeapSize                     = 0                                      {pd product} {ergonomic}
   size_t SoftMaxHeapSize                          = 8514437120                             {manageable} {ergonomic}
     intx TieredStopAtLevel                        = 1                                         {product} {command line}
     bool UseCompressedClassPointers               = true                           {product lp64_product} {ergonomic}
     bool UseCompressedOops                        = true                           {product lp64_product} {ergonomic}
     bool UseG1GC                                  = true                                      {product} {ergonomic}
     bool UseLargePagesIndividualAllocation        = false                                  {pd product} {ergonomic}

Logging:
Log output configuration:
 #0: stdout all=warning uptime,level,tags
 #1: stderr all=off uptime,level,tags

Environment Variables:
JAVA_HOME=C:\Program Files\Eclipse Adoptium\jdk-17.0.18.8-hotspot
PATH=C:\Program Files\Eclipse Adoptium\jdk-17.0.18.8-hotspot\bin;C:\Program Files\Common Files\Oracle\Java\javapath;C:\WINDOWS\system32;C:\WINDOWS;C:\WINDOWS\System32\Wbem;C:\WINDOWS\System32\WindowsPowerShell\v1.0\;C:\WINDOWS\System32\OpenSSH\;C:\Program Files\nodejs\;C:\Program Files\Apache\Maven\bin;C:\Program Files\Git\cmd;C:\Program Files\PostgreSQL\18\bin;C:\Program Files\Eclipse Adoptium\jdk-17.0.18.8-hotspot\bin;C:\Users\kotei\AppData\Local\Microsoft\WindowsApps;C:\Users\kotei\AppData\Local\Programs\Microsoft VS Code\bin;C:\Users\kotei\AppData\Roaming\npm;
USERNAME=kotei
OS=Windows_NT
PROCESSOR_IDENTIFIER=Intel64 Family 6 Model 140 Stepping 1, GenuineIntel
TMP=C:\Users\kotei\AppData\Local\Temp
TEMP=C:\Users\kotei\AppData\Local\Temp



Periodic native trim disabled


---------------  S Y S T E M  ---------------

OS:
 Windows 11 , 64 bit Build 26100 (10.0.26100.7920)
OS uptime: 9 days 5:49 hours
Hyper-V role detected

CPU: total 8 (initial active 8) (4 cores per cpu, 2 threads per core) family 6 model 140 stepping 1 microcode 0x86, cx8, cmov, fxsr, ht, mmx, 3dnowpref, sse, sse2, sse3, ssse3, sse4.1, sse4.2, popcnt, lzcnt, tsc, tscinvbit, avx, avx2, aes, erms, clmul, bmi1, bmi2, adx, avx512f, avx512dq, avx512cd, avx512bw, avx512vl, sha, fma, vzeroupper, avx512_vpopcntdq, avx512_vpclmulqdq, avx512_vaes, avx512_vnni, clflush, clflushopt, clwb, avx512_vbmi2, avx512_vbmi, hv
Processor Information for all 8 processors :
  Max Mhz: 2419, Current Mhz: 2419, Mhz Limit: 2419

Memory: 4k page, system-wide physical 32466M (15744M free)
TotalPageFile size 34969M (AvailPageFile size 10230M)
current process WorkingSet (physical memory assigned to process): 520M, peak: 641M
current process commit charge ("private bytes"): 699M, peak: 699M

vm_info: OpenJDK 64-Bit Server VM (17.0.18+8) for windows-amd64 JRE (17.0.18+8), built on Jan 20 2026 22:28:22 by "admin" with MS VC++ 17.12 (VS2022)

END.
