#
# A fatal error has been detected by the Java Runtime Environment:
#
#  EXCEPTION_ACCESS_VIOLATION (0xc0000005) at pc=0x0000000000000005, pid=16368, tid=4900
#
# JRE version: OpenJDK Runtime Environment Temurin-17.0.18+8 (17.0.18+8) (build 17.0.18+8)
# Java VM: OpenJDK 64-Bit Server VM Temurin-17.0.18+8 (17.0.18+8, mixed mode, emulated-client, sharing, tiered, compressed oops, compressed class ptrs, g1 gc, windows-amd64)
# Problematic frame:
# V  [jvm.dll+0x2d84f1]
#
# No core dump will be written. Minidumps are not enabled by default on client versions of Windows
#
# If you would like to submit a bug report, please visit:
#   https://github.com/adoptium/adoptium-support/issues
#

---------------  S U M M A R Y ------------

Command Line: -agentlib:jdwp=transport=dt_socket,address=127.0.0.1:56062,suspend=y,server=n -javaagent:C:\Users\kotei\AppData\Local\JetBrains\IntelliJIdea2025.2\captureAgent\debugger-agent.jar=file:///C:/Users/kotei/AppData/Local/Temp/capture6532951280684636070.props -agentpath:C:\Users\kotei\AppData\Local\Temp\idea_libasyncProfiler_dll_temp_folder4655\libasyncProfiler.dll=version,jfr,event=wall,interval=10ms,cstack=no,file=C:\Users\kotei\IdeaSnapshots\AutoAPIGeneratorApplication_2026_05_03_092512.jfr,dbghelppath=C:\Users\kotei\AppData\Local\Temp\idea_dbghelp_dll_temp_folder29551\dbghelp.dll,log=C:\Users\kotei\AppData\Local\Temp\AutoAPIGeneratorApplication_2026_05_03_092512.jfr.log.txt,logLevel=DEBUG -XX:TieredStopAtLevel=1 -Dspring.output.ansi.enabled=always -Dcom.sun.management.jmxremote -Dspring.jmx.enabled=true -Dspring.liveBeansView.mbeanDomain -Dspring.application.admin.enabled=true -Dmanagement.endpoints.jmx.exposure.include=* -Dkotlinx.coroutines.debug.enable.creation.stack.trace=false -Ddebugger.agent.enable.coroutines=true -Dkotlinx.coroutines.debug.enable.flows.stack.trace=true -Dkotlinx.coroutines.debug.enable.mutable.state.flows.stack.trace=true -Dfile.encoding=UTF-8 com.usg.autoAPIGenerator.AutoAPIGeneratorApplication

Host: 11th Gen Intel(R) Core(TM) i5-1135G7 @ 2.40GHz, 8 cores, 31G,  Windows 11 , 64 bit Build 26100 (10.0.26100.8246)
Time: Sun May  3 10:05:50 2026 Greenwich Standard Time elapsed time: 2437.540633 seconds (0d 0h 40m 37s)

---------------  T H R E A D  ---------------

Current thread (0x0000016e250375d0):  ConcurrentGCThread "G1 Conc#0" [stack: 0x00000064e1700000,0x00000064e1800000] [id=4900]

Stack: [0x00000064e1700000,0x00000064e1800000],  sp=0x00000064e17ff540,  free space=1021k
Native frames: (J=compiled Java code, j=interpreted, Vv=VM code, C=native code)
C  0x0000000000000005


siginfo: EXCEPTION_ACCESS_VIOLATION (0xc0000005), data execution prevention violation at address 0x0000000000000005


Registers:
RAX=0x00007fffbeef0dd0, RBX=0x0000000008e01e19, RCX=0x00000064e17ff650, RDX=0x0000000609875510
RSP=0x00000064e17ff538, RBP=0x00000064e17ff650, RSI=0x0000000609875510, RDI=0x0000016e4700dd10
R8 =0x0000016e4700dd10, R9 =0x000000000000016e, R10=0x0000016e47000000, R11=0x0000000000000006
R12=0x0000000000000000, R13=0xaaaaaaaaaaaaaaab, R14=0x0000000000000000, R15=0x00000064e17ff630
RIP=0x0000000000000005, EFLAGS=0x0000000000010202

XMM[0]=0x0000000000000000 0x0000000000000000
XMM[1]=0x0000000000000000 0x0000000000000000
XMM[2]=0x0000000000000000 0x0000000000000000
XMM[3]=0x0000000000000000 0x0000000000000000
XMM[4]=0x0000000000000000 0x0000000000000000
XMM[5]=0x0000000000000000 0x0000000000000000
XMM[6]=0x0000000000000000 0x3fe7ca7acf0cfb80
XMM[7]=0x0000000000000000 0x408f400000000000
XMM[8]=0x0000000000000000 0x0000000000000000
XMM[9]=0x0000000000000000 0x0000000000000000
XMM[10]=0x0000000000000000 0x0000000000000000
XMM[11]=0x0000000000000000 0x0000000000000000
XMM[12]=0x0000000000000000 0x0000000000000000
XMM[13]=0x0000000000000000 0x0000000000000000
XMM[14]=0x0000000000000000 0x0000000000000000
XMM[15]=0x0000000000000000 0x0000000000000000
  MXCSR=0x00001fa0


Register to memory mapping:

RIP=0x0000000000000005 is an unknown value
RAX=0x00007fffbeef0dd0 jvm.dll
RBX=0x0000000008e01e19 is an unknown value
RCX=0x00000064e17ff650 points into unknown readable memory: 0x00007fffbed29c58 | 58 9c d2 be ff 7f 00 00
RDX=0x0000000609875510 points into unknown readable memory: 0x0000000000000001 | 01 00 00 00 00 00 00 00
RSP=0x00000064e17ff538 points into unknown readable memory: 0x00007fffbe6a84f1 | f1 84 6a be ff 7f 00 00
RBP=0x00000064e17ff650 points into unknown readable memory: 0x00007fffbed29c58 | 58 9c d2 be ff 7f 00 00
RSI=0x0000000609875510 points into unknown readable memory: 0x0000000000000001 | 01 00 00 00 00 00 00 00
RDI=0x0000016e4700dd10 is pointing into metadata
R8 =0x0000016e4700dd10 is pointing into metadata
R9 =0x000000000000016e is an unknown value
R10=0x0000016e47000000 is pointing into metadata
R11=0x0000000000000006 is an unknown value
R12=0x0 is NULL
R13=0xaaaaaaaaaaaaaaab is an unknown value
R14=0x0 is NULL
R15=0x00000064e17ff630 points into unknown readable memory: 0x0000016e250256c0 | c0 56 02 25 6e 01 00 00


Top of Stack: (sp=0x00000064e17ff538)
0x00000064e17ff538:   00007fffbe6a84f1 0000016e48b00dc8
0x00000064e17ff548:   0000000000000005 00000064e17ff650
0x00000064e17ff558:   0000000000000000 0000016e2503d9c0
0x00000064e17ff568:   00007fffbe6be014 0000000609875510
0x00000064e17ff578:   0000016e25025710 00000064e17ff630
0x00000064e17ff588:   0000016e25025710 0000000609875510
0x00000064e17ff598:   00007fffbe6ba8a1 0000000000a0eaa2
0x00000064e17ff5a8:   0000000000a0d7e1 00000064e17ff5e0
0x00000064e17ff5b8:   00007fffbe6bbea4 0000000000a80000
0x00000064e17ff5c8:   00007fffbe6bc29c 00000006098754e8
0x00000064e17ff5d8:   0000000000a0eaa2 0000000001af89a2
0x00000064e17ff5e8:   00000000001312d0 0000000000000001
0x00000064e17ff5f8:   0000000000000000 0000016e2503d9c0
0x00000064e17ff608:   00007fffbe6bb1e0 0000016e2503da58
0x00000064e17ff618:   00000064e16ff901 0000016e2503da58
0x00000064e17ff628:   0000000000000000 0000016e250256c0
0x00000064e17ff638:   0000016e2503d9c0 0000000609800000
0x00000064e17ff648:   0000000000080000 00007fffbed29c58
0x00000064e17ff658:   0000016e24f92000 0000016e00000003
0x00000064e17ff668:   0000016e24f90cd0 0000016e2503d9c0
0x00000064e17ff678:   00007fffbea4da8c c215b08487f45f3b
0x00000064e17ff688:   0000000000000000 0000000000000000
0x00000064e17ff698:   0000000000000000 0000016e25037890
0x00000064e17ff6a8:   0000016e250375d0 0000016e250378a0
0x00000064e17ff6b8:   0000016e2503d9c0 0000016e2503da90
0x00000064e17ff6c8:   00007fffbe6bec16 00000005da6fecc8
0x00000064e17ff6d8:   00000064e16ff960 0000016e24f8f7e0
0x00000064e17ff6e8:   0000000000000000 0000000000000000
0x00000064e17ff6f8:   0000000000000000 0000000000000000
0x00000064e17ff708:   0000016e250375d0 0000000000000000
0x00000064e17ff718:   0000000000000000 00000064e16ff960
0x00000064e17ff728:   0000016e250375d0 0000000000000000 

Instructions: (pc=0x00007fffbe6a84f1)
0x00007fffbe6a83f1:   4c 8d 0d b8 08 00 00 49 0f 45 c1 48 89 05 f5 89
0x00007fffbe6a8401:   84 00 49 3b c2 0f 84 e4 07 00 00 48 ff e0 cc 48
0x00007fffbe6a8411:   83 ec 38 80 3d 19 41 8b 00 00 4c 8d 1d de 1a d3
0x00007fffbe6a8421:   ff 41 0f 10 01 49 8b c3 4c 8d 15 d0 1a d3 ff 49
0x00007fffbe6a8431:   0f 45 c2 48 89 05 85 89 84 00 0f 29 44 24 20 49
0x00007fffbe6a8441:   3b c3 74 07 4c 8d 4c 24 20 ff d0 48 83 c4 38 c3
0x00007fffbe6a8451:   cc cc cc cc cc cc cc cc cc cc cc cc cc cc cc 80
0x00007fffbe6a8461:   3d cd 40 8b 00 00 4c 8d 15 92 1a d3 ff 49 8b c2
0x00007fffbe6a8471:   4c 8d 0d 88 1a d3 ff 49 0f 45 c1 48 89 05 6d 89
0x00007fffbe6a8481:   84 00 49 3b c2 74 03 48 ff e0 c3 cc cc cc cc 48
0x00007fffbe6a8491:   89 5c 24 08 48 89 6c 24 10 48 89 74 24 18 57 48
0x00007fffbe6a84a1:   83 ec 20 80 3d 8a 40 8b 00 00 48 8b ea 48 8b f1
0x00007fffbe6a84b1:   74 15 8b 79 08 8b 0d 4c 7e 84 00 48 d3 e7 48 03
0x00007fffbe6a84c1:   3d 3a 7e 84 00 eb 04 48 8b 79 08 48 8b d7 48 8b
0x00007fffbe6a84d1:   ce e8 f9 45 d3 ff 4c 63 4f 0c 8b d8 48 8d 05 ec
0x00007fffbe6a84e1:   88 84 00 4c 8b c7 48 8b d6 48 8b cd 42 ff 14 c8
0x00007fffbe6a84f1:   48 8b 6c 24 38 8b c3 48 8b 5c 24 30 48 8b 74 24
0x00007fffbe6a8501:   40 48 83 c4 20 5f c3 cc cc cc cc cc cc cc cc 40
0x00007fffbe6a8511:   55 48 83 ec 30 48 89 5c 24 40 48 8b e9 49 8b d8
0x00007fffbe6a8521:   48 89 74 24 48 44 8b 41 10 45 33 c9 4c 89 74 24
0x00007fffbe6a8531:   28 4c 89 7c 24 20 4c 8b fa 48 8b d1 48 8b 8b 98
0x00007fffbe6a8541:   00 00 00 e8 47 d7 f1 ff 4c 63 93 a0 00 00 00 4c
0x00007fffbe6a8551:   63 8b 24 01 00 00 49 83 c2 39 8b 83 20 01 00 00
0x00007fffbe6a8561:   4d 03 d1 49 03 c2 4a 8d 34 d3 4c 8d 34 c3 49 3b
0x00007fffbe6a8571:   f6 73 4d 48 89 7c 24 50 0f 1f 80 00 00 00 00 48
0x00007fffbe6a8581:   63 1e 8b 46 04 49 03 df 48 8d 3c c3 48 3b df 73
0x00007fffbe6a8591:   21 48 8b 4d 20 48 ff 81 b8 00 00 00 48 8b 13 48
0x00007fffbe6a85a1:   85 d2 74 05 e8 e6 21 00 00 48 83 c3 08 48 3b df
0x00007fffbe6a85b1:   72 df 48 83 c6 08 49 3b f6 72 c4 48 8b 7c 24 50
0x00007fffbe6a85c1:   49 8b cf e8 07 e2 0b 00 4c 8b 7c 24 20 4c 8b 74
0x00007fffbe6a85d1:   24 28 48 8b 74 24 48 48 8b 5c 24 40 48 85 c0 74
0x00007fffbe6a85e1:   17 44 8b 45 10 45 33 c9 48 8b d5 48 8b c8 48 83 


Stack slot to memory mapping:
stack at sp + 0 slots: 0x0000016e48b00dc8 is a pointer to class: 
org.springframework.data.jpa.repository.query.HqlParser$GenericFunctionArgumentsContext {0x0000016e48b00dd0}
 - instance size:     5
 - klass size:        148
 - access:            public synchronized 
 - state:             fully_initialized
 - name:              'org/springframework/data/jpa/repository/query/HqlParser$GenericFunctionArgumentsContext'
 - super:             'org/antlr/v4/runtime/ParserRuleContext'
 - sub:               
 - arrays:            NULL
 - methods:           Array<T>(0x0000016e94560e90)
 - method ordering:   Array<T>(0x0000016e945615b8)
 - local interfaces:  Array<T>(0x0000016e475ccbb0)
 - trans. interfaces: Array<T>(0x0000016e8bbb4f88)
 - constants:         constant pool [91] {0x0000016e94560b20} for 'org/springframework/data/jpa/repository/query/HqlParser$GenericFunctionArgumentsContext' cache=0x0000016e94574e70
 - class loader data:  loader data: 0x0000016e466eef20 for instance a 'jdk/internal/loader/ClassLoaders$AppClassLoader'{0x0000000604d316f0}
 - source file:       'HqlParser.java'
 - class annotations:       Array<T>(0x0000000000000000)
 - class type annotations:  Array<T>(0x0000000000000000)
 - field annotations:       Array<T>(0x0000000000000000)
 - field type annotations:  Array<T>(0x0000000000000000)
 - inner classes:     Array<T>(0x0000016e94561590)
 - nest members:     Array<T>(0x0000016e475ccb40)
 - permitted subclasses:     Array<T>(0x0000016e475ccb40)
 - java mirror:       a 'java/lang/Class'{0x000000060825d890} = 'org/springframework/data/jpa/repository/query/HqlParser$GenericFunctionArgumentsContext'
 - vtable length      51  (start addr: 0x0000016e48b00f90)
 - itable length      39 (start addr: 0x0000016e48b01128)
 - ---- static fields (0 words):
 - ---- non-static fields (6 words):
 - public 'invokingState' 'I' @12 
 - public 'parent' 'Lorg/antlr/v4/runtime/RuleContext;' @16 
 - public 'children' 'Ljava/util/List;' @20 
 - public 'start' 'Lorg/antlr/v4/runtime/Token;' @24 
 - public 'stop' 'Lorg/antlr/v4/runtime/Token;' @28 
 - public 'exception' 'Lorg/antlr/v4/runtime/RecognitionException;' @32 
 - non-static oop maps: 16-32 
stack at sp + 1 slots: 0x0000000000000005 is an unknown value
stack at sp + 2 slots: 0x00000064e17ff650 points into unknown readable memory: 0x00007fffbed29c58 | 58 9c d2 be ff 7f 00 00
stack at sp + 3 slots: 0x0 is NULL
stack at sp + 4 slots: 0x0000016e2503d9c0 points into unknown readable memory: 0x00007fffbed29c38 | 38 9c d2 be ff 7f 00 00
stack at sp + 5 slots: 0x00007fffbe6be014 jvm.dll
stack at sp + 6 slots: 0x0000000609875510 points into unknown readable memory: 0x0000000000000001 | 01 00 00 00 00 00 00 00
stack at sp + 7 slots: 0x0000016e25025710 points into unknown readable memory: 0x00007fffbed29c28 | 28 9c d2 be ff 7f 00 00


---------------  P R O C E S S  ---------------

Threads class SMR info:
_java_thread_list=0x0000016e93440af0, length=43, elements={
0x0000016e465b3ed0, 0x0000016e465b5310, 0x0000016e465bda90, 0x0000016e465be360,
0x0000016e465bec30, 0x0000016e465bf500, 0x0000016e465c0940, 0x0000016e465c4940,
0x0000016e46590240, 0x0000016e46736900, 0x0000016e46754b00, 0x0000016e46754ff0,
0x0000016e8c0b2c00, 0x0000016e8c0f6f80, 0x0000016e8cb527e0, 0x0000016e8cb55a80,
0x0000016e901e3bd0, 0x0000016e901e6450, 0x0000016e901e4b00, 0x0000016e901e7890,
0x0000016e901e5520, 0x0000016e92640210, 0x0000016e92640720, 0x0000016e92641650,
0x0000016e91d1ad30, 0x0000016e92c70380, 0x0000016e98cb9860, 0x0000016e98cbd520,
0x0000016e98cbc5f0, 0x0000016e98cbdf40, 0x0000016e98cba790, 0x0000016e98cbe450,
0x0000016e98cbe960, 0x0000016e98cbee70, 0x0000016e98cbb6c0, 0x0000016e98cc02b0,
0x0000016e98cc07c0, 0x0000016e98cc0cd0, 0x0000016e98cbf380, 0x0000016e98cbf890,
0x0000016e98cbfda0, 0x0000016e90c37490, 0x0000016e9a7e2c70
}

Java Threads: ( => current thread )
  0x0000016e465b3ed0 JavaThread "Reference Handler" daemon [_thread_blocked, id=11904, stack(0x00000064e1b00000,0x00000064e1c00000)]
  0x0000016e465b5310 JavaThread "Finalizer" daemon [_thread_blocked, id=15868, stack(0x00000064e1c00000,0x00000064e1d00000)]
  0x0000016e465bda90 JavaThread "Signal Dispatcher" daemon [_thread_blocked, id=11876, stack(0x00000064e1d00000,0x00000064e1e00000)]
  0x0000016e465be360 JavaThread "Attach Listener" daemon [_thread_blocked, id=11840, stack(0x00000064e1e00000,0x00000064e1f00000)]
  0x0000016e465bec30 JavaThread "Service Thread" daemon [_thread_blocked, id=15344, stack(0x00000064e1f00000,0x00000064e2000000)]
  0x0000016e465bf500 JavaThread "Monitor Deflation Thread" daemon [_thread_blocked, id=11924, stack(0x00000064e2000000,0x00000064e2100000)]
  0x0000016e465c0940 JavaThread "C1 CompilerThread0" daemon [_thread_blocked, id=15944, stack(0x00000064e2100000,0x00000064e2200000)]
  0x0000016e465c4940 JavaThread "Sweeper thread" daemon [_thread_blocked, id=15992, stack(0x00000064e2200000,0x00000064e2300000)]
  0x0000016e46590240 JavaThread "Common-Cleaner" daemon [_thread_blocked, id=4964, stack(0x00000064e2300000,0x00000064e2400000)]
  0x0000016e46736900 JavaThread "JDWP Transport Listener: dt_socket" daemon [_thread_blocked, id=11768, stack(0x00000064e2700000,0x00000064e2800000)]
  0x0000016e46754b00 JavaThread "JDWP Event Helper Thread" daemon [_thread_blocked, id=15596, stack(0x00000064e2800000,0x00000064e2900000)]
  0x0000016e46754ff0 JavaThread "JDWP Command Reader" daemon [_thread_in_native, id=8488, stack(0x00000064e2900000,0x00000064e2a00000)]
  0x0000016e8c0b2c00 JavaThread "IntelliJ Suspend Helper" daemon [_thread_blocked, id=16360, stack(0x00000064e2500000,0x00000064e2600000)]
  0x0000016e8c0f6f80 JavaThread "Notification Thread" daemon [_thread_blocked, id=14600, stack(0x00000064e2600000,0x00000064e2700000)]
  0x0000016e8cb527e0 JavaThread "RMI TCP Accept-0" daemon [_thread_in_native, id=11376, stack(0x00000064e2a00000,0x00000064e2b00000)]
  0x0000016e8cb55a80 JavaThread "RMI Scheduler(0)" daemon [_thread_blocked, id=4896, stack(0x00000064e3600000,0x00000064e3700000)]
  0x0000016e901e3bd0 JavaThread "Catalina-utility-1" [_thread_blocked, id=11912, stack(0x00000064e3a00000,0x00000064e3b00000)]
  0x0000016e901e6450 JavaThread "Catalina-utility-2" [_thread_blocked, id=14656, stack(0x00000064e3e00000,0x00000064e3f00000)]
  0x0000016e901e4b00 JavaThread "container-0" [_thread_blocked, id=7284, stack(0x00000064e3f00000,0x00000064e4000000)]
  0x0000016e901e7890 JavaThread "PostgreSQL-JDBC-Cleaner" daemon [_thread_blocked, id=11880, stack(0x00000064e4100000,0x00000064e4200000)]
  0x0000016e901e5520 JavaThread "PostgreSQL-Hikari-Pool housekeeper" daemon [_thread_blocked, id=14160, stack(0x00000064e4200000,0x00000064e4300000)]
  0x0000016e92640210 JavaThread "Oracle-Hikari-Pool housekeeper" daemon [_thread_blocked, id=5572, stack(0x00000064e4400000,0x00000064e4500000)]
  0x0000016e92640720 JavaThread "Timer-0" daemon [_thread_blocked, id=7088, stack(0x00000064e4600000,0x00000064e4700000)]
  0x0000016e92641650 JavaThread "oracle.jdbc.driver.BlockSource.ThreadedCachingBlockSource.BlockReleaser" daemon [_thread_blocked, id=6908, stack(0x00000064e4700000,0x00000064e4800000)]
  0x0000016e91d1ad30 JavaThread "InterruptTimer" daemon [_thread_blocked, id=10000, stack(0x00000064e4800000,0x00000064e4900000)]
  0x0000016e92c70380 JavaThread "pool-2-thread-1" [_thread_blocked, id=9964, stack(0x00000064e4e00000,0x00000064e4f00000)]
  0x0000016e98cb9860 JavaThread "File Watcher" daemon [_thread_in_native, id=18236, stack(0x00000064e5000000,0x00000064e5100000)]
  0x0000016e98cbd520 JavaThread "Live Reload Server" daemon [_thread_in_native, id=18224, stack(0x00000064e5200000,0x00000064e5300000)]
  0x0000016e98cbc5f0 JavaThread "http-nio-4789-exec-1" daemon [_thread_in_Java, id=17340, stack(0x00000064e1100000,0x00000064e1200000)]
  0x0000016e98cbdf40 JavaThread "http-nio-4789-exec-2" daemon [_thread_in_Java, id=6916, stack(0x00000064e1200000,0x00000064e1300000)]
  0x0000016e98cba790 JavaThread "http-nio-4789-exec-3" daemon [_thread_blocked, id=12444, stack(0x00000064e1300000,0x00000064e1400000)]
  0x0000016e98cbe450 JavaThread "http-nio-4789-exec-4" daemon [_thread_blocked, id=14936, stack(0x00000064e5100000,0x00000064e5200000)]
  0x0000016e98cbe960 JavaThread "http-nio-4789-exec-5" daemon [_thread_blocked, id=6368, stack(0x00000064e5300000,0x00000064e5400000)]
  0x0000016e98cbee70 JavaThread "http-nio-4789-exec-6" daemon [_thread_in_vm, id=17820, stack(0x00000064e5400000,0x00000064e5500000)]
  0x0000016e98cbb6c0 JavaThread "http-nio-4789-exec-7" daemon [_thread_in_Java, id=8896, stack(0x00000064e5500000,0x00000064e5600000)]
  0x0000016e98cc02b0 JavaThread "http-nio-4789-exec-8" daemon [_thread_blocked, id=15932, stack(0x00000064e5600000,0x00000064e5700000)]
  0x0000016e98cc07c0 JavaThread "http-nio-4789-exec-9" daemon [_thread_blocked, id=17004, stack(0x00000064e5700000,0x00000064e5800000)]
  0x0000016e98cc0cd0 JavaThread "http-nio-4789-exec-10" daemon [_thread_blocked, id=2824, stack(0x00000064e5800000,0x00000064e5900000)]
  0x0000016e98cbf380 JavaThread "http-nio-4789-Poller" daemon [_thread_in_native, id=1628, stack(0x00000064e5900000,0x00000064e5a00000)]
  0x0000016e98cbf890 JavaThread "http-nio-4789-Acceptor" daemon [_thread_in_native, id=17000, stack(0x00000064e5a00000,0x00000064e5b00000)]
  0x0000016e98cbfda0 JavaThread "DestroyJavaVM" [_thread_blocked, id=14912, stack(0x00000064e1400000,0x00000064e1500000)]
  0x0000016e90c37490 JavaThread "OracleTimeoutPollingThread" daemon [_thread_blocked, id=19912, stack(0x00000064e3c00000,0x00000064e3d00000)]
  0x0000016e9a7e2c70 JavaThread "PostgreSQL-JDBC-SharedTimer-3" daemon [_thread_blocked, id=5940, stack(0x00000064e3500000,0x00000064e3600000)]

Other Threads:
  0x0000016e465ac380 VMThread "VM Thread" [stack: 0x00000064e1a00000,0x00000064e1b00000] [id=11908]
  0x0000016e8cbb6750 WatcherThread [stack: 0x00000064e2b00000,0x00000064e2c00000] [id=15856]
  0x0000016e250251b0 GCTaskThread "GC Thread#0" [stack: 0x00000064e1500000,0x00000064e1600000] [id=11836]
  0x0000016e8caf44a0 GCTaskThread "GC Thread#1" [stack: 0x00000064e2c00000,0x00000064e2d00000] [id=15948]
  0x0000016e8caf4fa0 GCTaskThread "GC Thread#2" [stack: 0x00000064e2d00000,0x00000064e2e00000] [id=8608]
  0x0000016e8caf5260 GCTaskThread "GC Thread#3" [stack: 0x00000064e2e00000,0x00000064e2f00000] [id=15888]
  0x0000016e8caf41e0 GCTaskThread "GC Thread#4" [stack: 0x00000064e2f00000,0x00000064e3000000] [id=15832]
  0x0000016e8caf5520 GCTaskThread "GC Thread#5" [stack: 0x00000064e3000000,0x00000064e3100000] [id=15328]
  0x0000016e8caf3f20 GCTaskThread "GC Thread#6" [stack: 0x00000064e3100000,0x00000064e3200000] [id=4784]
  0x0000016e8caf39a0 GCTaskThread "GC Thread#7" [stack: 0x00000064e3200000,0x00000064e3300000] [id=5448]
  0x0000016e25036cb0 ConcurrentGCThread "G1 Main Marker" [stack: 0x00000064e1600000,0x00000064e1700000] [id=16068]
=>0x0000016e250375d0 ConcurrentGCThread "G1 Conc#0" [stack: 0x00000064e1700000,0x00000064e1800000] [id=4900]
  0x0000016e8de3a4a0 ConcurrentGCThread "G1 Conc#1" [stack: 0x00000064e3d00000,0x00000064e3e00000] [id=440]
  0x0000016e2508e6c0 ConcurrentGCThread "G1 Refine#0" [stack: 0x00000064e1800000,0x00000064e1900000] [id=15696]
  0x0000016e8cd39e70 ConcurrentGCThread "G1 Refine#1" [stack: 0x00000064e3300000,0x00000064e3400000] [id=14676]
  0x0000016e8cd392b0 ConcurrentGCThread "G1 Refine#2" [stack: 0x00000064e3400000,0x00000064e3500000] [id=9344]
  0x0000016e91c91bd0 ConcurrentGCThread "G1 Refine#3" [stack: 0x00000064e4300000,0x00000064e4400000] [id=3520]
  0x0000016e91901330 ConcurrentGCThread "G1 Refine#4" [stack: 0x00000064e4900000,0x00000064e4a00000] [id=8464]
  0x0000016e91904520 ConcurrentGCThread "G1 Refine#5" [stack: 0x00000064e4a00000,0x00000064e4b00000] [id=18320]
  0x0000016e91903f40 ConcurrentGCThread "G1 Refine#6" [stack: 0x00000064e4b00000,0x00000064e4c00000] [id=18324]
  0x0000016e464644e0 ConcurrentGCThread "G1 Service" [stack: 0x00000064e1900000,0x00000064e1a00000] [id=8684]

Threads with active compile tasks:

VM state: not at safepoint (normal execution)

VM Mutex/Monitor currently owned by a thread: None

Heap address: 0x0000000604800000, size: 8120 MB, Compressed Oops mode: Zero based, Oop shift amount: 3

CDS archive(s) mapped at: [0x0000016e47000000-0x0000016e47bb0000-0x0000016e47bb0000), size 12255232, SharedBaseAddress: 0x0000016e47000000, ArchiveRelocationMode: 1.
Compressed class space mapped at: 0x0000016e48000000-0x0000016e88000000, reserved size: 1073741824
Narrow klass base: 0x0000016e47000000, Narrow klass shift: 0, Narrow klass range: 0x100000000

GC Precious Log:
 CPUs: 8 total, 8 available
 Memory: 32466M
 Large Page Support: Disabled
 NUMA Support: Disabled
 Compressed Oops: Enabled (Zero based)
 Heap Region Size: 4M
 Heap Min Capacity: 8M
 Heap Initial Capacity: 508M
 Heap Max Capacity: 8120M
 Pre-touch: Disabled
 Parallel Workers: 8
 Concurrent Workers: 2
 Concurrent Refinement Workers: 8
 Periodic GC: Disabled

Heap:
 garbage-first heap   total 589824K, used 334673K [0x0000000604800000, 0x0000000800000000)
  region size 4096K, 40 young (163840K), 4 survivors (16384K)
 Metaspace       used 118309K, committed 119552K, reserved 1179648K
  class space    used 16040K, committed 16640K, reserved 1048576K

Heap Regions: E=young(eden), S=young(survivor), O=old, HS=humongous(starts), HC=humongous(continues), CS=collection set, F=free, OA=open archive, CA=closed archive, TAMS=top-at-mark-start (previous, next)
|   0|0x0000000604800000, 0x0000000604c00000, 0x0000000604c00000|100%| O|  |TAMS 0x0000000604c00000, 0x0000000604c00000| Untracked 
|   1|0x0000000604c00000, 0x0000000605000000, 0x0000000605000000|100%| O|  |TAMS 0x0000000605000000, 0x0000000605000000| Untracked 
|   2|0x0000000605000000, 0x0000000605400000, 0x0000000605400000|100%| O|  |TAMS 0x0000000605400000, 0x0000000605400000| Untracked 
|   3|0x0000000605400000, 0x0000000605800000, 0x0000000605800000|100%| O|  |TAMS 0x0000000605800000, 0x0000000605800000| Untracked 
|   4|0x0000000605800000, 0x0000000605c00000, 0x0000000605c00000|100%| O|  |TAMS 0x0000000605c00000, 0x0000000605c00000| Untracked 
|   5|0x0000000605c00000, 0x0000000606000000, 0x0000000606000000|100%| O|  |TAMS 0x0000000606000000, 0x0000000606000000| Untracked 
|   6|0x0000000606000000, 0x0000000606400000, 0x0000000606400000|100%| O|  |TAMS 0x0000000606400000, 0x0000000606400000| Untracked 
|   7|0x0000000606400000, 0x0000000606800000, 0x0000000606800000|100%| O|  |TAMS 0x0000000606800000, 0x0000000606800000| Untracked 
|   8|0x0000000606800000, 0x0000000606c00000, 0x0000000606c00000|100%| O|  |TAMS 0x0000000606800000, 0x0000000606c00000| Untracked 
|   9|0x0000000606c00000, 0x0000000607000000, 0x0000000607000000|100%| O|  |TAMS 0x0000000607000000, 0x0000000607000000| Untracked 
|  10|0x0000000607000000, 0x0000000607400000, 0x0000000607400000|100%| O|  |TAMS 0x0000000607400000, 0x0000000607400000| Untracked 
|  11|0x0000000607400000, 0x0000000607800000, 0x0000000607800000|100%| O|  |TAMS 0x0000000607800000, 0x0000000607800000| Untracked 
|  12|0x0000000607800000, 0x0000000607c00000, 0x0000000607c00000|100%| O|  |TAMS 0x0000000607c00000, 0x0000000607c00000| Untracked 
|  13|0x0000000607c00000, 0x0000000608000000, 0x0000000608000000|100%| O|  |TAMS 0x0000000608000000, 0x0000000608000000| Untracked 
|  14|0x0000000608000000, 0x0000000608400000, 0x0000000608400000|100%| O|  |TAMS 0x0000000608400000, 0x0000000608400000| Untracked 
|  15|0x0000000608400000, 0x0000000608800000, 0x0000000608800000|100%| O|  |TAMS 0x0000000608800000, 0x0000000608800000| Untracked 
|  16|0x0000000608800000, 0x0000000608c00000, 0x0000000608c00000|100%| O|  |TAMS 0x0000000608c00000, 0x0000000608c00000| Untracked 
|  17|0x0000000608c00000, 0x0000000609000000, 0x0000000609000000|100%| O|  |TAMS 0x0000000609000000, 0x0000000609000000| Untracked 
|  18|0x0000000609000000, 0x0000000609400000, 0x0000000609400000|100%| O|  |TAMS 0x0000000609400000, 0x0000000609400000| Untracked 
|  19|0x0000000609400000, 0x0000000609800000, 0x0000000609800000|100%| O|  |TAMS 0x0000000609800000, 0x0000000609800000| Untracked 
|  20|0x0000000609800000, 0x0000000609c00000, 0x0000000609c00000|100%| O|  |TAMS 0x0000000609c00000, 0x0000000609c00000| Untracked 
|  21|0x0000000609c00000, 0x0000000609c00000, 0x000000060a000000|  0%| F|  |TAMS 0x0000000609c00000, 0x0000000609c00000| Untracked 
|  22|0x000000060a000000, 0x000000060a400000, 0x000000060a400000|100%| O|  |TAMS 0x000000060a000000, 0x000000060a400000| Untracked 
|  23|0x000000060a400000, 0x000000060a800000, 0x000000060a800000|100%| O|  |TAMS 0x000000060a800000, 0x000000060a800000| Untracked 
|  24|0x000000060a800000, 0x000000060ac00000, 0x000000060ac00000|100%| O|  |TAMS 0x000000060ac00000, 0x000000060ac00000| Untracked 
|  25|0x000000060ac00000, 0x000000060b000000, 0x000000060b000000|100%| O|  |TAMS 0x000000060b000000, 0x000000060b000000| Untracked 
|  26|0x000000060b000000, 0x000000060b400000, 0x000000060b400000|100%| O|  |TAMS 0x000000060b000000, 0x000000060b400000| Untracked 
|  27|0x000000060b400000, 0x000000060b800000, 0x000000060b800000|100%| O|  |TAMS 0x000000060b400000, 0x000000060b800000| Untracked 
|  28|0x000000060b800000, 0x000000060bc00000, 0x000000060bc00000|100%| O|  |TAMS 0x000000060b800000, 0x000000060bc00000| Untracked 
|  29|0x000000060bc00000, 0x000000060c000000, 0x000000060c000000|100%| O|  |TAMS 0x000000060bc00000, 0x000000060c000000| Untracked 
|  30|0x000000060c000000, 0x000000060c400000, 0x000000060c400000|100%| O|  |TAMS 0x000000060c000000, 0x000000060c400000| Untracked 
|  31|0x000000060c400000, 0x000000060c800000, 0x000000060c800000|100%| O|  |TAMS 0x000000060c800000, 0x000000060c800000| Untracked 
|  32|0x000000060c800000, 0x000000060cc00000, 0x000000060cc00000|100%| O|  |TAMS 0x000000060cc00000, 0x000000060cc00000| Untracked 
|  33|0x000000060cc00000, 0x000000060d000000, 0x000000060d000000|100%| O|  |TAMS 0x000000060d000000, 0x000000060d000000| Untracked 
|  34|0x000000060d000000, 0x000000060d400000, 0x000000060d400000|100%| O|  |TAMS 0x000000060d400000, 0x000000060d400000| Untracked 
|  35|0x000000060d400000, 0x000000060d800000, 0x000000060d800000|100%| O|  |TAMS 0x000000060d800000, 0x000000060d800000| Untracked 
|  36|0x000000060d800000, 0x000000060dbad800, 0x000000060dc00000| 91%| O|  |TAMS 0x000000060dbad800, 0x000000060dbad800| Untracked 
|  37|0x000000060dc00000, 0x000000060e000000, 0x000000060e000000|100%| O|  |TAMS 0x000000060dc00000, 0x000000060e000000| Untracked 
|  38|0x000000060e000000, 0x000000060e400000, 0x000000060e400000|100%| O|  |TAMS 0x000000060e400000, 0x000000060e400000| Untracked 
|  39|0x000000060e400000, 0x000000060e681c00, 0x000000060e800000| 62%| O|  |TAMS 0x000000060e400000, 0x000000060e681c00| Untracked 
|  40|0x000000060e800000, 0x000000060e800000, 0x000000060ec00000|  0%| F|  |TAMS 0x000000060e800000, 0x000000060e800000| Untracked 
|  41|0x000000060ec00000, 0x000000060ec00000, 0x000000060f000000|  0%| F|  |TAMS 0x000000060ec00000, 0x000000060ec00000| Untracked 
|  42|0x000000060f000000, 0x000000060f000000, 0x000000060f400000|  0%| F|  |TAMS 0x000000060f000000, 0x000000060f000000| Untracked 
|  43|0x000000060f400000, 0x000000060f400000, 0x000000060f800000|  0%| F|  |TAMS 0x000000060f400000, 0x000000060f400000| Untracked 
|  44|0x000000060f800000, 0x000000060fc00000, 0x000000060fc00000|100%| O|  |TAMS 0x000000060fc00000, 0x000000060fc00000| Untracked 
|  45|0x000000060fc00000, 0x0000000610000000, 0x0000000610000000|100%| O|  |TAMS 0x0000000610000000, 0x0000000610000000| Untracked 
|  46|0x0000000610000000, 0x0000000610400000, 0x0000000610400000|100%| O|  |TAMS 0x0000000610400000, 0x0000000610400000| Untracked 
|  47|0x0000000610400000, 0x0000000610400000, 0x0000000610800000|  0%| F|  |TAMS 0x0000000610400000, 0x0000000610400000| Untracked 
|  48|0x0000000610800000, 0x0000000610c00000, 0x0000000610c00000|100%| O|  |TAMS 0x0000000610c00000, 0x0000000610c00000| Untracked 
|  49|0x0000000610c00000, 0x0000000611000000, 0x0000000611000000|100%| O|  |TAMS 0x0000000611000000, 0x0000000611000000| Untracked 
|  50|0x0000000611000000, 0x0000000611000000, 0x0000000611400000|  0%| F|  |TAMS 0x0000000611000000, 0x0000000611000000| Untracked 
|  51|0x0000000611400000, 0x0000000611400000, 0x0000000611800000|  0%| F|  |TAMS 0x0000000611400000, 0x0000000611400000| Untracked 
|  52|0x0000000611800000, 0x0000000611800000, 0x0000000611c00000|  0%| F|  |TAMS 0x0000000611800000, 0x0000000611800000| Untracked 
|  53|0x0000000611c00000, 0x0000000611c00000, 0x0000000612000000|  0%| F|  |TAMS 0x0000000611c00000, 0x0000000611c00000| Untracked 
|  54|0x0000000612000000, 0x0000000612000000, 0x0000000612400000|  0%| F|  |TAMS 0x0000000612000000, 0x0000000612000000| Untracked 
|  55|0x0000000612400000, 0x0000000612400000, 0x0000000612800000|  0%| F|  |TAMS 0x0000000612400000, 0x0000000612400000| Untracked 
|  56|0x0000000612800000, 0x0000000612800000, 0x0000000612c00000|  0%| F|  |TAMS 0x0000000612800000, 0x0000000612800000| Untracked 
|  57|0x0000000612c00000, 0x0000000612c00000, 0x0000000613000000|  0%| F|  |TAMS 0x0000000612c00000, 0x0000000612c00000| Untracked 
|  58|0x0000000613000000, 0x0000000613000000, 0x0000000613400000|  0%| F|  |TAMS 0x0000000613000000, 0x0000000613000000| Untracked 
|  59|0x0000000613400000, 0x0000000613400000, 0x0000000613800000|  0%| F|  |TAMS 0x0000000613400000, 0x0000000613400000| Untracked 
|  60|0x0000000613800000, 0x0000000613800000, 0x0000000613c00000|  0%| F|  |TAMS 0x0000000613800000, 0x0000000613800000| Untracked 
|  61|0x0000000613c00000, 0x0000000613c00000, 0x0000000614000000|  0%| F|  |TAMS 0x0000000613c00000, 0x0000000613c00000| Untracked 
|  62|0x0000000614000000, 0x0000000614000000, 0x0000000614400000|  0%| F|  |TAMS 0x0000000614000000, 0x0000000614000000| Untracked 
|  63|0x0000000614400000, 0x0000000614400000, 0x0000000614800000|  0%| F|  |TAMS 0x0000000614400000, 0x0000000614400000| Untracked 
|  64|0x0000000614800000, 0x0000000614800000, 0x0000000614c00000|  0%| F|  |TAMS 0x0000000614800000, 0x0000000614800000| Untracked 
|  65|0x0000000614c00000, 0x0000000614c00000, 0x0000000615000000|  0%| F|  |TAMS 0x0000000614c00000, 0x0000000614c00000| Untracked 
|  66|0x0000000615000000, 0x0000000615000000, 0x0000000615400000|  0%| F|  |TAMS 0x0000000615000000, 0x0000000615000000| Untracked 
|  67|0x0000000615400000, 0x0000000615400000, 0x0000000615800000|  0%| F|  |TAMS 0x0000000615400000, 0x0000000615400000| Untracked 
|  68|0x0000000615800000, 0x0000000615800000, 0x0000000615c00000|  0%| F|  |TAMS 0x0000000615800000, 0x0000000615800000| Untracked 
|  69|0x0000000615c00000, 0x0000000615c00000, 0x0000000616000000|  0%| F|  |TAMS 0x0000000615c00000, 0x0000000615c00000| Untracked 
|  70|0x0000000616000000, 0x0000000616000000, 0x0000000616400000|  0%| F|  |TAMS 0x0000000616000000, 0x0000000616000000| Untracked 
|  71|0x0000000616400000, 0x0000000616400000, 0x0000000616800000|  0%| F|  |TAMS 0x0000000616400000, 0x0000000616400000| Untracked 
|  72|0x0000000616800000, 0x00000006168a5220, 0x0000000616c00000| 16%| S|CS|TAMS 0x0000000616800000, 0x0000000616800000| Complete 
|  73|0x0000000616c00000, 0x0000000617000000, 0x0000000617000000|100%| S|CS|TAMS 0x0000000616c00000, 0x0000000616c00000| Complete 
|  74|0x0000000617000000, 0x0000000617400000, 0x0000000617400000|100%| S|CS|TAMS 0x0000000617000000, 0x0000000617000000| Complete 
|  75|0x0000000617400000, 0x0000000617800000, 0x0000000617800000|100%| S|CS|TAMS 0x0000000617400000, 0x0000000617400000| Complete 
|  76|0x0000000617800000, 0x0000000617800000, 0x0000000617c00000|  0%| F|  |TAMS 0x0000000617800000, 0x0000000617800000| Untracked 
|  77|0x0000000617c00000, 0x0000000617c00000, 0x0000000618000000|  0%| F|  |TAMS 0x0000000617c00000, 0x0000000617c00000| Untracked 
|  78|0x0000000618000000, 0x0000000618000000, 0x0000000618400000|  0%| F|  |TAMS 0x0000000618000000, 0x0000000618000000| Untracked 
|  79|0x0000000618400000, 0x0000000618400000, 0x0000000618800000|  0%| F|  |TAMS 0x0000000618400000, 0x0000000618400000| Untracked 
|  80|0x0000000618800000, 0x0000000618800000, 0x0000000618c00000|  0%| F|  |TAMS 0x0000000618800000, 0x0000000618800000| Untracked 
|  81|0x0000000618c00000, 0x0000000618c00000, 0x0000000619000000|  0%| F|  |TAMS 0x0000000618c00000, 0x0000000618c00000| Untracked 
|  82|0x0000000619000000, 0x0000000619000000, 0x0000000619400000|  0%| F|  |TAMS 0x0000000619000000, 0x0000000619000000| Untracked 
|  83|0x0000000619400000, 0x0000000619400000, 0x0000000619800000|  0%| F|  |TAMS 0x0000000619400000, 0x0000000619400000| Untracked 
|  84|0x0000000619800000, 0x0000000619800000, 0x0000000619c00000|  0%| F|  |TAMS 0x0000000619800000, 0x0000000619800000| Untracked 
|  85|0x0000000619c00000, 0x0000000619c00000, 0x000000061a000000|  0%| F|  |TAMS 0x0000000619c00000, 0x0000000619c00000| Untracked 
|  86|0x000000061a000000, 0x000000061a000000, 0x000000061a400000|  0%| F|  |TAMS 0x000000061a000000, 0x000000061a000000| Untracked 
|  87|0x000000061a400000, 0x000000061a400000, 0x000000061a800000|  0%| F|  |TAMS 0x000000061a400000, 0x000000061a400000| Untracked 
|  88|0x000000061a800000, 0x000000061a800000, 0x000000061ac00000|  0%| F|  |TAMS 0x000000061a800000, 0x000000061a800000| Untracked 
|  89|0x000000061ac00000, 0x000000061ac00000, 0x000000061b000000|  0%| F|  |TAMS 0x000000061ac00000, 0x000000061ac00000| Untracked 
|  90|0x000000061b000000, 0x000000061b000000, 0x000000061b400000|  0%| F|  |TAMS 0x000000061b000000, 0x000000061b000000| Untracked 
|  91|0x000000061b400000, 0x000000061b400000, 0x000000061b800000|  0%| F|  |TAMS 0x000000061b400000, 0x000000061b400000| Untracked 
|  92|0x000000061b800000, 0x000000061b800000, 0x000000061bc00000|  0%| F|  |TAMS 0x000000061b800000, 0x000000061b800000| Untracked 
|  93|0x000000061bc00000, 0x000000061bc00000, 0x000000061c000000|  0%| F|  |TAMS 0x000000061bc00000, 0x000000061bc00000| Untracked 
|  94|0x000000061c000000, 0x000000061c000000, 0x000000061c400000|  0%| F|  |TAMS 0x000000061c000000, 0x000000061c000000| Untracked 
|  95|0x000000061c400000, 0x000000061c400000, 0x000000061c800000|  0%| F|  |TAMS 0x000000061c400000, 0x000000061c400000| Untracked 
|  96|0x000000061c800000, 0x000000061c800000, 0x000000061cc00000|  0%| F|  |TAMS 0x000000061c800000, 0x000000061c800000| Untracked 
|  97|0x000000061cc00000, 0x000000061cc00000, 0x000000061d000000|  0%| F|  |TAMS 0x000000061cc00000, 0x000000061cc00000| Untracked 
|  98|0x000000061d000000, 0x000000061d000000, 0x000000061d400000|  0%| F|  |TAMS 0x000000061d000000, 0x000000061d000000| Untracked 
|  99|0x000000061d400000, 0x000000061d400000, 0x000000061d800000|  0%| F|  |TAMS 0x000000061d400000, 0x000000061d400000| Untracked 
| 100|0x000000061d800000, 0x000000061d800000, 0x000000061dc00000|  0%| F|  |TAMS 0x000000061d800000, 0x000000061d800000| Untracked 
| 101|0x000000061dc00000, 0x000000061dc00000, 0x000000061e000000|  0%| F|  |TAMS 0x000000061dc00000, 0x000000061dc00000| Untracked 
| 102|0x000000061e000000, 0x000000061e000000, 0x000000061e400000|  0%| F|  |TAMS 0x000000061e000000, 0x000000061e000000| Untracked 
| 103|0x000000061e400000, 0x000000061e400000, 0x000000061e800000|  0%| F|  |TAMS 0x000000061e400000, 0x000000061e400000| Untracked 
| 104|0x000000061e800000, 0x000000061e800000, 0x000000061ec00000|  0%| F|  |TAMS 0x000000061e800000, 0x000000061e800000| Untracked 
| 105|0x000000061ec00000, 0x000000061ec00000, 0x000000061f000000|  0%| F|  |TAMS 0x000000061ec00000, 0x000000061ec00000| Untracked 
| 106|0x000000061f000000, 0x000000061f000000, 0x000000061f400000|  0%| F|  |TAMS 0x000000061f000000, 0x000000061f000000| Untracked 
| 107|0x000000061f400000, 0x000000061f400000, 0x000000061f800000|  0%| F|  |TAMS 0x000000061f400000, 0x000000061f400000| Untracked 
| 108|0x000000061f800000, 0x000000061fb15010, 0x000000061fc00000| 77%| E|  |TAMS 0x000000061f800000, 0x000000061f800000| Complete 
| 109|0x000000061fc00000, 0x0000000620000000, 0x0000000620000000|100%| E|CS|TAMS 0x000000061fc00000, 0x000000061fc00000| Complete 
| 110|0x0000000620000000, 0x0000000620400000, 0x0000000620400000|100%| E|CS|TAMS 0x0000000620000000, 0x0000000620000000| Complete 
| 111|0x0000000620400000, 0x0000000620800000, 0x0000000620800000|100%| E|CS|TAMS 0x0000000620400000, 0x0000000620400000| Complete 
| 112|0x0000000620800000, 0x0000000620c00000, 0x0000000620c00000|100%| E|CS|TAMS 0x0000000620800000, 0x0000000620800000| Complete 
| 113|0x0000000620c00000, 0x0000000621000000, 0x0000000621000000|100%| E|CS|TAMS 0x0000000620c00000, 0x0000000620c00000| Complete 
| 114|0x0000000621000000, 0x0000000621400000, 0x0000000621400000|100%| E|CS|TAMS 0x0000000621000000, 0x0000000621000000| Complete 
| 115|0x0000000621400000, 0x0000000621800000, 0x0000000621800000|100%| E|CS|TAMS 0x0000000621400000, 0x0000000621400000| Complete 
| 116|0x0000000621800000, 0x0000000621c00000, 0x0000000621c00000|100%| E|CS|TAMS 0x0000000621800000, 0x0000000621800000| Complete 
| 117|0x0000000621c00000, 0x0000000622000000, 0x0000000622000000|100%| E|CS|TAMS 0x0000000621c00000, 0x0000000621c00000| Complete 
| 118|0x0000000622000000, 0x0000000622400000, 0x0000000622400000|100%| E|CS|TAMS 0x0000000622000000, 0x0000000622000000| Complete 
| 119|0x0000000622400000, 0x0000000622800000, 0x0000000622800000|100%| E|CS|TAMS 0x0000000622400000, 0x0000000622400000| Complete 
| 120|0x0000000622800000, 0x0000000622c00000, 0x0000000622c00000|100%| E|CS|TAMS 0x0000000622800000, 0x0000000622800000| Complete 
| 121|0x0000000622c00000, 0x0000000623000000, 0x0000000623000000|100%| E|CS|TAMS 0x0000000622c00000, 0x0000000622c00000| Complete 
| 122|0x0000000623000000, 0x0000000623400000, 0x0000000623400000|100%| E|CS|TAMS 0x0000000623000000, 0x0000000623000000| Complete 
| 123|0x0000000623400000, 0x0000000623800000, 0x0000000623800000|100%| E|CS|TAMS 0x0000000623400000, 0x0000000623400000| Complete 
| 124|0x0000000623800000, 0x0000000623c00000, 0x0000000623c00000|100%| E|CS|TAMS 0x0000000623800000, 0x0000000623800000| Complete 
| 125|0x0000000623c00000, 0x0000000624000000, 0x0000000624000000|100%| E|CS|TAMS 0x0000000623c00000, 0x0000000623c00000| Complete 
| 126|0x0000000624000000, 0x0000000624400000, 0x0000000624400000|100%| E|CS|TAMS 0x0000000624000000, 0x0000000624000000| Complete 
| 127|0x0000000624400000, 0x0000000624800000, 0x0000000624800000|100%| E|CS|TAMS 0x0000000624400000, 0x0000000624400000| Complete 
| 128|0x0000000624800000, 0x0000000624c00000, 0x0000000624c00000|100%| E|CS|TAMS 0x0000000624800000, 0x0000000624800000| Complete 
| 129|0x0000000624c00000, 0x0000000625000000, 0x0000000625000000|100%| E|CS|TAMS 0x0000000624c00000, 0x0000000624c00000| Complete 
| 130|0x0000000625000000, 0x0000000625400000, 0x0000000625400000|100%| E|CS|TAMS 0x0000000625000000, 0x0000000625000000| Complete 
| 131|0x0000000625400000, 0x0000000625800000, 0x0000000625800000|100%| E|CS|TAMS 0x0000000625400000, 0x0000000625400000| Complete 
| 132|0x0000000625800000, 0x0000000625c00000, 0x0000000625c00000|100%| E|CS|TAMS 0x0000000625800000, 0x0000000625800000| Complete 
| 133|0x0000000625c00000, 0x0000000626000000, 0x0000000626000000|100%| E|CS|TAMS 0x0000000625c00000, 0x0000000625c00000| Complete 
| 134|0x0000000626000000, 0x0000000626400000, 0x0000000626400000|100%| E|CS|TAMS 0x0000000626000000, 0x0000000626000000| Complete 
| 135|0x0000000626400000, 0x0000000626800000, 0x0000000626800000|100%| E|CS|TAMS 0x0000000626400000, 0x0000000626400000| Complete 
| 136|0x0000000626800000, 0x0000000626c00000, 0x0000000626c00000|100%| E|CS|TAMS 0x0000000626800000, 0x0000000626800000| Complete 
| 137|0x0000000626c00000, 0x0000000627000000, 0x0000000627000000|100%| E|CS|TAMS 0x0000000626c00000, 0x0000000626c00000| Complete 
| 138|0x0000000627000000, 0x0000000627400000, 0x0000000627400000|100%| E|CS|TAMS 0x0000000627000000, 0x0000000627000000| Complete 
| 139|0x0000000627400000, 0x0000000627800000, 0x0000000627800000|100%| E|CS|TAMS 0x0000000627400000, 0x0000000627400000| Complete 
| 140|0x0000000627800000, 0x0000000627c00000, 0x0000000627c00000|100%| E|CS|TAMS 0x0000000627800000, 0x0000000627800000| Complete 
| 141|0x0000000627c00000, 0x0000000628000000, 0x0000000628000000|100%| E|CS|TAMS 0x0000000627c00000, 0x0000000627c00000| Complete 
| 142|0x0000000628000000, 0x0000000628400000, 0x0000000628400000|100%| E|CS|TAMS 0x0000000628000000, 0x0000000628000000| Complete 
| 155|0x000000062b400000, 0x000000062b800000, 0x000000062b800000|100%| E|CS|TAMS 0x000000062b400000, 0x000000062b400000| Complete 

Card table byte_map: [0x0000016e31d50000,0x0000016e32d30000] _byte_map_base: 0x0000016e2ed2c000

Marking Bits (Prev, Next): (CMBitMap*) 0x0000016e250256d0, (CMBitMap*) 0x0000016e25025710
 Prev Bits: [0x0000016e33d10000, 0x0000016e3bbf0000)
 Next Bits: [0x0000016e3bbf0000, 0x0000016e43ad0000)

Polling page: 0x0000016e236b0000

Metaspace:

Usage:
  Non-class:     99.87 MB used.
      Class:     15.66 MB used.
       Both:    115.54 MB used.

Virtual space:
  Non-class space:      128.00 MB reserved,     100.50 MB ( 79%) committed,  2 nodes.
      Class space:        1.00 GB reserved,      16.25 MB (  2%) committed,  1 nodes.
             Both:        1.12 GB reserved,     116.75 MB ( 10%) committed. 

Chunk freelists:
   Non-Class:  11.34 MB
       Class:  15.80 MB
        Both:  27.15 MB

MaxMetaspaceSize: unlimited
CompressedClassSpaceSize: 1.00 GB
Initial GC threshold: 21.00 MB
Current GC threshold: 194.19 MB
CDS: on
MetaspaceReclaimPolicy: balanced
 - commit_granule_bytes: 65536.
 - commit_granule_words: 8192.
 - virtual_space_node_default_size: 8388608.
 - enlarge_chunks_in_place: 1.
 - new_chunks_are_fully_committed: 0.
 - uncommit_free_chunks: 1.
 - use_allocation_guard: 0.
 - handle_deallocations: 1.


Internal statistics:

num_allocs_failed_limit: 12.
num_arena_births: 2654.
num_arena_deaths: 710.
num_vsnodes_births: 3.
num_vsnodes_deaths: 0.
num_space_committed: 1868.
num_space_uncommitted: 0.
num_chunks_returned_to_freelist: 904.
num_chunks_taken_from_freelist: 7504.
num_chunk_merges: 282.
num_chunk_splits: 4692.
num_chunks_enlarged: 3066.
num_inconsistent_stats: 0.

CodeCache: size=49152Kb used=27318Kb max_used=46717Kb free=21833Kb
 bounds [0x0000016e2d820000, 0x0000016e305c0000, 0x0000016e30820000]
 total_blobs=12553 nmethods=11726 adapters=751
 compilation: enabled
              stopped_count=0, restarted_count=0
 full_count=0

Compilation events (20 events):
Event: 2437.498 Thread 0x0000016e465c0940 32702       1       java.util.Arrays::equals (57 bytes)
Event: 2437.499 Thread 0x0000016e465c0940 nmethod 32702 0x0000016e2ff0d990 code [0x0000016e2ff0db60, 0x0000016e2ff0dde8]
Event: 2437.501 Thread 0x0000016e465c0940 32703       1       java.lang.String::valueOf (39 bytes)
Event: 2437.501 Thread 0x0000016e465c0940 nmethod 32703 0x0000016e2ff0d190 code [0x0000016e2ff0d340, 0x0000016e2ff0d718]
Event: 2437.508 Thread 0x0000016e465c0940 32704       1       java.io.ObjectStreamClass::getPrimFieldValues (10 bytes)
Event: 2437.508 Thread 0x0000016e465c0940 nmethod 32704 0x0000016e2ff0cd90 code [0x0000016e2ff0cf40, 0x0000016e2ff0d048]
Event: 2437.508 Thread 0x0000016e465c0940 32705   !   1       java.io.ObjectOutputStream::defaultWriteFields (288 bytes)
Event: 2437.509 Thread 0x0000016e465c0940 nmethod 32705 0x0000016e2ff0b790 code [0x0000016e2ff0b9e0, 0x0000016e2ff0c218]
Event: 2437.509 Thread 0x0000016e465c0940 32706       1       org.postgresql.jdbc.PgResultSet::initSqlType (61 bytes)
Event: 2437.509 Thread 0x0000016e465c0940 nmethod 32706 0x0000016e2ff0af90 code [0x0000016e2ff0b160, 0x0000016e2ff0b418]
Event: 2437.510 Thread 0x0000016e465c0940 32707       1       java.io.ObjectInputStream$FieldValues::<init> (217 bytes)
Event: 2437.510 Thread 0x0000016e465c0940 nmethod 32707 0x0000016e2ff09c10 code [0x0000016e2ff09e20, 0x0000016e2ff0a648]
Event: 2437.511 Thread 0x0000016e465c0940 32708       1       java.io.ObjectStreamField::<init> (231 bytes)
Event: 2437.511 Thread 0x0000016e465c0940 nmethod 32708 0x0000016e2ff08d10 code [0x0000016e2ff08f20, 0x0000016e2ff09568]
Event: 2437.522 Thread 0x0000016e465c0940 32709       1       org.jboss.logging.Slf4jLocationAwareLogger::doLog (54 bytes)
Event: 2437.522 Thread 0x0000016e465c0940 nmethod 32709 0x0000016e2ff08590 code [0x0000016e2ff08780, 0x0000016e2ff089d8]
Event: 2437.525 Thread 0x0000016e465c0940 32710       1       java.io.OutputStream::flush (1 bytes)
Event: 2437.525 Thread 0x0000016e465c0940 nmethod 32710 0x0000016e2ff08290 code [0x0000016e2ff08420, 0x0000016e2ff084d8]
Event: 2437.525 Thread 0x0000016e465c0940 32711       1       com.fasterxml.jackson.core.json.ReaderBasedJsonParser::_parseSignedNumber (237 bytes)
Event: 2437.526 Thread 0x0000016e465c0940 nmethod 32711 0x0000016e2ff07410 code [0x0000016e2ff07640, 0x0000016e2ff07b68]

GC Heap History (20 events):
Event: 1667.403 GC heap before
{Heap before GC invocations=60 (full 0):
 garbage-first heap   total 638976K, used 429129K [0x0000000604800000, 0x0000000800000000)
  region size 4096K, 63 young (258048K), 1 survivors (4096K)
 Metaspace       used 117698K, committed 118720K, reserved 1179648K
  class space    used 15934K, committed 16448K, reserved 1048576K
}
Event: 1667.435 GC heap after
{Heap after GC invocations=61 (full 0):
 garbage-first heap   total 638976K, used 191777K [0x0000000604800000, 0x0000000800000000)
  region size 4096K, 6 young (24576K), 6 survivors (24576K)
 Metaspace       used 117698K, committed 118720K, reserved 1179648K
  class space    used 15934K, committed 16448K, reserved 1048576K
}
Event: 1915.808 GC heap before
{Heap before GC invocations=62 (full 0):
 garbage-first heap   total 638976K, used 449825K [0x0000000604800000, 0x0000000800000000)
  region size 4096K, 69 young (282624K), 6 survivors (24576K)
 Metaspace       used 117721K, committed 118784K, reserved 1179648K
  class space    used 15935K, committed 16448K, reserved 1048576K
}
Event: 1915.831 GC heap after
{Heap after GC invocations=63 (full 0):
 garbage-first heap   total 638976K, used 195298K [0x0000000604800000, 0x0000000800000000)
  region size 4096K, 5 young (20480K), 5 survivors (20480K)
 Metaspace       used 117721K, committed 118784K, reserved 1179648K
  class space    used 15935K, committed 16448K, reserved 1048576K
}
Event: 1924.532 GC heap before
{Heap before GC invocations=63 (full 0):
 garbage-first heap   total 638976K, used 203490K [0x0000000604800000, 0x0000000800000000)
  region size 4096K, 7 young (28672K), 5 survivors (20480K)
 Metaspace       used 117723K, committed 118784K, reserved 1179648K
  class space    used 15935K, committed 16448K, reserved 1048576K
}
Event: 1924.557 GC heap after
{Heap after GC invocations=64 (full 0):
 garbage-first heap   total 638976K, used 186811K [0x0000000604800000, 0x0000000800000000)
  region size 4096K, 1 young (4096K), 1 survivors (4096K)
 Metaspace       used 117723K, committed 118784K, reserved 1179648K
  class space    used 15935K, committed 16448K, reserved 1048576K
}
Event: 2030.339 GC heap before
{Heap before GC invocations=64 (full 0):
 garbage-first heap   total 638976K, used 481723K [0x0000000604800000, 0x0000000800000000)
  region size 4096K, 73 young (299008K), 1 survivors (4096K)
 Metaspace       used 118126K, committed 119296K, reserved 1179648K
  class space    used 16018K, committed 16576K, reserved 1048576K
}
Event: 2030.345 GC heap after
{Heap after GC invocations=65 (full 0):
 garbage-first heap   total 638976K, used 186100K [0x0000000604800000, 0x0000000800000000)
  region size 4096K, 1 young (4096K), 1 survivors (4096K)
 Metaspace       used 118126K, committed 119296K, reserved 1179648K
  class space    used 16018K, committed 16576K, reserved 1048576K
}
Event: 2107.164 GC heap before
{Heap before GC invocations=66 (full 0):
 garbage-first heap   total 589824K, used 480930K [0x0000000604800000, 0x0000000800000000)
  region size 4096K, 77 young (315392K), 1 survivors (4096K)
 Metaspace       used 118212K, committed 119360K, reserved 1179648K
  class space    used 16031K, committed 16576K, reserved 1048576K
}
Event: 2107.192 GC heap after
{Heap after GC invocations=67 (full 0):
 garbage-first heap   total 589824K, used 210153K [0x0000000604800000, 0x0000000800000000)
  region size 4096K, 10 young (40960K), 10 survivors (40960K)
 Metaspace       used 118212K, committed 119360K, reserved 1179648K
  class space    used 16031K, committed 16576K, reserved 1048576K
}
Event: 2107.198 GC heap before
{Heap before GC invocations=67 (full 0):
 garbage-first heap   total 589824K, used 214249K [0x0000000604800000, 0x0000000800000000)
  region size 4096K, 11 young (45056K), 10 survivors (40960K)
 Metaspace       used 118212K, committed 119360K, reserved 1179648K
  class space    used 16031K, committed 16576K, reserved 1048576K
}
Event: 2107.227 GC heap after
{Heap after GC invocations=68 (full 0):
 garbage-first heap   total 589824K, used 170110K [0x0000000604800000, 0x0000000800000000)
  region size 4096K, 2 young (8192K), 2 survivors (8192K)
 Metaspace       used 118212K, committed 119360K, reserved 1179648K
  class space    used 16031K, committed 16576K, reserved 1048576K
}
Event: 2155.558 GC heap before
{Heap before GC invocations=68 (full 0):
 garbage-first heap   total 589824K, used 432254K [0x0000000604800000, 0x0000000800000000)
  region size 4096K, 66 young (270336K), 2 survivors (8192K)
 Metaspace       used 118246K, committed 119424K, reserved 1179648K
  class space    used 16036K, committed 16640K, reserved 1048576K
}
Event: 2155.575 GC heap after
{Heap after GC invocations=69 (full 0):
 garbage-first heap   total 589824K, used 189658K [0x0000000604800000, 0x0000000800000000)
  region size 4096K, 7 young (28672K), 7 survivors (28672K)
 Metaspace       used 118246K, committed 119424K, reserved 1179648K
  class space    used 16036K, committed 16640K, reserved 1048576K
}
Event: 2313.782 GC heap before
{Heap before GC invocations=70 (full 0):
 garbage-first heap   total 589824K, used 434463K [0x0000000604800000, 0x0000000800000000)
  region size 4096K, 67 young (274432K), 7 survivors (28672K)
 Metaspace       used 118258K, committed 119424K, reserved 1179648K
  class space    used 16037K, committed 16640K, reserved 1048576K
}
Event: 2313.806 GC heap after
{Heap after GC invocations=71 (full 0):
 garbage-first heap   total 589824K, used 194628K [0x0000000604800000, 0x0000000800000000)
  region size 4096K, 2 young (8192K), 2 survivors (8192K)
 Metaspace       used 118258K, committed 119424K, reserved 1179648K
  class space    used 16037K, committed 16640K, reserved 1048576K
}
Event: 2320.368 GC heap before
{Heap before GC invocations=71 (full 0):
 garbage-first heap   total 589824K, used 211012K [0x0000000604800000, 0x0000000800000000)
  region size 4096K, 7 young (28672K), 2 survivors (8192K)
 Metaspace       used 118262K, committed 119424K, reserved 1179648K
  class space    used 16037K, committed 16640K, reserved 1048576K
}
Event: 2320.401 GC heap after
{Heap after GC invocations=72 (full 0):
 garbage-first heap   total 589824K, used 179723K [0x0000000604800000, 0x0000000800000000)
  region size 4096K, 1 young (4096K), 1 survivors (4096K)
 Metaspace       used 118262K, committed 119424K, reserved 1179648K
  class space    used 16037K, committed 16640K, reserved 1048576K
}
Event: 2437.459 GC heap before
{Heap before GC invocations=72 (full 0):
 garbage-first heap   total 589824K, used 450059K [0x0000000604800000, 0x0000000800000000)
  region size 4096K, 68 young (278528K), 1 survivors (4096K)
 Metaspace       used 118302K, committed 119552K, reserved 1179648K
  class space    used 16040K, committed 16640K, reserved 1048576K
}
Event: 2437.465 GC heap after
{Heap after GC invocations=73 (full 0):
 garbage-first heap   total 589824K, used 191313K [0x0000000604800000, 0x0000000800000000)
  region size 4096K, 4 young (16384K), 4 survivors (16384K)
 Metaspace       used 118302K, committed 119552K, reserved 1179648K
  class space    used 16040K, committed 16640K, reserved 1048576K
}

Dll operation events (13 events):
Event: 0.024 Loaded shared library C:\Program Files\Eclipse Adoptium\jdk-17.0.18.8-hotspot\bin\java.dll
Event: 0.026 Loaded shared library C:\Program Files\Eclipse Adoptium\jdk-17.0.18.8-hotspot\bin\zip.dll
Event: 0.049 Loaded shared library C:\Program Files\Eclipse Adoptium\jdk-17.0.18.8-hotspot\bin\jsvml.dll
Event: 1.414 Loaded shared library C:\Program Files\Eclipse Adoptium\jdk-17.0.18.8-hotspot\bin\instrument.dll
Event: 1.530 Loaded shared library C:\Program Files\Eclipse Adoptium\jdk-17.0.18.8-hotspot\bin\jimage.dll
Event: 1.569 Loaded shared library C:\Program Files\Eclipse Adoptium\jdk-17.0.18.8-hotspot\bin\net.dll
Event: 1.571 Loaded shared library C:\Program Files\Eclipse Adoptium\jdk-17.0.18.8-hotspot\bin\nio.dll
Event: 1.597 Loaded shared library C:\Program Files\Eclipse Adoptium\jdk-17.0.18.8-hotspot\bin\zip.dll
Event: 1.902 Loaded shared library C:\Program Files\Eclipse Adoptium\jdk-17.0.18.8-hotspot\bin\management.dll
Event: 1.927 Loaded shared library C:\Program Files\Eclipse Adoptium\jdk-17.0.18.8-hotspot\bin\management_ext.dll
Event: 2.312 Loaded shared library C:\Program Files\Eclipse Adoptium\jdk-17.0.18.8-hotspot\bin\extnet.dll
Event: 4.773 Loaded shared library C:\Program Files\Eclipse Adoptium\jdk-17.0.18.8-hotspot\bin\sunmscapi.dll
Event: 9.284 Loaded shared library C:\Program Files\Eclipse Adoptium\jdk-17.0.18.8-hotspot\bin\verify.dll

Deoptimization events (20 events):
Event: 2437.471 Thread 0x0000016e98cbb6c0 DEOPT PACKING pc=0x0000016e2ee7ae95 sp=0x00000064e55f5f70
Event: 2437.471 Thread 0x0000016e98cbb6c0 DEOPT UNPACKING pc=0x0000016e2d87ace3 sp=0x00000064e55f5460 mode 3
Event: 2437.497 Thread 0x0000016e98cbdf40 DEOPT PACKING pc=0x0000016e2db0e40b sp=0x00000064e12f5ae0
Event: 2437.497 Thread 0x0000016e98cbdf40 DEOPT UNPACKING pc=0x0000016e2d87ace3 sp=0x00000064e12f4fa8 mode 3
Event: 2437.500 Thread 0x0000016e98cbee70 DEOPT PACKING pc=0x0000016e2e28e104 sp=0x00000064e54f5c90
Event: 2437.500 Thread 0x0000016e98cbee70 DEOPT UNPACKING pc=0x0000016e2d87ace3 sp=0x00000064e54f5160 mode 3
Event: 2437.507 Thread 0x0000016e98cbc5f0 DEOPT PACKING pc=0x0000016e2e517696 sp=0x00000064e11f5b00
Event: 2437.507 Thread 0x0000016e98cbb6c0 DEOPT PACKING pc=0x0000016e2e517696 sp=0x00000064e55f53e0
Event: 2437.507 Thread 0x0000016e98cbc5f0 DEOPT UNPACKING pc=0x0000016e2d87ace3 sp=0x00000064e11f5010 mode 3
Event: 2437.507 Thread 0x0000016e98cbb6c0 DEOPT UNPACKING pc=0x0000016e2d87ace3 sp=0x00000064e55f48f0 mode 3
Event: 2437.508 Thread 0x0000016e98cbee70 DEOPT PACKING pc=0x0000016e2f0cb937 sp=0x00000064e54f66f0
Event: 2437.508 Thread 0x0000016e98cbee70 DEOPT UNPACKING pc=0x0000016e2d87ace3 sp=0x00000064e54f5ba8 mode 3
Event: 2437.509 Thread 0x0000016e98cbdf40 DEOPT PACKING pc=0x0000016e2e748cf5 sp=0x00000064e12f4930
Event: 2437.509 Thread 0x0000016e98cbdf40 DEOPT UNPACKING pc=0x0000016e2d87ace3 sp=0x00000064e12f3df0 mode 3
Event: 2437.510 Thread 0x0000016e98cbb6c0 DEOPT PACKING pc=0x0000016e2e3194b9 sp=0x00000064e55f5990
Event: 2437.510 Thread 0x0000016e98cbb6c0 DEOPT UNPACKING pc=0x0000016e2d87ace3 sp=0x00000064e55f4ec8 mode 3
Event: 2437.521 Thread 0x0000016e98cbb6c0 DEOPT PACKING pc=0x0000016e2da43b87 sp=0x00000064e55f6830
Event: 2437.521 Thread 0x0000016e98cbb6c0 DEOPT UNPACKING pc=0x0000016e2d87ace3 sp=0x00000064e55f5d00 mode 3
Event: 2437.524 Thread 0x0000016e98cbb6c0 DEOPT PACKING pc=0x0000016e2df3bc87 sp=0x00000064e55f6730
Event: 2437.524 Thread 0x0000016e98cbb6c0 DEOPT UNPACKING pc=0x0000016e2d87ace3 sp=0x00000064e55f5bd0 mode 3

Classes loaded (20 events):
Event: 1982.233 Loading class jakarta/persistence/OptimisticLockException
Event: 1982.233 Loading class jakarta/persistence/OptimisticLockException done
Event: 1982.234 Loading class jakarta/persistence/LockTimeoutException
Event: 1982.234 Loading class jakarta/persistence/LockTimeoutException done
Event: 1982.236 Loading class org/hibernate/dialect/lock/PessimisticEntityLockException
Event: 1982.236 Loading class org/hibernate/dialect/lock/PessimisticEntityLockException done
Event: 1982.237 Loading class jakarta/persistence/PessimisticLockException
Event: 1982.237 Loading class jakarta/persistence/PessimisticLockException done
Event: 1982.238 Loading class org/hibernate/internal/EntityManagerMessageLogger_$logger_en_US
Event: 1982.238 Loading class org/hibernate/internal/EntityManagerMessageLogger_$logger_en_US done
Event: 1982.239 Loading class org/hibernate/internal/EntityManagerMessageLogger_$logger_en
Event: 1982.239 Loading class org/hibernate/internal/EntityManagerMessageLogger_$logger_en done
Event: 1982.241 Loading class org/springframework/dao/support/ChainedPersistenceExceptionTranslator
Event: 1982.241 Loading class org/springframework/dao/support/ChainedPersistenceExceptionTranslator done
Event: 1982.250 Loading class org/springframework/dao/support/ChainedPersistenceExceptionTranslator
Event: 1982.250 Loading class org/springframework/dao/support/ChainedPersistenceExceptionTranslator done
Event: 1982.250 Loading class org/springframework/dao/support/PersistenceExceptionTranslator
Event: 1982.250 Loading class org/springframework/dao/support/PersistenceExceptionTranslator done
Event: 1982.250 Loading class org/springframework/dao/support/PersistenceExceptionTranslator
Event: 1982.250 Loading class org/springframework/dao/support/PersistenceExceptionTranslator done

Classes unloaded (20 events):
Event: 1400.585 Thread 0x0000016e465ac380 Unloading class 0x0000016e48faf400 'jdk/internal/reflect/GeneratedMethodAccessor93'
Event: 1400.585 Thread 0x0000016e465ac380 Unloading class 0x0000016e48faf000 'jdk/internal/reflect/GeneratedMethodAccessor92'
Event: 1400.585 Thread 0x0000016e465ac380 Unloading class 0x0000016e48faec00 'jdk/internal/reflect/GeneratedSerializationConstructorAccessor71'
Event: 1400.585 Thread 0x0000016e465ac380 Unloading class 0x0000016e48fae800 'jdk/internal/reflect/GeneratedSerializationConstructorAccessor70'
Event: 1400.585 Thread 0x0000016e465ac380 Unloading class 0x0000016e48fae400 'jdk/internal/reflect/GeneratedSerializationConstructorAccessor69'
Event: 1400.585 Thread 0x0000016e465ac380 Unloading class 0x0000016e48f98c00 'jdk/internal/reflect/GeneratedMethodAccessor85'
Event: 1400.585 Thread 0x0000016e465ac380 Unloading class 0x0000016e48f98800 'jdk/internal/reflect/GeneratedMethodAccessor86'
Event: 1400.585 Thread 0x0000016e465ac380 Unloading class 0x0000016e48f98000 'jdk/internal/reflect/GeneratedSerializationConstructorAccessor68'
Event: 1400.585 Thread 0x0000016e465ac380 Unloading class 0x0000016e48f82c00 'jdk/internal/reflect/GeneratedSerializationConstructorAccessor67'
Event: 1404.446 Thread 0x0000016e465ac380 Unloading class 0x0000016e48fe7000 'java/lang/invoke/LambdaForm$MH+0x0000016e48fe7000'
Event: 1404.446 Thread 0x0000016e465ac380 Unloading class 0x0000016e48fe6800 'java/lang/invoke/LambdaForm$MH+0x0000016e48fe6800'
Event: 1404.446 Thread 0x0000016e465ac380 Unloading class 0x0000016e48fe6000 'java/lang/invoke/LambdaForm$MH+0x0000016e48fe6000'
Event: 2030.576 Thread 0x0000016e465ac380 Unloading class 0x0000016e48002000 'java/lang/invoke/LambdaForm$MH+0x0000016e48002000'
Event: 2030.576 Thread 0x0000016e465ac380 Unloading class 0x0000016e483e8c00 'java/lang/invoke/LambdaForm$MH+0x0000016e483e8c00'
Event: 2030.576 Thread 0x0000016e465ac380 Unloading class 0x0000016e481e9400 'java/lang/invoke/LambdaForm$MH+0x0000016e481e9400'
Event: 2030.576 Thread 0x0000016e465ac380 Unloading class 0x0000016e48fe6c00 'java/lang/invoke/LambdaForm$MH+0x0000016e48fe6c00'
Event: 2030.576 Thread 0x0000016e465ac380 Unloading class 0x0000016e48fe4400 'jdk/internal/reflect/GeneratedSerializationConstructorAccessor84'
Event: 2030.576 Thread 0x0000016e465ac380 Unloading class 0x0000016e4811bc00 'jdk/internal/reflect/GeneratedSerializationConstructorAccessor82'
Event: 2030.576 Thread 0x0000016e465ac380 Unloading class 0x0000016e4811b800 'jdk/internal/reflect/GeneratedConstructorAccessor154'
Event: 2155.674 Thread 0x0000016e465ac380 Unloading class 0x0000016e49005000 'jdk/internal/reflect/GeneratedConstructorAccessor165'

Classes redefined (1 events):
Event: 1.440 Thread 0x0000016e465ac380 redefined class name=java.lang.Throwable, count=1

Internal exceptions (20 events):
Event: 2434.732 Thread 0x0000016e98cbb6c0 Exception <a 'sun/nio/fs/WindowsException'{0x000000061926c980}> (0x000000061926c980) 
thrown [s\src\hotspot\share\prims\jni.cpp, line 516]
Event: 2434.740 Thread 0x0000016e98cbc5f0 Exception <a 'sun/nio/fs/WindowsException'{0x000000061986d458}> (0x000000061986d458) 
thrown [s\src\hotspot\share\prims\jni.cpp, line 516]
Event: 2434.747 Thread 0x0000016e98cc0cd0 Exception <a 'sun/nio/fs/WindowsException'{0x0000000619372b48}> (0x0000000619372b48) 
thrown [s\src\hotspot\share\prims\jni.cpp, line 516]
Event: 2434.750 Thread 0x0000016e98cc02b0 Exception <a 'sun/nio/fs/WindowsException'{0x0000000619178d38}> (0x0000000619178d38) 
thrown [s\src\hotspot\share\prims\jni.cpp, line 516]
Event: 2434.752 Thread 0x0000016e98cba790 Exception <a 'sun/nio/fs/WindowsException'{0x0000000619358400}> (0x0000000619358400) 
thrown [s\src\hotspot\share\prims\jni.cpp, line 516]
Event: 2434.758 Thread 0x0000016e98cc0cd0 Exception <a 'sun/nio/fs/WindowsException'{0x000000061938f320}> (0x000000061938f320) 
thrown [s\src\hotspot\share\prims\jni.cpp, line 516]
Event: 2434.761 Thread 0x0000016e98cbe960 Exception <a 'sun/nio/fs/WindowsException'{0x0000000618cc5a18}> (0x0000000618cc5a18) 
thrown [s\src\hotspot\share\prims\jni.cpp, line 516]
Event: 2434.763 Thread 0x0000016e98cbee70 Exception <a 'sun/nio/fs/WindowsException'{0x0000000618c48be8}> (0x0000000618c48be8) 
thrown [s\src\hotspot\share\prims\jni.cpp, line 516]
Event: 2434.765 Thread 0x0000016e98cbe450 Exception <a 'sun/nio/fs/WindowsException'{0x000000061921f018}> (0x000000061921f018) 
thrown [s\src\hotspot\share\prims\jni.cpp, line 516]
Event: 2434.768 Thread 0x0000016e98cc07c0 Exception <a 'sun/nio/fs/WindowsException'{0x0000000618cf2880}> (0x0000000618cf2880) 
thrown [s\src\hotspot\share\prims\jni.cpp, line 516]
Event: 2434.780 Thread 0x0000016e98cbee70 Exception <a 'sun/nio/fs/WindowsException'{0x0000000618c7cdc0}> (0x0000000618c7cdc0) 
thrown [s\src\hotspot\share\prims\jni.cpp, line 516]
Event: 2434.781 Thread 0x0000016e98cbe960 Exception <a 'sun/nio/fs/WindowsException'{0x0000000618e5a2c8}> (0x0000000618e5a2c8) 
thrown [s\src\hotspot\share\prims\jni.cpp, line 516]
Event: 2434.976 Thread 0x0000016e98cbb6c0 Exception <a 'sun/nio/fs/WindowsException'{0x0000000618a0f2f0}> (0x0000000618a0f2f0) 
thrown [s\src\hotspot\share\prims\jni.cpp, line 516]
Event: 2435.054 Thread 0x0000016e98cbc5f0 Exception <a 'sun/nio/fs/WindowsException'{0x0000000618a7fd08}> (0x0000000618a7fd08) 
thrown [s\src\hotspot\share\prims\jni.cpp, line 516]
Event: 2435.082 Thread 0x0000016e98cbc5f0 Exception <a 'sun/nio/fs/WindowsException'{0x0000000618af78a0}> (0x0000000618af78a0) 
thrown [s\src\hotspot\share\prims\jni.cpp, line 516]
Event: 2437.412 Thread 0x0000016e98cbe960 Exception <a 'sun/nio/fs/WindowsException'{0x0000000618620cb8}> (0x0000000618620cb8) 
thrown [s\src\hotspot\share\prims\jni.cpp, line 516]
Event: 2437.420 Thread 0x0000016e98cbdf40 Exception <a 'sun/nio/fs/WindowsException'{0x000000061a0c9090}> (0x000000061a0c9090) 
thrown [s\src\hotspot\share\prims\jni.cpp, line 516]
Event: 2437.420 Thread 0x0000016e98cbee70 Exception <a 'sun/nio/fs/WindowsException'{0x0000000618647730}> (0x0000000618647730) 
thrown [s\src\hotspot\share\prims\jni.cpp, line 516]
Event: 2437.420 Thread 0x0000016e98cbc5f0 Exception <a 'sun/nio/fs/WindowsException'{0x0000000618b477f8}> (0x0000000618b477f8) 
thrown [s\src\hotspot\share\prims\jni.cpp, line 516]
Event: 2437.421 Thread 0x0000016e98cbb6c0 Exception <a 'sun/nio/fs/WindowsException'{0x00000006186c6cc8}> (0x00000006186c6cc8) 
thrown [s\src\hotspot\share\prims\jni.cpp, line 516]

VM Operations (20 events):
Event: 2396.928 Executing VM operation: Cleanup
Event: 2396.928 Executing VM operation: Cleanup done
Event: 2405.796 Executing VM operation: HandshakeAllThreads
Event: 2405.796 Executing VM operation: HandshakeAllThreads done
Event: 2418.864 Executing VM operation: Cleanup
Event: 2418.864 Executing VM operation: Cleanup done
Event: 2426.895 Executing VM operation: Cleanup
Event: 2426.895 Executing VM operation: Cleanup done
Event: 2427.911 Executing VM operation: Cleanup
Event: 2427.911 Executing VM operation: Cleanup done
Event: 2430.917 Executing VM operation: Cleanup
Event: 2430.917 Executing VM operation: Cleanup done
Event: 2431.930 Executing VM operation: Cleanup
Event: 2431.930 Executing VM operation: Cleanup done
Event: 2434.953 Executing VM operation: Cleanup
Event: 2434.953 Executing VM operation: Cleanup done
Event: 2435.959 Executing VM operation: Cleanup
Event: 2435.959 Executing VM operation: Cleanup done
Event: 2437.459 Executing VM operation: G1CollectForAllocation
Event: 2437.465 Executing VM operation: G1CollectForAllocation done

Memory protections (0 events):
No events

Nmethod flushes (20 events):
Event: 2116.682 Thread 0x0000016e465c4940 flushing  nmethod 0x0000016e2f0cc590
Event: 2116.682 Thread 0x0000016e465c4940 flushing  nmethod 0x0000016e2f0cda90
Event: 2116.682 Thread 0x0000016e465c4940 flushing  nmethod 0x0000016e2f0ce110
Event: 2116.682 Thread 0x0000016e465c4940 flushing  nmethod 0x0000016e2f0ce510
Event: 2116.682 Thread 0x0000016e465c4940 flushing  nmethod 0x0000016e2f0d2410
Event: 2116.682 Thread 0x0000016e465c4940 flushing  nmethod 0x0000016e2f0d4510
Event: 2116.682 Thread 0x0000016e465c4940 flushing  nmethod 0x0000016e2f0d5510
Event: 2116.682 Thread 0x0000016e465c4940 flushing  nmethod 0x0000016e2f0d9410
Event: 2116.682 Thread 0x0000016e465c4940 flushing  nmethod 0x0000016e2f0d9f90
Event: 2116.682 Thread 0x0000016e465c4940 flushing  nmethod 0x0000016e2f0de410
Event: 2116.682 Thread 0x0000016e465c4940 flushing  nmethod 0x0000016e2f103190
Event: 2116.682 Thread 0x0000016e465c4940 flushing  nmethod 0x0000016e2f104110
Event: 2116.682 Thread 0x0000016e465c4940 flushing  nmethod 0x0000016e2f11ef10
Event: 2116.682 Thread 0x0000016e465c4940 flushing  nmethod 0x0000016e2f11f810
Event: 2116.687 Thread 0x0000016e465c4940 flushing  nmethod 0x0000016e2f757290
Event: 2116.689 Thread 0x0000016e465c4940 flushing  nmethod 0x0000016e30355610
Event: 2116.689 Thread 0x0000016e465c4940 flushing  nmethod 0x0000016e3037b690
Event: 2116.689 Thread 0x0000016e465c4940 flushing  nmethod 0x0000016e30391d90
Event: 2116.689 Thread 0x0000016e465c4940 flushing  nmethod 0x0000016e30396c10
Event: 2116.689 Thread 0x0000016e465c4940 flushing  nmethod 0x0000016e30442e10

Events (20 events):
Event: 2303.785 Thread 0x0000016e99f4fa20 Thread exited: 0x0000016e99f4fa20
Event: 2308.470 Thread 0x0000016e99f48540 Thread exited: 0x0000016e99f48540
Event: 2308.475 Thread 0x0000016e465c0940 Thread added: 0x0000016e99f48540
Event: 2313.077 Thread 0x0000016e465c0940 Thread added: 0x0000016e99f4e4e0
Event: 2315.637 Thread 0x0000016e99f4e4e0 Thread exited: 0x0000016e99f4e4e0
Event: 2323.812 Thread 0x0000016e99f48540 Thread exited: 0x0000016e99f48540
Event: 2418.772 Thread 0x0000016e98cbe450 Thread added: 0x0000016e9a975590
Event: 2418.777 Thread 0x0000016e9a975590 Thread exited: 0x0000016e9a975590
Event: 2419.087 Thread 0x0000016e98cbe450 Thread added: 0x0000016e9a977e10
Event: 2424.112 Thread 0x0000016e9a977e10 Thread exited: 0x0000016e9a977e10
Event: 2427.012 Thread 0x0000016e98cbee70 Thread added: 0x0000016e9a975fb0
Event: 2427.413 Thread 0x0000016e9a975fb0 Thread added: 0x0000016e99dd7750
Event: 2427.414 Thread 0x0000016e99dd7750 Thread exited: 0x0000016e99dd7750
Event: 2427.680 Thread 0x0000016e9a975fb0 Thread added: 0x0000016e99dd7750
Event: 2427.685 Thread 0x0000016e9a975fb0 Thread exited: 0x0000016e9a975fb0
Event: 2431.368 Thread 0x0000016e465c0940 Thread added: 0x0000016e99f48540
Event: 2431.368 Thread 0x0000016e465c0940 Thread added: 0x0000016e99f4fa20
Event: 2432.712 Thread 0x0000016e99dd7750 Thread exited: 0x0000016e99dd7750
Event: 2434.644 Thread 0x0000016e99f4fa20 Thread exited: 0x0000016e99f4fa20
Event: 2434.726 Thread 0x0000016e99f48540 Thread exited: 0x0000016e99f48540


Dynamic libraries:
0x00007ff73f110000 - 0x00007ff73f11e000 	C:\Program Files\Eclipse Adoptium\jdk-17.0.18.8-hotspot\bin\java.exe
0x00007ff8307a0000 - 0x00007ff830a07000 	C:\WINDOWS\SYSTEM32\ntdll.dll
0x00007ff82f1e0000 - 0x00007ff82f2a9000 	C:\WINDOWS\System32\KERNEL32.DLL
0x00007ff82d370000 - 0x00007ff82d764000 	C:\WINDOWS\System32\KERNELBASE.dll
0x00007ff82d220000 - 0x00007ff82d36b000 	C:\WINDOWS\System32\ucrtbase.dll
0x00007ff811710000 - 0x00007ff81172e000 	C:\Program Files\Eclipse Adoptium\jdk-17.0.18.8-hotspot\bin\VCRUNTIME140.dll
0x00007ff80c350000 - 0x00007ff80c368000 	C:\Program Files\Eclipse Adoptium\jdk-17.0.18.8-hotspot\bin\jli.dll
0x00007ff82fdf0000 - 0x00007ff82ffb5000 	C:\WINDOWS\System32\USER32.dll
0x00007ff82d1f0000 - 0x00007ff82d217000 	C:\WINDOWS\System32\win32u.dll
0x00007ff830110000 - 0x00007ff83013b000 	C:\WINDOWS\System32\GDI32.dll
0x00007ff82db90000 - 0x00007ff82dcbb000 	C:\WINDOWS\System32\gdi32full.dll
0x00007ff82da50000 - 0x00007ff82daf3000 	C:\WINDOWS\System32\msvcp_win.dll
0x00007ff82c400000 - 0x00007ff82c693000 	C:\WINDOWS\WinSxS\amd64_microsoft.windows.common-controls_6595b64144ccf1df_6.0.26100.8115_none_3e075c82e3354f9c\COMCTL32.dll
0x00007ff82ebc0000 - 0x00007ff82ec69000 	C:\WINDOWS\System32\msvcrt.dll
0x00007ff82eb60000 - 0x00007ff82eb92000 	C:\WINDOWS\System32\IMM32.DLL
0x0000000052950000 - 0x000000005295c000 	C:\Program Files (x86)\360\Total Security\safemon\SafeWrapper.dll
0x00007ff8306a0000 - 0x00007ff830756000 	C:\WINDOWS\System32\ADVAPI32.dll
0x00007ff82e8c0000 - 0x00007ff82e967000 	C:\WINDOWS\System32\sechost.dll
0x00007ff82f4d0000 - 0x00007ff82f5e8000 	C:\WINDOWS\System32\RPCRT4.dll
0x00007ff80c270000 - 0x00007ff80c31c000 	C:\Program Files (x86)\360\Total Security\safemon\libzdtp64.dll
0x00007ff82f680000 - 0x00007ff82fde7000 	C:\WINDOWS\System32\SHELL32.dll
0x00007ff82d770000 - 0x00007ff82d8da000 	C:\WINDOWS\System32\wintypes.dll
0x00007ff82e530000 - 0x00007ff82e8b2000 	C:\WINDOWS\System32\combase.dll
0x00007ff82ffc0000 - 0x00007ff830026000 	C:\WINDOWS\System32\SHLWAPI.dll
0x00007ff82dcc0000 - 0x00007ff82e528000 	C:\WINDOWS\System32\Windows.Storage.dll
0x00007ff82cb50000 - 0x00007ff82cb5b000 	C:\WINDOWS\SYSTEM32\VERSION.dll
0x00007ff81a760000 - 0x00007ff81a76c000 	C:\Program Files\Eclipse Adoptium\jdk-17.0.18.8-hotspot\bin\vcruntime140_1.dll
0x00007ff808760000 - 0x00007ff8087ed000 	C:\Program Files\Eclipse Adoptium\jdk-17.0.18.8-hotspot\bin\msvcp140.dll
0x00007fffbe3d0000 - 0x00007fffbf03b000 	C:\Program Files\Eclipse Adoptium\jdk-17.0.18.8-hotspot\bin\server\jvm.dll
0x00007ff82f5f0000 - 0x00007ff82f670000 	C:\WINDOWS\System32\WS2_32.dll
0x00007ff82ced0000 - 0x00007ff82cf2e000 	C:\WINDOWS\SYSTEM32\POWRPROF.dll
0x00007ff827150000 - 0x00007ff827186000 	C:\WINDOWS\SYSTEM32\WINMM.dll
0x00007ff82ceb0000 - 0x00007ff82cec4000 	C:\WINDOWS\SYSTEM32\UMPDC.dll
0x00007ff82c160000 - 0x00007ff82c17b000 	C:\WINDOWS\SYSTEM32\kernel.appcore.dll
0x00007ff81a5f0000 - 0x00007ff81a5fa000 	C:\Program Files\Eclipse Adoptium\jdk-17.0.18.8-hotspot\bin\jimage.dll
0x00007ff82c7b0000 - 0x00007ff82c9f2000 	C:\WINDOWS\SYSTEM32\DBGHELP.DLL
0x00007ff830030000 - 0x00007ff830108000 	C:\WINDOWS\System32\OLEAUT32.dll
0x00007ff82c6a0000 - 0x00007ff82c6db000 	C:\WINDOWS\SYSTEM32\dbgcore.DLL
0x00007ff82d8e0000 - 0x00007ff82d985000 	C:\WINDOWS\System32\bcryptPrimitives.dll
0x00007ffff5e30000 - 0x00007ffff5e6b000 	C:\Program Files\Eclipse Adoptium\jdk-17.0.18.8-hotspot\bin\jdwp.dll
0x00007ff808750000 - 0x00007ff80875e000 	C:\Program Files\Eclipse Adoptium\jdk-17.0.18.8-hotspot\bin\instrument.dll
0x00007ff80c320000 - 0x00007ff80c345000 	C:\Program Files\Eclipse Adoptium\jdk-17.0.18.8-hotspot\bin\java.dll
0x00007fffbe1b0000 - 0x00007fffbe3c1000 	C:\Users\kotei\AppData\Local\Temp\idea_libasyncProfiler_dll_temp_folder4655\libasyncProfiler.dll
0x00007ff804f60000 - 0x00007ff804f78000 	C:\Program Files\Eclipse Adoptium\jdk-17.0.18.8-hotspot\bin\zip.dll
0x00007ff808650000 - 0x00007ff808727000 	C:\Program Files\Eclipse Adoptium\jdk-17.0.18.8-hotspot\bin\jsvml.dll
0x00007ff82ea50000 - 0x00007ff82eb48000 	C:\WINDOWS\System32\SHCORE.dll
0x00007ff82cf90000 - 0x00007ff82cfb9000 	C:\WINDOWS\SYSTEM32\profapi.dll
0x00007ff807ce0000 - 0x00007ff807cec000 	C:\Program Files\Eclipse Adoptium\jdk-17.0.18.8-hotspot\bin\dt_socket.dll
0x00007ff82a7c0000 - 0x00007ff82a7f2000 	C:\WINDOWS\SYSTEM32\IPHLPAPI.DLL
0x00007ff82b1f0000 - 0x00007ff82b25c000 	C:\WINDOWS\system32\mswsock.dll
0x00007ff808630000 - 0x00007ff80864a000 	C:\Program Files\Eclipse Adoptium\jdk-17.0.18.8-hotspot\bin\net.dll
0x00007ff81d840000 - 0x00007ff81d96d000 	C:\WINDOWS\SYSTEM32\WINHTTP.dll
0x00007ff806360000 - 0x00007ff806376000 	C:\Program Files\Eclipse Adoptium\jdk-17.0.18.8-hotspot\bin\nio.dll
0x00007ff82a860000 - 0x00007ff82a992000 	C:\WINDOWS\SYSTEM32\DNSAPI.dll
0x00007ff82ebb0000 - 0x00007ff82ebba000 	C:\WINDOWS\System32\NSI.dll
0x00007ff81d630000 - 0x00007ff81d63b000 	C:\Windows\System32\rasadhlp.dll
0x00007ff8256b0000 - 0x00007ff825736000 	C:\WINDOWS\System32\fwpuclnt.dll
0x00007ff811570000 - 0x00007ff81157a000 	C:\Program Files\Eclipse Adoptium\jdk-17.0.18.8-hotspot\bin\management.dll
0x00007ff811480000 - 0x00007ff81148c000 	C:\Program Files\Eclipse Adoptium\jdk-17.0.18.8-hotspot\bin\management_ext.dll
0x00007ff830640000 - 0x00007ff830648000 	C:\WINDOWS\System32\PSAPI.DLL
0x00007ff82cb20000 - 0x00007ff82cb3b000 	C:\WINDOWS\SYSTEM32\CRYPTSP.dll
0x00007ff82b4f0000 - 0x00007ff82b529000 	C:\WINDOWS\system32\rsaenh.dll
0x00007ff82b2a0000 - 0x00007ff82b2d3000 	C:\WINDOWS\SYSTEM32\USERENV.dll
0x00007ff82cf60000 - 0x00007ff82cf8a000 	C:\WINDOWS\SYSTEM32\bcrypt.dll
0x00007ff82b4e0000 - 0x00007ff82b4ec000 	C:\WINDOWS\SYSTEM32\CRYPTBASE.dll
0x00007ff823f70000 - 0x00007ff823f8d000 	C:\WINDOWS\SYSTEM32\dhcpcsvc6.DLL
0x00007ff823e10000 - 0x00007ff823e35000 	C:\WINDOWS\SYSTEM32\dhcpcsvc.DLL
0x00007ff804ed0000 - 0x00007ff804ee8000 	C:\WINDOWS\system32\napinsp.dll
0x00007ff804b70000 - 0x00007ff804b83000 	C:\WINDOWS\System32\winrnr.dll
0x00007ff8042c0000 - 0x00007ff8042e2000 	C:\WINDOWS\system32\nlansp_c.dll
0x00007ff81baa0000 - 0x00007ff81bab6000 	C:\WINDOWS\system32\wshbth.dll
0x00007ff811e00000 - 0x00007ff811e09000 	C:\Program Files\Eclipse Adoptium\jdk-17.0.18.8-hotspot\bin\extnet.dll
0x00007ff815b50000 - 0x00007ff815b5e000 	C:\Program Files\Eclipse Adoptium\jdk-17.0.18.8-hotspot\bin\sunmscapi.dll
0x00007ff82d070000 - 0x00007ff82d1e7000 	C:\WINDOWS\System32\CRYPT32.dll
0x00007ff82c180000 - 0x00007ff82c1b0000 	C:\WINDOWS\SYSTEM32\ncrypt.dll
0x00007ff82bff0000 - 0x00007ff82c02f000 	C:\WINDOWS\SYSTEM32\NTASN1.dll
0x00007ff81d830000 - 0x00007ff81d840000 	C:\Program Files\Eclipse Adoptium\jdk-17.0.18.8-hotspot\bin\verify.dll
0x00007ff82b770000 - 0x00007ff82b778000 	C:\WINDOWS\system32\wshunix.dll

dbghelp: loaded successfully - version: 4.0.5 - missing functions: none
symbol engine: initialized successfully - sym options: 0x614 - pdb path: .;C:\Program Files\Eclipse Adoptium\jdk-17.0.18.8-hotspot\bin;C:\WINDOWS\SYSTEM32;C:\WINDOWS\WinSxS\amd64_microsoft.windows.common-controls_6595b64144ccf1df_6.0.26100.8115_none_3e075c82e3354f9c;C:\Program Files (x86)\360\Total Security\safemon;C:\Program Files\Eclipse Adoptium\jdk-17.0.18.8-hotspot\bin\server;C:\Users\kotei\AppData\Local\Temp\idea_libasyncProfiler_dll_temp_folder4655

VM Arguments:
jvm_args: -agentlib:jdwp=transport=dt_socket,address=127.0.0.1:56062,suspend=y,server=n -javaagent:C:\Users\kotei\AppData\Local\JetBrains\IntelliJIdea2025.2\captureAgent\debugger-agent.jar=file:///C:/Users/kotei/AppData/Local/Temp/capture6532951280684636070.props -agentpath:C:\Users\kotei\AppData\Local\Temp\idea_libasyncProfiler_dll_temp_folder4655\libasyncProfiler.dll=version,jfr,event=wall,interval=10ms,cstack=no,file=C:\Users\kotei\IdeaSnapshots\AutoAPIGeneratorApplication_2026_05_03_092512.jfr,dbghelppath=C:\Users\kotei\AppData\Local\Temp\idea_dbghelp_dll_temp_folder29551\dbghelp.dll,log=C:\Users\kotei\AppData\Local\Temp\AutoAPIGeneratorApplication_2026_05_03_092512.jfr.log.txt,logLevel=DEBUG -XX:TieredStopAtLevel=1 -Dspring.output.ansi.enabled=always -Dcom.sun.management.jmxremote -Dspring.jmx.enabled=true -Dspring.liveBeansView.mbeanDomain -Dspring.application.admin.enabled=true -Dmanagement.endpoints.jmx.exposure.include=* -Dkotlinx.coroutines.debug.enable.creation.stack.trace=false -Ddebugger.agent.enable.coroutines=true -Dkotlinx.coroutines.debug.enable.flows.stack.trace=true -Dkotlinx.coroutines.debug.enable.mutable.state.flows.stack.trace=true -Dfile.encoding=UTF-8 
java_command: com.usg.autoAPIGenerator.AutoAPIGeneratorApplication
java_class_path (initial): C:\Users\kotei\OneDrive\Documents\KEY PROJECTS\API AUTOMATION\SERVER\target\classes;C:\Users\kotei\.m2\repository\org\springframework\boot\spring-boot-starter-data-jpa\3.4.12\spring-boot-starter-data-jpa-3.4.12.jar;C:\Users\kotei\.m2\repository\org\springframework\boot\spring-boot-starter\3.4.12\spring-boot-starter-3.4.12.jar;C:\Users\kotei\.m2\repository\org\springframework\boot\spring-boot-starter-logging\3.4.12\spring-boot-starter-logging-3.4.12.jar;C:\Users\kotei\.m2\repository\ch\qos\logback\logback-classic\1.5.21\logback-classic-1.5.21.jar;C:\Users\kotei\.m2\repository\ch\qos\logback\logback-core\1.5.21\logback-core-1.5.21.jar;C:\Users\kotei\.m2\repository\org\apache\logging\log4j\log4j-to-slf4j\2.24.3\log4j-to-slf4j-2.24.3.jar;C:\Users\kotei\.m2\repository\org\apache\logging\log4j\log4j-api\2.24.3\log4j-api-2.24.3.jar;C:\Users\kotei\.m2\repository\org\slf4j\jul-to-slf4j\2.0.17\jul-to-slf4j-2.0.17.jar;C:\Users\kotei\.m2\repository\org\yaml\snakeyaml\2.3\snakeyaml-2.3.jar;C:\Users\kotei\.m2\repository\org\springframework\boot\spring-boot-starter-jdbc\3.4.12\spring-boot-starter-jdbc-3.4.12.jar;C:\Users\kotei\.m2\repository\com\zaxxer\HikariCP\5.1.0\HikariCP-5.1.0.jar;C:\Users\kotei\.m2\repository\org\springframework\spring-jdbc\6.2.14\spring-jdbc-6.2.14.jar;C:\Users\kotei\.m2\repository\org\hibernate\orm\hibernate-core\6.6.36.Final\hibernate-core-6.6.36.Final.jar;C:\Users\kotei\.m2\repository\jakarta\persistence\jakarta.persistence-api\3.1.0\jakarta.persistence-api-3.1.0.jar;C:\Users\kotei\.m2\repository\jakarta\transaction\jakarta.transaction-api\2.0.1\jakarta.transaction-api-2.0.1.jar;C:\Users\kotei\.m2\repository\org\jboss\logging\jboss-logging\3.6.1.Final\jboss-logging-3.6.1.Final.jar;C:\Users\kotei\.m2\repository\org\hibernate\common\hibernate-commons-annotations\7.0.3.Final\hibernate-commons-annotations-7.0.3.Final.jar;C:\Users\kotei\.m2\repository\io\smallrye\jandex\3.2.0\jandex-3.2.0.jar;C:\Users\kotei\.m2\repository\com\fast
Launcher Type: SUN_STANDARD

[Global flags]
     intx CICompilerCount                          = 4                                         {product} {ergonomic}
     uint ConcGCThreads                            = 2                                         {product} {ergonomic}
     uint G1ConcRefinementThreads                  = 8                                         {product} {ergonomic}
   size_t G1HeapRegionSize                         = 4194304                                   {product} {ergonomic}
    uintx GCDrainStackTargetSize                   = 64                                        {product} {ergonomic}
   size_t InitialHeapSize                          = 532676608                                 {product} {ergonomic}
     bool ManagementServer                         = true                                      {product} {command line}
   size_t MarkStackSize                            = 4194304                                   {product} {ergonomic}
   size_t MaxHeapSize                              = 8514437120                                {product} {ergonomic}
   size_t MaxNewSize                               = 5108662272                                {product} {ergonomic}
   size_t MinHeapDeltaBytes                        = 4194304                                   {product} {ergonomic}
   size_t MinHeapSize                              = 8388608                                   {product} {ergonomic}
    uintx NonProfiledCodeHeapSize                  = 0                                      {pd product} {ergonomic}
     bool ProfileInterpreter                       = false                                  {pd product} {command line}
    uintx ProfiledCodeHeapSize                     = 0                                      {pd product} {ergonomic}
   size_t SoftMaxHeapSize                          = 8514437120                             {manageable} {ergonomic}
     intx TieredStopAtLevel                        = 1                                         {product} {command line}
     bool UseCompressedClassPointers               = true                           {product lp64_product} {ergonomic}
     bool UseCompressedOops                        = true                           {product lp64_product} {ergonomic}
     bool UseG1GC                                  = true                                      {product} {ergonomic}
     bool UseLargePagesIndividualAllocation        = false                                  {pd product} {ergonomic}

Logging:
Log output configuration:
 #0: stdout all=warning uptime,level,tags
 #1: stderr all=off uptime,level,tags

Environment Variables:
JAVA_HOME=C:\Program Files\Eclipse Adoptium\jdk-17.0.18.8-hotspot
PATH=C:\Program Files\Eclipse Adoptium\jdk-17.0.18.8-hotspot\bin;C:\Program Files\Common Files\Oracle\Java\javapath;C:\WINDOWS\system32;C:\WINDOWS;C:\WINDOWS\System32\Wbem;C:\WINDOWS\System32\WindowsPowerShell\v1.0\;C:\WINDOWS\System32\OpenSSH\;C:\Program Files\nodejs\;C:\Program Files\Apache\Maven\bin;C:\Program Files\Git\cmd;C:\Program Files\PostgreSQL\18\bin;C:\Program Files\Eclipse Adoptium\jdk-17.0.18.8-hotspot\bin;C:\Program Files\PuTTY\;C:\Users\kotei\AppData\Local\Microsoft\WindowsApps;C:\Users\kotei\AppData\Local\Programs\Microsoft VS Code\bin;C:\Users\kotei\AppData\Roaming\npm;
USERNAME=kotei
OS=Windows_NT
PROCESSOR_IDENTIFIER=Intel64 Family 6 Model 140 Stepping 1, GenuineIntel
TMP=C:\Users\kotei\AppData\Local\Temp
TEMP=C:\Users\kotei\AppData\Local\Temp



Periodic native trim disabled


---------------  S Y S T E M  ---------------

OS:
 Windows 11 , 64 bit Build 26100 (10.0.26100.8246)
OS uptime: 0 days 0:41 hours
Hyper-V role detected

CPU: total 8 (initial active 8) (4 cores per cpu, 2 threads per core) family 6 model 140 stepping 1 microcode 0x86, cx8, cmov, fxsr, ht, mmx, 3dnowpref, sse, sse2, sse3, ssse3, sse4.1, sse4.2, popcnt, lzcnt, tsc, tscinvbit, avx, avx2, aes, erms, clmul, bmi1, bmi2, adx, avx512f, avx512dq, avx512cd, avx512bw, avx512vl, sha, fma, vzeroupper, avx512_vpopcntdq, avx512_vpclmulqdq, avx512_vaes, avx512_vnni, clflush, clflushopt, clwb, avx512_vbmi2, avx512_vbmi, hv
Processor Information for all 8 processors :
  Max Mhz: 2419, Current Mhz: 2419, Mhz Limit: 2419

Memory: 4k page, system-wide physical 32466M (17932M free)
TotalPageFile size 34514M (AvailPageFile size 19490M)
current process WorkingSet (physical memory assigned to process): 963M, peak: 1011M
current process commit charge ("private bytes"): 1013M, peak: 1063M

vm_info: OpenJDK 64-Bit Server VM (17.0.18+8) for windows-amd64 JRE (17.0.18+8), built on Jan 20 2026 22:28:22 by "admin" with MS VC++ 17.12 (VS2022)

END.
