#
# A fatal error has been detected by the Java Runtime Environment:
#
#  EXCEPTION_ACCESS_VIOLATION (0xc0000005) at pc=0x00007ffc0ebecad6, pid=20092, tid=23660
#
# JRE version: OpenJDK Runtime Environment Temurin-17.0.18+8 (17.0.18+8) (build 17.0.18+8)
# Java VM: OpenJDK 64-Bit Server VM Temurin-17.0.18+8 (17.0.18+8, mixed mode, emulated-client, sharing, tiered, compressed oops, compressed class ptrs, g1 gc, windows-amd64)
# Problematic frame:
# V  [jvm.dll+0xcad6]
#
# No core dump will be written. Minidumps are not enabled by default on client versions of Windows
#
# If you would like to submit a bug report, please visit:
#   https://github.com/adoptium/adoptium-support/issues
#

---------------  S U M M A R Y ------------

Command Line: -agentlib:jdwp=transport=dt_socket,address=127.0.0.1:52328,suspend=y,server=n -javaagent:C:\Users\kotei\AppData\Local\JetBrains\IntelliJIdea2025.2\captureAgent\debugger-agent.jar=file:///C:/Users/kotei/AppData/Local/Temp/capture14470850098540257022.props -agentpath:C:\Users\kotei\AppData\Local\Temp\idea_libasyncProfiler_dll_temp_folder23580\libasyncProfiler.dll=version,jfr,event=wall,interval=10ms,cstack=no,file=C:\Users\kotei\IdeaSnapshots\AutoAPIGeneratorApplication_2026_04_16_164413.jfr,dbghelppath=C:\Users\kotei\AppData\Local\Temp\idea_dbghelp_dll_temp_folder27587\dbghelp.dll,log=C:\Users\kotei\AppData\Local\Temp\AutoAPIGeneratorApplication_2026_04_16_164413.jfr.log.txt,logLevel=DEBUG -XX:TieredStopAtLevel=1 -Dspring.output.ansi.enabled=always -Dcom.sun.management.jmxremote -Dspring.jmx.enabled=true -Dspring.liveBeansView.mbeanDomain -Dspring.application.admin.enabled=true -Dmanagement.endpoints.jmx.exposure.include=* -Dkotlinx.coroutines.debug.enable.creation.stack.trace=false -Ddebugger.agent.enable.coroutines=true -Dkotlinx.coroutines.debug.enable.flows.stack.trace=true -Dkotlinx.coroutines.debug.enable.mutable.state.flows.stack.trace=true -Dfile.encoding=UTF-8 com.usg.autoAPIGenerator.AutoAPIGeneratorApplication

Host: 11th Gen Intel(R) Core(TM) i5-1135G7 @ 2.40GHz, 8 cores, 31G,  Windows 11 , 64 bit Build 26100 (10.0.26100.8246)
Time: Thu Apr 16 17:23:39 2026 Greenwich Standard Time elapsed time: 2365.727476 seconds (0d 0h 39m 25s)

---------------  T H R E A D  ---------------

Current thread (0x000001c16cc56050):  ConcurrentGCThread "G1 Conc#0" [stack: 0x0000006197700000,0x0000006197800000] [id=23660]

Stack: [0x0000006197700000,0x0000006197800000],  sp=0x00000061977ffb58,  free space=1022k
Native frames: (J=compiled Java code, j=interpreted, Vv=VM code, C=native code)
V  [jvm.dll+0xcad6]


siginfo: EXCEPTION_ACCESS_VIOLATION (0xc0000005), reading address 0x000001c14374636d


Registers:
RAX=0x2400804900240080, RBX=0x000001c16cc44101, RCX=0x0000000606abe168, RDX=0x0000000606abe168
RSP=0x00000061977ffb58, RBP=0x0000000000000001, RSI=0x000001c16cc44130, RDI=0x0000000606abe168
R8 =0x000001c1735caf80, R9 =0x000001c143746365, R10=0x000001c16cc44130, R11=0x0000000000000003
R12=0x0000000000000000, R13=0xaaaaaaaaaaaaaaab, R14=0x000001c1080512d0, R15=0x00000006078904f0
RIP=0x00007ffc0ebecad6, EFLAGS=0x0000000000010206

XMM[0]=0x0000000000000000 0x0000000000000000
XMM[1]=0x0000000000000000 0x0000000000000000
XMM[2]=0x0000000000000000 0x0000000000000000
XMM[3]=0x0000000000000000 0x0000000000000000
XMM[4]=0x0000000000000000 0x0000000000000000
XMM[5]=0x0000000000000000 0x0000000000000000
XMM[6]=0x0000000000000000 0x3ffda873f6627e10
XMM[7]=0x0000000000000000 0x408f400000000000
XMM[8]=0x0000000000000000 0x0000000000000000
XMM[9]=0x0000000000000000 0x0000000000000000
XMM[10]=0x0000000000000000 0x0000000000000000
XMM[11]=0x0000000000000000 0x0000000000000000
XMM[12]=0x0000000000000000 0x0000000000000000
XMM[13]=0x0000000000000000 0x0000000000000000
XMM[14]=0x0000000000000000 0x0000000000000000
XMM[15]=0x0000000000000000 0x0000000000000000
  MXCSR=0x00001fa0


Register to memory mapping:

RIP=0x00007ffc0ebecad6 jvm.dll
RAX=0x2400804900240080 is an unknown value
RBX=0x000001c16cc44101 points into unknown readable memory: 00 00 00 00 00 00 00
RCX=0x0000000606abe168 is pointing into object: [B 
{0x0000000606abe130} - klass: {type array byte}
 - length: 56
RDX=0x0000000606abe168 is pointing into object: [B 
{0x0000000606abe130} - klass: {type array byte}
 - length: 56
RSP=0x00000061977ffb58 points into unknown readable memory: 0x00007ffc0eeba9cd | cd a9 eb 0e fc 7f 00 00
RBP=0x0000000000000001 is an unknown value
RSI=0x000001c16cc44130 points into unknown readable memory: 0x000001c16cc54830 | 30 48 c5 6c c1 01 00 00
RDI=0x0000000606abe168 is pointing into object: [B 
{0x0000000606abe130} - klass: {type array byte}
 - length: 56
R8 =0x000001c1735caf80 points into unknown readable memory: 0x2400a04900240080 | 80 00 24 00 49 a0 00 24
R9 =0x000001c143746365 is an unknown value
R10=0x000001c16cc44130 points into unknown readable memory: 0x000001c16cc54830 | 30 48 c5 6c c1 01 00 00
R11=0x0000000000000003 is an unknown value
R12=0x0 is NULL
R13=0xaaaaaaaaaaaaaaab is an unknown value
R14={method} {0x000001c1080512d8} 'equals' '(Ljava/lang/Object;)Z' in 'java/lang/reflect/Method'
R15=0x00000006078904f0 is an oop: java.lang.reflect.Method 
{0x00000006078904f0} - klass: 'java/lang/reflect/Method'
 - ---- fields (total size 11 words):
 - 'override' 'Z' @12  true
 - volatile 'accessCheckCache' 'Ljava/lang/Object;' @16  NULL (0)
 - private volatile transient 'hasRealParameterData' 'Z' @13  false
 - private volatile transient 'parameters' '[Ljava/lang/reflect/Parameter;' @20  NULL (0)
 - private volatile transient 'declaredAnnotations' 'Ljava/util/Map;' @24  NULL (0)
 - private 'slot' 'I' @28  59 (3b)
 - private synchronized 'modifiers' 'I' @32  1
 - private synchronized 'clazz' 'Ljava/lang/Class;' @36  a 'java/lang/Class'{0x0000000605bfaca8} = 'com/usg/autoAPIGenerator/entities/postgres/codeBase/ImplementationEntity' (c0b7f595)
 - private 'name' 'Ljava/lang/String;' @40  
[error occurred during error reporting (printing register info), id 0xc0000005, EXCEPTION_ACCESS_VIOLATION (0xc0000005) at pc=0x00007ffc0f251253]

Top of Stack: (sp=0x00000061977ffb58)
0x00000061977ffb58:   00007ffc0eeba9cd 00000000000bebc2
0x00000061977ffb68:   00007ffc0eeba9cd 00002fe722ded118
0x00000061977ffb78:   00007ffc0eeba939 0000000606abe168
0x00000061977ffb88:   00007ffc0eeba7cd 000001c16cc5e690
0x00000061977ffb98:   00000061977ffd30 000001c1080512c8
0x00000061977ffba8:   00000061977ffd30 0000000607890544
0x00000061977ffbb8:   00007ffc0eeb88ad 0000000607890518
0x00000061977ffbc8:   00007ffc0eeb8d5d 00000006078f4974
0x00000061977ffbd8:   00007ffc0eeb88ad 0000000000000000
0x00000061977ffbe8:   0000000000000040 00000006078904f0
0x00000061977ffbf8:   00007ffc0eeb84f1 000001c108050e80
0x00000061977ffc08:   000000000000000b 00000061977ffd30
0x00000061977ffc18:   0000000000000000 000001c16cc5e690
0x00000061977ffc28:   00007ffc0eecbcf4 00000006078904f0
0x00000061977ffc38:   000000000000005c 000001c16cc5df00
0x00000061977ffc48:   00007ffc0eece014 00000061977ffd10
0x00000061977ffc58:   0000000000000000 00000061977ffd10
0x00000061977ffc68:   000001c16cc44140 000000060752c428
0x00000061977ffc78:   00007ffc0eeca8ac 00000006078f6860
0x00000061977ffc88:   00000000005a5885 00000061977ffcc0
0x00000061977ffc98:   00007ffc0eecbcf4 0000000000600000
0x00000061977ffca8:   00007ffc0eecc29c 000000060752c3b8
0x00000061977ffcb8:   00000000005a5885 00000000008583b0
0x00000061977ffcc8:   00000000000bebc2 0000000000000001
0x00000061977ffcd8:   0000000000000000 000001c16cc5e690
0x00000061977ffce8:   00007ffc0eecb1e0 000001c16cc5e728
0x00000061977ffcf8:   00000061976ff701 000001c16cc5e728
0x00000061977ffd08:   0000000000000000 000001c16cc44130
0x00000061977ffd18:   000001c16cc5e690 0000000607400000
0x00000061977ffd28:   0000000000080000 00007ffc0f539c58
0x00000061977ffd38:   000001c16cbb3200 000001c100000003
0x00000061977ffd48:   000001c16cba8120 000001c16cc5e690 

Instructions: (pc=0x00007ffc0ebecad6)
0x00007ffc0ebec9d6:   cc cc cc cc cc cc cc cc cc cc 4c 8b 01 4c 8b c9
0x00007ffc0ebec9e6:   48 8b 0d 23 f2 b6 00 ba 64 60 08 00 e9 59 f1 ff
0x00007ffc0ebec9f6:   ff cc cc cc cc cc cc cc cc cc 8b 05 02 39 b1 00
0x00007ffc0ebeca06:   c3 cc cc cc cc cc cc cc cc cc 0f b6 05 1e fb b7
0x00007ffc0ebeca16:   00 48 8b d1 84 c0 74 16 44 8b 41 08 8b 0d e0 38
0x00007ffc0ebeca26:   b1 00 49 d3 e0 4c 03 05 ce 38 b1 00 eb 04 4c 8b
0x00007ffc0ebeca36:   41 08 45 8b 48 08 45 85 c9 7e 0e 41 f6 c1 01 75
0x00007ffc0ebeca46:   53 41 c1 f9 03 41 8b c1 c3 79 49 84 c0 41 b8 0c
0x00007ffc0ebeca56:   00 00 00 8b 05 e5 47 b1 00 b9 10 00 00 00 41 0f
0x00007ffc0ebeca66:   45 c8 ff c8 48 98 48 63 14 11 41 8b c9 83 e1 3f
0x00007ffc0ebeca76:   48 d3 e2 41 8b c9 48 c1 f9 10 44 0f b6 c1 48 8d
0x00007ffc0ebeca86:   0c 10 48 f7 d0 4c 03 c1 48 c1 e8 03 49 c1 e8 03
0x00007ffc0ebeca96:   41 23 c0 c3 49 8b 00 49 8b c8 48 ff a0 00 01 00
0x00007ffc0ebecaa6:   00 cc cc cc cc cc cc cc cc cc 8b 44 24 30 45 03
0x00007ffc0ebecab6:   c9 44 2b 4c 24 28 83 c0 0b 44 03 ca 45 03 c8 41
0x00007ffc0ebecac6:   03 c1 c3 cc cc cc cc cc cc cc 4c 8b ca 48 8b d1
0x00007ffc0ebecad6:   45 8b 41 08 45 85 c0 7e 0e 41 f6 c0 01 75 56 41
0x00007ffc0ebecae6:   c1 f8 03 41 8b c0 c3 79 4c 80 3d 3f fa b7 00 00
0x00007ffc0ebecaf6:   b8 0c 00 00 00 b9 10 00 00 00 0f 45 c8 8b 05 3b
0x00007ffc0ebecb06:   47 b1 00 ff c8 48 98 48 63 14 11 41 8b c8 83 e1
0x00007ffc0ebecb16:   3f 48 d3 e2 41 8b c8 48 c1 f9 10 44 0f b6 c1 48
0x00007ffc0ebecb26:   8d 0c 10 48 f7 d0 4c 03 c1 48 c1 e8 03 49 c1 e8
0x00007ffc0ebecb36:   03 41 23 c0 c3 49 8b 01 49 8b c9 48 ff a0 00 01
0x00007ffc0ebecb46:   00 00 cc cc cc cc cc cc cc cc 48 8b 41 08 0f b7
0x00007ffc0ebecb56:   48 2a 0f b7 40 28 83 c0 48 03 c1 c3 cc cc cc cc
0x00007ffc0ebecb66:   cc cc cc cc cc cc cc cc cc cc 48 89 5c 24 08 57
0x00007ffc0ebecb76:   48 83 ec 20 0f b6 05 6f e6 bb 00 48 8b fa 48 8b
0x00007ffc0ebecb86:   d9 84 c0 74 4f 48 85 15 56 de bb 00 74 38 48 8b
0x00007ffc0ebecb96:   ca e8 04 f1 85 00 48 8b d0 48 85 db 74 25 48 85
0x00007ffc0ebecba6:   c0 74 20 48 8b c7 f0 48 0f b1 13 74 16 48 85 05
0x00007ffc0ebecbb6:   2e de bb 00 74 0d 48 8b c8 f0 48 0f b1 13 48 3b
0x00007ffc0ebecbc6:   c1 75 ea 48 8b fa 48 8b c7 48 8b 5c 24 30 48 83 


Stack slot to memory mapping:
stack at sp + 0 slots: 0x00007ffc0eeba9cd jvm.dll
stack at sp + 1 slots: 0x00000000000bebc2 is an unknown value
stack at sp + 2 slots: 0x00007ffc0eeba9cd jvm.dll
stack at sp + 3 slots: 0x00002fe722ded118 is an unknown value
stack at sp + 4 slots: 0x00007ffc0eeba939 jvm.dll
stack at sp + 5 slots: 0x0000000606abe168 is pointing into object: [B 
{0x0000000606abe130} - klass: {type array byte}
 - length: 56
stack at sp + 6 slots: 0x00007ffc0eeba7cd jvm.dll
stack at sp + 7 slots: 0x000001c16cc5e690 points into unknown readable memory: 0x00007ffc0f539c38 | 38 9c 53 0f fc 7f 00 00


---------------  P R O C E S S  ---------------

Threads class SMR info:
_java_thread_list=0x000001c15b2b4400, length=43, elements={
0x000001c17df3eb30, 0x000001c17df40170, 0x000001c17df4ab00, 0x000001c17df4b3d0,
0x000001c17df4c810, 0x000001c17df4dc50, 0x000001c17df51150, 0x000001c17df5f170,
0x000001c17dfcdc10, 0x000001c17e0b14f0, 0x000001c17e0d0630, 0x000001c17e0d4070,
0x000001c17e100f80, 0x000001c14d13e1d0, 0x000001c14df784f0, 0x000001c14e7385c0,
0x000001c1517fbf90, 0x000001c1517fc4a0, 0x000001c1517fba80, 0x000001c1517fd3d0,
0x000001c1517fab50, 0x000001c153d2f960, 0x000001c153d33620, 0x000001c153d34040,
0x000001c152369a30, 0x000001c1546e6660, 0x000001c159f92ef0, 0x000001c159f96bb0,
0x000001c159f970c0, 0x000001c159f93910, 0x000001c159f975d0, 0x000001c159f93e20,
0x000001c159f98a10, 0x000001c159f97ae0, 0x000001c159f98f20, 0x000001c159f99430,
0x000001c159f98500, 0x000001c159f9ad80, 0x000001c159f9b290, 0x000001c159f99940,
0x000001c159f9a360, 0x000001c159f9c1c0, 0x000001c15af76120
}

Java Threads: ( => current thread )
  0x000001c17df3eb30 JavaThread "Reference Handler" daemon [_thread_blocked, id=17528, stack(0x0000006197b00000,0x0000006197c00000)]
  0x000001c17df40170 JavaThread "Finalizer" daemon [_thread_blocked, id=9432, stack(0x0000006197c00000,0x0000006197d00000)]
  0x000001c17df4ab00 JavaThread "Signal Dispatcher" daemon [_thread_blocked, id=10668, stack(0x0000006197d00000,0x0000006197e00000)]
  0x000001c17df4b3d0 JavaThread "Attach Listener" daemon [_thread_blocked, id=24860, stack(0x0000006197e00000,0x0000006197f00000)]
  0x000001c17df4c810 JavaThread "Service Thread" daemon [_thread_blocked, id=23272, stack(0x0000006197f00000,0x0000006198000000)]
  0x000001c17df4dc50 JavaThread "Monitor Deflation Thread" daemon [_thread_blocked, id=6184, stack(0x0000006198000000,0x0000006198100000)]
  0x000001c17df51150 JavaThread "C1 CompilerThread0" daemon [_thread_blocked, id=12252, stack(0x0000006198100000,0x0000006198200000)]
  0x000001c17df5f170 JavaThread "Sweeper thread" daemon [_thread_blocked, id=23492, stack(0x0000006198200000,0x0000006198300000)]
  0x000001c17dfcdc10 JavaThread "Common-Cleaner" daemon [_thread_blocked, id=9388, stack(0x0000006198300000,0x0000006198400000)]
  0x000001c17e0b14f0 JavaThread "JDWP Transport Listener: dt_socket" daemon [_thread_blocked, id=6032, stack(0x0000006198600000,0x0000006198700000)]
  0x000001c17e0d0630 JavaThread "JDWP Event Helper Thread" daemon [_thread_blocked, id=7596, stack(0x0000006198700000,0x0000006198800000)]
  0x000001c17e0d4070 JavaThread "JDWP Command Reader" daemon [_thread_in_native, id=17144, stack(0x0000006198800000,0x0000006198900000)]
  0x000001c17e100f80 JavaThread "IntelliJ Suspend Helper" daemon [_thread_blocked, id=7956, stack(0x0000006198900000,0x0000006198a00000)]
  0x000001c14d13e1d0 JavaThread "Notification Thread" daemon [_thread_blocked, id=20672, stack(0x0000006198a00000,0x0000006198b00000)]
  0x000001c14df784f0 JavaThread "RMI TCP Accept-0" daemon [_thread_in_native, id=6040, stack(0x0000006198b00000,0x0000006198c00000)]
  0x000001c14e7385c0 JavaThread "RMI Scheduler(0)" daemon [_thread_blocked, id=11152, stack(0x0000006199800000,0x0000006199900000)]
  0x000001c1517fbf90 JavaThread "Catalina-utility-1" [_thread_blocked, id=16904, stack(0x0000006199900000,0x0000006199a00000)]
  0x000001c1517fc4a0 JavaThread "Catalina-utility-2" [_thread_blocked, id=19376, stack(0x0000006199c00000,0x0000006199d00000)]
  0x000001c1517fba80 JavaThread "container-0" [_thread_blocked, id=24704, stack(0x0000006199d00000,0x0000006199e00000)]
  0x000001c1517fd3d0 JavaThread "PostgreSQL-JDBC-Cleaner" daemon [_thread_blocked, id=4556, stack(0x0000006199f00000,0x000000619a000000)]
  0x000001c1517fab50 JavaThread "PostgreSQL-Hikari-Pool housekeeper" daemon [_thread_blocked, id=13468, stack(0x000000619a000000,0x000000619a100000)]
  0x000001c153d2f960 JavaThread "Oracle-Hikari-Pool housekeeper" daemon [_thread_blocked, id=19464, stack(0x000000619a300000,0x000000619a400000)]
  0x000001c153d33620 JavaThread "Timer-0" daemon [_thread_blocked, id=12352, stack(0x000000619a500000,0x000000619a600000)]
  0x000001c153d34040 JavaThread "oracle.jdbc.driver.BlockSource.ThreadedCachingBlockSource.BlockReleaser" daemon [_thread_blocked, id=2536, stack(0x000000619a600000,0x000000619a700000)]
  0x000001c152369a30 JavaThread "InterruptTimer" daemon [_thread_blocked, id=20432, stack(0x000000619a700000,0x000000619a800000)]
  0x000001c1546e6660 JavaThread "pool-2-thread-1" [_thread_blocked, id=5516, stack(0x000000619ac00000,0x000000619ad00000)]
  0x000001c159f92ef0 JavaThread "File Watcher" daemon [_thread_blocked, id=22188, stack(0x000000619ad00000,0x000000619ae00000)]
  0x000001c159f96bb0 JavaThread "Live Reload Server" daemon [_thread_in_native, id=19524, stack(0x000000619b000000,0x000000619b100000)]
  0x000001c159f970c0 JavaThread "http-nio-4789-exec-1" daemon [_thread_blocked, id=20348, stack(0x000000619af00000,0x000000619b000000)]
  0x000001c159f93910 JavaThread "http-nio-4789-exec-2" daemon [_thread_blocked, id=17640, stack(0x000000619b100000,0x000000619b200000)]
  0x000001c159f975d0 JavaThread "http-nio-4789-exec-3" daemon [_thread_blocked, id=9508, stack(0x000000619b200000,0x000000619b300000)]
  0x000001c159f93e20 JavaThread "http-nio-4789-exec-4" daemon [_thread_blocked, id=472, stack(0x000000619b300000,0x000000619b400000)]
  0x000001c159f98a10 JavaThread "http-nio-4789-exec-5" daemon [_thread_blocked, id=20888, stack(0x000000619b400000,0x000000619b500000)]
  0x000001c159f97ae0 JavaThread "http-nio-4789-exec-6" daemon [_thread_blocked, id=5388, stack(0x000000619b500000,0x000000619b600000)]
  0x000001c159f98f20 JavaThread "http-nio-4789-exec-7" daemon [_thread_blocked, id=10528, stack(0x000000619b600000,0x000000619b700000)]
  0x000001c159f99430 JavaThread "http-nio-4789-exec-8" daemon [_thread_blocked, id=25276, stack(0x000000619b700000,0x000000619b800000)]
  0x000001c159f98500 JavaThread "http-nio-4789-exec-9" daemon [_thread_blocked, id=876, stack(0x000000619b800000,0x000000619b900000)]
  0x000001c159f9ad80 JavaThread "http-nio-4789-exec-10" daemon [_thread_blocked, id=12260, stack(0x000000619b900000,0x000000619ba00000)]
  0x000001c159f9b290 JavaThread "http-nio-4789-Poller" daemon [_thread_in_native, id=2504, stack(0x000000619ba00000,0x000000619bb00000)]
  0x000001c159f99940 JavaThread "http-nio-4789-Acceptor" daemon [_thread_in_native, id=8400, stack(0x000000619bb00000,0x000000619bc00000)]
  0x000001c159f9a360 JavaThread "DestroyJavaVM" [_thread_blocked, id=5836, stack(0x0000006197400000,0x0000006197500000)]
  0x000001c159f9c1c0 JavaThread "OracleTimeoutPollingThread" daemon [_thread_blocked, id=18328, stack(0x0000006199600000,0x0000006199700000)]
  0x000001c15af76120 JavaThread "PostgreSQL-JDBC-SharedTimer-2" daemon [_thread_blocked, id=15588, stack(0x0000006197100000,0x0000006197200000)]

Other Threads:
  0x000001c17df33fb0 VMThread "VM Thread" [stack: 0x0000006197a00000,0x0000006197b00000] [id=13368]
  0x000001c14de54590 WatcherThread [stack: 0x0000006198c00000,0x0000006198d00000] [id=21516]
  0x000001c16cbabb20 GCTaskThread "GC Thread#0" [stack: 0x0000006197500000,0x0000006197600000] [id=8688]
  0x000001c14de39e60 GCTaskThread "GC Thread#1" [stack: 0x0000006198d00000,0x0000006198e00000] [id=24228]
  0x000001c14de3ac20 GCTaskThread "GC Thread#2" [stack: 0x0000006198e00000,0x0000006198f00000] [id=23544]
  0x000001c14de3b720 GCTaskThread "GC Thread#3" [stack: 0x0000006198f00000,0x0000006199000000] [id=21644]
  0x000001c14de39ba0 GCTaskThread "GC Thread#4" [stack: 0x0000006199000000,0x0000006199100000] [id=22656]
  0x000001c14de3a120 GCTaskThread "GC Thread#5" [stack: 0x0000006199100000,0x0000006199200000] [id=23220]
  0x000001c14de3a6a0 GCTaskThread "GC Thread#6" [stack: 0x0000006199200000,0x0000006199300000] [id=5900]
  0x000001c14e0f3420 GCTaskThread "GC Thread#7" [stack: 0x0000006199300000,0x0000006199400000] [id=5284]
  0x000001c16cc54830 ConcurrentGCThread "G1 Main Marker" [stack: 0x0000006197600000,0x0000006197700000] [id=9228]
=>0x000001c16cc56050 ConcurrentGCThread "G1 Conc#0" [stack: 0x0000006197700000,0x0000006197800000] [id=23660]
  0x000001c14e0f0ae0 ConcurrentGCThread "G1 Conc#1" [stack: 0x0000006199a00000,0x0000006199b00000] [id=6860]
  0x000001c16ccbe8e0 ConcurrentGCThread "G1 Refine#0" [stack: 0x0000006197800000,0x0000006197900000] [id=8208]
  0x000001c14e0702f0 ConcurrentGCThread "G1 Refine#1" [stack: 0x0000006199400000,0x0000006199500000] [id=22816]
  0x000001c15491c640 ConcurrentGCThread "G1 Refine#2" [stack: 0x000000619a100000,0x000000619a200000] [id=15384]
  0x000001c15491d4f0 ConcurrentGCThread "G1 Refine#3" [stack: 0x000000619a800000,0x000000619a900000] [id=23644]
  0x000001c15491cf10 ConcurrentGCThread "G1 Refine#4" [stack: 0x000000619a900000,0x000000619aa00000] [id=21352]
  0x000001c15491d200 ConcurrentGCThread "G1 Refine#5" [stack: 0x000000619aa00000,0x000000619ab00000] [id=19496]
  0x000001c15491d7e0 ConcurrentGCThread "G1 Refine#6" [stack: 0x000000619ab00000,0x000000619ac00000] [id=16288]
  0x000001c17dddfd90 ConcurrentGCThread "G1 Service" [stack: 0x0000006197900000,0x0000006197a00000] [id=18748]

Threads with active compile tasks:

VM state: not at safepoint (normal execution)

VM Mutex/Monitor currently owned by a thread: None

Heap address: 0x0000000604800000, size: 8120 MB, Compressed Oops mode: Zero based, Oop shift amount: 3

CDS archive(s) mapped at: [0x000001c108000000-0x000001c108bb0000-0x000001c108bb0000), size 12255232, SharedBaseAddress: 0x000001c108000000, ArchiveRelocationMode: 1.
Compressed class space mapped at: 0x000001c109000000-0x000001c149000000, reserved size: 1073741824
Narrow klass base: 0x000001c108000000, Narrow klass shift: 0, Narrow klass range: 0x100000000

GC Precious Log:
 CPUs: 8 total, 8 available
 Memory: 32466M
 Large Page Support: Disabled
 NUMA Support: Disabled
 Compressed Oops: Enabled (Zero based)
 Heap Region Size: 4M
 Heap Min Capacity: 8M
 Heap Initial Capacity: 508M
 Heap Max Capacity: 8120M
 Pre-touch: Disabled
 Parallel Workers: 8
 Concurrent Workers: 2
 Concurrent Refinement Workers: 8
 Periodic GC: Disabled

Heap:
 garbage-first heap   total 409600K, used 112126K [0x0000000604800000, 0x0000000800000000)
  region size 4096K, 2 young (8192K), 1 survivors (4096K)
 Metaspace       used 117373K, committed 118400K, reserved 1179648K
  class space    used 15900K, committed 16384K, reserved 1048576K

Heap Regions: E=young(eden), S=young(survivor), O=old, HS=humongous(starts), HC=humongous(continues), CS=collection set, F=free, OA=open archive, CA=closed archive, TAMS=top-at-mark-start (previous, next)
|   0|0x0000000604800000, 0x0000000604c00000, 0x0000000604c00000|100%| O|  |TAMS 0x0000000604c00000, 0x0000000604c00000| Untracked 
|   1|0x0000000604c00000, 0x0000000605000000, 0x0000000605000000|100%| O|  |TAMS 0x0000000605000000, 0x0000000605000000| Untracked 
|   2|0x0000000605000000, 0x0000000605400000, 0x0000000605400000|100%| O|  |TAMS 0x0000000605400000, 0x0000000605400000| Untracked 
|   3|0x0000000605400000, 0x0000000605800000, 0x0000000605800000|100%| O|  |TAMS 0x0000000605800000, 0x0000000605800000| Untracked 
|   4|0x0000000605800000, 0x0000000605c00000, 0x0000000605c00000|100%| O|  |TAMS 0x0000000605c00000, 0x0000000605c00000| Untracked 
|   5|0x0000000605c00000, 0x0000000606000000, 0x0000000606000000|100%| O|  |TAMS 0x0000000606000000, 0x0000000606000000| Untracked 
|   6|0x0000000606000000, 0x0000000606400000, 0x0000000606400000|100%| O|  |TAMS 0x0000000606000000, 0x0000000606400000| Untracked 
|   7|0x0000000606400000, 0x0000000606400000, 0x0000000606800000|  0%| F|  |TAMS 0x0000000606400000, 0x0000000606400000| Untracked 
|   8|0x0000000606800000, 0x0000000606c00000, 0x0000000606c00000|100%| O|  |TAMS 0x0000000606c00000, 0x0000000606c00000| Untracked 
|   9|0x0000000606c00000, 0x0000000607000000, 0x0000000607000000|100%| O|  |TAMS 0x0000000607000000, 0x0000000607000000| Untracked 
|  10|0x0000000607000000, 0x0000000607400000, 0x0000000607400000|100%| O|  |TAMS 0x0000000607400000, 0x0000000607400000| Untracked 
|  11|0x0000000607400000, 0x0000000607800000, 0x0000000607800000|100%| O|  |TAMS 0x0000000607800000, 0x0000000607800000| Untracked 
|  12|0x0000000607800000, 0x0000000607c00000, 0x0000000607c00000|100%| O|  |TAMS 0x0000000607c00000, 0x0000000607c00000| Untracked 
|  13|0x0000000607c00000, 0x0000000608000000, 0x0000000608000000|100%| O|  |TAMS 0x0000000608000000, 0x0000000608000000| Untracked 
|  14|0x0000000608000000, 0x0000000608380a00, 0x0000000608400000| 87%| O|  |TAMS 0x0000000608380a00, 0x0000000608380a00| Untracked 
|  15|0x0000000608400000, 0x0000000608800000, 0x0000000608800000|100%| O|  |TAMS 0x0000000608800000, 0x0000000608800000| Untracked 
|  16|0x0000000608800000, 0x0000000608c00000, 0x0000000608c00000|100%| O|  |TAMS 0x0000000608c00000, 0x0000000608c00000| Untracked 
|  17|0x0000000608c00000, 0x0000000609000000, 0x0000000609000000|100%| O|  |TAMS 0x0000000609000000, 0x0000000609000000| Untracked 
|  18|0x0000000609000000, 0x0000000609400000, 0x0000000609400000|100%| O|  |TAMS 0x0000000609400000, 0x0000000609400000| Untracked 
|  19|0x0000000609400000, 0x0000000609800000, 0x0000000609800000|100%| O|  |TAMS 0x0000000609800000, 0x0000000609800000| Untracked 
|  20|0x0000000609800000, 0x0000000609c00000, 0x0000000609c00000|100%| O|  |TAMS 0x0000000609c00000, 0x0000000609c00000| Untracked 
|  21|0x0000000609c00000, 0x000000060a000000, 0x000000060a000000|100%| O|  |TAMS 0x000000060a000000, 0x000000060a000000| Untracked 
|  22|0x000000060a000000, 0x000000060a000000, 0x000000060a400000|  0%| F|  |TAMS 0x000000060a000000, 0x000000060a000000| Untracked 
|  23|0x000000060a400000, 0x000000060a800000, 0x000000060a800000|100%| O|  |TAMS 0x000000060a800000, 0x000000060a800000| Untracked 
|  24|0x000000060a800000, 0x000000060ac00000, 0x000000060ac00000|100%| O|  |TAMS 0x000000060a802600, 0x000000060ac00000| Untracked 
|  25|0x000000060ac00000, 0x000000060b000000, 0x000000060b000000|100%| O|  |TAMS 0x000000060b000000, 0x000000060b000000| Untracked 
|  26|0x000000060b000000, 0x000000060b400000, 0x000000060b400000|100%| O|  |TAMS 0x000000060b400000, 0x000000060b400000| Untracked 
|  27|0x000000060b400000, 0x000000060b800000, 0x000000060b800000|100%| O|  |TAMS 0x000000060b800000, 0x000000060b800000| Untracked 
|  28|0x000000060b800000, 0x000000060b816600, 0x000000060bc00000|  2%| O|  |TAMS 0x000000060b800000, 0x000000060b816600| Untracked 
|  29|0x000000060bc00000, 0x000000060bc00000, 0x000000060c000000|  0%| F|  |TAMS 0x000000060bc00000, 0x000000060bc00000| Untracked 
|  30|0x000000060c000000, 0x000000060c000000, 0x000000060c400000|  0%| F|  |TAMS 0x000000060c000000, 0x000000060c000000| Untracked 
|  31|0x000000060c400000, 0x000000060c400000, 0x000000060c800000|  0%| F|  |TAMS 0x000000060c400000, 0x000000060c400000| Untracked 
|  32|0x000000060c800000, 0x000000060c800000, 0x000000060cc00000|  0%| F|  |TAMS 0x000000060c800000, 0x000000060c800000| Untracked 
|  33|0x000000060cc00000, 0x000000060cc00000, 0x000000060d000000|  0%| F|  |TAMS 0x000000060cc00000, 0x000000060cc00000| Untracked 
|  34|0x000000060d000000, 0x000000060d000000, 0x000000060d400000|  0%| F|  |TAMS 0x000000060d000000, 0x000000060d000000| Untracked 
|  35|0x000000060d400000, 0x000000060d400000, 0x000000060d800000|  0%| F|  |TAMS 0x000000060d400000, 0x000000060d400000| Untracked 
|  36|0x000000060d800000, 0x000000060d800000, 0x000000060dc00000|  0%| F|  |TAMS 0x000000060d800000, 0x000000060d800000| Untracked 
|  37|0x000000060dc00000, 0x000000060dc00000, 0x000000060e000000|  0%| F|  |TAMS 0x000000060dc00000, 0x000000060dc00000| Untracked 
|  38|0x000000060e000000, 0x000000060e400000, 0x000000060e400000|100%| O|  |TAMS 0x000000060e400000, 0x000000060e400000| Untracked 
|  39|0x000000060e400000, 0x000000060e400000, 0x000000060e800000|  0%| F|  |TAMS 0x000000060e400000, 0x000000060e400000| Untracked 
|  40|0x000000060e800000, 0x000000060e9e88e8, 0x000000060ec00000| 47%| S|CS|TAMS 0x000000060e800000, 0x000000060e800000| Complete 
|  41|0x000000060ec00000, 0x000000060ec00000, 0x000000060f000000|  0%| F|  |TAMS 0x000000060ec00000, 0x000000060ec00000| Untracked 
|  42|0x000000060f000000, 0x000000060f000000, 0x000000060f400000|  0%| F|  |TAMS 0x000000060f000000, 0x000000060f000000| Untracked 
|  43|0x000000060f400000, 0x000000060f400000, 0x000000060f800000|  0%| F|  |TAMS 0x000000060f400000, 0x000000060f400000| Untracked 
|  44|0x000000060f800000, 0x000000060f800000, 0x000000060fc00000|  0%| F|  |TAMS 0x000000060f800000, 0x000000060f800000| Untracked 
|  45|0x000000060fc00000, 0x000000060fc00000, 0x0000000610000000|  0%| F|  |TAMS 0x000000060fc00000, 0x000000060fc00000| Untracked 
|  46|0x0000000610000000, 0x0000000610000000, 0x0000000610400000|  0%| F|  |TAMS 0x0000000610000000, 0x0000000610000000| Untracked 
|  47|0x0000000610400000, 0x0000000610400000, 0x0000000610800000|  0%| F|  |TAMS 0x0000000610400000, 0x0000000610400000| Untracked 
|  48|0x0000000610800000, 0x0000000610800000, 0x0000000610c00000|  0%| F|  |TAMS 0x0000000610800000, 0x0000000610800000| Untracked 
|  49|0x0000000610c00000, 0x0000000610c00000, 0x0000000611000000|  0%| F|  |TAMS 0x0000000610c00000, 0x0000000610c00000| Untracked 
|  50|0x0000000611000000, 0x0000000611000000, 0x0000000611400000|  0%| F|  |TAMS 0x0000000611000000, 0x0000000611000000| Untracked 
|  51|0x0000000611400000, 0x0000000611400000, 0x0000000611800000|  0%| F|  |TAMS 0x0000000611400000, 0x0000000611400000| Untracked 
|  52|0x0000000611800000, 0x0000000611800000, 0x0000000611c00000|  0%| F|  |TAMS 0x0000000611800000, 0x0000000611800000| Untracked 
|  53|0x0000000611c00000, 0x0000000611c00000, 0x0000000612000000|  0%| F|  |TAMS 0x0000000611c00000, 0x0000000611c00000| Untracked 
|  54|0x0000000612000000, 0x0000000612000000, 0x0000000612400000|  0%| F|  |TAMS 0x0000000612000000, 0x0000000612000000| Untracked 
|  55|0x0000000612400000, 0x0000000612400000, 0x0000000612800000|  0%| F|  |TAMS 0x0000000612400000, 0x0000000612400000| Untracked 
|  56|0x0000000612800000, 0x0000000612800000, 0x0000000612c00000|  0%| F|  |TAMS 0x0000000612800000, 0x0000000612800000| Untracked 
|  57|0x0000000612c00000, 0x0000000612c00000, 0x0000000613000000|  0%| F|  |TAMS 0x0000000612c00000, 0x0000000612c00000| Untracked 
|  58|0x0000000613000000, 0x0000000613000000, 0x0000000613400000|  0%| F|  |TAMS 0x0000000613000000, 0x0000000613000000| Untracked 
|  59|0x0000000613400000, 0x0000000613400000, 0x0000000613800000|  0%| F|  |TAMS 0x0000000613400000, 0x0000000613400000| Untracked 
|  60|0x0000000613800000, 0x0000000613800000, 0x0000000613c00000|  0%| F|  |TAMS 0x0000000613800000, 0x0000000613800000| Untracked 
|  61|0x0000000613c00000, 0x0000000613c00000, 0x0000000614000000|  0%| F|  |TAMS 0x0000000613c00000, 0x0000000613c00000| Untracked 
|  62|0x0000000614000000, 0x0000000614000000, 0x0000000614400000|  0%| F|  |TAMS 0x0000000614000000, 0x0000000614000000| Untracked 
|  63|0x0000000614400000, 0x0000000614400000, 0x0000000614800000|  0%| F|  |TAMS 0x0000000614400000, 0x0000000614400000| Untracked 
|  64|0x0000000614800000, 0x0000000614800000, 0x0000000614c00000|  0%| F|  |TAMS 0x0000000614800000, 0x0000000614800000| Untracked 
|  65|0x0000000614c00000, 0x0000000614c00000, 0x0000000615000000|  0%| F|  |TAMS 0x0000000614c00000, 0x0000000614c00000| Untracked 
|  66|0x0000000615000000, 0x0000000615000000, 0x0000000615400000|  0%| F|  |TAMS 0x0000000615000000, 0x0000000615000000| Untracked 
|  67|0x0000000615400000, 0x0000000615400000, 0x0000000615800000|  0%| F|  |TAMS 0x0000000615400000, 0x0000000615400000| Untracked 
|  68|0x0000000615800000, 0x0000000615800000, 0x0000000615c00000|  0%| F|  |TAMS 0x0000000615800000, 0x0000000615800000| Untracked 
|  69|0x0000000615c00000, 0x0000000615c00000, 0x0000000616000000|  0%| F|  |TAMS 0x0000000615c00000, 0x0000000615c00000| Untracked 
|  70|0x0000000616000000, 0x0000000616000000, 0x0000000616400000|  0%| F|  |TAMS 0x0000000616000000, 0x0000000616000000| Untracked 
|  71|0x0000000616400000, 0x0000000616400000, 0x0000000616800000|  0%| F|  |TAMS 0x0000000616400000, 0x0000000616400000| Untracked 
|  72|0x0000000616800000, 0x0000000616800000, 0x0000000616c00000|  0%| F|  |TAMS 0x0000000616800000, 0x0000000616800000| Untracked 
|  73|0x0000000616c00000, 0x0000000616c00000, 0x0000000617000000|  0%| F|  |TAMS 0x0000000616c00000, 0x0000000616c00000| Untracked 
|  74|0x0000000617000000, 0x0000000617000000, 0x0000000617400000|  0%| F|  |TAMS 0x0000000617000000, 0x0000000617000000| Untracked 
|  75|0x0000000617400000, 0x0000000617400000, 0x0000000617800000|  0%| F|  |TAMS 0x0000000617400000, 0x0000000617400000| Untracked 
|  76|0x0000000617800000, 0x0000000617800000, 0x0000000617c00000|  0%| F|  |TAMS 0x0000000617800000, 0x0000000617800000| Untracked 
|  77|0x0000000617c00000, 0x0000000617c00000, 0x0000000618000000|  0%| F|  |TAMS 0x0000000617c00000, 0x0000000617c00000| Untracked 
|  78|0x0000000618000000, 0x0000000618000000, 0x0000000618400000|  0%| F|  |TAMS 0x0000000618000000, 0x0000000618000000| Untracked 
|  79|0x0000000618400000, 0x0000000618400000, 0x0000000618800000|  0%| F|  |TAMS 0x0000000618400000, 0x0000000618400000| Untracked 
|  80|0x0000000618800000, 0x0000000618800000, 0x0000000618c00000|  0%| F|  |TAMS 0x0000000618800000, 0x0000000618800000| Untracked 
|  81|0x0000000618c00000, 0x0000000618c00000, 0x0000000619000000|  0%| F|  |TAMS 0x0000000618c00000, 0x0000000618c00000| Untracked 
|  82|0x0000000619000000, 0x0000000619000000, 0x0000000619400000|  0%| F|  |TAMS 0x0000000619000000, 0x0000000619000000| Untracked 
|  83|0x0000000619400000, 0x0000000619400000, 0x0000000619800000|  0%| F|  |TAMS 0x0000000619400000, 0x0000000619400000| Untracked 
|  84|0x0000000619800000, 0x0000000619800000, 0x0000000619c00000|  0%| F|  |TAMS 0x0000000619800000, 0x0000000619800000| Untracked 
|  85|0x0000000619c00000, 0x0000000619c00000, 0x000000061a000000|  0%| F|  |TAMS 0x0000000619c00000, 0x0000000619c00000| Untracked 
|  86|0x000000061a000000, 0x000000061a000000, 0x000000061a400000|  0%| F|  |TAMS 0x000000061a000000, 0x000000061a000000| Untracked 
|  87|0x000000061a400000, 0x000000061a400000, 0x000000061a800000|  0%| F|  |TAMS 0x000000061a400000, 0x000000061a400000| Untracked 
|  88|0x000000061a800000, 0x000000061a800000, 0x000000061ac00000|  0%| F|  |TAMS 0x000000061a800000, 0x000000061a800000| Untracked 
|  89|0x000000061ac00000, 0x000000061ac00000, 0x000000061b000000|  0%| F|  |TAMS 0x000000061ac00000, 0x000000061ac00000| Untracked 
|  90|0x000000061b000000, 0x000000061b000000, 0x000000061b400000|  0%| F|  |TAMS 0x000000061b000000, 0x000000061b000000| Untracked 
|  91|0x000000061b400000, 0x000000061b400000, 0x000000061b800000|  0%| F|  |TAMS 0x000000061b400000, 0x000000061b400000| Untracked 
|  92|0x000000061b800000, 0x000000061b800000, 0x000000061bc00000|  0%| F|  |TAMS 0x000000061b800000, 0x000000061b800000| Untracked 
|  93|0x000000061bc00000, 0x000000061bc00000, 0x000000061c000000|  0%| F|  |TAMS 0x000000061bc00000, 0x000000061bc00000| Untracked 
|  94|0x000000061c000000, 0x000000061c000000, 0x000000061c400000|  0%| F|  |TAMS 0x000000061c000000, 0x000000061c000000| Untracked 
|  95|0x000000061c400000, 0x000000061c400000, 0x000000061c800000|  0%| F|  |TAMS 0x000000061c400000, 0x000000061c400000| Untracked 
|  96|0x000000061c800000, 0x000000061c800000, 0x000000061cc00000|  0%| F|  |TAMS 0x000000061c800000, 0x000000061c800000| Untracked 
|  97|0x000000061cc00000, 0x000000061cc00000, 0x000000061d000000|  0%| F|  |TAMS 0x000000061cc00000, 0x000000061cc00000| Untracked 
|  98|0x000000061d000000, 0x000000061d000000, 0x000000061d400000|  0%| F|  |TAMS 0x000000061d000000, 0x000000061d000000| Untracked 
| 159|0x000000062c400000, 0x000000062c600000, 0x000000062c800000| 50%| E|  |TAMS 0x000000062c400000, 0x000000062c400000| Complete 

Card table byte_map: [0x000001c171580000,0x000001c172560000] _byte_map_base: 0x000001c16e55c000

Marking Bits (Prev, Next): (CMBitMap*) 0x000001c16cc44180, (CMBitMap*) 0x000001c16cc44140
 Prev Bits: [0x000001c100000000, 0x000001c107ee0000)
 Next Bits: [0x000001c173540000, 0x000001c17b420000)

Polling page: 0x000001c162cb0000

Metaspace:

Usage:
  Non-class:     99.09 MB used.
      Class:     15.53 MB used.
       Both:    114.62 MB used.

Virtual space:
  Non-class space:      128.00 MB reserved,      99.62 MB ( 78%) committed,  2 nodes.
      Class space:        1.00 GB reserved,      16.00 MB (  2%) committed,  1 nodes.
             Both:        1.12 GB reserved,     115.62 MB ( 10%) committed. 

Chunk freelists:
   Non-Class:  12.23 MB
       Class:  15.97 MB
        Both:  28.21 MB

MaxMetaspaceSize: unlimited
CompressedClassSpaceSize: 1.00 GB
Initial GC threshold: 21.00 MB
Current GC threshold: 192.12 MB
CDS: on
MetaspaceReclaimPolicy: balanced
 - commit_granule_bytes: 65536.
 - commit_granule_words: 8192.
 - virtual_space_node_default_size: 8388608.
 - enlarge_chunks_in_place: 1.
 - new_chunks_are_fully_committed: 0.
 - uncommit_free_chunks: 1.
 - use_allocation_guard: 0.
 - handle_deallocations: 1.


Internal statistics:

num_allocs_failed_limit: 15.
num_arena_births: 2378.
num_arena_deaths: 696.
num_vsnodes_births: 3.
num_vsnodes_deaths: 0.
num_space_committed: 1850.
num_space_uncommitted: 0.
num_chunks_returned_to_freelist: 908.
num_chunks_taken_from_freelist: 7135.
num_chunk_merges: 267.
num_chunk_splits: 4456.
num_chunks_enlarged: 3021.
num_inconsistent_stats: 0.

CodeCache: size=49152Kb used=43725Kb max_used=45701Kb free=5426Kb
 bounds [0x000001c16ccc0000, 0x000001c16f970000, 0x000001c16fcc0000]
 total_blobs=21176 nmethods=20357 adapters=743
 compilation: enabled
              stopped_count=0, restarted_count=0
 full_count=0

Compilation events (20 events):
Event: 2263.145 Thread 0x000001c15ad4df10 nmethod 20796 0x000001c16f1eb290 code [0x000001c16f1eb440, 0x000001c16f1eb588]
Event: 2263.145 Thread 0x000001c15ad4df10 20797       1       io.jsonwebtoken.SupportedJwtVisitor::visit (43 bytes)
Event: 2263.145 Thread 0x000001c17df51150 nmethod 20795 0x000001c16ed50810 code [0x000001c16ed50a00, 0x000001c16ed50df8]
Event: 2263.146 Thread 0x000001c15ad4df10 nmethod 20797 0x000001c16f368490 code [0x000001c16f368680, 0x000001c16f368958]
Event: 2263.152 Thread 0x000001c17df51150 20798       1       org.postgresql.core.v3.SimpleQuery::setStatementName (42 bytes)
Event: 2263.152 Thread 0x000001c17df51150 nmethod 20798 0x000001c16ce37290 code [0x000001c16ce37440, 0x000001c16ce37628]
Event: 2263.154 Thread 0x000001c17df51150 20799       1       com.fasterxml.jackson.core.json.UTF8StreamJsonParser::nextTextValue (125 bytes)
Event: 2263.154 Thread 0x000001c17df51150 nmethod 20799 0x000001c16d880110 code [0x000001c16d880360, 0x000001c16d8808c8]
Event: 2263.159 Thread 0x000001c17df51150 20800       1       com.usg.autoAPIGenerator.helpers.apiEngine.ApiConversionHelper$$Lambda$2200/0x000001c109faef60::apply (8 bytes)
Event: 2263.159 Thread 0x000001c17df51150 nmethod 20800 0x000001c16e819110 code [0x000001c16e8192c0, 0x000001c16e8193e8]
Event: 2265.766 Thread 0x000001c17df51150 20802       1       oracle.jdbc.driver.DynamicByteArray::unmarshalBuffer (130 bytes)
Event: 2265.767 Thread 0x000001c17df51150 nmethod 20802 0x000001c16f1f5410 code [0x000001c16f1f55e0, 0x000001c16f1f5ac8]
Event: 2295.723 Thread 0x000001c17df51150 20803       1       oracle.jdbc.driver.PhysicalConnection::setNetworkTimeout (86 bytes)
Event: 2295.724 Thread 0x000001c17df51150 nmethod 20803 0x000001c16e465e90 code [0x000001c16e4660c0, 0x000001c16e466718]
Event: 2295.724 Thread 0x000001c17df51150 20804   !   1       oracle.jdbc.driver.T4CConnection::doSetNetworkTimeout (78 bytes)
Event: 2295.725 Thread 0x000001c17df51150 nmethod 20804 0x000001c16d41d890 code [0x000001c16d41db00, 0x000001c16d41e378]
Event: 2295.725 Thread 0x000001c17df51150 20805       1       oracle.net.ns.NSProtocol::setSocketReadTimeout (13 bytes)
Event: 2295.725 Thread 0x000001c17df51150 nmethod 20805 0x000001c16e96de10 code [0x000001c16e96dfc0, 0x000001c16e96e138]
Event: 2295.725 Thread 0x000001c17df51150 20806       1       oracle.net.ns.NSProtocol::setOption (29 bytes)
Event: 2295.725 Thread 0x000001c17df51150 nmethod 20806 0x000001c16f1bc110 code [0x000001c16f1bc2c0, 0x000001c16f1bc428]

GC Heap History (20 events):
Event: 1195.681 GC heap before
{Heap before GC invocations=44 (full 0):
 garbage-first heap   total 438272K, used 362797K [0x0000000604800000, 0x0000000800000000)
  region size 4096K, 61 young (249856K), 1 survivors (4096K)
 Metaspace       used 117160K, committed 118016K, reserved 1179648K
  class space    used 15842K, committed 16256K, reserved 1048576K
}
Event: 1195.684 GC heap after
{Heap after GC invocations=45 (full 0):
 garbage-first heap   total 438272K, used 116457K [0x0000000604800000, 0x0000000800000000)
  region size 4096K, 1 young (4096K), 1 survivors (4096K)
 Metaspace       used 117160K, committed 118016K, reserved 1179648K
  class space    used 15842K, committed 16256K, reserved 1048576K
}
Event: 1395.739 GC heap before
{Heap before GC invocations=46 (full 0):
 garbage-first heap   total 425984K, used 366313K [0x0000000604800000, 0x0000000800000000)
  region size 4096K, 62 young (253952K), 1 survivors (4096K)
 Metaspace       used 117120K, committed 118016K, reserved 1179648K
  class space    used 15831K, committed 16256K, reserved 1048576K
}
Event: 1395.743 GC heap after
{Heap after GC invocations=47 (full 0):
 garbage-first heap   total 425984K, used 116755K [0x0000000604800000, 0x0000000800000000)
  region size 4096K, 1 young (4096K), 1 survivors (4096K)
 Metaspace       used 117120K, committed 118016K, reserved 1179648K
  class space    used 15831K, committed 16256K, reserved 1048576K
}
Event: 1410.481 GC heap before
{Heap before GC invocations=47 (full 0):
 garbage-first heap   total 425984K, used 133139K [0x0000000604800000, 0x0000000800000000)
  region size 4096K, 5 young (20480K), 1 survivors (4096K)
 Metaspace       used 117120K, committed 118016K, reserved 1179648K
  class space    used 15831K, committed 16256K, reserved 1048576K
}
Event: 1410.489 GC heap after
{Heap after GC invocations=48 (full 0):
 garbage-first heap   total 425984K, used 115004K [0x0000000604800000, 0x0000000800000000)
  region size 4096K, 1 young (4096K), 1 survivors (4096K)
 Metaspace       used 117120K, committed 118016K, reserved 1179648K
  class space    used 15831K, committed 16256K, reserved 1048576K
}
Event: 1634.220 GC heap before
{Heap before GC invocations=48 (full 0):
 garbage-first heap   total 425984K, used 360764K [0x0000000604800000, 0x0000000800000000)
  region size 4096K, 61 young (249856K), 1 survivors (4096K)
 Metaspace       used 117120K, committed 118016K, reserved 1179648K
  class space    used 15831K, committed 16256K, reserved 1048576K
}
Event: 1634.223 GC heap after
{Heap after GC invocations=49 (full 0):
 garbage-first heap   total 425984K, used 114838K [0x0000000604800000, 0x0000000800000000)
  region size 4096K, 1 young (4096K), 1 survivors (4096K)
 Metaspace       used 117120K, committed 118016K, reserved 1179648K
  class space    used 15831K, committed 16256K, reserved 1048576K
}
Event: 1802.409 GC heap before
{Heap before GC invocations=50 (full 0):
 garbage-first heap   total 409600K, used 364694K [0x0000000604800000, 0x0000000800000000)
  region size 4096K, 62 young (253952K), 1 survivors (4096K)
 Metaspace       used 117210K, committed 118080K, reserved 1179648K
  class space    used 15851K, committed 16256K, reserved 1048576K
}
Event: 1802.413 GC heap after
{Heap after GC invocations=51 (full 0):
 garbage-first heap   total 409600K, used 117587K [0x0000000604800000, 0x0000000800000000)
  region size 4096K, 1 young (4096K), 1 survivors (4096K)
 Metaspace       used 117210K, committed 118080K, reserved 1179648K
  class space    used 15851K, committed 16256K, reserved 1048576K
}
Event: 1813.431 GC heap before
{Heap before GC invocations=51 (full 0):
 garbage-first heap   total 409600K, used 133971K [0x0000000604800000, 0x0000000800000000)
  region size 4096K, 5 young (20480K), 1 survivors (4096K)
 Metaspace       used 117210K, committed 118080K, reserved 1179648K
  class space    used 15851K, committed 16256K, reserved 1048576K
}
Event: 1813.439 GC heap after
{Heap after GC invocations=52 (full 0):
 garbage-first heap   total 409600K, used 114997K [0x0000000604800000, 0x0000000800000000)
  region size 4096K, 1 young (4096K), 1 survivors (4096K)
 Metaspace       used 117210K, committed 118080K, reserved 1179648K
  class space    used 15851K, committed 16256K, reserved 1048576K
}
Event: 1993.067 GC heap before
{Heap before GC invocations=52 (full 0):
 garbage-first heap   total 409600K, used 348469K [0x0000000604800000, 0x0000000800000000)
  region size 4096K, 58 young (237568K), 1 survivors (4096K)
 Metaspace       used 117224K, committed 118144K, reserved 1179648K
  class space    used 15855K, committed 16320K, reserved 1048576K
}
Event: 1993.070 GC heap after
{Heap after GC invocations=53 (full 0):
 garbage-first heap   total 409600K, used 115668K [0x0000000604800000, 0x0000000800000000)
  region size 4096K, 1 young (4096K), 1 survivors (4096K)
 Metaspace       used 117224K, committed 118144K, reserved 1179648K
  class space    used 15855K, committed 16320K, reserved 1048576K
}
Event: 2158.380 GC heap before
{Heap before GC invocations=54 (full 0):
 garbage-first heap   total 409600K, used 349140K [0x0000000604800000, 0x0000000800000000)
  region size 4096K, 58 young (237568K), 1 survivors (4096K)
 Metaspace       used 117367K, committed 118400K, reserved 1179648K
  class space    used 15900K, committed 16384K, reserved 1048576K
}
Event: 2158.383 GC heap after
{Heap after GC invocations=55 (full 0):
 garbage-first heap   total 409600K, used 116176K [0x0000000604800000, 0x0000000800000000)
  region size 4096K, 1 young (4096K), 1 survivors (4096K)
 Metaspace       used 117367K, committed 118400K, reserved 1179648K
  class space    used 15900K, committed 16384K, reserved 1048576K
}
Event: 2173.206 GC heap before
{Heap before GC invocations=55 (full 0):
 garbage-first heap   total 409600K, used 132560K [0x0000000604800000, 0x0000000800000000)
  region size 4096K, 5 young (20480K), 1 survivors (4096K)
 Metaspace       used 117367K, committed 118400K, reserved 1179648K
  class space    used 15900K, committed 16384K, reserved 1048576K
}
Event: 2173.219 GC heap after
{Heap after GC invocations=56 (full 0):
 garbage-first heap   total 409600K, used 112139K [0x0000000604800000, 0x0000000800000000)
  region size 4096K, 1 young (4096K), 1 survivors (4096K)
 Metaspace       used 117367K, committed 118400K, reserved 1179648K
  class space    used 15900K, committed 16384K, reserved 1048576K
}
Event: 2365.674 GC heap before
{Heap before GC invocations=56 (full 0):
 garbage-first heap   total 409600K, used 349707K [0x0000000604800000, 0x0000000800000000)
  region size 4096K, 59 young (241664K), 1 survivors (4096K)
 Metaspace       used 117373K, committed 118400K, reserved 1179648K
  class space    used 15900K, committed 16384K, reserved 1048576K
}
Event: 2365.677 GC heap after
{Heap after GC invocations=57 (full 0):
 garbage-first heap   total 409600K, used 112126K [0x0000000604800000, 0x0000000800000000)
  region size 4096K, 1 young (4096K), 1 survivors (4096K)
 Metaspace       used 117373K, committed 118400K, reserved 1179648K
  class space    used 15900K, committed 16384K, reserved 1048576K
}

Dll operation events (13 events):
Event: 0.011 Loaded shared library C:\Program Files\Eclipse Adoptium\jdk-17.0.18.8-hotspot\bin\java.dll
Event: 0.012 Loaded shared library C:\Program Files\Eclipse Adoptium\jdk-17.0.18.8-hotspot\bin\zip.dll
Event: 0.029 Loaded shared library C:\Program Files\Eclipse Adoptium\jdk-17.0.18.8-hotspot\bin\jsvml.dll
Event: 0.150 Loaded shared library C:\Program Files\Eclipse Adoptium\jdk-17.0.18.8-hotspot\bin\instrument.dll
Event: 0.215 Loaded shared library C:\Program Files\Eclipse Adoptium\jdk-17.0.18.8-hotspot\bin\jimage.dll
Event: 0.232 Loaded shared library C:\Program Files\Eclipse Adoptium\jdk-17.0.18.8-hotspot\bin\net.dll
Event: 0.234 Loaded shared library C:\Program Files\Eclipse Adoptium\jdk-17.0.18.8-hotspot\bin\nio.dll
Event: 0.247 Loaded shared library C:\Program Files\Eclipse Adoptium\jdk-17.0.18.8-hotspot\bin\zip.dll
Event: 0.366 Loaded shared library C:\Program Files\Eclipse Adoptium\jdk-17.0.18.8-hotspot\bin\management.dll
Event: 0.388 Loaded shared library C:\Program Files\Eclipse Adoptium\jdk-17.0.18.8-hotspot\bin\management_ext.dll
Event: 0.629 Loaded shared library C:\Program Files\Eclipse Adoptium\jdk-17.0.18.8-hotspot\bin\extnet.dll
Event: 2.019 Loaded shared library C:\Program Files\Eclipse Adoptium\jdk-17.0.18.8-hotspot\bin\sunmscapi.dll
Event: 5.746 Loaded shared library C:\Program Files\Eclipse Adoptium\jdk-17.0.18.8-hotspot\bin\verify.dll

Deoptimization events (20 events):
Event: 2263.146 Thread 0x000001c159f98a10 DEOPT PACKING pc=0x000001c16f5e8b44 sp=0x000000619b4f97b0
Event: 2263.146 Thread 0x000001c159f98a10 DEOPT UNPACKING pc=0x000001c16cd1ace3 sp=0x000000619b4f8c98 mode 1
Event: 2263.146 Thread 0x000001c159f98a10 DEOPT PACKING pc=0x000001c16f4ebe65 sp=0x000000619b4f9780
Event: 2263.146 Thread 0x000001c159f98a10 DEOPT UNPACKING pc=0x000001c16cd1ace3 sp=0x000000619b4f8c28 mode 1
Event: 2263.146 Thread 0x000001c159f98a10 DEOPT PACKING pc=0x000001c16f5ec314 sp=0x000000619b4f97f0
Event: 2263.146 Thread 0x000001c159f98a10 DEOPT UNPACKING pc=0x000001c16cd1ace3 sp=0x000000619b4f8ca8 mode 1
Event: 2263.146 Thread 0x000001c159f98a10 DEOPT PACKING pc=0x000001c16f5cdb54 sp=0x000000619b4f98f0
Event: 2263.146 Thread 0x000001c159f98a10 DEOPT UNPACKING pc=0x000001c16cd1ace3 sp=0x000000619b4f8d58 mode 1
Event: 2265.469 Thread 0x000001c15af71f50 DEOPT PACKING pc=0x000001c16e41433c sp=0x00000061995feb50
Event: 2265.469 Thread 0x000001c15af71f50 DEOPT UNPACKING pc=0x000001c16cd1ace3 sp=0x00000061995fe008 mode 1
Event: 2265.469 Thread 0x000001c15af71f50 DEOPT PACKING pc=0x000001c16e00f52c sp=0x00000061995fec00
Event: 2265.469 Thread 0x000001c15af71f50 DEOPT UNPACKING pc=0x000001c16cd1ace3 sp=0x00000061995fe140 mode 1
Event: 2265.469 Thread 0x000001c15af71f50 DEOPT PACKING pc=0x000001c16e00e394 sp=0x00000061995fed20
Event: 2265.470 Thread 0x000001c15af71f50 DEOPT UNPACKING pc=0x000001c16cd1ace3 sp=0x00000061995fe268 mode 1
Event: 2265.470 Thread 0x000001c15af71f50 DEOPT PACKING pc=0x000001c16e00d024 sp=0x00000061995fee40
Event: 2265.470 Thread 0x000001c15af71f50 DEOPT UNPACKING pc=0x000001c16cd1ace3 sp=0x00000061995fe2e8 mode 1
Event: 2265.470 Thread 0x000001c15af71f50 DEOPT PACKING pc=0x000001c16e00ccac sp=0x00000061995feea0
Event: 2265.470 Thread 0x000001c15af71f50 DEOPT UNPACKING pc=0x000001c16cd1ace3 sp=0x00000061995fe368 mode 1
Event: 2265.470 Thread 0x000001c15af71f50 DEOPT PACKING pc=0x000001c16ea7dc3f sp=0x00000061995fede0
Event: 2265.470 Thread 0x000001c15af71f50 DEOPT UNPACKING pc=0x000001c16cd1ace3 sp=0x00000061995fe250 mode 1

Classes loaded (20 events):
Event: 977.302 Loading class com/fasterxml/jackson/dataformat/xml/annotation/JacksonXmlCData
Event: 977.302 Loading class com/fasterxml/jackson/dataformat/xml/annotation/JacksonXmlCData done
Event: 977.303 Loading class com/fasterxml/jackson/dataformat/xml/util/XmlInfo
Event: 977.303 Loading class com/fasterxml/jackson/dataformat/xml/util/XmlInfo done
Event: 977.304 Loading class com/fasterxml/jackson/dataformat/xml/util/TypeUtil
Event: 977.304 Loading class com/fasterxml/jackson/dataformat/xml/util/TypeUtil done
Event: 977.305 Loading class com/fasterxml/jackson/dataformat/xml/ser/UnwrappingXmlBeanSerializer
Event: 977.305 Loading class com/fasterxml/jackson/dataformat/xml/ser/UnwrappingXmlBeanSerializer done
Event: 1760.799 Loading class com/zaxxer/hikari/pool/HikariPool
Event: 1760.799 Loading class com/zaxxer/hikari/pool/HikariPool done
Event: 1760.799 Loading class java/sql/Connection
Event: 1760.799 Loading class java/sql/Connection done
Event: 1795.711 Loading class org/springframework/util/LinkedCaseInsensitiveMap
Event: 1795.711 Loading class org/springframework/util/LinkedCaseInsensitiveMap done
Event: 1795.711 Loading class org/springframework/util/LinkedCaseInsensitiveMap$1
Event: 1795.711 Loading class org/springframework/util/LinkedCaseInsensitiveMap$1 done
Event: 1795.718 Loading class org/springframework/util/LinkedCaseInsensitiveMap
Event: 1795.718 Loading class org/springframework/util/LinkedCaseInsensitiveMap done
Event: 1795.719 Loading class org/springframework/util/LinkedCaseInsensitiveMap$1
Event: 1795.719 Loading class org/springframework/util/LinkedCaseInsensitiveMap$1 done

Classes unloaded (20 events):
Event: 1634.322 Thread 0x000001c17df33fb0 Unloading class 0x000001c109f99000 'jdk/internal/reflect/GeneratedMethodAccessor87'
Event: 1634.322 Thread 0x000001c17df33fb0 Unloading class 0x000001c109f98c00 'jdk/internal/reflect/GeneratedMethodAccessor86'
Event: 1634.322 Thread 0x000001c17df33fb0 Unloading class 0x000001c109f98400 'jdk/internal/reflect/GeneratedSerializationConstructorAccessor68'
Event: 1634.322 Thread 0x000001c17df33fb0 Unloading class 0x000001c109f98000 'jdk/internal/reflect/GeneratedSerializationConstructorAccessor67'
Event: 1634.322 Thread 0x000001c17df33fb0 Unloading class 0x000001c109dbc800 'jdk/internal/reflect/GeneratedSerializationConstructorAccessor64'
Event: 1634.322 Thread 0x000001c17df33fb0 Unloading class 0x000001c109c90400 'jdk/internal/reflect/GeneratedConstructorAccessor87'
Event: 1634.322 Thread 0x000001c17df33fb0 Unloading class 0x000001c109c4cc00 'jdk/internal/reflect/GeneratedMethodAccessor58'
Event: 1634.322 Thread 0x000001c17df33fb0 Unloading class 0x000001c1091e4800 'jdk/internal/reflect/GeneratedSerializationConstructorAccessor9'
Event: 1993.178 Thread 0x000001c17df33fb0 Unloading class 0x000001c109fef000 'jdk/internal/reflect/GeneratedSerializationConstructorAccessor94'
Event: 1993.178 Thread 0x000001c17df33fb0 Unloading class 0x000001c109feec00 'jdk/internal/reflect/GeneratedSerializationConstructorAccessor93'
Event: 1993.178 Thread 0x000001c17df33fb0 Unloading class 0x000001c109fee800 'jdk/internal/reflect/GeneratedSerializationConstructorAccessor92'
Event: 1993.178 Thread 0x000001c17df33fb0 Unloading class 0x000001c109fee400 'jdk/internal/reflect/GeneratedSerializationConstructorAccessor91'
Event: 1993.178 Thread 0x000001c17df33fb0 Unloading class 0x000001c109fee000 'jdk/internal/reflect/GeneratedSerializationConstructorAccessor90'
Event: 1993.178 Thread 0x000001c17df33fb0 Unloading class 0x000001c109ca0c00 'jdk/internal/reflect/GeneratedSerializationConstructorAccessor85'
Event: 1993.178 Thread 0x000001c17df33fb0 Unloading class 0x000001c109c4cc00 'jdk/internal/reflect/GeneratedSerializationConstructorAccessor83'
Event: 1993.178 Thread 0x000001c17df33fb0 Unloading class 0x000001c109c90400 'jdk/internal/reflect/GeneratedSerializationConstructorAccessor82'
Event: 1993.178 Thread 0x000001c17df33fb0 Unloading class 0x000001c109dbc800 'jdk/internal/reflect/GeneratedSerializationConstructorAccessor81'
Event: 1993.178 Thread 0x000001c17df33fb0 Unloading class 0x000001c109f99000 'jdk/internal/reflect/GeneratedSerializationConstructorAccessor79'
Event: 1993.178 Thread 0x000001c17df33fb0 Unloading class 0x000001c109fbf400 'jdk/internal/reflect/GeneratedSerializationConstructorAccessor77'
Event: 1993.178 Thread 0x000001c17df33fb0 Unloading class 0x000001c109a12000 'jdk/internal/reflect/GeneratedConstructorAccessor159'

Classes redefined (1 events):
Event: 0.171 Thread 0x000001c17df33fb0 redefined class name=java.lang.Throwable, count=1

Internal exceptions (20 events):
Event: 2249.730 Thread 0x000001c159f98a10 Exception <a 'sun/nio/fs/WindowsException'{0x0000000617e1c920}> (0x0000000617e1c920) 
thrown [s\src\hotspot\share\prims\jni.cpp, line 516]
Event: 2249.734 Thread 0x000001c159f98a10 Exception <a 'sun/nio/fs/WindowsException'{0x0000000617e25b30}> (0x0000000617e25b30) 
thrown [s\src\hotspot\share\prims\jni.cpp, line 516]
Event: 2259.654 Thread 0x000001c159f9ad80 Exception <a 'sun/nio/fs/WindowsException'{0x0000000617259038}> (0x0000000617259038) 
thrown [s\src\hotspot\share\prims\jni.cpp, line 516]
Event: 2259.671 Thread 0x000001c159f9ad80 Exception <a 'sun/nio/fs/WindowsException'{0x0000000617265d00}> (0x0000000617265d00) 
thrown [s\src\hotspot\share\prims\jni.cpp, line 516]
Event: 2259.681 Thread 0x000001c15af73390 Exception <a 'sun/nio/fs/WindowsException'{0x000000061728d4b8}> (0x000000061728d4b8) 
thrown [s\src\hotspot\share\prims\jni.cpp, line 516]
Event: 2259.682 Thread 0x000001c159f9ad80 Exception <a 'sun/nio/fs/WindowsException'{0x00000006172e3240}> (0x00000006172e3240) 
thrown [s\src\hotspot\share\prims\jni.cpp, line 516]
Event: 2259.686 Thread 0x000001c159f9ad80 Exception <a 'sun/nio/fs/WindowsException'{0x00000006172edd60}> (0x00000006172edd60) 
thrown [s\src\hotspot\share\prims\jni.cpp, line 516]
Event: 2259.741 Thread 0x000001c159f98500 Exception <a 'sun/nio/fs/WindowsException'{0x000000061735c548}> (0x000000061735c548) 
thrown [s\src\hotspot\share\prims\jni.cpp, line 516]
Event: 2259.743 Thread 0x000001c159f98500 Exception <a 'sun/nio/fs/WindowsException'{0x0000000617396938}> (0x0000000617396938) 
thrown [s\src\hotspot\share\prims\jni.cpp, line 516]
Event: 2259.746 Thread 0x000001c159f97ae0 Exception <a 'sun/nio/fs/WindowsException'{0x00000006173d1d30}> (0x00000006173d1d30) 
thrown [s\src\hotspot\share\prims\jni.cpp, line 516]
Event: 2259.746 Thread 0x000001c159f98f20 Exception <a 'sun/nio/fs/WindowsException'{0x00000006173e5758}> (0x00000006173e5758) 
thrown [s\src\hotspot\share\prims\jni.cpp, line 516]
Event: 2259.789 Thread 0x000001c159f98500 Exception <a 'sun/nio/fs/WindowsException'{0x0000000616eb9ca0}> (0x0000000616eb9ca0) 
thrown [s\src\hotspot\share\prims\jni.cpp, line 516]
Event: 2259.794 Thread 0x000001c159f98500 Exception <a 'sun/nio/fs/WindowsException'{0x0000000616edc748}> (0x0000000616edc748) 
thrown [s\src\hotspot\share\prims\jni.cpp, line 516]
Event: 2259.810 Thread 0x000001c159f98500 Exception <a 'sun/nio/fs/WindowsException'{0x0000000616f262b8}> (0x0000000616f262b8) 
thrown [s\src\hotspot\share\prims\jni.cpp, line 516]
Event: 2259.814 Thread 0x000001c159f98500 Exception <a 'sun/nio/fs/WindowsException'{0x0000000616f5c860}> (0x0000000616f5c860) 
thrown [s\src\hotspot\share\prims\jni.cpp, line 516]
Event: 2259.829 Thread 0x000001c159f98500 Exception <a 'sun/nio/fs/WindowsException'{0x0000000616f9fe38}> (0x0000000616f9fe38) 
thrown [s\src\hotspot\share\prims\jni.cpp, line 516]
Event: 2259.853 Thread 0x000001c159f98500 Exception <a 'sun/nio/fs/WindowsException'{0x00000006168f96a0}> (0x00000006168f96a0) 
thrown [s\src\hotspot\share\prims\jni.cpp, line 516]
Event: 2260.446 Thread 0x000001c15af73390 Exception <a 'sun/nio/fs/WindowsException'{0x0000000616bb5250}> (0x0000000616bb5250) 
thrown [s\src\hotspot\share\prims\jni.cpp, line 516]
Event: 2260.448 Thread 0x000001c15af73390 Exception <a 'sun/nio/fs/WindowsException'{0x0000000616bbb278}> (0x0000000616bbb278) 
thrown [s\src\hotspot\share\prims\jni.cpp, line 516]
Event: 2263.146 Thread 0x000001c159f98a10 Exception <a 'sun/nio/fs/WindowsException'{0x0000000615427ba0}> (0x0000000615427ba0) 
thrown [s\src\hotspot\share\prims\jni.cpp, line 516]

VM Operations (20 events):
Event: 2260.200 Executing VM operation: HandshakeAllThreads
Event: 2260.200 Executing VM operation: HandshakeAllThreads done
Event: 2260.256 Executing VM operation: HandshakeAllThreads
Event: 2260.256 Executing VM operation: HandshakeAllThreads done
Event: 2261.269 Executing VM operation: Cleanup
Event: 2261.269 Executing VM operation: Cleanup done
Event: 2263.141 Executing VM operation: HandshakeAllThreads
Event: 2263.142 Executing VM operation: HandshakeAllThreads done
Event: 2264.149 Executing VM operation: Cleanup
Event: 2264.149 Executing VM operation: Cleanup done
Event: 2265.454 Executing VM operation: HandshakeAllThreads
Event: 2265.454 Executing VM operation: HandshakeAllThreads done
Event: 2285.525 Executing VM operation: HandshakeAllThreads
Event: 2285.525 Executing VM operation: HandshakeAllThreads done
Event: 2296.592 Executing VM operation: Cleanup
Event: 2296.593 Executing VM operation: Cleanup done
Event: 2345.717 Executing VM operation: HandshakeAllThreads
Event: 2345.717 Executing VM operation: HandshakeAllThreads done
Event: 2365.674 Executing VM operation: G1CollectForAllocation
Event: 2365.677 Executing VM operation: G1CollectForAllocation done

Memory protections (0 events):
No events

Nmethod flushes (20 events):
Event: 2259.817 Thread 0x000001c17df5f170 flushing  nmethod 0x000001c16ee55290
Event: 2259.817 Thread 0x000001c17df5f170 flushing  nmethod 0x000001c16ee78b10
Event: 2259.817 Thread 0x000001c17df5f170 flushing  nmethod 0x000001c16ee7b810
Event: 2259.817 Thread 0x000001c17df5f170 flushing  nmethod 0x000001c16ee89d10
Event: 2259.818 Thread 0x000001c17df5f170 flushing  nmethod 0x000001c16ef09010
Event: 2259.818 Thread 0x000001c17df5f170 flushing  nmethod 0x000001c16f048390
Event: 2259.819 Thread 0x000001c17df5f170 flushing  nmethod 0x000001c16f0a4510
Event: 2259.819 Thread 0x000001c17df5f170 flushing  nmethod 0x000001c16f169610
Event: 2259.819 Thread 0x000001c17df5f170 flushing  nmethod 0x000001c16f16ab90
Event: 2259.819 Thread 0x000001c17df5f170 flushing  nmethod 0x000001c16f16b410
Event: 2259.819 Thread 0x000001c17df5f170 flushing  nmethod 0x000001c16f1bbe10
Event: 2259.820 Thread 0x000001c17df5f170 flushing  nmethod 0x000001c16f1eaf10
Event: 2259.820 Thread 0x000001c17df5f170 flushing  nmethod 0x000001c16f1f5410
Event: 2259.820 Thread 0x000001c17df5f170 flushing  nmethod 0x000001c16f1f6710
Event: 2259.820 Thread 0x000001c17df5f170 flushing  nmethod 0x000001c16f289310
Event: 2259.820 Thread 0x000001c17df5f170 flushing  nmethod 0x000001c16f304a10
Event: 2259.820 Thread 0x000001c17df5f170 flushing  nmethod 0x000001c16f305010
Event: 2259.820 Thread 0x000001c17df5f170 flushing  nmethod 0x000001c16f305b10
Event: 2259.821 Thread 0x000001c17df5f170 flushing  nmethod 0x000001c16f34cb90
Event: 2259.821 Thread 0x000001c17df5f170 flushing  nmethod 0x000001c16f368490

Events (20 events):
Event: 2117.083 Thread 0x000001c15af72970 Thread added: 0x000001c15af72e80
Event: 2117.086 Thread 0x000001c15af72970 Thread exited: 0x000001c15af72970
Event: 2122.096 Thread 0x000001c15af72e80 Thread exited: 0x000001c15af72e80
Event: 2127.110 Thread 0x000001c15ad4df10 Thread exited: 0x000001c15ad4df10
Event: 2249.537 Thread 0x000001c159f98a10 Thread added: 0x000001c15af738a0
Event: 2249.539 Thread 0x000001c15af738a0 Thread exited: 0x000001c15af738a0
Event: 2249.727 Thread 0x000001c159f98a10 Thread added: 0x000001c15af73db0
Event: 2254.756 Thread 0x000001c15af73db0 Thread exited: 0x000001c15af73db0
Event: 2259.679 Thread 0x000001c159f9ad80 Thread added: 0x000001c15af73390
Event: 2259.743 Thread 0x000001c17df51150 Thread added: 0x000001c15ad4df10
Event: 2259.745 Thread 0x000001c17df51150 Thread added: 0x000001c15ad583c0
Event: 2259.745 Thread 0x000001c17df51150 Thread added: 0x000001c15ad593b0
Event: 2260.043 Thread 0x000001c15af73390 Thread added: 0x000001c15af738a0
Event: 2260.043 Thread 0x000001c15af738a0 Thread exited: 0x000001c15af738a0
Event: 2260.445 Thread 0x000001c15af73390 Thread added: 0x000001c15af71f50
Event: 2260.450 Thread 0x000001c15af73390 Thread exited: 0x000001c15af73390
Event: 2263.141 Thread 0x000001c15ad593b0 Thread exited: 0x000001c15ad593b0
Event: 2263.141 Thread 0x000001c15ad583c0 Thread exited: 0x000001c15ad583c0
Event: 2265.470 Thread 0x000001c15af71f50 Thread exited: 0x000001c15af71f50
Event: 2265.766 Thread 0x000001c15ad4df10 Thread exited: 0x000001c15ad4df10


Dynamic libraries:
0x00007ff6af050000 - 0x00007ff6af05e000 	C:\Program Files\Eclipse Adoptium\jdk-17.0.18.8-hotspot\bin\java.exe
0x00007ffc8aa20000 - 0x00007ffc8ac87000 	C:\WINDOWS\SYSTEM32\ntdll.dll
0x00007ffc89d20000 - 0x00007ffc89de9000 	C:\WINDOWS\System32\KERNEL32.DLL
0x00007ffc87680000 - 0x00007ffc87a74000 	C:\WINDOWS\System32\KERNELBASE.dll
0x00007ffc872f0000 - 0x00007ffc8743b000 	C:\WINDOWS\System32\ucrtbase.dll
0x00007ffc81d30000 - 0x00007ffc81d48000 	C:\Program Files\Eclipse Adoptium\jdk-17.0.18.8-hotspot\bin\jli.dll
0x00007ffc75dd0000 - 0x00007ffc75dee000 	C:\Program Files\Eclipse Adoptium\jdk-17.0.18.8-hotspot\bin\VCRUNTIME140.dll
0x00007ffc8a190000 - 0x00007ffc8a355000 	C:\WINDOWS\System32\USER32.dll
0x00007ffc6d900000 - 0x00007ffc6db93000 	C:\WINDOWS\WinSxS\amd64_microsoft.windows.common-controls_6595b64144ccf1df_6.0.26100.8115_none_3e075c82e3354f9c\COMCTL32.dll
0x00007ffc87440000 - 0x00007ffc87467000 	C:\WINDOWS\System32\win32u.dll
0x00007ffc89fd0000 - 0x00007ffc8a079000 	C:\WINDOWS\System32\msvcrt.dll
0x00007ffc8a810000 - 0x00007ffc8a83b000 	C:\WINDOWS\System32\GDI32.dll
0x00007ffc87d60000 - 0x00007ffc87e8b000 	C:\WINDOWS\System32\gdi32full.dll
0x00007ffc87bf0000 - 0x00007ffc87c93000 	C:\WINDOWS\System32\msvcp_win.dll
0x00007ffc8a450000 - 0x00007ffc8a482000 	C:\WINDOWS\System32\IMM32.DLL
0x000000005a450000 - 0x000000005a45c000 	C:\Program Files (x86)\360\Total Security\safemon\SafeWrapper.dll
0x00007ffc88ff0000 - 0x00007ffc890a6000 	C:\WINDOWS\System32\ADVAPI32.dll
0x00007ffc8a0e0000 - 0x00007ffc8a187000 	C:\WINDOWS\System32\sechost.dll
0x00007ffc8a6f0000 - 0x00007ffc8a808000 	C:\WINDOWS\System32\RPCRT4.dll
0x00007ffc5a2b0000 - 0x00007ffc5a35c000 	C:\Program Files (x86)\360\Total Security\safemon\libzdtp64.dll
0x00007ffc88880000 - 0x00007ffc88fe7000 	C:\WINDOWS\System32\SHELL32.dll
0x00007ffc87a80000 - 0x00007ffc87bea000 	C:\WINDOWS\System32\wintypes.dll
0x00007ffc89730000 - 0x00007ffc89ab2000 	C:\WINDOWS\System32\combase.dll
0x00007ffc890b0000 - 0x00007ffc89116000 	C:\WINDOWS\System32\SHLWAPI.dll
0x00007ffc87f40000 - 0x00007ffc887a8000 	C:\WINDOWS\System32\Windows.Storage.dll
0x00007ffc86c10000 - 0x00007ffc86c1b000 	C:\WINDOWS\SYSTEM32\VERSION.dll
0x00007ffc77ac0000 - 0x00007ffc77acc000 	C:\Program Files\Eclipse Adoptium\jdk-17.0.18.8-hotspot\bin\vcruntime140_1.dll
0x00007ffc44b80000 - 0x00007ffc44c0d000 	C:\Program Files\Eclipse Adoptium\jdk-17.0.18.8-hotspot\bin\msvcp140.dll
0x00007ffc0ebe0000 - 0x00007ffc0f84b000 	C:\Program Files\Eclipse Adoptium\jdk-17.0.18.8-hotspot\bin\server\jvm.dll
0x00007ffc8a490000 - 0x00007ffc8a510000 	C:\WINDOWS\System32\WS2_32.dll
0x00007ffc87150000 - 0x00007ffc871ae000 	C:\WINDOWS\SYSTEM32\POWRPROF.dll
0x00007ffc7f0a0000 - 0x00007ffc7f0d6000 	C:\WINDOWS\SYSTEM32\WINMM.dll
0x00007ffc87130000 - 0x00007ffc87144000 	C:\WINDOWS\SYSTEM32\UMPDC.dll
0x00007ffc85fd0000 - 0x00007ffc85feb000 	C:\WINDOWS\SYSTEM32\kernel.appcore.dll
0x00007ffc75dc0000 - 0x00007ffc75dca000 	C:\Program Files\Eclipse Adoptium\jdk-17.0.18.8-hotspot\bin\jimage.dll
0x00007ffc84bd0000 - 0x00007ffc84e12000 	C:\WINDOWS\SYSTEM32\DBGHELP.DLL
0x00007ffc8a360000 - 0x00007ffc8a438000 	C:\WINDOWS\System32\OLEAUT32.dll
0x00007ffc6d450000 - 0x00007ffc6d48b000 	C:\WINDOWS\SYSTEM32\dbgcore.DLL
0x00007ffc87e90000 - 0x00007ffc87f35000 	C:\WINDOWS\System32\bcryptPrimitives.dll
0x00007ffc75d00000 - 0x00007ffc75d3b000 	C:\Program Files\Eclipse Adoptium\jdk-17.0.18.8-hotspot\bin\jdwp.dll
0x00007ffc84560000 - 0x00007ffc8456e000 	C:\Program Files\Eclipse Adoptium\jdk-17.0.18.8-hotspot\bin\instrument.dll
0x00007ffc6d1e0000 - 0x00007ffc6d205000 	C:\Program Files\Eclipse Adoptium\jdk-17.0.18.8-hotspot\bin\java.dll
0x00007ffc0e9c0000 - 0x00007ffc0ebd1000 	C:\Users\kotei\AppData\Local\Temp\idea_libasyncProfiler_dll_temp_folder23580\libasyncProfiler.dll
0x00007ffc742e0000 - 0x00007ffc742f8000 	C:\Program Files\Eclipse Adoptium\jdk-17.0.18.8-hotspot\bin\zip.dll
0x00007ffc44aa0000 - 0x00007ffc44b77000 	C:\Program Files\Eclipse Adoptium\jdk-17.0.18.8-hotspot\bin\jsvml.dll
0x00007ffc8a520000 - 0x00007ffc8a618000 	C:\WINDOWS\System32\SHCORE.dll
0x00007ffc87210000 - 0x00007ffc87239000 	C:\WINDOWS\SYSTEM32\profapi.dll
0x00007ffc75cf0000 - 0x00007ffc75cfc000 	C:\Program Files\Eclipse Adoptium\jdk-17.0.18.8-hotspot\bin\dt_socket.dll
0x00007ffc859b0000 - 0x00007ffc859e2000 	C:\WINDOWS\SYSTEM32\IPHLPAPI.DLL
0x00007ffc86520000 - 0x00007ffc8658c000 	C:\WINDOWS\system32\mswsock.dll
0x00007ffc6d160000 - 0x00007ffc6d17a000 	C:\Program Files\Eclipse Adoptium\jdk-17.0.18.8-hotspot\bin\net.dll
0x00007ffc77d10000 - 0x00007ffc77e3d000 	C:\WINDOWS\SYSTEM32\WINHTTP.dll
0x00007ffc60370000 - 0x00007ffc60386000 	C:\Program Files\Eclipse Adoptium\jdk-17.0.18.8-hotspot\bin\nio.dll
0x00007ffc859f0000 - 0x00007ffc85b22000 	C:\WINDOWS\SYSTEM32\DNSAPI.dll
0x00007ffc8a6e0000 - 0x00007ffc8a6ea000 	C:\WINDOWS\System32\NSI.dll
0x00007ffc77480000 - 0x00007ffc7748b000 	C:\Windows\System32\rasadhlp.dll
0x00007ffc7ee00000 - 0x00007ffc7ee86000 	C:\WINDOWS\System32\fwpuclnt.dll
0x00007ffc746b0000 - 0x00007ffc746ba000 	C:\Program Files\Eclipse Adoptium\jdk-17.0.18.8-hotspot\bin\management.dll
0x00007ffc746a0000 - 0x00007ffc746ac000 	C:\Program Files\Eclipse Adoptium\jdk-17.0.18.8-hotspot\bin\management_ext.dll
0x00007ffc88870000 - 0x00007ffc88878000 	C:\WINDOWS\System32\PSAPI.DLL
0x00007ffc86920000 - 0x00007ffc8693b000 	C:\WINDOWS\SYSTEM32\CRYPTSP.dll
0x00007ffc85f30000 - 0x00007ffc85f69000 	C:\WINDOWS\system32\rsaenh.dll
0x00007ffc865d0000 - 0x00007ffc86603000 	C:\WINDOWS\SYSTEM32\USERENV.dll
0x00007ffc871e0000 - 0x00007ffc8720a000 	C:\WINDOWS\SYSTEM32\bcrypt.dll
0x00007ffc86780000 - 0x00007ffc8678c000 	C:\WINDOWS\SYSTEM32\CRYPTBASE.dll
0x00007ffc7ede0000 - 0x00007ffc7edfd000 	C:\WINDOWS\SYSTEM32\dhcpcsvc6.DLL
0x00007ffc79370000 - 0x00007ffc79395000 	C:\WINDOWS\SYSTEM32\dhcpcsvc.DLL
0x00007ffc60fb0000 - 0x00007ffc60fc8000 	C:\WINDOWS\system32\napinsp.dll
0x00007ffc60f90000 - 0x00007ffc60fa3000 	C:\WINDOWS\System32\winrnr.dll
0x00007ffc607b0000 - 0x00007ffc607d2000 	C:\WINDOWS\system32\nlansp_c.dll
0x00007ffc764a0000 - 0x00007ffc764b6000 	C:\WINDOWS\system32\wshbth.dll
0x00007ffc74690000 - 0x00007ffc74699000 	C:\Program Files\Eclipse Adoptium\jdk-17.0.18.8-hotspot\bin\extnet.dll
0x00007ffc75af0000 - 0x00007ffc75afe000 	C:\Program Files\Eclipse Adoptium\jdk-17.0.18.8-hotspot\bin\sunmscapi.dll
0x00007ffc87500000 - 0x00007ffc87677000 	C:\WINDOWS\System32\CRYPT32.dll
0x00007ffc86a80000 - 0x00007ffc86ab0000 	C:\WINDOWS\SYSTEM32\ncrypt.dll
0x00007ffc86a30000 - 0x00007ffc86a6f000 	C:\WINDOWS\SYSTEM32\NTASN1.dll
0x00007ffc61270000 - 0x00007ffc61280000 	C:\Program Files\Eclipse Adoptium\jdk-17.0.18.8-hotspot\bin\verify.dll
0x00007ffc68210000 - 0x00007ffc68218000 	C:\WINDOWS\system32\wshunix.dll

dbghelp: loaded successfully - version: 4.0.5 - missing functions: none
symbol engine: initialized successfully - sym options: 0x614 - pdb path: .;C:\Program Files\Eclipse Adoptium\jdk-17.0.18.8-hotspot\bin;C:\WINDOWS\SYSTEM32;C:\WINDOWS\WinSxS\amd64_microsoft.windows.common-controls_6595b64144ccf1df_6.0.26100.8115_none_3e075c82e3354f9c;C:\Program Files (x86)\360\Total Security\safemon;C:\Program Files\Eclipse Adoptium\jdk-17.0.18.8-hotspot\bin\server;C:\Users\kotei\AppData\Local\Temp\idea_libasyncProfiler_dll_temp_folder23580

VM Arguments:
jvm_args: -agentlib:jdwp=transport=dt_socket,address=127.0.0.1:52328,suspend=y,server=n -javaagent:C:\Users\kotei\AppData\Local\JetBrains\IntelliJIdea2025.2\captureAgent\debugger-agent.jar=file:///C:/Users/kotei/AppData/Local/Temp/capture14470850098540257022.props -agentpath:C:\Users\kotei\AppData\Local\Temp\idea_libasyncProfiler_dll_temp_folder23580\libasyncProfiler.dll=version,jfr,event=wall,interval=10ms,cstack=no,file=C:\Users\kotei\IdeaSnapshots\AutoAPIGeneratorApplication_2026_04_16_164413.jfr,dbghelppath=C:\Users\kotei\AppData\Local\Temp\idea_dbghelp_dll_temp_folder27587\dbghelp.dll,log=C:\Users\kotei\AppData\Local\Temp\AutoAPIGeneratorApplication_2026_04_16_164413.jfr.log.txt,logLevel=DEBUG -XX:TieredStopAtLevel=1 -Dspring.output.ansi.enabled=always -Dcom.sun.management.jmxremote -Dspring.jmx.enabled=true -Dspring.liveBeansView.mbeanDomain -Dspring.application.admin.enabled=true -Dmanagement.endpoints.jmx.exposure.include=* -Dkotlinx.coroutines.debug.enable.creation.stack.trace=false -Ddebugger.agent.enable.coroutines=true -Dkotlinx.coroutines.debug.enable.flows.stack.trace=true -Dkotlinx.coroutines.debug.enable.mutable.state.flows.stack.trace=true -Dfile.encoding=UTF-8 
java_command: com.usg.autoAPIGenerator.AutoAPIGeneratorApplication
java_class_path (initial): C:\Users\kotei\OneDrive\Documents\KEY PROJECTS\API AUTOMATION\SERVER\target\classes;C:\Users\kotei\.m2\repository\org\springframework\boot\spring-boot-starter-data-jpa\3.4.12\spring-boot-starter-data-jpa-3.4.12.jar;C:\Users\kotei\.m2\repository\org\springframework\boot\spring-boot-starter\3.4.12\spring-boot-starter-3.4.12.jar;C:\Users\kotei\.m2\repository\org\springframework\boot\spring-boot-starter-logging\3.4.12\spring-boot-starter-logging-3.4.12.jar;C:\Users\kotei\.m2\repository\ch\qos\logback\logback-classic\1.5.21\logback-classic-1.5.21.jar;C:\Users\kotei\.m2\repository\ch\qos\logback\logback-core\1.5.21\logback-core-1.5.21.jar;C:\Users\kotei\.m2\repository\org\apache\logging\log4j\log4j-to-slf4j\2.24.3\log4j-to-slf4j-2.24.3.jar;C:\Users\kotei\.m2\repository\org\apache\logging\log4j\log4j-api\2.24.3\log4j-api-2.24.3.jar;C:\Users\kotei\.m2\repository\org\slf4j\jul-to-slf4j\2.0.17\jul-to-slf4j-2.0.17.jar;C:\Users\kotei\.m2\repository\org\yaml\snakeyaml\2.3\snakeyaml-2.3.jar;C:\Users\kotei\.m2\repository\org\springframework\boot\spring-boot-starter-jdbc\3.4.12\spring-boot-starter-jdbc-3.4.12.jar;C:\Users\kotei\.m2\repository\com\zaxxer\HikariCP\5.1.0\HikariCP-5.1.0.jar;C:\Users\kotei\.m2\repository\org\springframework\spring-jdbc\6.2.14\spring-jdbc-6.2.14.jar;C:\Users\kotei\.m2\repository\org\hibernate\orm\hibernate-core\6.6.36.Final\hibernate-core-6.6.36.Final.jar;C:\Users\kotei\.m2\repository\jakarta\persistence\jakarta.persistence-api\3.1.0\jakarta.persistence-api-3.1.0.jar;C:\Users\kotei\.m2\repository\jakarta\transaction\jakarta.transaction-api\2.0.1\jakarta.transaction-api-2.0.1.jar;C:\Users\kotei\.m2\repository\org\jboss\logging\jboss-logging\3.6.1.Final\jboss-logging-3.6.1.Final.jar;C:\Users\kotei\.m2\repository\org\hibernate\common\hibernate-commons-annotations\7.0.3.Final\hibernate-commons-annotations-7.0.3.Final.jar;C:\Users\kotei\.m2\repository\io\smallrye\jandex\3.2.0\jandex-3.2.0.jar;C:\Users\kotei\.m2\repository\com\fast
Launcher Type: SUN_STANDARD

[Global flags]
     intx CICompilerCount                          = 4                                         {product} {ergonomic}
     uint ConcGCThreads                            = 2                                         {product} {ergonomic}
     uint G1ConcRefinementThreads                  = 8                                         {product} {ergonomic}
   size_t G1HeapRegionSize                         = 4194304                                   {product} {ergonomic}
    uintx GCDrainStackTargetSize                   = 64                                        {product} {ergonomic}
   size_t InitialHeapSize                          = 532676608                                 {product} {ergonomic}
     bool ManagementServer                         = true                                      {product} {command line}
   size_t MarkStackSize                            = 4194304                                   {product} {ergonomic}
   size_t MaxHeapSize                              = 8514437120                                {product} {ergonomic}
   size_t MaxNewSize                               = 5108662272                                {product} {ergonomic}
   size_t MinHeapDeltaBytes                        = 4194304                                   {product} {ergonomic}
   size_t MinHeapSize                              = 8388608                                   {product} {ergonomic}
    uintx NonProfiledCodeHeapSize                  = 0                                      {pd product} {ergonomic}
     bool ProfileInterpreter                       = false                                  {pd product} {command line}
    uintx ProfiledCodeHeapSize                     = 0                                      {pd product} {ergonomic}
   size_t SoftMaxHeapSize                          = 8514437120                             {manageable} {ergonomic}
     intx TieredStopAtLevel                        = 1                                         {product} {command line}
     bool UseCompressedClassPointers               = true                           {product lp64_product} {ergonomic}
     bool UseCompressedOops                        = true                           {product lp64_product} {ergonomic}
     bool UseG1GC                                  = true                                      {product} {ergonomic}
     bool UseLargePagesIndividualAllocation        = false                                  {pd product} {ergonomic}

Logging:
Log output configuration:
 #0: stdout all=warning uptime,level,tags
 #1: stderr all=off uptime,level,tags

Environment Variables:
JAVA_HOME=C:\Program Files\Eclipse Adoptium\jdk-17.0.18.8-hotspot
PATH=C:\Program Files\Eclipse Adoptium\jdk-17.0.18.8-hotspot\bin;C:\Program Files\Common Files\Oracle\Java\javapath;C:\WINDOWS\system32;C:\WINDOWS;C:\WINDOWS\System32\Wbem;C:\WINDOWS\System32\WindowsPowerShell\v1.0\;C:\WINDOWS\System32\OpenSSH\;C:\Program Files\nodejs\;C:\Program Files\Apache\Maven\bin;C:\Program Files\Git\cmd;C:\Program Files\PostgreSQL\18\bin;C:\Program Files\Eclipse Adoptium\jdk-17.0.18.8-hotspot\bin;C:\Program Files\PuTTY\;C:\Users\kotei\AppData\Local\Microsoft\WindowsApps;C:\Users\kotei\AppData\Local\Programs\Microsoft VS Code\bin;C:\Users\kotei\AppData\Roaming\npm;
USERNAME=kotei
OS=Windows_NT
PROCESSOR_IDENTIFIER=Intel64 Family 6 Model 140 Stepping 1, GenuineIntel
TMP=C:\Users\kotei\AppData\Local\Temp
TEMP=C:\Users\kotei\AppData\Local\Temp



Periodic native trim disabled


---------------  S Y S T E M  ---------------

OS:
 Windows 11 , 64 bit Build 26100 (10.0.26100.8246)
OS uptime: 0 days 9:28 hours
Hyper-V role detected

CPU: total 8 (initial active 8) (4 cores per cpu, 2 threads per core) family 6 model 140 stepping 1 microcode 0x86, cx8, cmov, fxsr, ht, mmx, 3dnowpref, sse, sse2, sse3, ssse3, sse4.1, sse4.2, popcnt, lzcnt, tsc, tscinvbit, avx, avx2, aes, erms, clmul, bmi1, bmi2, adx, avx512f, avx512dq, avx512cd, avx512bw, avx512vl, sha, fma, vzeroupper, avx512_vpopcntdq, avx512_vpclmulqdq, avx512_vaes, avx512_vnni, clflush, clflushopt, clwb, avx512_vbmi2, avx512_vbmi, hv
Processor Information for all 8 processors :
  Max Mhz: 2419, Current Mhz: 2419, Mhz Limit: 2419

Memory: 4k page, system-wide physical 32466M (14940M free)
TotalPageFile size 34514M (AvailPageFile size 12885M)
current process WorkingSet (physical memory assigned to process): 662M, peak: 980M
current process commit charge ("private bytes"): 826M, peak: 1044M

vm_info: OpenJDK 64-Bit Server VM (17.0.18+8) for windows-amd64 JRE (17.0.18+8), built on Jan 20 2026 22:28:22 by "admin" with MS VC++ 17.12 (VS2022)

END.
