#
# A fatal error has been detected by the Java Runtime Environment:
#
#  EXCEPTION_ACCESS_VIOLATION (0xc0000005) at pc=0x00007ffb2acc5785, pid=5848, tid=9028
#
# JRE version: OpenJDK Runtime Environment Temurin-17.0.18+8 (17.0.18+8) (build 17.0.18+8)
# Java VM: OpenJDK 64-Bit Server VM Temurin-17.0.18+8 (17.0.18+8, mixed mode, emulated-client, sharing, tiered, compressed oops, compressed class ptrs, g1 gc, windows-amd64)
# Problematic frame:
# V  [jvm.dll+0x675785]
#
# No core dump will be written. Minidumps are not enabled by default on client versions of Windows
#
# If you would like to submit a bug report, please visit:
#   https://github.com/adoptium/adoptium-support/issues
#

---------------  S U M M A R Y ------------

Command Line: -agentlib:jdwp=transport=dt_socket,address=127.0.0.1:53902,suspend=y,server=n -javaagent:C:\Users\kotei\AppData\Local\JetBrains\IntelliJIdea2025.2\captureAgent\debugger-agent.jar=file:///C:/Users/kotei/AppData/Local/Temp/capture16309187656071280380.props -agentpath:C:\Users\kotei\AppData\Local\Temp\idea_libasyncProfiler_dll_temp_folder12362\libasyncProfiler.dll=version,jfr,event=wall,interval=10ms,cstack=no,file=C:\Users\kotei\IdeaSnapshots\AutoAPIGeneratorApplication_2026_05_03_005456.jfr,dbghelppath=C:\Users\kotei\AppData\Local\Temp\idea_dbghelp_dll_temp_folder35111\dbghelp.dll,log=C:\Users\kotei\AppData\Local\Temp\AutoAPIGeneratorApplication_2026_05_03_005456.jfr.log.txt,logLevel=DEBUG -XX:TieredStopAtLevel=1 -Dspring.output.ansi.enabled=always -Dcom.sun.management.jmxremote -Dspring.jmx.enabled=true -Dspring.liveBeansView.mbeanDomain -Dspring.application.admin.enabled=true -Dmanagement.endpoints.jmx.exposure.include=* -Dkotlinx.coroutines.debug.enable.creation.stack.trace=false -Ddebugger.agent.enable.coroutines=true -Dkotlinx.coroutines.debug.enable.flows.stack.trace=true -Dkotlinx.coroutines.debug.enable.mutable.state.flows.stack.trace=true -Dfile.encoding=UTF-8 com.usg.autoAPIGenerator.AutoAPIGeneratorApplication

Host: 11th Gen Intel(R) Core(TM) i5-1135G7 @ 2.40GHz, 8 cores, 31G,  Windows 11 , 64 bit Build 26100 (10.0.26100.8246)
Time: Sun May  3 09:17:37 2026 Greenwich Standard Time elapsed time: 30160.758558 seconds (0d 8h 22m 40s)

---------------  T H R E A D  ---------------

Current thread (0x000002c1ffe3c6e0):  JavaThread "JDWP Transport Listener: dt_socket" daemon [_thread_in_vm, id=9028, stack(0x000000ce05f00000,0x000000ce06000000)]

Stack: [0x000000ce05f00000,0x000000ce06000000],  sp=0x000000ce05fff800,  free space=1022k
Native frames: (J=compiled Java code, j=interpreted, Vv=VM code, C=native code)
V  [jvm.dll+0x675785]
V  [jvm.dll+0x67561f]
V  [jvm.dll+0x3f1761]
C  [jdwp.dll+0xc765]


siginfo: EXCEPTION_ACCESS_VIOLATION (0xc0000005), writing address 0x0000000000000238


Registers:
RAX=0x0000f9e31f241f03, RBX=0x0000000000000000, RCX=0x0000000000000000, RDX=0x0000000000000001
RSP=0x000000ce05fff800, RBP=0x000000583a215800, RSI=0x000002c1e6b2c3a0, RDI=0x0000000000000238
R8 =0x000002c1e6b2c3a0, R9 =0x000000ce046e9000, R10=0x000002c1e4830000, R11=0x000000ce05fff908
R12=0x0000000000000000, R13=0x0000000000000000, R14=0x0000000000000001, R15=0x0000000000000002
RIP=0x00007ffb2acc5785, EFLAGS=0x0000000000010206

XMM[0]=0x0000000000000000 0x0000000000000000
XMM[1]=0x0000000000000000 0x7077646a2e6e7573
XMM[2]=0x0000000000000000 0x656e657473696c2e
XMM[3]=0x0000000000000000 0x0000000000000000
XMM[4]=0x0000000000000000 0x0000000000000000
XMM[5]=0x0000000000000000 0x0000000000000000
XMM[6]=0x0000000000000000 0x0000000000000000
XMM[7]=0x0000000000000000 0x0000000000000000
XMM[8]=0x0000000000000000 0x0000000000000000
XMM[9]=0x0000000000000000 0x0000000000000000
XMM[10]=0x0000000000000000 0x0000000000000000
XMM[11]=0x0000000000000000 0x0000000000000000
XMM[12]=0x0000000000000000 0x0000000000000000
XMM[13]=0x0000000000000000 0x0000000000000000
XMM[14]=0x0000000000000000 0x0000000000000000
XMM[15]=0x0000000000000000 0x0000000000000000
  MXCSR=0x00001fa0


Register to memory mapping:

RIP=0x00007ffb2acc5785 jvm.dll
RAX=0x0000f9e31f241f03 is an unknown value
RBX=0x0 is NULL
RCX=0x0 is NULL
RDX=0x0000000000000001 is an unknown value
RSP=0x000000ce05fff800 is pointing into the stack for thread: 0x000002c1ffe3c6e0
RBP=0x000000583a215800 is an unknown value
RSI=0x000002c1e6b2c3a0 points into unknown readable memory: 0x000002c1ffc51540 | 40 15 c5 ff c1 02 00 00
RDI=0x0000000000000238 is an unknown value
R8 =0x000002c1e6b2c3a0 points into unknown readable memory: 0x000002c1ffc51540 | 40 15 c5 ff c1 02 00 00
R9 =0x000000ce046e9000 points into unknown readable memory: 0x0000000000000000 | 00 00 00 00 00 00 00 00
R10=0x000002c1e4830000 points into unknown readable memory: 0x0000000000000000 | 00 00 00 00 00 00 00 00
R11=0x000000ce05fff908 is pointing into the stack for thread: 0x000002c1ffe3c6e0
R12=0x0 is NULL
R13=0x0 is NULL
R14=0x0000000000000001 is an unknown value
R15=0x0000000000000002 is an unknown value


Top of Stack: (sp=0x000000ce05fff800)
0x000000ce05fff800:   000002c1d38cc6c0 00007ffbb8afe0fb
0x000000ce05fff810:   000002c1e4710000 00007ffb2a911c3b
0x000000ce05fff820:   000002c1d38cc6c0 000002c1e6b2bea0
0x000000ce05fff830:   0000000000000012 00007ffb2acc6cf8
0x000000ce05fff840:   00007ffb9b495680 0000000000000000
0x000000ce05fff850:   00000000000000c9 000002c1ce2ea840
0x000000ce05fff860:   0000000000000002 000000000000000a
0x000000ce05fff870:   0000000000000000 0000000000000000
0x000000ce05fff880:   000002c1e6b29250 00007ffb2ab93201
0x000000ce05fff890:   000002c1d38cc030 00007ffbb8afe0fb
0x000000ce05fff8a0:   000002c1ee95e798 00007ffb2aca4f63
0x000000ce05fff8b0:   0000000000000002 000000000000000a
0x000000ce05fff8c0:   000002c1ee8c8120 0000000000000000
0x000000ce05fff8d0:   0000f9e31f241f03 00007ffb2a845b05
0x000000ce05fff8e0:   0000000000000002 0000000000000000
0x000000ce05fff8f0:   0000000000000008 000002c1e6b2c3a0
0x000000ce05fff900:   000000583a215800 00007ffb2acc561f
0x000000ce05fff910:   000002c1d10ac000 0000000000000000
0x000000ce05fff920:   000002c1e6b29250 000002c1d10ac040
0x000000ce05fff930:   000000000000000a 00007ffb2aa41761
0x000000ce05fff940:   000002c1ffe3c6e0 000002c1ffe3c998
0x000000ce05fff950:   000002c1d110eca0 000002c1d10ac001
0x000000ce05fff960:   000002c1ffe3c6e0 0000000000000000
0x000000ce05fff970:   000002c100000000 0000000000000000
0x000000ce05fff980:   000002c1ffe3c998 00007ffb8dd4c765
0x000000ce05fff990:   000002c1d110eca8 000002c1ffe3c998
0x000000ce05fff9a0:   000002c1d110eca0 000000000000000a
0x000000ce05fff9b0:   0000000000005870 00007ffb8dd4c131
0x000000ce05fff9c0:   000002c1ce70da10 0000000000000b0e
0x000000ce05fff9d0:   000002c1ffe3c998 0000000000000000
0x000000ce05fff9e0:   0000000000000000 00007ffb8dd4de30
0x000000ce05fff9f0:   000002c1ffe3c998 000000ce05fffb20 

Instructions: (pc=0x00007ffb2acc5785)
0x00007ffb2acc5685:   83 e3 c0 48 81 eb c0 01 00 00 33 ff 48 8d 8b 08
0x00007ffb2acc5695:   02 00 00 33 d2 e8 31 66 c5 ff 49 3b c6 74 0d ff
0x00007ffb2acc56a5:   c7 48 83 c3 40 83 ff 08 72 e2 33 db 45 33 ff 33
0x00007ffb2acc56b5:   ed 49 3b f5 73 50 0f 1f 44 00 00 49 8b 3c f4 48
0x00007ffb2acc56c5:   3b df 77 42 48 8d 83 00 02 00 00 48 3b f8 73 36
0x00007ffb2acc56d5:   48 8b 05 34 d1 52 00 48 85 c0 74 12 49 8b 16 48
0x00007ffb2acc56e5:   8d 0d e5 5f 33 00 4c 8b c7 e8 0d ef ff ff 48 2b
0x00007ffb2acc56f5:   fb 49 ff c7 48 c1 ff 03 48 ff c6 8b c7 48 0f ab
0x00007ffb2acc5705:   c5 49 3b f5 72 b5 4d 8b c6 48 8b d5 48 8b cb e8
0x00007ffb2acc5715:   37 00 00 00 49 f7 df f0 4d 01 7e 40 49 3b f5 0f
0x00007ffb2acc5725:   82 56 ff ff ff 4c 8b 7c 24 20 48 8b 7c 24 60 48
0x00007ffb2acc5735:   8b 6c 24 58 48 8b 5c 24 50 48 83 c4 28 41 5e 41
0x00007ffb2acc5745:   5d 41 5c 5e c3 cc cc cc cc cc cc 48 89 5c 24 20
0x00007ffb2acc5755:   55 56 57 41 56 41 57 48 81 ec e0 00 00 00 48 8b
0x00007ffb2acc5765:   05 d6 c3 4d 00 48 33 c4 48 89 84 24 d0 00 00 00
0x00007ffb2acc5775:   49 8b f0 48 8d b9 38 02 00 00 4c 8b f2 48 8b d9
0x00007ffb2acc5785:   f0 48 ff 07 48 8b a9 00 02 00 00 48 8b ca 48 33
0x00007ffb2acc5795:   cd 48 8b c5 f0 48 0f b1 8b 00 02 00 00 74 17 49
0x00007ffb2acc57a5:   8b ce 48 8b e8 48 33 c8 f0 48 0f b1 8b 00 02 00
0x00007ffb2acc57b5:   00 48 3b c5 75 e9 4c 8b fd 49 f7 d7 4c 3b f5 74
0x00007ffb2acc57c5:   09 4d 85 ff 0f 85 14 01 00 00 48 8b 05 ca cf 52
0x00007ffb2acc57d5:   00 48 85 c0 0f 84 81 00 00 00 ba 50 00 00 00 48
0x00007ffb2acc57e5:   8d 4c 24 30 e8 d2 f9 00 00 48 8d 05 33 35 2a 00
0x00007ffb2acc57f5:   48 8d 4c 24 68 48 89 44 24 30 e8 8c 00 f0 ff c7
0x00007ffb2acc5805:   84 24 c0 00 00 00 01 00 00 00 48 8d 05 5a cf 52
0x00007ffb2acc5815:   00 48 89 84 24 c8 00 00 00 4d 85 ff 75 17 4c 8b
0x00007ffb2acc5825:   06 48 8d 15 1b 5e 33 00 4c 8b cb 48 8d 4c 24 30
0x00007ffb2acc5835:   e8 e6 11 01 00 4c 3b f5 75 17 4c 8b 06 48 8d 15
0x00007ffb2acc5845:   1f 5e 33 00 4c 8b cb 48 8d 4c 24 30 e8 ca 11 01
0x00007ffb2acc5855:   00 48 8d 4c 24 30 e8 50 00 f0 ff 33 c0 f0 48 0f
0x00007ffb2acc5865:   b1 9b 30 02 00 00 75 76 48 8b 46 20 48 85 c0 48
0x00007ffb2acc5875:   8b c8 48 0f 44 cb 48 89 8b 30 02 00 00 f0 48 0f 


Stack slot to memory mapping:
stack at sp + 0 slots: 0x000002c1d38cc6c0 points into unknown readable memory: 0x0000000006aaa900 | 00 a9 aa 06 00 00 00 00
stack at sp + 1 slots: 0x00007ffbb8afe0fb ucrtbase.dll
stack at sp + 2 slots: 0x000002c1e4710000 points into unknown readable memory: 0x0000000000000000 | 00 00 00 00 00 00 00 00
stack at sp + 3 slots: 0x00007ffb2a911c3b jvm.dll
stack at sp + 4 slots: 0x000002c1d38cc6c0 points into unknown readable memory: 0x0000000006aaa900 | 00 a9 aa 06 00 00 00 00
stack at sp + 5 slots: 0x000002c1e6b2bea0 points into unknown readable memory: 0x000002c1ee94cd30 | 30 cd 94 ee c1 02 00 00
stack at sp + 6 slots: 0x0000000000000012 is an unknown value
stack at sp + 7 slots: 0x00007ffb2acc6cf8 jvm.dll


---------------  P R O C E S S  ---------------

Threads class SMR info:
_java_thread_list=0x000002c1d954a710, length=46, elements={
0x000002c1ffc73a80, 0x000002c1ffc74550, 0x000002c1ffc7c430, 0x000002c1ffc7cd00,
0x000002c1ffc7fbf0, 0x000002c1ffc804c0, 0x000002c1ffc83470, 0x000002c1ffc8dda0,
0x000002c1ffda6200, 0x000002c1ffe3c6e0, 0x000002c1ffe3d770, 0x000002c1ffda6710,
0x000002c1ffda7640, 0x000002c1ffda7130, 0x000002c1ce5007c0, 0x000002c1d06ce140,
0x000002c1d06ce650, 0x000002c1d06ceb60, 0x000002c1d175ff00, 0x000002c1d1762270,
0x000002c1d3830940, 0x000002c1d382d190, 0x000002c1d3830e50, 0x000002c1d3831870,
0x000002c1ce2a8910, 0x000002c1d2868dd0, 0x000002c1d286a720, 0x000002c1d286ac30,
0x000002c1d286b650, 0x000002c1d2867ea0, 0x000002c1d286bb60, 0x000002c1d28683b0,
0x000002c1d286c070, 0x000002c1d28688c0, 0x000002c1d286ded0, 0x000002c1d286c580,
0x000002c1d286e3e0, 0x000002c1d286e8f0, 0x000002c1d286ee00, 0x000002c1d286f310,
0x000002c1db33e700, 0x000002c1d3830430, 0x000002c1da1893e0, 0x000002c1d382f500,
0x000002c1d382e0c0, 0x000002c1d382fa10
}

Java Threads: ( => current thread )
  0x000002c1ffc73a80 JavaThread "Reference Handler" daemon [_thread_blocked, id=20520, stack(0x000000ce05300000,0x000000ce05400000)]
  0x000002c1ffc74550 JavaThread "Finalizer" daemon [_thread_blocked, id=8860, stack(0x000000ce05400000,0x000000ce05500000)]
  0x000002c1ffc7c430 JavaThread "Signal Dispatcher" daemon [_thread_blocked, id=16220, stack(0x000000ce05500000,0x000000ce05600000)]
  0x000002c1ffc7cd00 JavaThread "Attach Listener" daemon [_thread_blocked, id=7960, stack(0x000000ce05600000,0x000000ce05700000)]
  0x000002c1ffc7fbf0 JavaThread "Service Thread" daemon [_thread_blocked, id=14624, stack(0x000000ce05700000,0x000000ce05800000)]
  0x000002c1ffc804c0 JavaThread "Monitor Deflation Thread" daemon [_thread_blocked, id=21224, stack(0x000000ce05800000,0x000000ce05900000)]
  0x000002c1ffc83470 JavaThread "C1 CompilerThread0" daemon [_thread_blocked, id=7904, stack(0x000000ce05900000,0x000000ce05a00000)]
  0x000002c1ffc8dda0 JavaThread "Sweeper thread" daemon [_thread_blocked, id=3148, stack(0x000000ce05a00000,0x000000ce05b00000)]
  0x000002c1ffda6200 JavaThread "Common-Cleaner" daemon [_thread_blocked, id=22240, stack(0x000000ce05b00000,0x000000ce05c00000)]
=>0x000002c1ffe3c6e0 JavaThread "JDWP Transport Listener: dt_socket" daemon [_thread_in_vm, id=9028, stack(0x000000ce05f00000,0x000000ce06000000)]
  0x000002c1ffe3d770 JavaThread "JDWP Event Helper Thread" daemon [_thread_blocked, id=20096, stack(0x000000ce06000000,0x000000ce06100000)]
  0x000002c1ffda6710 JavaThread "IntelliJ Suspend Helper" daemon [_thread_blocked, id=20100, stack(0x000000ce06200000,0x000000ce06300000)]
  0x000002c1ffda7640 JavaThread "Notification Thread" daemon [_thread_blocked, id=19872, stack(0x000000ce06300000,0x000000ce06400000)]
  0x000002c1ffda7130 JavaThread "RMI TCP Accept-0" daemon [_thread_in_native, id=16728, stack(0x000000ce06400000,0x000000ce06500000)]
  0x000002c1ce5007c0 JavaThread "RMI Scheduler(0)" daemon [_thread_blocked, id=19384, stack(0x000000ce07100000,0x000000ce07200000)]
  0x000002c1d06ce140 JavaThread "Catalina-utility-1" [_thread_blocked, id=11356, stack(0x000000ce07200000,0x000000ce07300000)]
  0x000002c1d06ce650 JavaThread "Catalina-utility-2" [_thread_blocked, id=12016, stack(0x000000ce07300000,0x000000ce07400000)]
  0x000002c1d06ceb60 JavaThread "container-0" [_thread_blocked, id=19956, stack(0x000000ce07500000,0x000000ce07600000)]
  0x000002c1d175ff00 JavaThread "PostgreSQL-JDBC-Cleaner" daemon [_thread_blocked, id=3396, stack(0x000000ce07700000,0x000000ce07800000)]
  0x000002c1d1762270 JavaThread "PostgreSQL-Hikari-Pool housekeeper" daemon [_thread_blocked, id=7332, stack(0x000000ce07800000,0x000000ce07900000)]
  0x000002c1d3830940 JavaThread "Oracle-Hikari-Pool housekeeper" daemon [_thread_blocked, id=11088, stack(0x000000ce07900000,0x000000ce07a00000)]
  0x000002c1d382d190 JavaThread "Timer-0" daemon [_thread_blocked, id=16828, stack(0x000000ce07c00000,0x000000ce07d00000)]
  0x000002c1d3830e50 JavaThread "oracle.jdbc.driver.BlockSource.ThreadedCachingBlockSource.BlockReleaser" daemon [_thread_blocked, id=22032, stack(0x000000ce07d00000,0x000000ce07e00000)]
  0x000002c1d3831870 JavaThread "InterruptTimer" daemon [_thread_blocked, id=19912, stack(0x000000ce07e00000,0x000000ce07f00000)]
  0x000002c1ce2a8910 JavaThread "pool-2-thread-1" [_thread_blocked, id=7888, stack(0x000000ce08300000,0x000000ce08400000)]
  0x000002c1d2868dd0 JavaThread "File Watcher" daemon [_thread_blocked, id=20868, stack(0x000000ce08700000,0x000000ce08800000)]
  0x000002c1d286a720 JavaThread "Live Reload Server" daemon [_thread_in_native, id=14280, stack(0x000000ce08900000,0x000000ce08a00000)]
  0x000002c1d286ac30 JavaThread "http-nio-4789-exec-1" daemon [_thread_blocked, id=19484, stack(0x000000ce08800000,0x000000ce08900000)]
  0x000002c1d286b650 JavaThread "http-nio-4789-exec-2" daemon [_thread_blocked, id=21032, stack(0x000000ce08a00000,0x000000ce08b00000)]
  0x000002c1d2867ea0 JavaThread "http-nio-4789-exec-3" daemon [_thread_blocked, id=13332, stack(0x000000ce08b00000,0x000000ce08c00000)]
  0x000002c1d286bb60 JavaThread "http-nio-4789-exec-4" daemon [_thread_blocked, id=2952, stack(0x000000ce08c00000,0x000000ce08d00000)]
  0x000002c1d28683b0 JavaThread "http-nio-4789-exec-5" daemon [_thread_blocked, id=16408, stack(0x000000ce08d00000,0x000000ce08e00000)]
  0x000002c1d286c070 JavaThread "http-nio-4789-exec-6" daemon [_thread_blocked, id=17076, stack(0x000000ce08e00000,0x000000ce08f00000)]
  0x000002c1d28688c0 JavaThread "http-nio-4789-exec-7" daemon [_thread_blocked, id=15124, stack(0x000000ce08f00000,0x000000ce09000000)]
  0x000002c1d286ded0 JavaThread "http-nio-4789-exec-8" daemon [_thread_blocked, id=12620, stack(0x000000ce09000000,0x000000ce09100000)]
  0x000002c1d286c580 JavaThread "http-nio-4789-exec-9" daemon [_thread_blocked, id=20392, stack(0x000000ce09100000,0x000000ce09200000)]
  0x000002c1d286e3e0 JavaThread "http-nio-4789-exec-10" daemon [_thread_blocked, id=15980, stack(0x000000ce09200000,0x000000ce09300000)]
  0x000002c1d286e8f0 JavaThread "http-nio-4789-Poller" daemon [_thread_in_native, id=18000, stack(0x000000ce09300000,0x000000ce09400000)]
  0x000002c1d286ee00 JavaThread "http-nio-4789-Acceptor" daemon [_thread_in_native, id=2896, stack(0x000000ce09400000,0x000000ce09500000)]
  0x000002c1d286f310 JavaThread "DestroyJavaVM" [_thread_blocked, id=1256, stack(0x000000ce04c00000,0x000000ce04d00000)]
  0x000002c1db33e700 JavaThread "OracleTimeoutPollingThread" daemon [_thread_blocked, id=5280, stack(0x000000ce05c00000,0x000000ce05d00000)]
  0x000002c1d3830430 JavaThread "PostgreSQL-JDBC-SharedTimer-7" daemon [_thread_blocked, id=12336, stack(0x000000ce04900000,0x000000ce04a00000)]
  0x000002c1da1893e0 JavaThread "C1 CompilerThread1" daemon [_thread_blocked, id=18464, stack(0x000000ce06e00000,0x000000ce06f00000)]
  0x000002c1d382f500 JavaThread "Oracle-Hikari-Pool connection adder" daemon [_thread_blocked, id=9860, stack(0x000000ce07600000,0x000000ce07700000)]
  0x000002c1d382e0c0 JavaThread "PostgreSQL-Hikari-Pool connection closer" daemon [_thread_blocked, id=12764, stack(0x000000ce04a00000,0x000000ce04b00000)]
  0x000002c1d382fa10 JavaThread "PostgreSQL-Hikari-Pool connection adder" daemon [_thread_blocked, id=16204, stack(0x000000ce04b00000,0x000000ce04c00000)]

Other Threads:
  0x000002c1ffc68990 VMThread "VM Thread" [stack: 0x000000ce05200000,0x000000ce05300000] [id=4200]
  0x000002c1cdd0d870 WatcherThread [stack: 0x000000ce06500000,0x000000ce06600000] [id=22216]
  0x000002c1ee9f26f0 GCTaskThread "GC Thread#0" [stack: 0x000000ce04d00000,0x000000ce04e00000] [id=9528]
  0x000002c1cdf4eb20 GCTaskThread "GC Thread#1" [stack: 0x000000ce06600000,0x000000ce06700000] [id=13612]
  0x000002c1cdf4f620 GCTaskThread "GC Thread#2" [stack: 0x000000ce06700000,0x000000ce06800000] [id=8716]
  0x000002c1cdf4e860 GCTaskThread "GC Thread#3" [stack: 0x000000ce06800000,0x000000ce06900000] [id=21536]
  0x000002c1cdf4e5a0 GCTaskThread "GC Thread#4" [stack: 0x000000ce06900000,0x000000ce06a00000] [id=20528]
  0x000002c1cdf4ede0 GCTaskThread "GC Thread#5" [stack: 0x000000ce06a00000,0x000000ce06b00000] [id=17424]
  0x000002c1cdf4e020 GCTaskThread "GC Thread#6" [stack: 0x000000ce06b00000,0x000000ce06c00000] [id=8460]
  0x000002c1cdf4f0a0 GCTaskThread "GC Thread#7" [stack: 0x000000ce06c00000,0x000000ce06d00000] [id=14152]
  0x000002c1eea04200 ConcurrentGCThread "G1 Main Marker" [stack: 0x000000ce04e00000,0x000000ce04f00000] [id=13656]
  0x000002c1eea04b30 ConcurrentGCThread "G1 Conc#0" [stack: 0x000000ce04f00000,0x000000ce05000000] [id=12168]
  0x000002c1ce4aff00 ConcurrentGCThread "G1 Conc#1" [stack: 0x000000ce07400000,0x000000ce07500000] [id=11804]
  0x000002c1eea5ecc0 ConcurrentGCThread "G1 Refine#0" [stack: 0x000000ce05000000,0x000000ce05100000] [id=3220]
  0x000002c1ce1037e0 ConcurrentGCThread "G1 Refine#1" [stack: 0x000000ce06d00000,0x000000ce06e00000] [id=6048]
  0x000002c1d2995ea0 ConcurrentGCThread "G1 Refine#2" [stack: 0x000000ce05e00000,0x000000ce05f00000] [id=11868]
  0x000002c1d2338ee0 ConcurrentGCThread "G1 Refine#3" [stack: 0x000000ce07f00000,0x000000ce08000000] [id=20764]
  0x000002c1d2339d90 ConcurrentGCThread "G1 Refine#4" [stack: 0x000000ce08000000,0x000000ce08100000] [id=19604]
  0x000002c1ffd02c70 ConcurrentGCThread "G1 Refine#5" [stack: 0x000000ce08100000,0x000000ce08200000] [id=19300]
  0x000002c1ffb135d0 ConcurrentGCThread "G1 Service" [stack: 0x000000ce05100000,0x000000ce05200000] [id=2400]

Threads with active compile tasks:

VM state: not at safepoint (normal execution)

VM Mutex/Monitor currently owned by a thread: None

Heap address: 0x0000000604800000, size: 8120 MB, Compressed Oops mode: Zero based, Oop shift amount: 3

CDS archive(s) mapped at: [0x000002c188000000-0x000002c188bb0000-0x000002c188bb0000), size 12255232, SharedBaseAddress: 0x000002c188000000, ArchiveRelocationMode: 1.
Compressed class space mapped at: 0x000002c189000000-0x000002c1c9000000, reserved size: 1073741824
Narrow klass base: 0x000002c188000000, Narrow klass shift: 0, Narrow klass range: 0x100000000

GC Precious Log:
 CPUs: 8 total, 8 available
 Memory: 32466M
 Large Page Support: Disabled
 NUMA Support: Disabled
 Compressed Oops: Enabled (Zero based)
 Heap Region Size: 4M
 Heap Min Capacity: 8M
 Heap Initial Capacity: 508M
 Heap Max Capacity: 8120M
 Pre-touch: Disabled
 Parallel Workers: 8
 Concurrent Workers: 2
 Concurrent Refinement Workers: 8
 Periodic GC: Disabled

Heap:
 garbage-first heap   total 397312K, used 214646K [0x0000000604800000, 0x0000000800000000)
  region size 4096K, 28 young (114688K), 1 survivors (4096K)
 Metaspace       used 117962K, committed 119232K, reserved 1179648K
  class space    used 16005K, committed 16640K, reserved 1048576K

Heap Regions: E=young(eden), S=young(survivor), O=old, HS=humongous(starts), HC=humongous(continues), CS=collection set, F=free, OA=open archive, CA=closed archive, TAMS=top-at-mark-start (previous, next)
|   0|0x0000000604800000, 0x0000000604c00000, 0x0000000604c00000|100%| O|  |TAMS 0x0000000604c00000, 0x0000000604800000| Untracked 
|   1|0x0000000604c00000, 0x0000000605000000, 0x0000000605000000|100%| O|  |TAMS 0x0000000605000000, 0x0000000604c00000| Untracked 
|   2|0x0000000605000000, 0x0000000605400000, 0x0000000605400000|100%| O|  |TAMS 0x0000000605400000, 0x0000000605000000| Untracked 
|   3|0x0000000605400000, 0x0000000605800000, 0x0000000605800000|100%| O|  |TAMS 0x0000000605800000, 0x0000000605400000| Untracked 
|   4|0x0000000605800000, 0x0000000605c00000, 0x0000000605c00000|100%| O|  |TAMS 0x0000000605c00000, 0x0000000605800000| Untracked 
|   5|0x0000000605c00000, 0x0000000606000000, 0x0000000606000000|100%| O|  |TAMS 0x0000000606000000, 0x0000000605c00000| Untracked 
|   6|0x0000000606000000, 0x0000000606000000, 0x0000000606400000|  0%| F|  |TAMS 0x0000000606000000, 0x0000000606000000| Untracked 
|   7|0x0000000606400000, 0x0000000606800000, 0x0000000606800000|100%| O|  |TAMS 0x0000000606800000, 0x0000000606400000| Untracked 
|   8|0x0000000606800000, 0x0000000606c00000, 0x0000000606c00000|100%| O|  |TAMS 0x0000000606c00000, 0x0000000606800000| Untracked 
|   9|0x0000000606c00000, 0x0000000607000000, 0x0000000607000000|100%| O|  |TAMS 0x0000000607000000, 0x0000000606c00000| Untracked 
|  10|0x0000000607000000, 0x0000000607400000, 0x0000000607400000|100%| O|  |TAMS 0x0000000607400000, 0x0000000607000000| Untracked 
|  11|0x0000000607400000, 0x0000000607800000, 0x0000000607800000|100%| O|  |TAMS 0x0000000607800000, 0x0000000607400000| Untracked 
|  12|0x0000000607800000, 0x0000000607c00000, 0x0000000607c00000|100%| O|  |TAMS 0x0000000607c00000, 0x0000000607800000| Untracked 
|  13|0x0000000607c00000, 0x0000000608000000, 0x0000000608000000|100%| O|  |TAMS 0x0000000608000000, 0x0000000607c00000| Untracked 
|  14|0x0000000608000000, 0x0000000608400000, 0x0000000608400000|100%| O|  |TAMS 0x0000000608400000, 0x0000000608000000| Untracked 
|  15|0x0000000608400000, 0x0000000608800000, 0x0000000608800000|100%| O|  |TAMS 0x0000000608800000, 0x0000000608400000| Untracked 
|  16|0x0000000608800000, 0x0000000608c00000, 0x0000000608c00000|100%| O|  |TAMS 0x0000000608c00000, 0x0000000608800000| Untracked 
|  17|0x0000000608c00000, 0x0000000609000000, 0x0000000609000000|100%| O|  |TAMS 0x0000000609000000, 0x0000000608c00000| Untracked 
|  18|0x0000000609000000, 0x00000006090f3a00, 0x0000000609400000| 23%| O|  |TAMS 0x00000006090f3a00, 0x0000000609000000| Complete 
|  19|0x0000000609400000, 0x0000000609800000, 0x0000000609800000|100%| O|  |TAMS 0x0000000609800000, 0x0000000609400000| Untracked 
|  20|0x0000000609800000, 0x0000000609c00000, 0x0000000609c00000|100%| O|  |TAMS 0x0000000609c00000, 0x0000000609800000| Untracked 
|  21|0x0000000609c00000, 0x000000060a000000, 0x000000060a000000|100%| O|  |TAMS 0x000000060a000000, 0x0000000609c00000| Untracked 
|  22|0x000000060a000000, 0x000000060a400000, 0x000000060a400000|100%| O|  |TAMS 0x000000060a400000, 0x000000060a000000| Untracked 
|  23|0x000000060a400000, 0x000000060a800000, 0x000000060a800000|100%| O|  |TAMS 0x000000060a800000, 0x000000060a400000| Untracked 
|  24|0x000000060a800000, 0x000000060ac00000, 0x000000060ac00000|100%| O|  |TAMS 0x000000060ac00000, 0x000000060a800000| Untracked 
|  25|0x000000060ac00000, 0x000000060ac00000, 0x000000060b000000|  0%| F|  |TAMS 0x000000060ac00000, 0x000000060ac00000| Untracked 
|  26|0x000000060b000000, 0x000000060b000000, 0x000000060b400000|  0%| F|  |TAMS 0x000000060b000000, 0x000000060b000000| Untracked 
|  27|0x000000060b400000, 0x000000060b400000, 0x000000060b800000|  0%| F|  |TAMS 0x000000060b400000, 0x000000060b400000| Untracked 
|  28|0x000000060b800000, 0x000000060b800000, 0x000000060bc00000|  0%| F|  |TAMS 0x000000060b800000, 0x000000060b800000| Untracked 
|  29|0x000000060bc00000, 0x000000060bc00000, 0x000000060c000000|  0%| F|  |TAMS 0x000000060bc00000, 0x000000060bc00000| Untracked 
|  30|0x000000060c000000, 0x000000060c000000, 0x000000060c400000|  0%| F|  |TAMS 0x000000060c000000, 0x000000060c000000| Untracked 
|  31|0x000000060c400000, 0x000000060c800000, 0x000000060c800000|100%| O|  |TAMS 0x000000060c800000, 0x000000060c400000| Untracked 
|  32|0x000000060c800000, 0x000000060cc00000, 0x000000060cc00000|100%| O|  |TAMS 0x000000060cc00000, 0x000000060c800000| Untracked 
|  33|0x000000060cc00000, 0x000000060d000000, 0x000000060d000000|100%| O|  |TAMS 0x000000060d000000, 0x000000060cc00000| Untracked 
|  34|0x000000060d000000, 0x000000060d000000, 0x000000060d400000|  0%| F|  |TAMS 0x000000060d000000, 0x000000060d000000| Untracked 
|  35|0x000000060d400000, 0x000000060d400000, 0x000000060d800000|  0%| F|  |TAMS 0x000000060d400000, 0x000000060d400000| Untracked 
|  36|0x000000060d800000, 0x000000060d800000, 0x000000060dc00000|  0%| F|  |TAMS 0x000000060d800000, 0x000000060d800000| Untracked 
|  37|0x000000060dc00000, 0x000000060dc00000, 0x000000060e000000|  0%| F|  |TAMS 0x000000060dc00000, 0x000000060dc00000| Untracked 
|  38|0x000000060e000000, 0x000000060e0a9ec0, 0x000000060e400000| 16%| S|CS|TAMS 0x000000060e000000, 0x000000060e000000| Complete 
|  39|0x000000060e400000, 0x000000060e400000, 0x000000060e800000|  0%| F|  |TAMS 0x000000060e400000, 0x000000060e400000| Untracked 
|  40|0x000000060e800000, 0x000000060e800000, 0x000000060ec00000|  0%| F|  |TAMS 0x000000060e800000, 0x000000060e800000| Untracked 
|  41|0x000000060ec00000, 0x000000060ec00000, 0x000000060f000000|  0%| F|  |TAMS 0x000000060ec00000, 0x000000060ec00000| Untracked 
|  42|0x000000060f000000, 0x000000060f000000, 0x000000060f400000|  0%| F|  |TAMS 0x000000060f000000, 0x000000060f000000| Untracked 
|  43|0x000000060f400000, 0x000000060f400000, 0x000000060f800000|  0%| F|  |TAMS 0x000000060f400000, 0x000000060f400000| Untracked 
|  44|0x000000060f800000, 0x000000060f800000, 0x000000060fc00000|  0%| F|  |TAMS 0x000000060f800000, 0x000000060f800000| Untracked 
|  45|0x000000060fc00000, 0x000000060fc00000, 0x0000000610000000|  0%| F|  |TAMS 0x000000060fc00000, 0x000000060fc00000| Untracked 
|  46|0x0000000610000000, 0x0000000610000000, 0x0000000610400000|  0%| F|  |TAMS 0x0000000610000000, 0x0000000610000000| Untracked 
|  47|0x0000000610400000, 0x0000000610400000, 0x0000000610800000|  0%| F|  |TAMS 0x0000000610400000, 0x0000000610400000| Untracked 
|  48|0x0000000610800000, 0x0000000610800000, 0x0000000610c00000|  0%| F|  |TAMS 0x0000000610800000, 0x0000000610800000| Untracked 
|  49|0x0000000610c00000, 0x0000000610c00000, 0x0000000611000000|  0%| F|  |TAMS 0x0000000610c00000, 0x0000000610c00000| Untracked 
|  50|0x0000000611000000, 0x0000000611000000, 0x0000000611400000|  0%| F|  |TAMS 0x0000000611000000, 0x0000000611000000| Untracked 
|  51|0x0000000611400000, 0x0000000611400000, 0x0000000611800000|  0%| F|  |TAMS 0x0000000611400000, 0x0000000611400000| Untracked 
|  52|0x0000000611800000, 0x0000000611800000, 0x0000000611c00000|  0%| F|  |TAMS 0x0000000611800000, 0x0000000611800000| Untracked 
|  53|0x0000000611c00000, 0x0000000611c00000, 0x0000000612000000|  0%| F|  |TAMS 0x0000000611c00000, 0x0000000611c00000| Untracked 
|  54|0x0000000612000000, 0x0000000612000000, 0x0000000612400000|  0%| F|  |TAMS 0x0000000612000000, 0x0000000612000000| Untracked 
|  55|0x0000000612400000, 0x0000000612400000, 0x0000000612800000|  0%| F|  |TAMS 0x0000000612400000, 0x0000000612400000| Untracked 
|  56|0x0000000612800000, 0x0000000612800000, 0x0000000612c00000|  0%| F|  |TAMS 0x0000000612800000, 0x0000000612800000| Untracked 
|  57|0x0000000612c00000, 0x0000000612c00000, 0x0000000613000000|  0%| F|  |TAMS 0x0000000612c00000, 0x0000000612c00000| Untracked 
|  58|0x0000000613000000, 0x0000000613000000, 0x0000000613400000|  0%| F|  |TAMS 0x0000000613000000, 0x0000000613000000| Untracked 
|  59|0x0000000613400000, 0x0000000613400000, 0x0000000613800000|  0%| F|  |TAMS 0x0000000613400000, 0x0000000613400000| Untracked 
|  60|0x0000000613800000, 0x0000000613800000, 0x0000000613c00000|  0%| F|  |TAMS 0x0000000613800000, 0x0000000613800000| Untracked 
|  61|0x0000000613c00000, 0x0000000613c00000, 0x0000000614000000|  0%| F|  |TAMS 0x0000000613c00000, 0x0000000613c00000| Untracked 
|  62|0x0000000614000000, 0x0000000614000000, 0x0000000614400000|  0%| F|  |TAMS 0x0000000614000000, 0x0000000614000000| Untracked 
|  63|0x0000000614400000, 0x0000000614400000, 0x0000000614800000|  0%| F|  |TAMS 0x0000000614400000, 0x0000000614400000| Untracked 
|  64|0x0000000614800000, 0x0000000614800000, 0x0000000614c00000|  0%| F|  |TAMS 0x0000000614800000, 0x0000000614800000| Untracked 
|  65|0x0000000614c00000, 0x0000000614c00000, 0x0000000615000000|  0%| F|  |TAMS 0x0000000614c00000, 0x0000000614c00000| Untracked 
|  66|0x0000000615000000, 0x0000000615000000, 0x0000000615400000|  0%| F|  |TAMS 0x0000000615000000, 0x0000000615000000| Untracked 
|  67|0x0000000615400000, 0x0000000615400000, 0x0000000615800000|  0%| F|  |TAMS 0x0000000615400000, 0x0000000615400000| Untracked 
|  68|0x0000000615800000, 0x0000000615800000, 0x0000000615c00000|  0%| F|  |TAMS 0x0000000615800000, 0x0000000615800000| Untracked 
|  69|0x0000000615c00000, 0x0000000615c00000, 0x0000000616000000|  0%| F|  |TAMS 0x0000000615c00000, 0x0000000615c00000| Untracked 
|  70|0x0000000616000000, 0x0000000616400000, 0x0000000616400000|100%| E|  |TAMS 0x0000000616000000, 0x0000000616000000| Complete 
|  71|0x0000000616400000, 0x0000000616800000, 0x0000000616800000|100%| E|CS|TAMS 0x0000000616400000, 0x0000000616400000| Complete 
|  72|0x0000000616800000, 0x0000000616c00000, 0x0000000616c00000|100%| E|CS|TAMS 0x0000000616800000, 0x0000000616800000| Complete 
|  73|0x0000000616c00000, 0x0000000617000000, 0x0000000617000000|100%| E|CS|TAMS 0x0000000616c00000, 0x0000000616c00000| Complete 
|  74|0x0000000617000000, 0x0000000617400000, 0x0000000617400000|100%| E|CS|TAMS 0x0000000617000000, 0x0000000617000000| Complete 
|  75|0x0000000617400000, 0x0000000617800000, 0x0000000617800000|100%| E|CS|TAMS 0x0000000617400000, 0x0000000617400000| Complete 
|  76|0x0000000617800000, 0x0000000617c00000, 0x0000000617c00000|100%| E|CS|TAMS 0x0000000617800000, 0x0000000617800000| Complete 
|  77|0x0000000617c00000, 0x0000000618000000, 0x0000000618000000|100%| E|CS|TAMS 0x0000000617c00000, 0x0000000617c00000| Complete 
|  78|0x0000000618000000, 0x0000000618400000, 0x0000000618400000|100%| E|CS|TAMS 0x0000000618000000, 0x0000000618000000| Complete 
|  79|0x0000000618400000, 0x0000000618800000, 0x0000000618800000|100%| E|CS|TAMS 0x0000000618400000, 0x0000000618400000| Complete 
|  80|0x0000000618800000, 0x0000000618c00000, 0x0000000618c00000|100%| E|CS|TAMS 0x0000000618800000, 0x0000000618800000| Complete 
|  81|0x0000000618c00000, 0x0000000619000000, 0x0000000619000000|100%| E|CS|TAMS 0x0000000618c00000, 0x0000000618c00000| Complete 
|  82|0x0000000619000000, 0x0000000619400000, 0x0000000619400000|100%| E|CS|TAMS 0x0000000619000000, 0x0000000619000000| Complete 
|  83|0x0000000619400000, 0x0000000619800000, 0x0000000619800000|100%| E|CS|TAMS 0x0000000619400000, 0x0000000619400000| Complete 
|  84|0x0000000619800000, 0x0000000619c00000, 0x0000000619c00000|100%| E|CS|TAMS 0x0000000619800000, 0x0000000619800000| Complete 
|  85|0x0000000619c00000, 0x000000061a000000, 0x000000061a000000|100%| E|CS|TAMS 0x0000000619c00000, 0x0000000619c00000| Complete 
|  86|0x000000061a000000, 0x000000061a400000, 0x000000061a400000|100%| E|CS|TAMS 0x000000061a000000, 0x000000061a000000| Complete 
|  87|0x000000061a400000, 0x000000061a800000, 0x000000061a800000|100%| E|CS|TAMS 0x000000061a400000, 0x000000061a400000| Complete 
|  88|0x000000061a800000, 0x000000061ac00000, 0x000000061ac00000|100%| E|CS|TAMS 0x000000061a800000, 0x000000061a800000| Complete 
|  89|0x000000061ac00000, 0x000000061b000000, 0x000000061b000000|100%| E|CS|TAMS 0x000000061ac00000, 0x000000061ac00000| Complete 
|  90|0x000000061b000000, 0x000000061b400000, 0x000000061b400000|100%| E|CS|TAMS 0x000000061b000000, 0x000000061b000000| Complete 
|  91|0x000000061b400000, 0x000000061b800000, 0x000000061b800000|100%| E|CS|TAMS 0x000000061b400000, 0x000000061b400000| Complete 
|  92|0x000000061b800000, 0x000000061bc00000, 0x000000061bc00000|100%| E|CS|TAMS 0x000000061b800000, 0x000000061b800000| Complete 
|  93|0x000000061bc00000, 0x000000061c000000, 0x000000061c000000|100%| E|CS|TAMS 0x000000061bc00000, 0x000000061bc00000| Complete 
|  94|0x000000061c000000, 0x000000061c400000, 0x000000061c400000|100%| E|CS|TAMS 0x000000061c000000, 0x000000061c000000| Complete 
|  95|0x000000061c400000, 0x000000061c800000, 0x000000061c800000|100%| E|CS|TAMS 0x000000061c400000, 0x000000061c400000| Complete 
| 134|0x0000000626000000, 0x0000000626400000, 0x0000000626400000|100%| E|CS|TAMS 0x0000000626000000, 0x0000000626000000| Complete 

Card table byte_map: [0x000002c1f32e0000,0x000002c1f42c0000] _byte_map_base: 0x000002c1f02bc000

Marking Bits (Prev, Next): (CMBitMap*) 0x000002c1ee9f2c60, (CMBitMap*) 0x000002c1ee9f2c20
 Prev Bits: [0x000002c180000000, 0x000002c187ee0000)
 Next Bits: [0x000002c1f52a0000, 0x000002c1fd180000)

Polling page: 0x000002c1e4c30000

Metaspace:

Usage:
  Non-class:     99.57 MB used.
      Class:     15.63 MB used.
       Both:    115.20 MB used.

Virtual space:
  Non-class space:      128.00 MB reserved,     100.19 MB ( 78%) committed,  2 nodes.
      Class space:        1.00 GB reserved,      16.25 MB (  2%) committed,  1 nodes.
             Both:        1.12 GB reserved,     116.44 MB ( 10%) committed. 

Chunk freelists:
   Non-Class:  11.71 MB
       Class:  15.79 MB
        Both:  27.50 MB

MaxMetaspaceSize: unlimited
CompressedClassSpaceSize: 1.00 GB
Initial GC threshold: 21.00 MB
Current GC threshold: 194.06 MB
CDS: on
MetaspaceReclaimPolicy: balanced
 - commit_granule_bytes: 65536.
 - commit_granule_words: 8192.
 - virtual_space_node_default_size: 8388608.
 - enlarge_chunks_in_place: 1.
 - new_chunks_are_fully_committed: 0.
 - uncommit_free_chunks: 1.
 - use_allocation_guard: 0.
 - handle_deallocations: 1.


Internal statistics:

num_allocs_failed_limit: 21.
num_arena_births: 3140.
num_arena_deaths: 884.
num_vsnodes_births: 3.
num_vsnodes_deaths: 0.
num_space_committed: 1863.
num_space_uncommitted: 0.
num_chunks_returned_to_freelist: 1157.
num_chunks_taken_from_freelist: 8111.
num_chunk_merges: 383.
num_chunk_splits: 4989.
num_chunks_enlarged: 3080.
num_inconsistent_stats: 0.

CodeCache: size=49152Kb used=31499Kb max_used=46873Kb free=17652Kb
 bounds [0x000002c1eea70000, 0x000002c1f1840000, 0x000002c1f1a70000]
 total_blobs=13820 nmethods=12999 adapters=744
 compilation: enabled
              stopped_count=0, restarted_count=0
 full_count=0

Compilation events (20 events):
Event: 30155.094 Thread 0x000002c1da1893e0 nmethod 33703 0x000002c1f11b4490 code [0x000002c1f11b46a0, 0x000002c1f11b4cb8]
Event: 30155.098 Thread 0x000002c1ffc83470 nmethod 33701 0x000002c1f01f4c90 code [0x000002c1f01f5120, 0x000002c1f01f6d18]
Event: 30155.238 Thread 0x000002c1da1893e0 33704       1       java.math.BigInteger::subN (46 bytes)
Event: 30155.239 Thread 0x000002c1da1893e0 nmethod 33704 0x000002c1f11b3f90 code [0x000002c1f11b4120, 0x000002c1f11b4278]
Event: 30155.252 Thread 0x000002c1da1893e0 33705       1       java.math.BigInteger::<init> (82 bytes)
Event: 30155.252 Thread 0x000002c1ffc83470 33706       1       java.math.BigInteger::stripLeadingZeroInts (29 bytes)
Event: 30155.252 Thread 0x000002c1ffc83470 nmethod 33706 0x000002c1f11b3b10 code [0x000002c1f11b3cc0, 0x000002c1f11b3dc8]
Event: 30155.253 Thread 0x000002c1da1893e0 nmethod 33705 0x000002c1f11b2f90 code [0x000002c1f11b3180, 0x000002c1f11b35b8]
Event: 30157.056 Thread 0x000002c1da1893e0 33707       1       sun.security.provider.SHA::<init> (22 bytes)
Event: 30157.056 Thread 0x000002c1da1893e0 nmethod 33707 0x000002c1f11b2890 code [0x000002c1f11b2a40, 0x000002c1f11b2dc8]
Event: 30158.624 Thread 0x000002c1da1893e0 33708       1       java.nio.HeapByteBuffer::putShort (31 bytes)
Event: 30158.626 Thread 0x000002c1da1893e0 nmethod 33708 0x000002c1f11b1e10 code [0x000002c1f11b2000, 0x000002c1f11b23d8]
Event: 30158.843 Thread 0x000002c1da1893e0 33709       1       sun.security.provider.MD5::<init> (22 bytes)
Event: 30158.843 Thread 0x000002c1ffc83470 33710       1       sun.security.provider.MD5::implReset (33 bytes)
Event: 30158.844 Thread 0x000002c1ffc83470 nmethod 33710 0x000002c1f11b1a10 code [0x000002c1f11b1ba0, 0x000002c1f11b1c98]
Event: 30158.844 Thread 0x000002c1da1893e0 nmethod 33709 0x000002c1f11b1310 code [0x000002c1f11b14c0, 0x000002c1f11b1838]
Event: 30158.996 Thread 0x000002c1da1893e0 33711       1       java.util.concurrent.CopyOnWriteArrayList::indexOfRange (63 bytes)
Event: 30158.997 Thread 0x000002c1da1893e0 nmethod 33711 0x000002c1f01f4610 code [0x000002c1f01f47c0, 0x000002c1f01f49c8]
Event: 30159.243 Thread 0x000002c1ffc83470 33712       1       ch.qos.logback.core.pattern.FormattingConverter::write (154 bytes)
Event: 30159.244 Thread 0x000002c1ffc83470 nmethod 33712 0x000002c1f01f3590 code [0x000002c1f01f3800, 0x000002c1f01f3d58]

GC Heap History (20 events):
Event: 28618.625 GC heap before
{Heap before GC invocations=83 (full 0):
 garbage-first heap   total 397312K, used 338378K [0x0000000604800000, 0x0000000800000000)
  region size 4096K, 56 young (229376K), 1 survivors (4096K)
 Metaspace       used 117914K, committed 119232K, reserved 1179648K
  class space    used 16003K, committed 16640K, reserved 1048576K
}
Event: 28618.630 GC heap after
{Heap after GC invocations=84 (full 0):
 garbage-first heap   total 397312K, used 113738K [0x0000000604800000, 0x0000000800000000)
  region size 4096K, 1 young (4096K), 1 survivors (4096K)
 Metaspace       used 117914K, committed 119232K, reserved 1179648K
  class space    used 16003K, committed 16640K, reserved 1048576K
}
Event: 28859.779 GC heap before
{Heap before GC invocations=85 (full 0):
 garbage-first heap   total 397312K, used 343114K [0x0000000604800000, 0x0000000800000000)
  region size 4096K, 57 young (233472K), 1 survivors (4096K)
 Metaspace       used 117796K, committed 119232K, reserved 1179648K
  class space    used 15977K, committed 16640K, reserved 1048576K
}
Event: 28859.784 GC heap after
{Heap after GC invocations=86 (full 0):
 garbage-first heap   total 397312K, used 112568K [0x0000000604800000, 0x0000000800000000)
  region size 4096K, 1 young (4096K), 1 survivors (4096K)
 Metaspace       used 117796K, committed 119232K, reserved 1179648K
  class space    used 15977K, committed 16640K, reserved 1048576K
}
Event: 28872.608 GC heap before
{Heap before GC invocations=86 (full 0):
 garbage-first heap   total 397312K, used 124856K [0x0000000604800000, 0x0000000800000000)
  region size 4096K, 4 young (16384K), 1 survivors (4096K)
 Metaspace       used 117796K, committed 119232K, reserved 1179648K
  class space    used 15977K, committed 16640K, reserved 1048576K
}
Event: 28872.618 GC heap after
{Heap after GC invocations=87 (full 0):
 garbage-first heap   total 397312K, used 111199K [0x0000000604800000, 0x0000000800000000)
  region size 4096K, 1 young (4096K), 1 survivors (4096K)
 Metaspace       used 117796K, committed 119232K, reserved 1179648K
  class space    used 15977K, committed 16640K, reserved 1048576K
}
Event: 29049.660 GC heap before
{Heap before GC invocations=87 (full 0):
 garbage-first heap   total 397312K, used 340575K [0x0000000604800000, 0x0000000800000000)
  region size 4096K, 57 young (233472K), 1 survivors (4096K)
 Metaspace       used 117956K, committed 119232K, reserved 1179648K
  class space    used 16004K, committed 16640K, reserved 1048576K
}
Event: 29049.668 GC heap after
{Heap after GC invocations=88 (full 0):
 garbage-first heap   total 397312K, used 112734K [0x0000000604800000, 0x0000000800000000)
  region size 4096K, 1 young (4096K), 1 survivors (4096K)
 Metaspace       used 117956K, committed 119232K, reserved 1179648K
  class space    used 16004K, committed 16640K, reserved 1048576K
}
Event: 29285.167 GC heap before
{Heap before GC invocations=89 (full 0):
 garbage-first heap   total 397312K, used 342110K [0x0000000604800000, 0x0000000800000000)
  region size 4096K, 57 young (233472K), 1 survivors (4096K)
 Metaspace       used 117957K, committed 119232K, reserved 1179648K
  class space    used 16004K, committed 16640K, reserved 1048576K
}
Event: 29285.174 GC heap after
{Heap after GC invocations=90 (full 0):
 garbage-first heap   total 397312K, used 112568K [0x0000000604800000, 0x0000000800000000)
  region size 4096K, 1 young (4096K), 1 survivors (4096K)
 Metaspace       used 117957K, committed 119232K, reserved 1179648K
  class space    used 16004K, committed 16640K, reserved 1048576K
}
Event: 29297.967 GC heap before
{Heap before GC invocations=90 (full 0):
 garbage-first heap   total 397312K, used 124856K [0x0000000604800000, 0x0000000800000000)
  region size 4096K, 4 young (16384K), 1 survivors (4096K)
 Metaspace       used 117957K, committed 119232K, reserved 1179648K
  class space    used 16004K, committed 16640K, reserved 1048576K
}
Event: 29297.993 GC heap after
{Heap after GC invocations=91 (full 0):
 garbage-first heap   total 397312K, used 109642K [0x0000000604800000, 0x0000000800000000)
  region size 4096K, 1 young (4096K), 1 survivors (4096K)
 Metaspace       used 117957K, committed 119232K, reserved 1179648K
  class space    used 16004K, committed 16640K, reserved 1048576K
}
Event: 29545.280 GC heap before
{Heap before GC invocations=91 (full 0):
 garbage-first heap   total 397312K, used 343114K [0x0000000604800000, 0x0000000800000000)
  region size 4096K, 58 young (237568K), 1 survivors (4096K)
 Metaspace       used 117957K, committed 119232K, reserved 1179648K
  class space    used 16004K, committed 16640K, reserved 1048576K
}
Event: 29545.291 GC heap after
{Heap after GC invocations=92 (full 0):
 garbage-first heap   total 397312K, used 109589K [0x0000000604800000, 0x0000000800000000)
  region size 4096K, 1 young (4096K), 1 survivors (4096K)
 Metaspace       used 117957K, committed 119232K, reserved 1179648K
  class space    used 16004K, committed 16640K, reserved 1048576K
}
Event: 29796.190 GC heap before
{Heap before GC invocations=93 (full 0):
 garbage-first heap   total 397312K, used 343061K [0x0000000604800000, 0x0000000800000000)
  region size 4096K, 58 young (237568K), 1 survivors (4096K)
 Metaspace       used 117957K, committed 119232K, reserved 1179648K
  class space    used 16004K, committed 16640K, reserved 1048576K
}
Event: 29796.196 GC heap after
{Heap after GC invocations=94 (full 0):
 garbage-first heap   total 397312K, used 108910K [0x0000000604800000, 0x0000000800000000)
  region size 4096K, 1 young (4096K), 1 survivors (4096K)
 Metaspace       used 117957K, committed 119232K, reserved 1179648K
  class space    used 16004K, committed 16640K, reserved 1048576K
}
Event: 29809.515 GC heap before
{Heap before GC invocations=94 (full 0):
 garbage-first heap   total 397312K, used 121198K [0x0000000604800000, 0x0000000800000000)
  region size 4096K, 4 young (16384K), 1 survivors (4096K)
 Metaspace       used 117957K, committed 119232K, reserved 1179648K
  class space    used 16004K, committed 16640K, reserved 1048576K
}
Event: 29809.528 GC heap after
{Heap after GC invocations=95 (full 0):
 garbage-first heap   total 397312K, used 108088K [0x0000000604800000, 0x0000000800000000)
  region size 4096K, 1 young (4096K), 1 survivors (4096K)
 Metaspace       used 117957K, committed 119232K, reserved 1179648K
  class space    used 16004K, committed 16640K, reserved 1048576K
}
Event: 30062.814 GC heap before
{Heap before GC invocations=95 (full 0):
 garbage-first heap   total 397312K, used 341560K [0x0000000604800000, 0x0000000800000000)
  region size 4096K, 58 young (237568K), 1 survivors (4096K)
 Metaspace       used 117957K, committed 119232K, reserved 1179648K
  class space    used 16004K, committed 16640K, reserved 1048576K
}
Event: 30062.822 GC heap after
{Heap after GC invocations=96 (full 0):
 garbage-first heap   total 397312K, used 108150K [0x0000000604800000, 0x0000000800000000)
  region size 4096K, 1 young (4096K), 1 survivors (4096K)
 Metaspace       used 117957K, committed 119232K, reserved 1179648K
  class space    used 16004K, committed 16640K, reserved 1048576K
}

Dll operation events (13 events):
Event: 0.015 Loaded shared library C:\Program Files\Eclipse Adoptium\jdk-17.0.18.8-hotspot\bin\java.dll
Event: 0.017 Loaded shared library C:\Program Files\Eclipse Adoptium\jdk-17.0.18.8-hotspot\bin\zip.dll
Event: 0.032 Loaded shared library C:\Program Files\Eclipse Adoptium\jdk-17.0.18.8-hotspot\bin\jsvml.dll
Event: 0.220 Loaded shared library C:\Program Files\Eclipse Adoptium\jdk-17.0.18.8-hotspot\bin\instrument.dll
Event: 0.296 Loaded shared library C:\Program Files\Eclipse Adoptium\jdk-17.0.18.8-hotspot\bin\jimage.dll
Event: 0.314 Loaded shared library C:\Program Files\Eclipse Adoptium\jdk-17.0.18.8-hotspot\bin\net.dll
Event: 0.315 Loaded shared library C:\Program Files\Eclipse Adoptium\jdk-17.0.18.8-hotspot\bin\nio.dll
Event: 0.328 Loaded shared library C:\Program Files\Eclipse Adoptium\jdk-17.0.18.8-hotspot\bin\zip.dll
Event: 0.442 Loaded shared library C:\Program Files\Eclipse Adoptium\jdk-17.0.18.8-hotspot\bin\management.dll
Event: 0.463 Loaded shared library C:\Program Files\Eclipse Adoptium\jdk-17.0.18.8-hotspot\bin\management_ext.dll
Event: 0.772 Loaded shared library C:\Program Files\Eclipse Adoptium\jdk-17.0.18.8-hotspot\bin\extnet.dll
Event: 2.391 Loaded shared library C:\Program Files\Eclipse Adoptium\jdk-17.0.18.8-hotspot\bin\sunmscapi.dll
Event: 10.275 Loaded shared library C:\Program Files\Eclipse Adoptium\jdk-17.0.18.8-hotspot\bin\verify.dll

Deoptimization events (20 events):
Event: 30160.728 Thread 0x000002c1d382f500 DEOPT PACKING pc=0x000002c1f119e844 sp=0x000000ce076fe5d0
Event: 30160.728 Thread 0x000002c1d382f500 DEOPT UNPACKING pc=0x000002c1eeacace3 sp=0x000000ce076fda98 mode 1
Event: 30160.728 Thread 0x000002c1d382f500 DEOPT PACKING pc=0x000002c1f026104c sp=0x000000ce076fe4b0
Event: 30160.728 Thread 0x000002c1d382f500 DEOPT UNPACKING pc=0x000002c1eeacace3 sp=0x000000ce076fd978 mode 1
Event: 30160.728 Thread 0x000002c1d382f500 DEOPT PACKING pc=0x000002c1ef8582cc sp=0x000000ce076fe530
Event: 30160.728 Thread 0x000002c1d382f500 DEOPT UNPACKING pc=0x000002c1eeacace3 sp=0x000000ce076fda08 mode 1
Event: 30160.728 Thread 0x000002c1d382f500 DEOPT PACKING pc=0x000002c1f119e844 sp=0x000000ce076fe5d0
Event: 30160.728 Thread 0x000002c1d382f500 DEOPT UNPACKING pc=0x000002c1eeacace3 sp=0x000000ce076fda98 mode 1
Event: 30160.728 Thread 0x000002c1d382f500 DEOPT PACKING pc=0x000002c1f026104c sp=0x000000ce076fe4b0
Event: 30160.728 Thread 0x000002c1d382f500 DEOPT UNPACKING pc=0x000002c1eeacace3 sp=0x000000ce076fd978 mode 1
Event: 30160.728 Thread 0x000002c1d382f500 DEOPT PACKING pc=0x000002c1ef8582cc sp=0x000000ce076fe530
Event: 30160.728 Thread 0x000002c1d382f500 DEOPT UNPACKING pc=0x000002c1eeacace3 sp=0x000000ce076fda08 mode 1
Event: 30160.728 Thread 0x000002c1d382f500 DEOPT PACKING pc=0x000002c1f119e844 sp=0x000000ce076fe5d0
Event: 30160.728 Thread 0x000002c1d382f500 DEOPT UNPACKING pc=0x000002c1eeacace3 sp=0x000000ce076fda98 mode 1
Event: 30160.728 Thread 0x000002c1d382f500 DEOPT PACKING pc=0x000002c1f026104c sp=0x000000ce076fe4b0
Event: 30160.728 Thread 0x000002c1d382f500 DEOPT UNPACKING pc=0x000002c1eeacace3 sp=0x000000ce076fd978 mode 1
Event: 30160.728 Thread 0x000002c1d382f500 DEOPT PACKING pc=0x000002c1ef8582cc sp=0x000000ce076fe530
Event: 30160.728 Thread 0x000002c1d382f500 DEOPT UNPACKING pc=0x000002c1eeacace3 sp=0x000000ce076fda08 mode 1
Event: 30160.728 Thread 0x000002c1d382f500 DEOPT PACKING pc=0x000002c1f119e844 sp=0x000000ce076fe5d0
Event: 30160.728 Thread 0x000002c1d382f500 DEOPT UNPACKING pc=0x000002c1eeacace3 sp=0x000000ce076fda98 mode 1

Classes loaded (20 events):
Event: 5092.757 Loading class org/hibernate/query/JpaTuple
Event: 5092.757 Loading class org/hibernate/query/JpaTuple done
Event: 28354.953 Loading class oracle/net/mesg/Message
Event: 28354.953 Loading class oracle/net/mesg/Message done
Event: 28354.981 Loading class java/net/NoRouteToHostException
Event: 28354.981 Loading class java/net/NoRouteToHostException done
Event: 28354.981 Loading class sun/net/util/SocketExceptions
Event: 28354.987 Loading class sun/net/util/SocketExceptions done
Event: 28354.988 Loading class oracle/net/nt/DownHostsCacheKey
Event: 28354.988 Loading class oracle/net/nt/DownHostsCacheKey done
Event: 28973.020 Loading class org/springframework/jdbc/core/JdbcTemplate$1ExecuteStatementCallback
Event: 28973.020 Loading class org/springframework/jdbc/core/JdbcTemplate$1ExecuteStatementCallback done
Event: 28997.146 Loading class org/postgresql/jdbc/PgArray
Event: 28997.146 Loading class org/postgresql/jdbc/PgArray done
Event: 28997.151 Loading class org/postgresql/jdbc2/ArrayAssistant
Event: 28997.151 Loading class org/postgresql/jdbc2/ArrayAssistant done
Event: 28997.153 Loading class org/postgresql/jdbc/UUIDArrayAssistant
Event: 28997.153 Loading class org/postgresql/jdbc/UUIDArrayAssistant done
Event: 28997.155 Loading class org/postgresql/jdbc2/ArrayAssistantRegistry
Event: 28997.155 Loading class org/postgresql/jdbc2/ArrayAssistantRegistry done

Classes unloaded (20 events):
Event: 28618.863 Thread 0x000002c1ffc68990 Unloading class 0x000002c18a01c000 'jdk/internal/reflect/GeneratedMethodAccessor605'
Event: 28618.863 Thread 0x000002c1ffc68990 Unloading class 0x000002c189ff9000 'java/lang/invoke/LambdaForm$MH+0x000002c189ff9000'
Event: 28618.863 Thread 0x000002c1ffc68990 Unloading class 0x000002c189ff8000 'java/lang/invoke/LambdaForm$MH+0x000002c189ff8000'
Event: 28618.863 Thread 0x000002c1ffc68990 Unloading class 0x000002c189fc3800 'java/lang/invoke/LambdaForm$MH+0x000002c189fc3800'
Event: 28618.863 Thread 0x000002c1ffc68990 Unloading class 0x000002c189fc3400 'java/lang/invoke/LambdaForm$MH+0x000002c189fc3400'
Event: 28618.863 Thread 0x000002c1ffc68990 Unloading class 0x000002c189ff0c00 'java/lang/invoke/LambdaForm$MH+0x000002c189ff0c00'
Event: 28618.863 Thread 0x000002c1ffc68990 Unloading class 0x000002c189ff0400 'java/lang/invoke/LambdaForm$MH+0x000002c189ff0400'
Event: 28618.863 Thread 0x000002c1ffc68990 Unloading class 0x000002c189ff2c00 'java/lang/invoke/LambdaForm$MH+0x000002c189ff2c00'
Event: 28618.863 Thread 0x000002c1ffc68990 Unloading class 0x000002c189ff2400 'jdk/internal/reflect/GeneratedMethodAccessor550'
Event: 28618.863 Thread 0x000002c1ffc68990 Unloading class 0x000002c189ff2000 'jdk/internal/reflect/GeneratedMethodAccessor549'
Event: 28618.863 Thread 0x000002c1ffc68990 Unloading class 0x000002c189fc2c00 'jdk/internal/reflect/GeneratedSerializationConstructorAccessor96'
Event: 28618.863 Thread 0x000002c1ffc68990 Unloading class 0x000002c189fc2800 'jdk/internal/reflect/GeneratedSerializationConstructorAccessor95'
Event: 28618.863 Thread 0x000002c1ffc68990 Unloading class 0x000002c189ff1c00 'jdk/internal/reflect/GeneratedSerializationConstructorAccessor94'
Event: 28618.863 Thread 0x000002c1ffc68990 Unloading class 0x000002c189ff1800 'jdk/internal/reflect/GeneratedSerializationConstructorAccessor93'
Event: 28618.863 Thread 0x000002c1ffc68990 Unloading class 0x000002c189ff3400 'jdk/internal/reflect/GeneratedMethodAccessor548'
Event: 28618.863 Thread 0x000002c1ffc68990 Unloading class 0x000002c189ff3000 'jdk/internal/reflect/GeneratedMethodAccessor547'
Event: 28618.863 Thread 0x000002c1ffc68990 Unloading class 0x000002c189fa2400 'jdk/internal/reflect/GeneratedMethodAccessor546'
Event: 28618.863 Thread 0x000002c1ffc68990 Unloading class 0x000002c189fa2000 'jdk/internal/reflect/GeneratedSerializationConstructorAccessor92'
Event: 28618.863 Thread 0x000002c1ffc68990 Unloading class 0x000002c189fa1800 'jdk/internal/reflect/GeneratedSerializationConstructorAccessor90'
Event: 28618.863 Thread 0x000002c1ffc68990 Unloading class 0x000002c189c93800 'jdk/internal/reflect/GeneratedSerializationConstructorAccessor89'

Classes redefined (1 events):
Event: 0.248 Thread 0x000002c1ffc68990 redefined class name=java.lang.Throwable, count=1

Internal exceptions (20 events):
Event: 28988.225 Thread 0x000002c1d28688c0 Exception <a 'sun/nio/fs/WindowsException'{0x0000000612631e18}> (0x0000000612631e18) 
thrown [s\src\hotspot\share\prims\jni.cpp, line 516]
Event: 28989.395 Thread 0x000002c1d286c070 Exception <a 'sun/nio/fs/WindowsException'{0x0000000612065740}> (0x0000000612065740) 
thrown [s\src\hotspot\share\prims\jni.cpp, line 516]
Event: 28989.397 Thread 0x000002c1d28683b0 Exception <a 'sun/nio/fs/WindowsException'{0x0000000612114448}> (0x0000000612114448) 
thrown [s\src\hotspot\share\prims\jni.cpp, line 516]
Event: 28994.707 Thread 0x000002c1d286ac30 Exception <a 'sun/nio/fs/WindowsException'{0x0000000611e98f18}> (0x0000000611e98f18) 
thrown [s\src\hotspot\share\prims\jni.cpp, line 516]
Event: 28994.707 Thread 0x000002c1d2867ea0 Exception <a 'sun/nio/fs/WindowsException'{0x0000000611ea6278}> (0x0000000611ea6278) 
thrown [s\src\hotspot\share\prims\jni.cpp, line 516]
Event: 28997.132 Thread 0x000002c1d286c580 Exception <a 'sun/nio/fs/WindowsException'{0x0000000611a7cb58}> (0x0000000611a7cb58) 
thrown [s\src\hotspot\share\prims\jni.cpp, line 516]
Event: 28997.164 Thread 0x000002c1d286c580 Exception <a 'java/lang/ClassCastException'{0x0000000611abeab8}: class org.postgresql.util.PGobject cannot be cast to class java.sql.Array (org.postgresql.util.PGobject is in unnamed module of loader 'app'; java.sql.Array is in module java.sql of loader 'platform')> (0x0000000611abeab8) 
thrown [s\src\hotspot\share\interpreter\interpreterRuntime.cpp, line 444]
Event: 29148.468 Thread 0x000002c1d286e3e0 Exception <a 'sun/nio/fs/WindowsException'{0x0000000616e3fb60}> (0x0000000616e3fb60) 
thrown [s\src\hotspot\share\prims\jni.cpp, line 516]
Event: 29153.106 Thread 0x000002c1d2867ea0 Exception <a 'sun/nio/fs/WindowsException'{0x0000000616aacb20}> (0x0000000616aacb20) 
thrown [s\src\hotspot\share\prims\jni.cpp, line 516]
Event: 29153.106 Thread 0x000002c1d28688c0 Exception <a 'sun/nio/fs/WindowsException'{0x0000000616acd7d8}> (0x0000000616acd7d8) 
thrown [s\src\hotspot\share\prims\jni.cpp, line 516]
Event: 29154.362 Thread 0x000002c1d286c070 Exception <a 'sun/nio/fs/WindowsException'{0x000000061c644988}> (0x000000061c644988) 
thrown [s\src\hotspot\share\prims\jni.cpp, line 516]
Event: 29154.362 Thread 0x000002c1d286b650 Exception <a 'sun/nio/fs/WindowsException'{0x00000006164605c8}> (0x00000006164605c8) 
thrown [s\src\hotspot\share\prims\jni.cpp, line 516]
Event: 29158.151 Thread 0x000002c1d286ac30 Exception <a 'sun/nio/fs/WindowsException'{0x0000000616037d28}> (0x0000000616037d28) 
thrown [s\src\hotspot\share\prims\jni.cpp, line 516]
Event: 29158.151 Thread 0x000002c1d286ded0 Exception <a 'sun/nio/fs/WindowsException'{0x000000061603c110}> (0x000000061603c110) 
thrown [s\src\hotspot\share\prims\jni.cpp, line 516]
Event: 29160.144 Thread 0x000002c1d286c580 Exception <a 'sun/nio/fs/WindowsException'{0x0000000616316c20}> (0x0000000616316c20) 
thrown [s\src\hotspot\share\prims\jni.cpp, line 516]
Event: 29160.151 Thread 0x000002c1d286c580 Exception <a 'java/lang/ClassCastException'{0x000000061632fe38}: class org.postgresql.util.PGobject cannot be cast to class java.sql.Array (org.postgresql.util.PGobject is in unnamed module of loader 'app'; java.sql.Array is in module java.sql of loader 'platform')> (0x000000061632fe38) 
thrown [s\src\hotspot\share\interpreter\interpreterRuntime.cpp, line 444]
Event: 30160.728 Thread 0x000002c1d382f500 Exception <a 'java/io/IOException'{0x00000006160c9f48}> (0x00000006160c9f48) 
thrown [s\src\hotspot\share\prims\jni.cpp, line 516]
Event: 30160.728 Thread 0x000002c1d382f500 Exception <a 'java/io/IOException'{0x00000006160cb940}> (0x00000006160cb940) 
thrown [s\src\hotspot\share\prims\jni.cpp, line 516]
Event: 30160.728 Thread 0x000002c1d382f500 Exception <a 'java/io/IOException'{0x00000006160cd338}> (0x00000006160cd338) 
thrown [s\src\hotspot\share\prims\jni.cpp, line 516]
Event: 30160.728 Thread 0x000002c1d382f500 Exception <a 'java/io/IOException'{0x00000006160ced30}> (0x00000006160ced30) 
thrown [s\src\hotspot\share\prims\jni.cpp, line 516]

VM Operations (20 events):
Event: 30150.826 Executing VM operation: Cleanup
Event: 30150.826 Executing VM operation: Cleanup done
Event: 30151.840 Executing VM operation: Cleanup
Event: 30151.840 Executing VM operation: Cleanup done
Event: 30155.873 Executing VM operation: Cleanup
Event: 30155.873 Executing VM operation: Cleanup done
Event: 30156.879 Executing VM operation: Cleanup
Event: 30156.879 Executing VM operation: Cleanup done
Event: 30158.901 Executing VM operation: Cleanup
Event: 30158.901 Executing VM operation: Cleanup done
Event: 30159.509 Executing VM operation: HandshakeAllThreads
Event: 30159.509 Executing VM operation: HandshakeAllThreads done
Event: 30160.520 Executing VM operation: Cleanup
Event: 30160.520 Executing VM operation: Cleanup done
Event: 30160.727 Executing VM operation: ChangeBreakpoints
Event: 30160.727 Executing VM operation: ChangeBreakpoints done
Event: 30160.728 Executing VM operation: ChangeBreakpoints
Event: 30160.728 Executing VM operation: ChangeBreakpoints done
Event: 30160.728 Executing VM operation: ChangeBreakpoints
Event: 30160.728 Executing VM operation: ChangeBreakpoints done

Memory protections (0 events):
No events

Nmethod flushes (20 events):
Event: 28931.299 Thread 0x000002c1ffc8dda0 flushing  nmethod 0x000002c1f0ed5f90
Event: 28931.299 Thread 0x000002c1ffc8dda0 flushing  nmethod 0x000002c1f0ed6910
Event: 28931.299 Thread 0x000002c1ffc8dda0 flushing  nmethod 0x000002c1f0ed8810
Event: 28931.300 Thread 0x000002c1ffc8dda0 flushing  nmethod 0x000002c1f109ce10
Event: 28931.301 Thread 0x000002c1ffc8dda0 flushing  nmethod 0x000002c1f12ae890
Event: 28931.301 Thread 0x000002c1ffc8dda0 flushing  nmethod 0x000002c1f12ba210
Event: 28931.302 Thread 0x000002c1ffc8dda0 flushing  nmethod 0x000002c1f131c610
Event: 28931.302 Thread 0x000002c1ffc8dda0 flushing  nmethod 0x000002c1f1356410
Event: 28931.304 Thread 0x000002c1ffc8dda0 flushing  nmethod 0x000002c1f14f0f90
Event: 28931.305 Thread 0x000002c1ffc8dda0 flushing  nmethod 0x000002c1f15dbe10
Event: 28931.305 Thread 0x000002c1ffc8dda0 flushing  nmethod 0x000002c1f15dd210
Event: 28931.305 Thread 0x000002c1ffc8dda0 flushing  nmethod 0x000002c1f15ddb10
Event: 28931.305 Thread 0x000002c1ffc8dda0 flushing  nmethod 0x000002c1f15dfb10
Event: 28931.305 Thread 0x000002c1ffc8dda0 flushing  nmethod 0x000002c1f15e7a90
Event: 28931.305 Thread 0x000002c1ffc8dda0 flushing  nmethod 0x000002c1f15f2a10
Event: 28931.305 Thread 0x000002c1ffc8dda0 flushing  nmethod 0x000002c1f15faa10
Event: 28931.305 Thread 0x000002c1ffc8dda0 flushing  nmethod 0x000002c1f15fd690
Event: 28931.305 Thread 0x000002c1ffc8dda0 flushing  nmethod 0x000002c1f1602010
Event: 28931.305 Thread 0x000002c1ffc8dda0 flushing  nmethod 0x000002c1f1614f90
Event: 28931.305 Thread 0x000002c1ffc8dda0 flushing  nmethod 0x000002c1f1829c10

Events (20 events):
Event: 28999.873 Thread 0x000002c1d382ff20 Thread exited: 0x000002c1d382ff20
Event: 29002.196 Thread 0x000002c1daef2fb0 Thread exited: 0x000002c1daef2fb0
Event: 29024.727 Thread 0x000002c1d1762270 Thread added: 0x000002c1d3831360
Event: 29029.736 Thread 0x000002c1d3831360 Thread exited: 0x000002c1d3831360
Event: 30123.765 Thread 0x000002c1d1762270 Thread added: 0x000002c1d382fa10
Event: 30123.769 Thread 0x000002c1d382fa10 Thread added: 0x000002c1d382ff20
Event: 30135.509 Thread 0x000002c1d3830940 Thread added: 0x000002c1d3831360
Event: 30135.706 Thread 0x000002c1d3831360 Thread added: 0x000002c1d382e0c0
Event: 30145.649 Thread 0x000002c1d3831360 Thread exited: 0x000002c1d3831360
Event: 30147.044 Thread 0x000002c1ffc83470 Thread added: 0x000002c1da1893e0
Event: 30147.044 Thread 0x000002c1ffc83470 Thread added: 0x000002c1da192df0
Event: 30147.173 Thread 0x000002c1d382e0c0 Thread exited: 0x000002c1d382e0c0
Event: 30149.895 Thread 0x000002c1d3830940 Thread added: 0x000002c1d382eff0
Event: 30150.048 Thread 0x000002c1d382eff0 Thread added: 0x000002c1d382f500
Event: 30150.139 Thread 0x000002c1da192df0 Thread exited: 0x000002c1da192df0
Event: 30154.488 Thread 0x000002c1d382fa10 Thread exited: 0x000002c1d382fa10
Event: 30154.601 Thread 0x000002c1d382ff20 Thread exited: 0x000002c1d382ff20
Event: 30157.208 Thread 0x000002c1d1762270 Thread added: 0x000002c1d382e0c0
Event: 30157.209 Thread 0x000002c1d382e0c0 Thread added: 0x000002c1d382fa10
Event: 30160.727 Thread 0x000002c1ffe41790 Thread exited: 0x000002c1ffe41790


Dynamic libraries:
0x00007ff607a20000 - 0x00007ff607a2e000 	C:\Program Files\Eclipse Adoptium\jdk-17.0.18.8-hotspot\bin\java.exe
0x00007ffbbbaa0000 - 0x00007ffbbbd07000 	C:\WINDOWS\SYSTEM32\ntdll.dll
0x00007ffbbb0c0000 - 0x00007ffbbb189000 	C:\WINDOWS\System32\KERNEL32.DLL
0x00007ffbb8370000 - 0x00007ffbb8764000 	C:\WINDOWS\System32\KERNELBASE.dll
0x00007ffbb8ae0000 - 0x00007ffbb8c2b000 	C:\WINDOWS\System32\ucrtbase.dll
0x00007ffbb29b0000 - 0x00007ffbb29c8000 	C:\Program Files\Eclipse Adoptium\jdk-17.0.18.8-hotspot\bin\jli.dll
0x00007ffbb53a0000 - 0x00007ffbb53be000 	C:\Program Files\Eclipse Adoptium\jdk-17.0.18.8-hotspot\bin\VCRUNTIME140.dll
0x00007ffbbaba0000 - 0x00007ffbbad65000 	C:\WINDOWS\System32\USER32.dll
0x00007ffba04b0000 - 0x00007ffba0743000 	C:\WINDOWS\WinSxS\amd64_microsoft.windows.common-controls_6595b64144ccf1df_6.0.26100.8115_none_3e075c82e3354f9c\COMCTL32.dll
0x00007ffbb8770000 - 0x00007ffbb8797000 	C:\WINDOWS\System32\win32u.dll
0x00007ffbbb010000 - 0x00007ffbbb0b9000 	C:\WINDOWS\System32\msvcrt.dll
0x00007ffbbaf30000 - 0x00007ffbbaf5b000 	C:\WINDOWS\System32\GDI32.dll
0x00007ffbb8830000 - 0x00007ffbb895b000 	C:\WINDOWS\System32\gdi32full.dll
0x00007ffbb96c0000 - 0x00007ffbb9763000 	C:\WINDOWS\System32\msvcp_win.dll
0x00007ffbba790000 - 0x00007ffbba7c2000 	C:\WINDOWS\System32\IMM32.DLL
0x0000000065990000 - 0x000000006599c000 	C:\Program Files (x86)\360\Total Security\safemon\SafeWrapper.dll
0x00007ffbba6d0000 - 0x00007ffbba786000 	C:\WINDOWS\System32\ADVAPI32.dll
0x00007ffbbaf60000 - 0x00007ffbbb007000 	C:\WINDOWS\System32\sechost.dll
0x00007ffbb9830000 - 0x00007ffbb9948000 	C:\WINDOWS\System32\RPCRT4.dll
0x00007ffba8470000 - 0x00007ffba851c000 	C:\Program Files (x86)\360\Total Security\safemon\libzdtp64.dll
0x00007ffbb9de0000 - 0x00007ffbba547000 	C:\WINDOWS\System32\SHELL32.dll
0x00007ffbb9550000 - 0x00007ffbb96ba000 	C:\WINDOWS\System32\wintypes.dll
0x00007ffbba810000 - 0x00007ffbbab92000 	C:\WINDOWS\System32\combase.dll
0x00007ffbba550000 - 0x00007ffbba5b6000 	C:\WINDOWS\System32\SHLWAPI.dll
0x00007ffbb8ce0000 - 0x00007ffbb9548000 	C:\WINDOWS\System32\Windows.Storage.dll
0x00007ffbb7e50000 - 0x00007ffbb7e5b000 	C:\WINDOWS\SYSTEM32\VERSION.dll
0x00007ffbb2ed0000 - 0x00007ffbb2edc000 	C:\Program Files\Eclipse Adoptium\jdk-17.0.18.8-hotspot\bin\vcruntime140_1.dll
0x00007ffb8b5d0000 - 0x00007ffb8b65d000 	C:\Program Files\Eclipse Adoptium\jdk-17.0.18.8-hotspot\bin\msvcp140.dll
0x00007ffb2a650000 - 0x00007ffb2b2bb000 	C:\Program Files\Eclipse Adoptium\jdk-17.0.18.8-hotspot\bin\server\jvm.dll
0x00007ffbbb700000 - 0x00007ffbbb780000 	C:\WINDOWS\System32\WS2_32.dll
0x00007ffbb81d0000 - 0x00007ffbb822e000 	C:\WINDOWS\SYSTEM32\POWRPROF.dll
0x00007ffbafe20000 - 0x00007ffbafe56000 	C:\WINDOWS\SYSTEM32\WINMM.dll
0x00007ffbb81b0000 - 0x00007ffbb81c4000 	C:\WINDOWS\SYSTEM32\UMPDC.dll
0x00007ffbb7050000 - 0x00007ffbb706b000 	C:\WINDOWS\SYSTEM32\kernel.appcore.dll
0x00007ffb9d5b0000 - 0x00007ffb9d5ba000 	C:\Program Files\Eclipse Adoptium\jdk-17.0.18.8-hotspot\bin\jimage.dll
0x00007ffbb5c50000 - 0x00007ffbb5e92000 	C:\WINDOWS\SYSTEM32\DBGHELP.DLL
0x00007ffbbb890000 - 0x00007ffbbb968000 	C:\WINDOWS\System32\OLEAUT32.dll
0x00007ffba0470000 - 0x00007ffba04ab000 	C:\WINDOWS\SYSTEM32\dbgcore.DLL
0x00007ffbb8c30000 - 0x00007ffbb8cd5000 	C:\WINDOWS\System32\bcryptPrimitives.dll
0x00007ffb8dd40000 - 0x00007ffb8dd7b000 	C:\Program Files\Eclipse Adoptium\jdk-17.0.18.8-hotspot\bin\jdwp.dll
0x00007ffb9b5e0000 - 0x00007ffb9b5ee000 	C:\Program Files\Eclipse Adoptium\jdk-17.0.18.8-hotspot\bin\instrument.dll
0x00007ffb9b4c0000 - 0x00007ffb9b4e5000 	C:\Program Files\Eclipse Adoptium\jdk-17.0.18.8-hotspot\bin\java.dll
0x00007ffb1d5e0000 - 0x00007ffb1d7f1000 	C:\Users\kotei\AppData\Local\Temp\idea_libasyncProfiler_dll_temp_folder12362\libasyncProfiler.dll
0x00007ffb9b4a0000 - 0x00007ffb9b4b8000 	C:\Program Files\Eclipse Adoptium\jdk-17.0.18.8-hotspot\bin\zip.dll
0x00007ffb8b4f0000 - 0x00007ffb8b5c7000 	C:\Program Files\Eclipse Adoptium\jdk-17.0.18.8-hotspot\bin\jsvml.dll
0x00007ffbbb790000 - 0x00007ffbbb888000 	C:\WINDOWS\System32\SHCORE.dll
0x00007ffbb8290000 - 0x00007ffbb82b9000 	C:\WINDOWS\SYSTEM32\profapi.dll
0x00007ffb9b490000 - 0x00007ffb9b49c000 	C:\Program Files\Eclipse Adoptium\jdk-17.0.18.8-hotspot\bin\dt_socket.dll
0x00007ffbb6a30000 - 0x00007ffbb6a62000 	C:\WINDOWS\SYSTEM32\IPHLPAPI.DLL
0x00007ffbb75a0000 - 0x00007ffbb760c000 	C:\WINDOWS\system32\mswsock.dll
0x00007ffb9b370000 - 0x00007ffb9b38a000 	C:\Program Files\Eclipse Adoptium\jdk-17.0.18.8-hotspot\bin\net.dll
0x00007ffba9610000 - 0x00007ffba973d000 	C:\WINDOWS\SYSTEM32\WINHTTP.dll
0x00007ffb9add0000 - 0x00007ffb9ade6000 	C:\Program Files\Eclipse Adoptium\jdk-17.0.18.8-hotspot\bin\nio.dll
0x00007ffbb6ac0000 - 0x00007ffbb6bf2000 	C:\WINDOWS\SYSTEM32\DNSAPI.dll
0x00007ffbbba00000 - 0x00007ffbbba0a000 	C:\WINDOWS\System32\NSI.dll
0x00007ffbafd60000 - 0x00007ffbafd6b000 	C:\Windows\System32\rasadhlp.dll
0x00007ffbafcd0000 - 0x00007ffbafd56000 	C:\WINDOWS\System32\fwpuclnt.dll
0x00007ffb998c0000 - 0x00007ffb998ca000 	C:\Program Files\Eclipse Adoptium\jdk-17.0.18.8-hotspot\bin\management.dll
0x00007ffb99700000 - 0x00007ffb9970c000 	C:\Program Files\Eclipse Adoptium\jdk-17.0.18.8-hotspot\bin\management_ext.dll
0x00007ffbbb6f0000 - 0x00007ffbbb6f8000 	C:\WINDOWS\System32\PSAPI.DLL
0x00007ffbb79a0000 - 0x00007ffbb79bb000 	C:\WINDOWS\SYSTEM32\CRYPTSP.dll
0x00007ffbb6fb0000 - 0x00007ffbb6fe9000 	C:\WINDOWS\system32\rsaenh.dll
0x00007ffbb7650000 - 0x00007ffbb7683000 	C:\WINDOWS\SYSTEM32\USERENV.dll
0x00007ffbb8260000 - 0x00007ffbb828a000 	C:\WINDOWS\SYSTEM32\bcrypt.dll
0x00007ffbb7800000 - 0x00007ffbb780c000 	C:\WINDOWS\SYSTEM32\CRYPTBASE.dll
0x00007ffbafda0000 - 0x00007ffbafdbd000 	C:\WINDOWS\SYSTEM32\dhcpcsvc6.DLL
0x00007ffbafd70000 - 0x00007ffbafd95000 	C:\WINDOWS\SYSTEM32\dhcpcsvc.DLL
0x00007ffb92b30000 - 0x00007ffb92b48000 	C:\WINDOWS\system32\napinsp.dll
0x00007ffb92b10000 - 0x00007ffb92b23000 	C:\WINDOWS\System32\winrnr.dll
0x00007ffb90f90000 - 0x00007ffb90fb2000 	C:\WINDOWS\system32\nlansp_c.dll
0x00007ffba6600000 - 0x00007ffba6616000 	C:\WINDOWS\system32\wshbth.dll
0x00007ffb9aea0000 - 0x00007ffb9aea9000 	C:\Program Files\Eclipse Adoptium\jdk-17.0.18.8-hotspot\bin\extnet.dll
0x00007ffb9b360000 - 0x00007ffb9b36e000 	C:\Program Files\Eclipse Adoptium\jdk-17.0.18.8-hotspot\bin\sunmscapi.dll
0x00007ffbb8960000 - 0x00007ffbb8ad7000 	C:\WINDOWS\System32\CRYPT32.dll
0x00007ffbb7b00000 - 0x00007ffbb7b30000 	C:\WINDOWS\SYSTEM32\ncrypt.dll
0x00007ffbb7ab0000 - 0x00007ffbb7aef000 	C:\WINDOWS\SYSTEM32\NTASN1.dll
0x00007ffb99680000 - 0x00007ffb99690000 	C:\Program Files\Eclipse Adoptium\jdk-17.0.18.8-hotspot\bin\verify.dll
0x00007ffba0ec0000 - 0x00007ffba0ec8000 	C:\WINDOWS\system32\wshunix.dll

dbghelp: loaded successfully - version: 4.0.5 - missing functions: none
symbol engine: initialized successfully - sym options: 0x614 - pdb path: .;C:\Program Files\Eclipse Adoptium\jdk-17.0.18.8-hotspot\bin;C:\WINDOWS\SYSTEM32;C:\WINDOWS\WinSxS\amd64_microsoft.windows.common-controls_6595b64144ccf1df_6.0.26100.8115_none_3e075c82e3354f9c;C:\Program Files (x86)\360\Total Security\safemon;C:\Program Files\Eclipse Adoptium\jdk-17.0.18.8-hotspot\bin\server;C:\Users\kotei\AppData\Local\Temp\idea_libasyncProfiler_dll_temp_folder12362

VM Arguments:
jvm_args: -agentlib:jdwp=transport=dt_socket,address=127.0.0.1:53902,suspend=y,server=n -javaagent:C:\Users\kotei\AppData\Local\JetBrains\IntelliJIdea2025.2\captureAgent\debugger-agent.jar=file:///C:/Users/kotei/AppData/Local/Temp/capture16309187656071280380.props -agentpath:C:\Users\kotei\AppData\Local\Temp\idea_libasyncProfiler_dll_temp_folder12362\libasyncProfiler.dll=version,jfr,event=wall,interval=10ms,cstack=no,file=C:\Users\kotei\IdeaSnapshots\AutoAPIGeneratorApplication_2026_05_03_005456.jfr,dbghelppath=C:\Users\kotei\AppData\Local\Temp\idea_dbghelp_dll_temp_folder35111\dbghelp.dll,log=C:\Users\kotei\AppData\Local\Temp\AutoAPIGeneratorApplication_2026_05_03_005456.jfr.log.txt,logLevel=DEBUG -XX:TieredStopAtLevel=1 -Dspring.output.ansi.enabled=always -Dcom.sun.management.jmxremote -Dspring.jmx.enabled=true -Dspring.liveBeansView.mbeanDomain -Dspring.application.admin.enabled=true -Dmanagement.endpoints.jmx.exposure.include=* -Dkotlinx.coroutines.debug.enable.creation.stack.trace=false -Ddebugger.agent.enable.coroutines=true -Dkotlinx.coroutines.debug.enable.flows.stack.trace=true -Dkotlinx.coroutines.debug.enable.mutable.state.flows.stack.trace=true -Dfile.encoding=UTF-8 
java_command: com.usg.autoAPIGenerator.AutoAPIGeneratorApplication
java_class_path (initial): C:\Users\kotei\OneDrive\Documents\KEY PROJECTS\API AUTOMATION\SERVER\target\classes;C:\Users\kotei\.m2\repository\org\springframework\boot\spring-boot-starter-data-jpa\3.4.12\spring-boot-starter-data-jpa-3.4.12.jar;C:\Users\kotei\.m2\repository\org\springframework\boot\spring-boot-starter\3.4.12\spring-boot-starter-3.4.12.jar;C:\Users\kotei\.m2\repository\org\springframework\boot\spring-boot-starter-logging\3.4.12\spring-boot-starter-logging-3.4.12.jar;C:\Users\kotei\.m2\repository\ch\qos\logback\logback-classic\1.5.21\logback-classic-1.5.21.jar;C:\Users\kotei\.m2\repository\ch\qos\logback\logback-core\1.5.21\logback-core-1.5.21.jar;C:\Users\kotei\.m2\repository\org\apache\logging\log4j\log4j-to-slf4j\2.24.3\log4j-to-slf4j-2.24.3.jar;C:\Users\kotei\.m2\repository\org\apache\logging\log4j\log4j-api\2.24.3\log4j-api-2.24.3.jar;C:\Users\kotei\.m2\repository\org\slf4j\jul-to-slf4j\2.0.17\jul-to-slf4j-2.0.17.jar;C:\Users\kotei\.m2\repository\org\yaml\snakeyaml\2.3\snakeyaml-2.3.jar;C:\Users\kotei\.m2\repository\org\springframework\boot\spring-boot-starter-jdbc\3.4.12\spring-boot-starter-jdbc-3.4.12.jar;C:\Users\kotei\.m2\repository\com\zaxxer\HikariCP\5.1.0\HikariCP-5.1.0.jar;C:\Users\kotei\.m2\repository\org\springframework\spring-jdbc\6.2.14\spring-jdbc-6.2.14.jar;C:\Users\kotei\.m2\repository\org\hibernate\orm\hibernate-core\6.6.36.Final\hibernate-core-6.6.36.Final.jar;C:\Users\kotei\.m2\repository\jakarta\persistence\jakarta.persistence-api\3.1.0\jakarta.persistence-api-3.1.0.jar;C:\Users\kotei\.m2\repository\jakarta\transaction\jakarta.transaction-api\2.0.1\jakarta.transaction-api-2.0.1.jar;C:\Users\kotei\.m2\repository\org\jboss\logging\jboss-logging\3.6.1.Final\jboss-logging-3.6.1.Final.jar;C:\Users\kotei\.m2\repository\org\hibernate\common\hibernate-commons-annotations\7.0.3.Final\hibernate-commons-annotations-7.0.3.Final.jar;C:\Users\kotei\.m2\repository\io\smallrye\jandex\3.2.0\jandex-3.2.0.jar;C:\Users\kotei\.m2\repository\com\fast
Launcher Type: SUN_STANDARD

[Global flags]
     intx CICompilerCount                          = 4                                         {product} {ergonomic}
     uint ConcGCThreads                            = 2                                         {product} {ergonomic}
     uint G1ConcRefinementThreads                  = 8                                         {product} {ergonomic}
   size_t G1HeapRegionSize                         = 4194304                                   {product} {ergonomic}
    uintx GCDrainStackTargetSize                   = 64                                        {product} {ergonomic}
   size_t InitialHeapSize                          = 532676608                                 {product} {ergonomic}
     bool ManagementServer                         = true                                      {product} {command line}
   size_t MarkStackSize                            = 4194304                                   {product} {ergonomic}
   size_t MaxHeapSize                              = 8514437120                                {product} {ergonomic}
   size_t MaxNewSize                               = 5108662272                                {product} {ergonomic}
   size_t MinHeapDeltaBytes                        = 4194304                                   {product} {ergonomic}
   size_t MinHeapSize                              = 8388608                                   {product} {ergonomic}
    uintx NonProfiledCodeHeapSize                  = 0                                      {pd product} {ergonomic}
     bool ProfileInterpreter                       = false                                  {pd product} {command line}
    uintx ProfiledCodeHeapSize                     = 0                                      {pd product} {ergonomic}
   size_t SoftMaxHeapSize                          = 8514437120                             {manageable} {ergonomic}
     intx TieredStopAtLevel                        = 1                                         {product} {command line}
     bool UseCompressedClassPointers               = true                           {product lp64_product} {ergonomic}
     bool UseCompressedOops                        = true                           {product lp64_product} {ergonomic}
     bool UseG1GC                                  = true                                      {product} {ergonomic}
     bool UseLargePagesIndividualAllocation        = false                                  {pd product} {ergonomic}

Logging:
Log output configuration:
 #0: stdout all=warning uptime,level,tags
 #1: stderr all=off uptime,level,tags

Environment Variables:
JAVA_HOME=C:\Program Files\Eclipse Adoptium\jdk-17.0.18.8-hotspot
PATH=C:\Program Files\Eclipse Adoptium\jdk-17.0.18.8-hotspot\bin;C:\Program Files\Common Files\Oracle\Java\javapath;C:\WINDOWS\system32;C:\WINDOWS;C:\WINDOWS\System32\Wbem;C:\WINDOWS\System32\WindowsPowerShell\v1.0\;C:\WINDOWS\System32\OpenSSH\;C:\Program Files\nodejs\;C:\Program Files\Apache\Maven\bin;C:\Program Files\Git\cmd;C:\Program Files\PostgreSQL\18\bin;C:\Program Files\Eclipse Adoptium\jdk-17.0.18.8-hotspot\bin;C:\Program Files\PuTTY\;C:\Users\kotei\AppData\Local\Microsoft\WindowsApps;C:\Users\kotei\AppData\Local\Programs\Microsoft VS Code\bin;C:\Users\kotei\AppData\Roaming\npm;
USERNAME=kotei
OS=Windows_NT
PROCESSOR_IDENTIFIER=Intel64 Family 6 Model 140 Stepping 1, GenuineIntel
TMP=C:\Users\kotei\AppData\Local\Temp
TEMP=C:\Users\kotei\AppData\Local\Temp



Periodic native trim disabled


---------------  S Y S T E M  ---------------

OS:
 Windows 11 , 64 bit Build 26100 (10.0.26100.8246)
OS uptime: 2 days 6:04 hours
Hyper-V role detected

CPU: total 8 (initial active 8) (4 cores per cpu, 2 threads per core) family 6 model 140 stepping 1 microcode 0x86, cx8, cmov, fxsr, ht, mmx, 3dnowpref, sse, sse2, sse3, ssse3, sse4.1, sse4.2, popcnt, lzcnt, tsc, tscinvbit, avx, avx2, aes, erms, clmul, bmi1, bmi2, adx, avx512f, avx512dq, avx512cd, avx512bw, avx512vl, sha, fma, vzeroupper, avx512_vpopcntdq, avx512_vpclmulqdq, avx512_vaes, avx512_vnni, clflush, clflushopt, clwb, avx512_vbmi2, avx512_vbmi, hv
Processor Information for processor 0
  Max Mhz: 2419, Current Mhz: 1209, Mhz Limit: 2419
Processor Information for processor 1
  Max Mhz: 2419, Current Mhz: 1209, Mhz Limit: 2419
Processor Information for processor 2
  Max Mhz: 2419, Current Mhz: 1209, Mhz Limit: 2419
Processor Information for processor 3
  Max Mhz: 2419, Current Mhz: 2419, Mhz Limit: 2419
Processor Information for processor 4
  Max Mhz: 2419, Current Mhz: 1209, Mhz Limit: 2419
Processor Information for processor 5
  Max Mhz: 2419, Current Mhz: 2419, Mhz Limit: 2419
Processor Information for processor 6
  Max Mhz: 2419, Current Mhz: 1209, Mhz Limit: 2419
Processor Information for processor 7
  Max Mhz: 2419, Current Mhz: 1209, Mhz Limit: 2419

Memory: 4k page, system-wide physical 32466M (17715M free)
TotalPageFile size 34514M (AvailPageFile size 17208M)
current process WorkingSet (physical memory assigned to process): 598M, peak: 833M
current process commit charge ("private bytes"): 817M, peak: 938M

vm_info: OpenJDK 64-Bit Server VM (17.0.18+8) for windows-amd64 JRE (17.0.18+8), built on Jan 20 2026 22:28:22 by "admin" with MS VC++ 17.12 (VS2022)

END.
