#
# A fatal error has been detected by the Java Runtime Environment:
#
#  Internal Error (utilities/concurrentHashTable.inline.hpp:678), pid=16588, tid=12440
#  fatal error: aux_index does not match even or odd indices
#
# JRE version: OpenJDK Runtime Environment Temurin-17.0.18+8 (17.0.18+8) (build 17.0.18+8)
# Java VM: OpenJDK 64-Bit Server VM Temurin-17.0.18+8 (17.0.18+8, mixed mode, emulated-client, sharing, tiered, compressed oops, compressed class ptrs, g1 gc, windows-amd64)
# No core dump will be written. Minidumps are not enabled by default on client versions of Windows
#
# If you would like to submit a bug report, please visit:
#   https://github.com/adoptium/adoptium-support/issues
#

---------------  S U M M A R Y ------------

Command Line: -agentlib:jdwp=transport=dt_socket,address=127.0.0.1:59647,suspend=y,server=n -javaagent:C:\Users\kotei\AppData\Local\JetBrains\IntelliJIdea2025.2\captureAgent\debugger-agent.jar=file:///C:/Users/kotei/AppData/Local/Temp/capture2340456059387620954.props -agentpath:C:\Users\kotei\AppData\Local\Temp\idea_libasyncProfiler_dll_temp_folder37402\libasyncProfiler.dll=version,jfr,event=wall,interval=10ms,cstack=no,file=C:\Users\kotei\IdeaSnapshots\AutoAPIGeneratorApplication_2026_05_04_094442.jfr,dbghelppath=C:\Users\kotei\AppData\Local\Temp\idea_dbghelp_dll_temp_folder1525\dbghelp.dll,log=C:\Users\kotei\AppData\Local\Temp\AutoAPIGeneratorApplication_2026_05_04_094442.jfr.log.txt,logLevel=DEBUG -XX:TieredStopAtLevel=1 -Dspring.output.ansi.enabled=always -Dcom.sun.management.jmxremote -Dspring.jmx.enabled=true -Dspring.liveBeansView.mbeanDomain -Dspring.application.admin.enabled=true -Dmanagement.endpoints.jmx.exposure.include=* -Dkotlinx.coroutines.debug.enable.creation.stack.trace=false -Ddebugger.agent.enable.coroutines=true -Dkotlinx.coroutines.debug.enable.flows.stack.trace=true -Dkotlinx.coroutines.debug.enable.mutable.state.flows.stack.trace=true -Dfile.encoding=UTF-8 com.usg.autoAPIGenerator.AutoAPIGeneratorApplication

Host: 11th Gen Intel(R) Core(TM) i5-1135G7 @ 2.40GHz, 8 cores, 31G,  Windows 11 , 64 bit Build 26100 (10.0.26100.8246)
Time: Mon May  4 16:56:39 2026 Greenwich Standard Time elapsed time: 25919.036035 seconds (0d 7h 11m 59s)

---------------  T H R E A D  ---------------

Current thread (0x000001d7456568e0):  JavaThread "Service Thread" daemon [_thread_in_vm, id=12440, stack(0x00000091ebd00000,0x00000091ebe00000)]

Stack: [0x00000091ebd00000,0x00000091ebe00000]
Native frames: (J=compiled Java code, j=interpreted, Vv=VM code, C=native code)
V  [jvm.dll+0x6846f9]
V  [jvm.dll+0x839ea5]
V  [jvm.dll+0x83b91e]
V  [jvm.dll+0x248c1b]
V  [jvm.dll+0x7ab5e3]
V  [jvm.dll+0x7aa01a]
V  [jvm.dll+0x7a97a9]
V  [jvm.dll+0x6e86d2]
V  [jvm.dll+0x7f0658]
V  [jvm.dll+0x7eaaec]
V  [jvm.dll+0x6835c7]
C  [ucrtbase.dll+0x37b0]
C  [KERNEL32.DLL+0x2e8d7]
C  [ntdll.dll+0x8c3fc]


---------------  P R O C E S S  ---------------

Threads class SMR info:
_java_thread_list=0x000001d799834b90, length=46, elements={
0x000001d745647c70, 0x000001d745648d70, 0x000001d745652620, 0x000001d745656010,
0x000001d7456568e0, 0x000001d7456571b0, 0x000001d745658cb0, 0x000001d74565bf90,
0x000001d7456204d0, 0x000001d7457edd60, 0x000001d7458030f0, 0x000001d7458039f0,
0x000001d74584f190, 0x000001d78b1165b0, 0x000001d78bcbcc50, 0x000001d78c387c50,
0x000001d78d833e60, 0x000001d78d834370, 0x000001d78c38a9e0, 0x000001d78f5129c0,
0x000001d78f510b60, 0x000001d7913859b0, 0x000001d791389b80, 0x000001d79138a090,
0x000001d79138b9e0, 0x000001d791ff7dd0, 0x000001d79822f060, 0x000001d79822c2d0,
0x000001d79822d200, 0x000001d79822eb50, 0x000001d79822b8b0, 0x000001d79822fa80,
0x000001d79822ff90, 0x000001d79822c7e0, 0x000001d7982313d0, 0x000001d798232d20,
0x000001d798230ec0, 0x000001d798231df0, 0x000001d798233c50, 0x000001d798233230,
0x000001d798233740, 0x000001d798232300, 0x000001d7982318e0, 0x000001d798768350,
0x000001d79876f2e0, 0x000001d79876fd80
}

Java Threads: ( => current thread )
  0x000001d745647c70 JavaThread "Reference Handler" daemon [_thread_blocked, id=15952, stack(0x00000091eb900000,0x00000091eba00000)]
  0x000001d745648d70 JavaThread "Finalizer" daemon [_thread_blocked, id=16260, stack(0x00000091eba00000,0x00000091ebb00000)]
  0x000001d745652620 JavaThread "Signal Dispatcher" daemon [_thread_blocked, id=6284, stack(0x00000091ebb00000,0x00000091ebc00000)]
  0x000001d745656010 JavaThread "Attach Listener" daemon [_thread_blocked, id=7900, stack(0x00000091ebc00000,0x00000091ebd00000)]
=>0x000001d7456568e0 JavaThread "Service Thread" daemon [_thread_in_vm, id=12440, stack(0x00000091ebd00000,0x00000091ebe00000)]
  0x000001d7456571b0 JavaThread "Monitor Deflation Thread" daemon [_thread_blocked, id=12488, stack(0x00000091ebe00000,0x00000091ebf00000)]
  0x000001d745658cb0 JavaThread "C1 CompilerThread0" daemon [_thread_blocked, id=10580, stack(0x00000091ebf00000,0x00000091ec000000)]
  0x000001d74565bf90 JavaThread "Sweeper thread" daemon [_thread_blocked, id=2768, stack(0x00000091ec000000,0x00000091ec100000)]
  0x000001d7456204d0 JavaThread "Common-Cleaner" daemon [_thread_blocked, id=11612, stack(0x00000091ec400000,0x00000091ec500000)]
  0x000001d7457edd60 JavaThread "JDWP Transport Listener: dt_socket" daemon [_thread_blocked, id=3884, stack(0x00000091ec500000,0x00000091ec600000)]
  0x000001d7458030f0 JavaThread "JDWP Event Helper Thread" daemon [_thread_blocked, id=16752, stack(0x00000091ec600000,0x00000091ec700000)]
  0x000001d7458039f0 JavaThread "JDWP Command Reader" daemon [_thread_in_native, id=1732, stack(0x00000091ec700000,0x00000091ec800000)]
  0x000001d74584f190 JavaThread "IntelliJ Suspend Helper" daemon [_thread_blocked, id=3772, stack(0x00000091ec300000,0x00000091ec400000)]
  0x000001d78b1165b0 JavaThread "Notification Thread" daemon [_thread_blocked, id=13632, stack(0x00000091ec800000,0x00000091ec900000)]
  0x000001d78bcbcc50 JavaThread "RMI TCP Accept-0" daemon [_thread_in_native, id=8292, stack(0x00000091ec900000,0x00000091eca00000)]
  0x000001d78c387c50 JavaThread "RMI Scheduler(0)" daemon [_thread_blocked, id=5088, stack(0x00000091ed600000,0x00000091ed700000)]
  0x000001d78d833e60 JavaThread "Catalina-utility-1" [_thread_blocked, id=18024, stack(0x00000091ed700000,0x00000091ed800000)]
  0x000001d78d834370 JavaThread "Catalina-utility-2" [_thread_blocked, id=17316, stack(0x00000091edb00000,0x00000091edc00000)]
  0x000001d78c38a9e0 JavaThread "container-0" [_thread_blocked, id=16656, stack(0x00000091edc00000,0x00000091edd00000)]
  0x000001d78f5129c0 JavaThread "PostgreSQL-JDBC-Cleaner" daemon [_thread_blocked, id=18332, stack(0x00000091ede00000,0x00000091edf00000)]
  0x000001d78f510b60 JavaThread "PostgreSQL-Hikari-Pool housekeeper" daemon [_thread_blocked, id=18328, stack(0x00000091edf00000,0x00000091ee000000)]
  0x000001d7913859b0 JavaThread "Oracle-Hikari-Pool housekeeper" daemon [_thread_blocked, id=18988, stack(0x00000091ee000000,0x00000091ee100000)]
  0x000001d791389b80 JavaThread "Timer-0" daemon [_thread_blocked, id=19004, stack(0x00000091ee200000,0x00000091ee300000)]
  0x000001d79138a090 JavaThread "oracle.jdbc.driver.BlockSource.ThreadedCachingBlockSource.BlockReleaser" daemon [_thread_blocked, id=19008, stack(0x00000091ee300000,0x00000091ee400000)]
  0x000001d79138b9e0 JavaThread "InterruptTimer" daemon [_thread_blocked, id=19012, stack(0x00000091ee400000,0x00000091ee500000)]
  0x000001d791ff7dd0 JavaThread "pool-2-thread-1" [_thread_blocked, id=12336, stack(0x00000091eec00000,0x00000091eed00000)]
  0x000001d79822f060 JavaThread "File Watcher" daemon [_thread_blocked, id=12420, stack(0x00000091eee00000,0x00000091eef00000)]
  0x000001d79822c2d0 JavaThread "Live Reload Server" daemon [_thread_in_native, id=19224, stack(0x00000091ef000000,0x00000091ef100000)]
  0x000001d79822d200 JavaThread "http-nio-4789-exec-1" daemon [_thread_blocked, id=1148, stack(0x00000091eef00000,0x00000091ef000000)]
  0x000001d79822eb50 JavaThread "http-nio-4789-exec-2" daemon [_thread_blocked, id=1324, stack(0x00000091ef100000,0x00000091ef200000)]
  0x000001d79822b8b0 JavaThread "http-nio-4789-exec-3" daemon [_thread_blocked, id=16860, stack(0x00000091ef200000,0x00000091ef300000)]
  0x000001d79822fa80 JavaThread "http-nio-4789-exec-4" daemon [_thread_blocked, id=15632, stack(0x00000091ef300000,0x00000091ef400000)]
  0x000001d79822ff90 JavaThread "http-nio-4789-exec-5" daemon [_thread_blocked, id=16468, stack(0x00000091ef400000,0x00000091ef500000)]
  0x000001d79822c7e0 JavaThread "http-nio-4789-exec-6" daemon [_thread_blocked, id=15608, stack(0x00000091ef500000,0x00000091ef600000)]
  0x000001d7982313d0 JavaThread "http-nio-4789-exec-7" daemon [_thread_blocked, id=16892, stack(0x00000091ef600000,0x00000091ef700000)]
  0x000001d798232d20 JavaThread "http-nio-4789-exec-8" daemon [_thread_blocked, id=10012, stack(0x00000091ef700000,0x00000091ef800000)]
  0x000001d798230ec0 JavaThread "http-nio-4789-exec-9" daemon [_thread_blocked, id=2668, stack(0x00000091ef800000,0x00000091ef900000)]
  0x000001d798231df0 JavaThread "http-nio-4789-exec-10" daemon [_thread_blocked, id=10000, stack(0x00000091ef900000,0x00000091efa00000)]
  0x000001d798233c50 JavaThread "http-nio-4789-Poller" daemon [_thread_in_native, id=19372, stack(0x00000091efa00000,0x00000091efb00000)]
  0x000001d798233230 JavaThread "http-nio-4789-Acceptor" daemon [_thread_in_native, id=19368, stack(0x00000091efb00000,0x00000091efc00000)]
  0x000001d798233740 JavaThread "DestroyJavaVM" [_thread_blocked, id=9664, stack(0x00000091eb200000,0x00000091eb300000)]
  0x000001d798232300 JavaThread "OracleTimeoutPollingThread" daemon [_thread_blocked, id=16832, stack(0x00000091eb000000,0x00000091eb100000)]
  0x000001d7982318e0 JavaThread "PostgreSQL-JDBC-SharedTimer-23" daemon [_thread_blocked, id=10496, stack(0x00000091eaf00000,0x00000091eb000000)]
  0x000001d798768350 JavaThread "C1 CompilerThread1" daemon [_thread_blocked, id=4488, stack(0x00000091eb100000,0x00000091eb200000)]
  0x000001d79876f2e0 JavaThread "C1 CompilerThread2" daemon [_thread_blocked, id=20768, stack(0x00000091ec100000,0x00000091ec200000)]
  0x000001d79876fd80 JavaThread "C1 CompilerThread3" daemon [_thread_blocked, id=21340, stack(0x00000091ec200000,0x00000091ec300000)]

Other Threads:
  0x000001d74563b290 VMThread "VM Thread" [stack: 0x00000091eb800000,0x00000091eb900000] [id=4684] _threads_hazard_ptr=0x000001d799834b90
  0x000001d78b9396d0 WatcherThread [stack: 0x00000091eca00000,0x00000091ecb00000] [id=13016]
  0x000001d72c572d60 GCTaskThread "GC Thread#0" [stack: 0x00000091eb300000,0x00000091eb400000] [id=14216]
  0x000001d78bb11dd0 GCTaskThread "GC Thread#1" [stack: 0x00000091ecb00000,0x00000091ecc00000] [id=9744]
  0x000001d78bb112d0 GCTaskThread "GC Thread#2" [stack: 0x00000091ecc00000,0x00000091ecd00000] [id=3232]
  0x000001d78bb10510 GCTaskThread "GC Thread#3" [stack: 0x00000091ecd00000,0x00000091ece00000] [id=9756]
  0x000001d78bb10d50 GCTaskThread "GC Thread#4" [stack: 0x00000091ece00000,0x00000091ecf00000] [id=3340]
  0x000001d78bb11010 GCTaskThread "GC Thread#5" [stack: 0x00000091ecf00000,0x00000091ed000000] [id=13040]
  0x000001d78bb11590 GCTaskThread "GC Thread#6" [stack: 0x00000091ed000000,0x00000091ed100000] [id=17032]
  0x000001d78bb11850 GCTaskThread "GC Thread#7" [stack: 0x00000091ed100000,0x00000091ed200000] [id=2360]
  0x000001d72c583980 ConcurrentGCThread "G1 Main Marker" [stack: 0x00000091eb400000,0x00000091eb500000] [id=13620]
  0x000001d72c586140 ConcurrentGCThread "G1 Conc#0" [stack: 0x00000091eb500000,0x00000091eb600000] [id=16364]
  0x000001d78c178150 ConcurrentGCThread "G1 Conc#1" [stack: 0x00000091ed800000,0x00000091ed900000] [id=17592]
  0x000001d72c5e3ba0 ConcurrentGCThread "G1 Refine#0" [stack: 0x00000091eb600000,0x00000091eb700000] [id=11424]
  0x000001d78bda4870 ConcurrentGCThread "G1 Refine#1" [stack: 0x00000091ed200000,0x00000091ed300000] [id=9340]
  0x000001d790ec87a0 ConcurrentGCThread "G1 Refine#2" [stack: 0x00000091ee800000,0x00000091ee900000] [id=19024]
  0x000001d78fbb3e20 ConcurrentGCThread "G1 Refine#3" [stack: 0x00000091ee900000,0x00000091eea00000] [id=16688]
  0x000001d78ca4eea0 ConcurrentGCThread "G1 Refine#4" [stack: 0x00000091eea00000,0x00000091eeb00000] [id=19124]
  0x000001d791c5e8b0 ConcurrentGCThread "G1 Refine#5" [stack: 0x00000091eeb00000,0x00000091eec00000] [id=8616]
  0x000001d7454f3040 ConcurrentGCThread "G1 Service" [stack: 0x00000091eb700000,0x00000091eb800000] [id=10632]

Threads with active compile tasks:

VM state: synchronizing (normal execution)

VM Mutex/Monitor currently owned by a thread:  ([mutex/lock_event])
[0x000001d72234a540] Threads_lock - owner thread: 0x000001d74563b290
[0x000001d72c4beae0] Heap_lock - owner thread: 0x000001d72c583980

Heap address: 0x0000000604800000, size: 8120 MB, Compressed Oops mode: Zero based, Oop shift amount: 3

CDS archive(s) mapped at: [0x000001d746000000-0x000001d746bb0000-0x000001d746bb0000), size 12255232, SharedBaseAddress: 0x000001d746000000, ArchiveRelocationMode: 1.
Compressed class space mapped at: 0x000001d747000000-0x000001d787000000, reserved size: 1073741824
Narrow klass base: 0x000001d746000000, Narrow klass shift: 0, Narrow klass range: 0x100000000

GC Precious Log:
 CPUs: 8 total, 8 available
 Memory: 32466M
 Large Page Support: Disabled
 NUMA Support: Disabled
 Compressed Oops: Enabled (Zero based)
 Heap Region Size: 4M
 Heap Min Capacity: 8M
 Heap Initial Capacity: 508M
 Heap Max Capacity: 8120M
 Pre-touch: Disabled
 Parallel Workers: 8
 Concurrent Workers: 2
 Concurrent Refinement Workers: 8
 Periodic GC: Disabled

Heap:
 garbage-first heap   total 778240K, used 382616K [0x0000000604800000, 0x0000000800000000)
  region size 4096K, 35 young (143360K), 5 survivors (20480K)
 Metaspace       used 116225K, committed 117952K, reserved 1179648K
  class space    used 15712K, committed 16384K, reserved 1048576K

Heap Regions: E=young(eden), S=young(survivor), O=old, HS=humongous(starts), HC=humongous(continues), CS=collection set, F=free, OA=open archive, CA=closed archive, TAMS=top-at-mark-start (previous, next)
|   0|0x0000000604800000, 0x0000000604c00000, 0x0000000604c00000|100%| O|  |TAMS 0x0000000604c00000, 0x0000000604800000| Untracked 
|   1|0x0000000604c00000, 0x0000000605000000, 0x0000000605000000|100%| O|  |TAMS 0x0000000605000000, 0x0000000604c00000| Untracked 
|   2|0x0000000605000000, 0x0000000605400000, 0x0000000605400000|100%| O|  |TAMS 0x0000000605400000, 0x0000000605000000| Untracked 
|   3|0x0000000605400000, 0x0000000605800000, 0x0000000605800000|100%| O|  |TAMS 0x0000000605800000, 0x0000000605400000| Updating 
|   4|0x0000000605800000, 0x0000000605c00000, 0x0000000605c00000|100%| O|  |TAMS 0x0000000605c00000, 0x0000000605800000| Updating 
|   5|0x0000000605c00000, 0x0000000606000000, 0x0000000606000000|100%| O|  |TAMS 0x0000000606000000, 0x0000000605c00000| Updating 
|   6|0x0000000606000000, 0x0000000606400000, 0x0000000606400000|100%| O|  |TAMS 0x0000000606400000, 0x0000000606000000| Untracked 
|   7|0x0000000606400000, 0x0000000606800000, 0x0000000606800000|100%| O|  |TAMS 0x0000000606800000, 0x0000000606400000| Updating 
|   8|0x0000000606800000, 0x0000000606c00000, 0x0000000606c00000|100%| O|  |TAMS 0x0000000606c00000, 0x0000000606800000| Updating 
|   9|0x0000000606c00000, 0x0000000607000000, 0x0000000607000000|100%| O|  |TAMS 0x0000000607000000, 0x0000000606c00000| Updating 
|  10|0x0000000607000000, 0x0000000607400000, 0x0000000607400000|100%| O|  |TAMS 0x0000000607400000, 0x0000000607000000| Updating 
|  11|0x0000000607400000, 0x0000000607800000, 0x0000000607800000|100%| O|  |TAMS 0x0000000607800000, 0x0000000607400000| Updating 
|  12|0x0000000607800000, 0x0000000607c00000, 0x0000000607c00000|100%| O|  |TAMS 0x0000000607c00000, 0x0000000607800000| Untracked 
|  13|0x0000000607c00000, 0x0000000608000000, 0x0000000608000000|100%| O|  |TAMS 0x0000000608000000, 0x0000000607c00000| Untracked 
|  14|0x0000000608000000, 0x0000000608400000, 0x0000000608400000|100%| O|  |TAMS 0x0000000608400000, 0x0000000608000000| Untracked 
|  15|0x0000000608400000, 0x0000000608800000, 0x0000000608800000|100%| O|  |TAMS 0x0000000608800000, 0x0000000608400000| Updating 
|  16|0x0000000608800000, 0x0000000608c00000, 0x0000000608c00000|100%| O|  |TAMS 0x0000000608c00000, 0x0000000608800000| Updating 
|  17|0x0000000608c00000, 0x0000000609000000, 0x0000000609000000|100%| O|  |TAMS 0x0000000609000000, 0x0000000608c00000| Untracked 
|  18|0x0000000609000000, 0x0000000609400000, 0x0000000609400000|100%| O|  |TAMS 0x0000000609400000, 0x0000000609000000| Updating 
|  19|0x0000000609400000, 0x0000000609800000, 0x0000000609800000|100%| O|  |TAMS 0x0000000609800000, 0x0000000609400000| Untracked 
|  20|0x0000000609800000, 0x0000000609c00000, 0x0000000609c00000|100%| O|  |TAMS 0x0000000609c00000, 0x0000000609800000| Updating 
|  21|0x0000000609c00000, 0x000000060a000000, 0x000000060a000000|100%| O|  |TAMS 0x000000060a000000, 0x0000000609c00000| Untracked 
|  22|0x000000060a000000, 0x000000060a400000, 0x000000060a400000|100%| O|  |TAMS 0x000000060a400000, 0x000000060a000000| Updating 
|  23|0x000000060a400000, 0x000000060a800000, 0x000000060a800000|100%| O|  |TAMS 0x000000060a800000, 0x000000060a400000| Updating 
|  24|0x000000060a800000, 0x000000060ac00000, 0x000000060ac00000|100%| O|  |TAMS 0x000000060ac00000, 0x000000060a800000| Updating 
|  25|0x000000060ac00000, 0x000000060b000000, 0x000000060b000000|100%| O|  |TAMS 0x000000060b000000, 0x000000060ac00000| Updating 
|  26|0x000000060b000000, 0x000000060b400000, 0x000000060b400000|100%| O|  |TAMS 0x000000060b400000, 0x000000060b000000| Untracked 
|  27|0x000000060b400000, 0x000000060b800000, 0x000000060b800000|100%| O|  |TAMS 0x000000060b800000, 0x000000060b400000| Untracked 
|  28|0x000000060b800000, 0x000000060bc00000, 0x000000060bc00000|100%| O|  |TAMS 0x000000060bc00000, 0x000000060b800000| Updating 
|  29|0x000000060bc00000, 0x000000060bc00000, 0x000000060c000000|  0%| F|  |TAMS 0x000000060bc00000, 0x000000060bc00000| Untracked 
|  30|0x000000060c000000, 0x000000060c400000, 0x000000060c400000|100%| O|  |TAMS 0x000000060c400000, 0x000000060c000000| Updating 
|  31|0x000000060c400000, 0x000000060c800000, 0x000000060c800000|100%| O|  |TAMS 0x000000060c800000, 0x000000060c400000| Updating 
|  32|0x000000060c800000, 0x000000060c800000, 0x000000060cc00000|  0%| F|  |TAMS 0x000000060c800000, 0x000000060c800000| Untracked 
|  33|0x000000060cc00000, 0x000000060d000000, 0x000000060d000000|100%| O|  |TAMS 0x000000060d000000, 0x000000060cc00000| Updating 
|  34|0x000000060d000000, 0x000000060d400000, 0x000000060d400000|100%| O|  |TAMS 0x000000060d400000, 0x000000060d000000| Updating 
|  35|0x000000060d400000, 0x000000060d800000, 0x000000060d800000|100%| O|  |TAMS 0x000000060d800000, 0x000000060d400000| Updating 
|  36|0x000000060d800000, 0x000000060dc00000, 0x000000060dc00000|100%| O|  |TAMS 0x000000060dc00000, 0x000000060d800000| Updating 
|  37|0x000000060dc00000, 0x000000060dc00000, 0x000000060e000000|  0%| F|  |TAMS 0x000000060dc00000, 0x000000060dc00000| Untracked 
|  38|0x000000060e000000, 0x000000060e400000, 0x000000060e400000|100%| O|  |TAMS 0x000000060e400000, 0x000000060e000000| Updating 
|  39|0x000000060e400000, 0x000000060e800000, 0x000000060e800000|100%| O|  |TAMS 0x000000060e800000, 0x000000060e400000| Updating 
|  40|0x000000060e800000, 0x000000060ec00000, 0x000000060ec00000|100%| O|  |TAMS 0x000000060ec00000, 0x000000060e800000| Updating 
|  41|0x000000060ec00000, 0x000000060f000000, 0x000000060f000000|100%| O|  |TAMS 0x000000060f000000, 0x000000060ec00000| Updating 
|  42|0x000000060f000000, 0x000000060f000000, 0x000000060f400000|  0%| F|  |TAMS 0x000000060f000000, 0x000000060f000000| Untracked 
|  43|0x000000060f400000, 0x000000060f400000, 0x000000060f800000|  0%| F|  |TAMS 0x000000060f400000, 0x000000060f400000| Untracked 
|  44|0x000000060f800000, 0x000000060f800000, 0x000000060fc00000|  0%| F|  |TAMS 0x000000060f800000, 0x000000060f800000| Untracked 
|  45|0x000000060fc00000, 0x0000000610000000, 0x0000000610000000|100%| O|  |TAMS 0x0000000610000000, 0x000000060fc00000| Updating 
|  46|0x0000000610000000, 0x0000000610000000, 0x0000000610400000|  0%| F|  |TAMS 0x0000000610000000, 0x0000000610000000| Untracked 
|  47|0x0000000610400000, 0x0000000610800000, 0x0000000610800000|100%| O|  |TAMS 0x0000000610800000, 0x0000000610400000| Updating 
|  48|0x0000000610800000, 0x0000000610800000, 0x0000000610c00000|  0%| F|  |TAMS 0x0000000610800000, 0x0000000610800000| Untracked 
|  49|0x0000000610c00000, 0x0000000610c00000, 0x0000000611000000|  0%| F|  |TAMS 0x0000000610c00000, 0x0000000610c00000| Untracked 
|  50|0x0000000611000000, 0x0000000611000000, 0x0000000611400000|  0%| F|  |TAMS 0x0000000611000000, 0x0000000611000000| Untracked 
|  51|0x0000000611400000, 0x0000000611800000, 0x0000000611800000|100%| O|  |TAMS 0x0000000611800000, 0x0000000611400000| Updating 
|  52|0x0000000611800000, 0x0000000611c00000, 0x0000000611c00000|100%| O|  |TAMS 0x0000000611c00000, 0x0000000611800000| Updating 
|  53|0x0000000611c00000, 0x0000000612000000, 0x0000000612000000|100%| O|  |TAMS 0x0000000612000000, 0x0000000611c00000| Updating 
|  54|0x0000000612000000, 0x0000000612400000, 0x0000000612400000|100%| O|  |TAMS 0x0000000612400000, 0x0000000612000000| Updating 
|  55|0x0000000612400000, 0x0000000612800000, 0x0000000612800000|100%| O|  |TAMS 0x0000000612800000, 0x0000000612400000| Updating 
|  56|0x0000000612800000, 0x0000000612c00000, 0x0000000612c00000|100%| O|  |TAMS 0x0000000612c00000, 0x0000000612800000| Updating 
|  57|0x0000000612c00000, 0x0000000613000000, 0x0000000613000000|100%| O|  |TAMS 0x0000000613000000, 0x0000000612c00000| Updating 
|  58|0x0000000613000000, 0x0000000613400000, 0x0000000613400000|100%| O|  |TAMS 0x0000000613400000, 0x0000000613000000| Updating 
|  59|0x0000000613400000, 0x0000000613800000, 0x0000000613800000|100%| O|  |TAMS 0x0000000613800000, 0x0000000613400000| Untracked 
|  60|0x0000000613800000, 0x0000000613c00000, 0x0000000613c00000|100%| O|  |TAMS 0x0000000613c00000, 0x0000000613800000| Untracked 
|  61|0x0000000613c00000, 0x0000000614000000, 0x0000000614000000|100%| O|  |TAMS 0x0000000614000000, 0x0000000613c00000| Untracked 
|  62|0x0000000614000000, 0x0000000614400000, 0x0000000614400000|100%| O|  |TAMS 0x0000000614309000, 0x0000000614000000| Updating 
|  63|0x0000000614400000, 0x0000000614800000, 0x0000000614800000|100%| O|  |TAMS 0x0000000614400000, 0x0000000614400000| Untracked 
|  64|0x0000000614800000, 0x0000000614c00000, 0x0000000614c00000|100%| O|  |TAMS 0x0000000614800000, 0x0000000614800000| Untracked 
|  65|0x0000000614c00000, 0x0000000615000000, 0x0000000615000000|100%| O|  |TAMS 0x0000000614c00000, 0x0000000614c00000| Untracked 
|  66|0x0000000615000000, 0x0000000615400000, 0x0000000615400000|100%| O|  |TAMS 0x0000000615000000, 0x0000000615000000| Untracked 
|  67|0x0000000615400000, 0x0000000615800000, 0x0000000615800000|100%| O|  |TAMS 0x0000000615400000, 0x0000000615400000| Untracked 
|  68|0x0000000615800000, 0x0000000615c00000, 0x0000000615c00000|100%| O|  |TAMS 0x0000000615800000, 0x0000000615800000| Untracked 
|  69|0x0000000615c00000, 0x0000000615da6000, 0x0000000616000000| 41%| O|  |TAMS 0x0000000615c00000, 0x0000000615c00000| Updating 
|  70|0x0000000616000000, 0x0000000616000000, 0x0000000616400000|  0%| F|  |TAMS 0x0000000616000000, 0x0000000616000000| Untracked 
|  71|0x0000000616400000, 0x0000000616400000, 0x0000000616800000|  0%| F|  |TAMS 0x0000000616400000, 0x0000000616400000| Untracked 
|  72|0x0000000616800000, 0x0000000616800000, 0x0000000616c00000|  0%| F|  |TAMS 0x0000000616800000, 0x0000000616800000| Untracked 
|  73|0x0000000616c00000, 0x0000000616c00000, 0x0000000617000000|  0%| F|  |TAMS 0x0000000616c00000, 0x0000000616c00000| Untracked 
|  74|0x0000000617000000, 0x0000000617000000, 0x0000000617400000|  0%| F|  |TAMS 0x0000000617000000, 0x0000000617000000| Untracked 
|  75|0x0000000617400000, 0x0000000617400000, 0x0000000617800000|  0%| F|  |TAMS 0x0000000617400000, 0x0000000617400000| Untracked 
|  76|0x0000000617800000, 0x0000000617800000, 0x0000000617c00000|  0%| F|  |TAMS 0x0000000617800000, 0x0000000617800000| Untracked 
|  77|0x0000000617c00000, 0x0000000617c00000, 0x0000000618000000|  0%| F|  |TAMS 0x0000000617c00000, 0x0000000617c00000| Untracked 
|  78|0x0000000618000000, 0x0000000618000000, 0x0000000618400000|  0%| F|  |TAMS 0x0000000618000000, 0x0000000618000000| Untracked 
|  79|0x0000000618400000, 0x0000000618400000, 0x0000000618800000|  0%| F|  |TAMS 0x0000000618400000, 0x0000000618400000| Untracked 
|  80|0x0000000618800000, 0x0000000618800000, 0x0000000618c00000|  0%| F|  |TAMS 0x0000000618800000, 0x0000000618800000| Untracked 
|  81|0x0000000618c00000, 0x0000000618c00000, 0x0000000619000000|  0%| F|  |TAMS 0x0000000618c00000, 0x0000000618c00000| Untracked 
|  82|0x0000000619000000, 0x0000000619000000, 0x0000000619400000|  0%| F|  |TAMS 0x0000000619000000, 0x0000000619000000| Untracked 
|  83|0x0000000619400000, 0x0000000619400000, 0x0000000619800000|  0%| F|  |TAMS 0x0000000619400000, 0x0000000619400000| Untracked 
|  84|0x0000000619800000, 0x0000000619800000, 0x0000000619c00000|  0%| F|  |TAMS 0x0000000619800000, 0x0000000619800000| Untracked 
|  85|0x0000000619c00000, 0x0000000619c00000, 0x000000061a000000|  0%| F|  |TAMS 0x0000000619c00000, 0x0000000619c00000| Untracked 
|  86|0x000000061a000000, 0x000000061a000000, 0x000000061a400000|  0%| F|  |TAMS 0x000000061a000000, 0x000000061a000000| Untracked 
|  87|0x000000061a400000, 0x000000061a400000, 0x000000061a800000|  0%| F|  |TAMS 0x000000061a400000, 0x000000061a400000| Untracked 
|  88|0x000000061a800000, 0x000000061a800000, 0x000000061ac00000|  0%| F|  |TAMS 0x000000061a800000, 0x000000061a800000| Untracked 
|  89|0x000000061ac00000, 0x000000061ac00000, 0x000000061b000000|  0%| F|  |TAMS 0x000000061ac00000, 0x000000061ac00000| Untracked 
|  90|0x000000061b000000, 0x000000061b400000, 0x000000061b400000|100%| S|CS|TAMS 0x000000061b000000, 0x000000061b000000| Complete 
|  91|0x000000061b400000, 0x000000061b800000, 0x000000061b800000|100%| S|CS|TAMS 0x000000061b400000, 0x000000061b400000| Complete 
|  92|0x000000061b800000, 0x000000061b800000, 0x000000061bc00000|  0%| F|  |TAMS 0x000000061b800000, 0x000000061b800000| Untracked 
|  93|0x000000061bc00000, 0x000000061bc00000, 0x000000061c000000|  0%| F|  |TAMS 0x000000061bc00000, 0x000000061bc00000| Untracked 
|  94|0x000000061c000000, 0x000000061c000000, 0x000000061c400000|  0%| F|  |TAMS 0x000000061c000000, 0x000000061c000000| Untracked 
|  95|0x000000061c400000, 0x000000061c400000, 0x000000061c800000|  0%| F|  |TAMS 0x000000061c400000, 0x000000061c400000| Untracked 
|  96|0x000000061c800000, 0x000000061c800000, 0x000000061cc00000|  0%| F|  |TAMS 0x000000061c800000, 0x000000061c800000| Untracked 
|  97|0x000000061cc00000, 0x000000061d000000, 0x000000061d000000|100%| S|CS|TAMS 0x000000061cc00000, 0x000000061cc00000| Complete 
|  98|0x000000061d000000, 0x000000061d400000, 0x000000061d400000|100%| S|CS|TAMS 0x000000061d000000, 0x000000061d000000| Complete 
|  99|0x000000061d400000, 0x000000061d800000, 0x000000061d800000|100%| S|CS|TAMS 0x000000061d400000, 0x000000061d400000| Complete 
| 100|0x000000061d800000, 0x000000061d800000, 0x000000061dc00000|  0%| F|  |TAMS 0x000000061d800000, 0x000000061d800000| Untracked 
| 101|0x000000061dc00000, 0x000000061dc00000, 0x000000061e000000|  0%| F|  |TAMS 0x000000061dc00000, 0x000000061dc00000| Untracked 
| 102|0x000000061e000000, 0x000000061e000000, 0x000000061e400000|  0%| F|  |TAMS 0x000000061e000000, 0x000000061e000000| Untracked 
| 103|0x000000061e400000, 0x000000061e400000, 0x000000061e800000|  0%| F|  |TAMS 0x000000061e400000, 0x000000061e400000| Untracked 
| 104|0x000000061e800000, 0x000000061e800000, 0x000000061ec00000|  0%| F|  |TAMS 0x000000061e800000, 0x000000061e800000| Untracked 
| 105|0x000000061ec00000, 0x000000061ec00000, 0x000000061f000000|  0%| F|  |TAMS 0x000000061ec00000, 0x000000061ec00000| Untracked 
| 106|0x000000061f000000, 0x000000061f000000, 0x000000061f400000|  0%| F|  |TAMS 0x000000061f000000, 0x000000061f000000| Untracked 
| 107|0x000000061f400000, 0x000000061f400000, 0x000000061f800000|  0%| F|  |TAMS 0x000000061f400000, 0x000000061f400000| Untracked 
| 108|0x000000061f800000, 0x000000061f800000, 0x000000061fc00000|  0%| F|  |TAMS 0x000000061f800000, 0x000000061f800000| Untracked 
| 109|0x000000061fc00000, 0x000000061fc00000, 0x0000000620000000|  0%| F|  |TAMS 0x000000061fc00000, 0x000000061fc00000| Untracked 
| 110|0x0000000620000000, 0x0000000620000000, 0x0000000620400000|  0%| F|  |TAMS 0x0000000620000000, 0x0000000620000000| Untracked 
| 111|0x0000000620400000, 0x0000000620400000, 0x0000000620800000|  0%| F|  |TAMS 0x0000000620400000, 0x0000000620400000| Untracked 
| 112|0x0000000620800000, 0x0000000620800000, 0x0000000620c00000|  0%| F|  |TAMS 0x0000000620800000, 0x0000000620800000| Untracked 
| 113|0x0000000620c00000, 0x0000000620c00000, 0x0000000621000000|  0%| F|  |TAMS 0x0000000620c00000, 0x0000000620c00000| Untracked 
| 114|0x0000000621000000, 0x0000000621000000, 0x0000000621400000|  0%| F|  |TAMS 0x0000000621000000, 0x0000000621000000| Untracked 
| 115|0x0000000621400000, 0x0000000621400000, 0x0000000621800000|  0%| F|  |TAMS 0x0000000621400000, 0x0000000621400000| Untracked 
| 116|0x0000000621800000, 0x0000000621800000, 0x0000000621c00000|  0%| F|  |TAMS 0x0000000621800000, 0x0000000621800000| Untracked 
| 117|0x0000000621c00000, 0x0000000621c00000, 0x0000000622000000|  0%| F|  |TAMS 0x0000000621c00000, 0x0000000621c00000| Untracked 
| 118|0x0000000622000000, 0x0000000622000000, 0x0000000622400000|  0%| F|  |TAMS 0x0000000622000000, 0x0000000622000000| Untracked 
| 119|0x0000000622400000, 0x0000000622400000, 0x0000000622800000|  0%| F|  |TAMS 0x0000000622400000, 0x0000000622400000| Untracked 
| 120|0x0000000622800000, 0x0000000622800000, 0x0000000622c00000|  0%| F|  |TAMS 0x0000000622800000, 0x0000000622800000| Untracked 
| 121|0x0000000622c00000, 0x0000000622c00000, 0x0000000623000000|  0%| F|  |TAMS 0x0000000622c00000, 0x0000000622c00000| Untracked 
| 122|0x0000000623000000, 0x0000000623000000, 0x0000000623400000|  0%| F|  |TAMS 0x0000000623000000, 0x0000000623000000| Untracked 
| 123|0x0000000623400000, 0x0000000623400000, 0x0000000623800000|  0%| F|  |TAMS 0x0000000623400000, 0x0000000623400000| Untracked 
| 124|0x0000000623800000, 0x0000000623800000, 0x0000000623c00000|  0%| F|  |TAMS 0x0000000623800000, 0x0000000623800000| Untracked 
| 125|0x0000000623c00000, 0x0000000623c00000, 0x0000000624000000|  0%| F|  |TAMS 0x0000000623c00000, 0x0000000623c00000| Untracked 
| 126|0x0000000624000000, 0x0000000624000000, 0x0000000624400000|  0%| F|  |TAMS 0x0000000624000000, 0x0000000624000000| Untracked 
| 127|0x0000000624400000, 0x0000000624400000, 0x0000000624800000|  0%| F|  |TAMS 0x0000000624400000, 0x0000000624400000| Untracked 
| 128|0x0000000624800000, 0x0000000624800000, 0x0000000624c00000|  0%| F|  |TAMS 0x0000000624800000, 0x0000000624800000| Untracked 
| 129|0x0000000624c00000, 0x0000000624c00000, 0x0000000625000000|  0%| F|  |TAMS 0x0000000624c00000, 0x0000000624c00000| Untracked 
| 130|0x0000000625000000, 0x0000000625000000, 0x0000000625400000|  0%| F|  |TAMS 0x0000000625000000, 0x0000000625000000| Untracked 
| 131|0x0000000625400000, 0x0000000625400000, 0x0000000625800000|  0%| F|  |TAMS 0x0000000625400000, 0x0000000625400000| Untracked 
| 132|0x0000000625800000, 0x0000000625800000, 0x0000000625c00000|  0%| F|  |TAMS 0x0000000625800000, 0x0000000625800000| Untracked 
| 133|0x0000000625c00000, 0x0000000625c00000, 0x0000000626000000|  0%| F|  |TAMS 0x0000000625c00000, 0x0000000625c00000| Untracked 
| 134|0x0000000626000000, 0x0000000626000000, 0x0000000626400000|  0%| F|  |TAMS 0x0000000626000000, 0x0000000626000000| Untracked 
| 135|0x0000000626400000, 0x0000000626400000, 0x0000000626800000|  0%| F|  |TAMS 0x0000000626400000, 0x0000000626400000| Untracked 
| 136|0x0000000626800000, 0x0000000626800000, 0x0000000626c00000|  0%| F|  |TAMS 0x0000000626800000, 0x0000000626800000| Untracked 
| 137|0x0000000626c00000, 0x0000000626c00000, 0x0000000627000000|  0%| F|  |TAMS 0x0000000626c00000, 0x0000000626c00000| Untracked 
| 138|0x0000000627000000, 0x0000000627000000, 0x0000000627400000|  0%| F|  |TAMS 0x0000000627000000, 0x0000000627000000| Untracked 
| 139|0x0000000627400000, 0x0000000627400000, 0x0000000627800000|  0%| F|  |TAMS 0x0000000627400000, 0x0000000627400000| Untracked 
| 140|0x0000000627800000, 0x0000000627800000, 0x0000000627c00000|  0%| F|  |TAMS 0x0000000627800000, 0x0000000627800000| Untracked 
| 141|0x0000000627c00000, 0x0000000627c00000, 0x0000000628000000|  0%| F|  |TAMS 0x0000000627c00000, 0x0000000627c00000| Untracked 
| 142|0x0000000628000000, 0x0000000628000000, 0x0000000628400000|  0%| F|  |TAMS 0x0000000628000000, 0x0000000628000000| Untracked 
| 143|0x0000000628400000, 0x0000000628400000, 0x0000000628800000|  0%| F|  |TAMS 0x0000000628400000, 0x0000000628400000| Untracked 
| 144|0x0000000628800000, 0x0000000628800000, 0x0000000628c00000|  0%| F|  |TAMS 0x0000000628800000, 0x0000000628800000| Untracked 
| 145|0x0000000628c00000, 0x0000000628c00000, 0x0000000629000000|  0%| F|  |TAMS 0x0000000628c00000, 0x0000000628c00000| Untracked 
| 146|0x0000000629000000, 0x0000000629000000, 0x0000000629400000|  0%| F|  |TAMS 0x0000000629000000, 0x0000000629000000| Untracked 
| 147|0x0000000629400000, 0x0000000629400000, 0x0000000629800000|  0%| F|  |TAMS 0x0000000629400000, 0x0000000629400000| Untracked 
| 148|0x0000000629800000, 0x0000000629800000, 0x0000000629c00000|  0%| F|  |TAMS 0x0000000629800000, 0x0000000629800000| Untracked 
| 149|0x0000000629c00000, 0x0000000629c00000, 0x000000062a000000|  0%| F|  |TAMS 0x0000000629c00000, 0x0000000629c00000| Untracked 
| 150|0x000000062a000000, 0x000000062a000000, 0x000000062a400000|  0%| F|  |TAMS 0x000000062a000000, 0x000000062a000000| Untracked 
| 151|0x000000062a400000, 0x000000062a400000, 0x000000062a800000|  0%| F|  |TAMS 0x000000062a400000, 0x000000062a400000| Untracked 
| 152|0x000000062a800000, 0x000000062a800000, 0x000000062ac00000|  0%| F|  |TAMS 0x000000062a800000, 0x000000062a800000| Untracked 
| 153|0x000000062ac00000, 0x000000062ac00000, 0x000000062b000000|  0%| F|  |TAMS 0x000000062ac00000, 0x000000062ac00000| Untracked 
| 154|0x000000062b000000, 0x000000062b000000, 0x000000062b400000|  0%| F|  |TAMS 0x000000062b000000, 0x000000062b000000| Untracked 
| 155|0x000000062b400000, 0x000000062b400000, 0x000000062b800000|  0%| F|  |TAMS 0x000000062b400000, 0x000000062b400000| Untracked 
| 156|0x000000062b800000, 0x000000062b800000, 0x000000062bc00000|  0%| F|  |TAMS 0x000000062b800000, 0x000000062b800000| Untracked 
| 157|0x000000062bc00000, 0x000000062bc00000, 0x000000062c000000|  0%| F|  |TAMS 0x000000062bc00000, 0x000000062bc00000| Untracked 
| 158|0x000000062c000000, 0x000000062c000000, 0x000000062c400000|  0%| F|  |TAMS 0x000000062c000000, 0x000000062c000000| Untracked 
| 159|0x000000062c400000, 0x000000062c400000, 0x000000062c800000|  0%| F|  |TAMS 0x000000062c400000, 0x000000062c400000| Untracked 
| 160|0x000000062c800000, 0x000000062cacbd60, 0x000000062cc00000| 69%| E|  |TAMS 0x000000062c800000, 0x000000062c800000| Complete 
| 161|0x000000062cc00000, 0x000000062d000000, 0x000000062d000000|100%| E|CS|TAMS 0x000000062cc00000, 0x000000062cc00000| Complete 
| 162|0x000000062d000000, 0x000000062d400000, 0x000000062d400000|100%| E|CS|TAMS 0x000000062d000000, 0x000000062d000000| Complete 
| 163|0x000000062d400000, 0x000000062d800000, 0x000000062d800000|100%| E|CS|TAMS 0x000000062d400000, 0x000000062d400000| Complete 
| 164|0x000000062d800000, 0x000000062dc00000, 0x000000062dc00000|100%| E|CS|TAMS 0x000000062d800000, 0x000000062d800000| Complete 
| 165|0x000000062dc00000, 0x000000062e000000, 0x000000062e000000|100%| E|CS|TAMS 0x000000062dc00000, 0x000000062dc00000| Complete 
| 166|0x000000062e000000, 0x000000062e400000, 0x000000062e400000|100%| E|CS|TAMS 0x000000062e000000, 0x000000062e000000| Complete 
| 167|0x000000062e400000, 0x000000062e800000, 0x000000062e800000|100%| E|CS|TAMS 0x000000062e400000, 0x000000062e400000| Complete 
| 168|0x000000062e800000, 0x000000062ec00000, 0x000000062ec00000|100%| E|CS|TAMS 0x000000062e800000, 0x000000062e800000| Complete 
| 169|0x000000062ec00000, 0x000000062f000000, 0x000000062f000000|100%| E|CS|TAMS 0x000000062ec00000, 0x000000062ec00000| Complete 
| 170|0x000000062f000000, 0x000000062f400000, 0x000000062f400000|100%| E|CS|TAMS 0x000000062f000000, 0x000000062f000000| Complete 
| 171|0x000000062f400000, 0x000000062f800000, 0x000000062f800000|100%| E|CS|TAMS 0x000000062f400000, 0x000000062f400000| Complete 
| 172|0x000000062f800000, 0x000000062fc00000, 0x000000062fc00000|100%| E|CS|TAMS 0x000000062f800000, 0x000000062f800000| Complete 
| 173|0x000000062fc00000, 0x0000000630000000, 0x0000000630000000|100%| E|CS|TAMS 0x000000062fc00000, 0x000000062fc00000| Complete 
| 174|0x0000000630000000, 0x0000000630400000, 0x0000000630400000|100%| E|CS|TAMS 0x0000000630000000, 0x0000000630000000| Complete 
| 175|0x0000000630400000, 0x0000000630800000, 0x0000000630800000|100%| E|CS|TAMS 0x0000000630400000, 0x0000000630400000| Complete 
| 176|0x0000000630800000, 0x0000000630c00000, 0x0000000630c00000|100%| E|CS|TAMS 0x0000000630800000, 0x0000000630800000| Complete 
| 177|0x0000000630c00000, 0x0000000631000000, 0x0000000631000000|100%| E|CS|TAMS 0x0000000630c00000, 0x0000000630c00000| Complete 
| 178|0x0000000631000000, 0x0000000631400000, 0x0000000631400000|100%| E|CS|TAMS 0x0000000631000000, 0x0000000631000000| Complete 
| 179|0x0000000631400000, 0x0000000631800000, 0x0000000631800000|100%| E|CS|TAMS 0x0000000631400000, 0x0000000631400000| Complete 
| 180|0x0000000631800000, 0x0000000631c00000, 0x0000000631c00000|100%| E|CS|TAMS 0x0000000631800000, 0x0000000631800000| Complete 
| 181|0x0000000631c00000, 0x0000000632000000, 0x0000000632000000|100%| E|CS|TAMS 0x0000000631c00000, 0x0000000631c00000| Complete 
| 182|0x0000000632000000, 0x0000000632400000, 0x0000000632400000|100%| E|CS|TAMS 0x0000000632000000, 0x0000000632000000| Complete 
| 183|0x0000000632400000, 0x0000000632800000, 0x0000000632800000|100%| E|CS|TAMS 0x0000000632400000, 0x0000000632400000| Complete 
| 184|0x0000000632800000, 0x0000000632c00000, 0x0000000632c00000|100%| E|CS|TAMS 0x0000000632800000, 0x0000000632800000| Complete 
| 185|0x0000000632c00000, 0x0000000633000000, 0x0000000633000000|100%| E|CS|TAMS 0x0000000632c00000, 0x0000000632c00000| Complete 
| 186|0x0000000633000000, 0x0000000633400000, 0x0000000633400000|100%| E|CS|TAMS 0x0000000633000000, 0x0000000633000000| Complete 
| 187|0x0000000633400000, 0x0000000633800000, 0x0000000633800000|100%| E|CS|TAMS 0x0000000633400000, 0x0000000633400000| Complete 
| 188|0x0000000633800000, 0x0000000633c00000, 0x0000000633c00000|100%| E|CS|TAMS 0x0000000633800000, 0x0000000633800000| Complete 
| 189|0x0000000633c00000, 0x0000000634000000, 0x0000000634000000|100%| E|CS|TAMS 0x0000000633c00000, 0x0000000633c00000| Complete 

Card table byte_map: [0x000001d730e70000,0x000001d731e50000] _byte_map_base: 0x000001d72de4c000

Marking Bits (Prev, Next): (CMBitMap*) 0x000001d72c573290, (CMBitMap*) 0x000001d72c5732d0
 Prev Bits: [0x000001d732e30000, 0x000001d73ad10000)
 Next Bits: [0x000001d73ad10000, 0x000001d742bf0000)

Polling page: 0x000001d7224c0000

Metaspace:

Usage:
  Non-class:     98.16 MB used.
      Class:     15.34 MB used.
       Both:    113.50 MB used.

Virtual space:
  Non-class space:      128.00 MB reserved,      99.19 MB ( 77%) committed,  2 nodes.
      Class space:        1.00 GB reserved,      16.00 MB (  2%) committed,  1 nodes.
             Both:        1.12 GB reserved,     115.19 MB ( 10%) committed. 

Chunk freelists:
   Non-Class:  13.20 MB
       Class:  246.00 KB
        Both:  13.44 MB

MaxMetaspaceSize: unlimited
CompressedClassSpaceSize: 1.00 GB
Initial GC threshold: 21.00 MB
Current GC threshold: 192.00 MB
CDS: on
MetaspaceReclaimPolicy: balanced
 - commit_granule_bytes: 65536.
 - commit_granule_words: 8192.
 - virtual_space_node_default_size: 8388608.
 - enlarge_chunks_in_place: 1.
 - new_chunks_are_fully_committed: 0.
 - uncommit_free_chunks: 1.
 - use_allocation_guard: 0.
 - handle_deallocations: 1.


Internal statistics:

num_allocs_failed_limit: 12.
num_arena_births: 1986.
num_arena_deaths: 444.
num_vsnodes_births: 3.
num_vsnodes_deaths: 0.
num_space_committed: 1843.
num_space_uncommitted: 0.
num_chunks_returned_to_freelist: 575.
num_chunks_taken_from_freelist: 6512.
num_chunk_merges: 168.
num_chunk_splits: 4370.
num_chunks_enlarged: 2991.
num_inconsistent_stats: 0.

CodeCache: size=49152Kb used=15921Kb max_used=48842Kb free=33230Kb
 bounds [0x000001d72c5f0000, 0x000001d72f5b0000, 0x000001d72f5f0000]
 total_blobs=6831 nmethods=6014 adapters=738
 compilation: enabled
              stopped_count=0, restarted_count=0
 full_count=0

Compilation events (20 events):
Event: 25918.931 Thread 0x000001d798768350 nmethod 26024 0x000001d72e1fef10 code [0x000001d72e1ff0c0, 0x000001d72e1ff418]
Event: 25918.932 Thread 0x000001d79876f2e0 nmethod 26025 0x000001d72e1fe010 code [0x000001d72e1fe260, 0x000001d72e1fe808]
Event: 25918.938 Thread 0x000001d798768350 26026       1       com.fasterxml.jackson.core.json.UTF8StreamJsonParser::_matchFalse (102 bytes)
Event: 25918.938 Thread 0x000001d798768350 nmethod 26026 0x000001d72e246c90 code [0x000001d72e246e40, 0x000001d72e2470c8]
Event: 25918.943 Thread 0x000001d79876f2e0 26027       1       java.io.ObjectStreamClass$FieldReflectorKey::<init> (76 bytes)
Event: 25918.944 Thread 0x000001d79876f2e0 nmethod 26027 0x000001d72e246210 code [0x000001d72e2463e0, 0x000001d72e246898]
Event: 25918.953 Thread 0x000001d798768350 26028       1       org.hibernate.type.CustomType::hashCode (8 bytes)
Event: 25918.953 Thread 0x000001d798768350 nmethod 26028 0x000001d72e1fda90 code [0x000001d72e1fdc40, 0x000001d72e1fdd68]
Event: 25918.989 Thread 0x000001d745658cb0 26029       1       java.util.Optional::filter (35 bytes)
Event: 25918.989 Thread 0x000001d798768350 26030       1       java.util.concurrent.locks.ReentrantLock$NonfairSync::initialTryLock (58 bytes)
Event: 25918.990 Thread 0x000001d745658cb0 nmethod 26029 0x000001d72e245c10 code [0x000001d72e245de0, 0x000001d72e246018]
Event: 25918.990 Thread 0x000001d798768350 nmethod 26030 0x000001d72e245510 code [0x000001d72e2456e0, 0x000001d72e245988]
Event: 25918.990 Thread 0x000001d79876fd80 26031       1       org.hibernate.query.sqm.tree.select.SqmSortSpecification::getSortExpression (5 bytes)
Event: 25918.990 Thread 0x000001d79876fd80 nmethod 26031 0x000001d72e245210 code [0x000001d72e2453a0, 0x000001d72e245478]
Event: 25918.998 Thread 0x000001d79876fd80 26032       1       java.util.stream.StreamOpFlag::isKnown (19 bytes)
Event: 25918.998 Thread 0x000001d79876fd80 nmethod 26032 0x000001d72e244e90 code [0x000001d72e245020, 0x000001d72e245138]
Event: 25919.001 Thread 0x000001d79876fd80 26033       1       java.util.stream.ReduceOps$Box::<init> (5 bytes)
Event: 25919.001 Thread 0x000001d79876fd80 nmethod 26033 0x000001d72e244b10 code [0x000001d72e244ca0, 0x000001d72e244d98]
Event: 25919.002 Thread 0x000001d798768350 26034   !   1       org.hibernate.internal.util.SerializationHelper$CustomObjectInputStream::resolveClass (130 bytes)
Event: 25919.003 Thread 0x000001d798768350 nmethod 26034 0x000001d72e243710 code [0x000001d72e243980, 0x000001d72e244168]

GC Heap History (20 events):
Event: 25747.784 GC heap before
{Heap before GC invocations=96 (full 0):
 garbage-first heap   total 544768K, used 450274K [0x0000000604800000, 0x0000000800000000)
  region size 4096K, 79 young (323584K), 1 survivors (4096K)
 Metaspace       used 102574K, committed 103424K, reserved 1179648K
  class space    used 13828K, committed 14272K, reserved 1048576K
}
Event: 25747.788 GC heap after
{Heap after GC invocations=97 (full 0):
 garbage-first heap   total 544768K, used 130484K [0x0000000604800000, 0x0000000800000000)
  region size 4096K, 1 young (4096K), 1 survivors (4096K)
 Metaspace       used 102574K, committed 103424K, reserved 1179648K
  class space    used 13828K, committed 14272K, reserved 1048576K
}
Event: 25880.004 GC heap before
{Heap before GC invocations=97 (full 0):
 garbage-first heap   total 544768K, used 445876K [0x0000000604800000, 0x0000000800000000)
  region size 4096K, 79 young (323584K), 1 survivors (4096K)
 Metaspace       used 115877K, committed 116800K, reserved 1179648K
  class space    used 15648K, committed 16128K, reserved 1048576K
}
Event: 25880.025 GC heap after
{Heap after GC invocations=98 (full 0):
 garbage-first heap   total 544768K, used 155045K [0x0000000604800000, 0x0000000800000000)
  region size 4096K, 7 young (28672K), 7 survivors (28672K)
 Metaspace       used 115877K, committed 116800K, reserved 1179648K
  class space    used 15648K, committed 16128K, reserved 1048576K
}
Event: 25881.473 GC heap before
{Heap before GC invocations=98 (full 0):
 garbage-first heap   total 544768K, used 449957K [0x0000000604800000, 0x0000000800000000)
  region size 4096K, 79 young (323584K), 7 survivors (28672K)
 Metaspace       used 116399K, committed 117440K, reserved 1179648K
  class space    used 15749K, committed 16256K, reserved 1048576K
}
Event: 25881.494 GC heap after
{Heap after GC invocations=99 (full 0):
 garbage-first heap   total 544768K, used 150365K [0x0000000604800000, 0x0000000800000000)
  region size 4096K, 3 young (12288K), 3 survivors (12288K)
 Metaspace       used 116399K, committed 117440K, reserved 1179648K
  class space    used 15749K, committed 16256K, reserved 1048576K
}
Event: 25892.659 GC heap before
{Heap before GC invocations=99 (full 0):
 garbage-first heap   total 544768K, used 449373K [0x0000000604800000, 0x0000000800000000)
  region size 4096K, 76 young (311296K), 3 survivors (12288K)
 Metaspace       used 116655K, committed 117696K, reserved 1179648K
  class space    used 15805K, committed 16320K, reserved 1048576K
}
Event: 25892.694 GC heap after
{Heap after GC invocations=100 (full 0):
 garbage-first heap   total 544768K, used 188886K [0x0000000604800000, 0x0000000800000000)
  region size 4096K, 10 young (40960K), 10 survivors (40960K)
 Metaspace       used 116655K, committed 117696K, reserved 1179648K
  class space    used 15805K, committed 16320K, reserved 1048576K
}
Event: 25899.164 GC heap before
{Heap before GC invocations=100 (full 0):
 garbage-first heap   total 544768K, used 422358K [0x0000000604800000, 0x0000000800000000)
  region size 4096K, 67 young (274432K), 10 survivors (40960K)
 Metaspace       used 116672K, committed 117824K, reserved 1179648K
  class space    used 15810K, committed 16384K, reserved 1048576K
}
Event: 25899.199 GC heap after
{Heap after GC invocations=101 (full 0):
 garbage-first heap   total 544768K, used 192266K [0x0000000604800000, 0x0000000800000000)
  region size 4096K, 7 young (28672K), 7 survivors (28672K)
 Metaspace       used 116672K, committed 117824K, reserved 1179648K
  class space    used 15810K, committed 16384K, reserved 1048576K
}
Event: 25899.848 GC heap before
{Heap before GC invocations=101 (full 0):
 garbage-first heap   total 544768K, used 421642K [0x0000000604800000, 0x0000000800000000)
  region size 4096K, 63 young (258048K), 7 survivors (28672K)
 Metaspace       used 116672K, committed 117824K, reserved 1179648K
  class space    used 15810K, committed 16384K, reserved 1048576K
}
Event: 25899.886 GC heap after
{Heap after GC invocations=102 (full 0):
 garbage-first heap   total 544768K, used 218423K [0x0000000604800000, 0x0000000800000000)
  region size 4096K, 8 young (32768K), 8 survivors (32768K)
 Metaspace       used 116672K, committed 117824K, reserved 1179648K
  class space    used 15810K, committed 16384K, reserved 1048576K
}
Event: 25906.449 GC heap before
{Heap before GC invocations=102 (full 0):
 garbage-first heap   total 544768K, used 410935K [0x0000000604800000, 0x0000000800000000)
  region size 4096K, 55 young (225280K), 8 survivors (32768K)
 Metaspace       used 116744K, committed 117888K, reserved 1179648K
  class space    used 15826K, committed 16384K, reserved 1048576K
}
Event: 25906.488 GC heap after
{Heap after GC invocations=103 (full 0):
 garbage-first heap   total 544768K, used 241378K [0x0000000604800000, 0x0000000800000000)
  region size 4096K, 7 young (28672K), 7 survivors (28672K)
 Metaspace       used 116744K, committed 117888K, reserved 1179648K
  class space    used 15826K, committed 16384K, reserved 1048576K
}
Event: 25907.043 GC heap before
{Heap before GC invocations=103 (full 0):
 garbage-first heap   total 544768K, used 409314K [0x0000000604800000, 0x0000000800000000)
  region size 4096K, 48 young (196608K), 7 survivors (28672K)
 Metaspace       used 116770K, committed 117952K, reserved 1179648K
  class space    used 15826K, committed 16384K, reserved 1048576K
}
Event: 25907.083 GC heap after
{Heap after GC invocations=104 (full 0):
 garbage-first heap   total 544768K, used 265153K [0x0000000604800000, 0x0000000800000000)
  region size 4096K, 6 young (24576K), 6 survivors (24576K)
 Metaspace       used 116770K, committed 117952K, reserved 1179648K
  class space    used 15826K, committed 16384K, reserved 1048576K
}
Event: 25908.128 GC heap before
{Heap before GC invocations=104 (full 0):
 garbage-first heap   total 544768K, used 412609K [0x0000000604800000, 0x0000000800000000)
  region size 4096K, 42 young (172032K), 6 survivors (24576K)
 Metaspace       used 116783K, committed 117952K, reserved 1179648K
  class space    used 15826K, committed 16384K, reserved 1048576K
}
Event: 25908.165 GC heap after
{Heap after GC invocations=105 (full 0):
 garbage-first heap   total 544768K, used 281636K [0x0000000604800000, 0x0000000800000000)
  region size 4096K, 6 young (24576K), 6 survivors (24576K)
 Metaspace       used 116783K, committed 117952K, reserved 1179648K
  class space    used 15826K, committed 16384K, reserved 1048576K
}
Event: 25918.495 GC heap before
{Heap before GC invocations=105 (full 0):
 garbage-first heap   total 544768K, used 416804K [0x0000000604800000, 0x0000000800000000)
  region size 4096K, 39 young (159744K), 6 survivors (24576K)
 Metaspace       used 116791K, committed 117952K, reserved 1179648K
  class space    used 15826K, committed 16384K, reserved 1048576K
}
Event: 25918.541 GC heap after
{Heap after GC invocations=106 (full 0):
 garbage-first heap   total 778240K, used 304792K [0x0000000604800000, 0x0000000800000000)
  region size 4096K, 5 young (20480K), 5 survivors (20480K)
 Metaspace       used 116791K, committed 117952K, reserved 1179648K
  class space    used 15826K, committed 16384K, reserved 1048576K
}

Dll operation events (13 events):
Event: 0.026 Loaded shared library C:\Program Files\Eclipse Adoptium\jdk-17.0.18.8-hotspot\bin\java.dll
Event: 0.028 Loaded shared library C:\Program Files\Eclipse Adoptium\jdk-17.0.18.8-hotspot\bin\zip.dll
Event: 0.050 Loaded shared library C:\Program Files\Eclipse Adoptium\jdk-17.0.18.8-hotspot\bin\jsvml.dll
Event: 1.663 Loaded shared library C:\Program Files\Eclipse Adoptium\jdk-17.0.18.8-hotspot\bin\instrument.dll
Event: 1.786 Loaded shared library C:\Program Files\Eclipse Adoptium\jdk-17.0.18.8-hotspot\bin\jimage.dll
Event: 1.846 Loaded shared library C:\Program Files\Eclipse Adoptium\jdk-17.0.18.8-hotspot\bin\net.dll
Event: 1.847 Loaded shared library C:\Program Files\Eclipse Adoptium\jdk-17.0.18.8-hotspot\bin\nio.dll
Event: 1.869 Loaded shared library C:\Program Files\Eclipse Adoptium\jdk-17.0.18.8-hotspot\bin\zip.dll
Event: 2.113 Loaded shared library C:\Program Files\Eclipse Adoptium\jdk-17.0.18.8-hotspot\bin\management.dll
Event: 2.139 Loaded shared library C:\Program Files\Eclipse Adoptium\jdk-17.0.18.8-hotspot\bin\management_ext.dll
Event: 2.606 Loaded shared library C:\Program Files\Eclipse Adoptium\jdk-17.0.18.8-hotspot\bin\extnet.dll
Event: 6.500 Loaded shared library C:\Program Files\Eclipse Adoptium\jdk-17.0.18.8-hotspot\bin\sunmscapi.dll
Event: 15.030 Loaded shared library C:\Program Files\Eclipse Adoptium\jdk-17.0.18.8-hotspot\bin\verify.dll

Deoptimization events (20 events):
Event: 25918.829 Thread 0x000001d798232d20 DEOPT PACKING pc=0x000001d72cea07ef sp=0x00000091ef7f74d0
Event: 25918.829 Thread 0x000001d798232d20 DEOPT UNPACKING pc=0x000001d72c64ace3 sp=0x00000091ef7f6a50 mode 3
Event: 25918.830 Thread 0x000001d798232d20 DEOPT PACKING pc=0x000001d72e1f8fb3 sp=0x00000091ef7f70c0
Event: 25918.830 Thread 0x000001d798232d20 DEOPT UNPACKING pc=0x000001d72c64ace3 sp=0x00000091ef7f6580 mode 3
Event: 25918.831 Thread 0x000001d798232d20 DEOPT PACKING pc=0x000001d72e8cd369 sp=0x00000091ef7f7010
Event: 25918.831 Thread 0x000001d798232d20 DEOPT UNPACKING pc=0x000001d72c64ace3 sp=0x00000091ef7f6618 mode 3
Event: 25918.833 Thread 0x000001d798232d20 DEOPT PACKING pc=0x000001d72e1fa4c9 sp=0x00000091ef7f6a60
Event: 25918.833 Thread 0x000001d798232d20 DEOPT UNPACKING pc=0x000001d72c64ace3 sp=0x00000091ef7f5fb0 mode 3
Event: 25918.834 Thread 0x000001d798232d20 DEOPT PACKING pc=0x000001d72e1f8886 sp=0x00000091ef7f7210
Event: 25918.834 Thread 0x000001d798232d20 DEOPT UNPACKING pc=0x000001d72c64ace3 sp=0x00000091ef7f66b0 mode 3
Event: 25918.834 Thread 0x000001d798232d20 DEOPT PACKING pc=0x000001d72cde3d94 sp=0x00000091ef7f72b0
Event: 25918.834 Thread 0x000001d798232d20 DEOPT UNPACKING pc=0x000001d72c64ace3 sp=0x00000091ef7f6780 mode 3
Event: 25918.841 Thread 0x000001d79822c7e0 DEOPT PACKING pc=0x000001d72f357e34 sp=0x00000091ef5f7c20
Event: 25918.841 Thread 0x000001d79822c7e0 DEOPT UNPACKING pc=0x000001d72c64ace3 sp=0x00000091ef5f7098 mode 3
Event: 25918.931 Thread 0x000001d798232d20 DEOPT PACKING pc=0x000001d72e8df43f sp=0x00000091ef7f7470
Event: 25918.931 Thread 0x000001d798232d20 DEOPT UNPACKING pc=0x000001d72c64ace3 sp=0x00000091ef7f69d8 mode 3
Event: 25918.986 Thread 0x000001d79822eb50 DEOPT PACKING pc=0x000001d72f355ea6 sp=0x00000091ef1f7600
Event: 25918.986 Thread 0x000001d79822eb50 DEOPT UNPACKING pc=0x000001d72c64ace3 sp=0x00000091ef1f6ae0 mode 3
Event: 25918.986 Thread 0x000001d79822fa80 DEOPT PACKING pc=0x000001d72f355ea6 sp=0x00000091ef3f78f0
Event: 25918.986 Thread 0x000001d79822fa80 DEOPT UNPACKING pc=0x000001d72c64ace3 sp=0x00000091ef3f6dd0 mode 3

Classes loaded (20 events):
Event: 25885.945 Loading class jakarta/persistence/OptimisticLockException
Event: 25885.945 Loading class jakarta/persistence/OptimisticLockException done
Event: 25885.946 Loading class jakarta/persistence/LockTimeoutException
Event: 25885.946 Loading class jakarta/persistence/LockTimeoutException done
Event: 25885.946 Loading class org/hibernate/dialect/lock/PessimisticEntityLockException
Event: 25885.946 Loading class org/hibernate/dialect/lock/PessimisticEntityLockException done
Event: 25885.947 Loading class jakarta/persistence/PessimisticLockException
Event: 25885.947 Loading class jakarta/persistence/PessimisticLockException done
Event: 25885.948 Loading class org/hibernate/internal/EntityManagerMessageLogger_$logger_en_US
Event: 25885.948 Loading class org/hibernate/internal/EntityManagerMessageLogger_$logger_en_US done
Event: 25885.949 Loading class org/hibernate/internal/EntityManagerMessageLogger_$logger_en
Event: 25885.949 Loading class org/hibernate/internal/EntityManagerMessageLogger_$logger_en done
Event: 25885.951 Loading class org/springframework/dao/support/ChainedPersistenceExceptionTranslator
Event: 25885.951 Loading class org/springframework/dao/support/ChainedPersistenceExceptionTranslator done
Event: 25885.952 Loading class org/springframework/dao/support/ChainedPersistenceExceptionTranslator
Event: 25885.952 Loading class org/springframework/dao/support/ChainedPersistenceExceptionTranslator done
Event: 25885.952 Loading class org/springframework/dao/support/PersistenceExceptionTranslator
Event: 25885.952 Loading class org/springframework/dao/support/PersistenceExceptionTranslator done
Event: 25885.952 Loading class org/springframework/dao/support/PersistenceExceptionTranslator
Event: 25885.952 Loading class org/springframework/dao/support/PersistenceExceptionTranslator done

Classes unloaded (20 events):
Event: 25918.867 Thread 0x000001d74563b290 Unloading class 0x000001d747132000 'java/lang/invoke/LambdaForm$MH+0x000001d747132000'
Event: 25918.867 Thread 0x000001d74563b290 Unloading class 0x000001d747131c00 'java/lang/invoke/LambdaForm$MH+0x000001d747131c00'
Event: 25918.867 Thread 0x000001d74563b290 Unloading class 0x000001d747131800 'java/lang/invoke/LambdaForm$MH+0x000001d747131800'
Event: 25918.867 Thread 0x000001d74563b290 Unloading class 0x000001d747131400 'java/lang/invoke/LambdaForm$MH+0x000001d747131400'
Event: 25918.867 Thread 0x000001d74563b290 Unloading class 0x000001d747131000 'java/lang/invoke/LambdaForm$MH+0x000001d747131000'
Event: 25918.867 Thread 0x000001d74563b290 Unloading class 0x000001d747130400 'java/lang/invoke/LambdaForm$MH+0x000001d747130400'
Event: 25918.867 Thread 0x000001d74563b290 Unloading class 0x000001d7470d6000 'java/lang/invoke/LambdaForm$MH+0x000001d7470d6000'
Event: 25918.867 Thread 0x000001d74563b290 Unloading class 0x000001d7470d5c00 'java/lang/invoke/LambdaForm$MH+0x000001d7470d5c00'
Event: 25918.867 Thread 0x000001d74563b290 Unloading class 0x000001d7470d5800 'java/lang/invoke/LambdaForm$MH+0x000001d7470d5800'
Event: 25918.867 Thread 0x000001d74563b290 Unloading class 0x000001d7470d5400 'java/lang/invoke/LambdaForm$MH+0x000001d7470d5400'
Event: 25918.867 Thread 0x000001d74563b290 Unloading class 0x000001d7470d5000 'java/lang/invoke/LambdaForm$MH+0x000001d7470d5000'
Event: 25918.867 Thread 0x000001d74563b290 Unloading class 0x000001d7470d4c00 'java/lang/invoke/LambdaForm$MH+0x000001d7470d4c00'
Event: 25918.867 Thread 0x000001d74563b290 Unloading class 0x000001d7470d4400 'java/lang/invoke/LambdaForm$MH+0x000001d7470d4400'
Event: 25918.867 Thread 0x000001d74563b290 Unloading class 0x000001d7470d4000 'java/lang/invoke/LambdaForm$MH+0x000001d7470d4000'
Event: 25918.867 Thread 0x000001d74563b290 Unloading class 0x000001d7470c2400 'jdk/internal/reflect/GeneratedSerializationConstructorAccessor3'
Event: 25918.867 Thread 0x000001d74563b290 Unloading class 0x000001d7470c2000 'jdk/internal/reflect/GeneratedSerializationConstructorAccessor2'
Event: 25918.867 Thread 0x000001d74563b290 Unloading class 0x000001d7470c1c00 'jdk/internal/reflect/GeneratedSerializationConstructorAccessor1'
Event: 25918.867 Thread 0x000001d74563b290 Unloading class 0x000001d7470c1400 'java/lang/invoke/LambdaForm$DMH+0x000001d7470c1400'
Event: 25918.868 Thread 0x000001d74563b290 Unloading class 0x000001d7470c0c00 'java/lang/invoke/LambdaForm$DMH+0x000001d7470c0c00'
Event: 25918.868 Thread 0x000001d74563b290 Unloading class 0x000001d7470c0000 'jdk/internal/reflect/GeneratedConstructorAccessor1'

Classes redefined (1 events):
Event: 1.693 Thread 0x000001d74563b290 redefined class name=java.lang.Throwable, count=1

Internal exceptions (20 events):
Event: 25905.104 Thread 0x000001d79822ff90 Exception <a 'sun/nio/fs/WindowsException'{0x000000061da3e290}> (0x000000061da3e290) 
thrown [s\src\hotspot\share\prims\jni.cpp, line 516]
Event: 25905.150 Thread 0x000001d79822d200 Exception <a 'sun/nio/fs/WindowsException'{0x000000061daf4c98}> (0x000000061daf4c98) 
thrown [s\src\hotspot\share\prims\jni.cpp, line 516]
Event: 25905.310 Thread 0x000001d79822eb50 Exception <a 'sun/nio/fs/WindowsException'{0x000000061e2dc9a8}> (0x000000061e2dc9a8) 
thrown [s\src\hotspot\share\prims\jni.cpp, line 516]
Event: 25905.314 Thread 0x000001d79822eb50 Exception <a 'sun/nio/fs/WindowsException'{0x000000061e2e44b8}> (0x000000061e2e44b8) 
thrown [s\src\hotspot\share\prims\jni.cpp, line 516]
Event: 25905.329 Thread 0x000001d79822eb50 Exception <a 'sun/nio/fs/WindowsException'{0x000000061d447cf0}> (0x000000061d447cf0) 
thrown [s\src\hotspot\share\prims\jni.cpp, line 516]
Event: 25905.355 Thread 0x000001d79822eb50 Exception <a 'sun/nio/fs/WindowsException'{0x000000061d46b488}> (0x000000061d46b488) 
thrown [s\src\hotspot\share\prims\jni.cpp, line 516]
Event: 25905.360 Thread 0x000001d79822eb50 Exception <a 'sun/nio/fs/WindowsException'{0x000000061d472e38}> (0x000000061d472e38) 
thrown [s\src\hotspot\share\prims\jni.cpp, line 516]
Event: 25905.371 Thread 0x000001d79822eb50 Exception <a 'sun/nio/fs/WindowsException'{0x000000061d4850e0}> (0x000000061d4850e0) 
thrown [s\src\hotspot\share\prims\jni.cpp, line 516]
Event: 25905.384 Thread 0x000001d79822eb50 Exception <a 'sun/nio/fs/WindowsException'{0x000000061d4a3af8}> (0x000000061d4a3af8) 
thrown [s\src\hotspot\share\prims\jni.cpp, line 516]
Event: 25905.390 Thread 0x000001d79822eb50 Exception <a 'sun/nio/fs/WindowsException'{0x000000061d4ab448}> (0x000000061d4ab448) 
thrown [s\src\hotspot\share\prims\jni.cpp, line 516]
Event: 25906.254 Thread 0x000001d79822d200 Exception <a 'sun/nio/fs/WindowsException'{0x000000061dbab840}> (0x000000061dbab840) 
thrown [s\src\hotspot\share\prims\jni.cpp, line 516]
Event: 25906.277 Thread 0x000001d798232d20 Exception <a 'sun/nio/fs/WindowsException'{0x000000061e3adb30}> (0x000000061e3adb30) 
thrown [s\src\hotspot\share\prims\jni.cpp, line 516]
Event: 25906.278 Thread 0x000001d79822eb50 Exception <a 'sun/nio/fs/WindowsException'{0x000000061d4f7040}> (0x000000061d4f7040) 
thrown [s\src\hotspot\share\prims\jni.cpp, line 516]
Event: 25906.280 Thread 0x000001d79822c7e0 Exception <a 'sun/nio/fs/WindowsException'{0x000000061d6ac170}> (0x000000061d6ac170) 
thrown [s\src\hotspot\share\prims\jni.cpp, line 516]
Event: 25906.291 Thread 0x000001d7982313d0 Exception <a 'sun/nio/fs/WindowsException'{0x000000061d76a050}> (0x000000061d76a050) 
thrown [s\src\hotspot\share\prims\jni.cpp, line 516]
Event: 25918.303 Thread 0x000001d798230ec0 Exception <a 'sun/nio/fs/WindowsException'{0x00000006231aa8b0}> (0x00000006231aa8b0) 
thrown [s\src\hotspot\share\prims\jni.cpp, line 516]
Event: 25918.305 Thread 0x000001d79822fa80 Exception <a 'sun/nio/fs/WindowsException'{0x0000000623288180}> (0x0000000623288180) 
thrown [s\src\hotspot\share\prims\jni.cpp, line 516]
Event: 25918.310 Thread 0x000001d79822c7e0 Exception <a 'sun/nio/fs/WindowsException'{0x0000000623235d20}> (0x0000000623235d20) 
thrown [s\src\hotspot\share\prims\jni.cpp, line 516]
Event: 25918.333 Thread 0x000001d79822eb50 Exception <a 'sun/nio/fs/WindowsException'{0x0000000622d41d40}> (0x0000000622d41d40) 
thrown [s\src\hotspot\share\prims\jni.cpp, line 516]
Event: 25918.349 Thread 0x000001d798232d20 Exception <a 'sun/nio/fs/WindowsException'{0x0000000622434380}> (0x0000000622434380) 
thrown [s\src\hotspot\share\prims\jni.cpp, line 516]

VM Operations (20 events):
Event: 25906.942 Executing VM operation: ICBufferFull
Event: 25906.943 Executing VM operation: ICBufferFull done
Event: 25907.042 Executing VM operation: G1CollectForAllocation
Event: 25907.084 Executing VM operation: G1CollectForAllocation done
Event: 25907.287 Executing VM operation: HandshakeAllThreads
Event: 25907.287 Executing VM operation: HandshakeAllThreads done
Event: 25907.560 Executing VM operation: ICBufferFull
Event: 25907.560 Executing VM operation: ICBufferFull done
Event: 25907.977 Executing VM operation: ICBufferFull
Event: 25907.978 Executing VM operation: ICBufferFull done
Event: 25908.128 Executing VM operation: G1CollectForAllocation
Event: 25908.165 Executing VM operation: G1CollectForAllocation done
Event: 25909.178 Executing VM operation: Cleanup
Event: 25909.178 Executing VM operation: Cleanup done
Event: 25910.181 Executing VM operation: Cleanup
Event: 25910.181 Executing VM operation: Cleanup done
Event: 25918.494 Executing VM operation: G1CollectForAllocation
Event: 25918.541 Executing VM operation: G1CollectForAllocation done
Event: 25918.864 Executing VM operation: G1PauseRemark
Event: 25918.906 Executing VM operation: G1PauseRemark done

Memory protections (0 events):
No events

Nmethod flushes (20 events):
Event: 25906.390 Thread 0x000001d74565bf90 flushing  nmethod 0x000001d72ea5d390
Event: 25906.391 Thread 0x000001d74565bf90 flushing  nmethod 0x000001d72ed85890
Event: 25906.391 Thread 0x000001d74565bf90 flushing  nmethod 0x000001d72ed88d10
Event: 25906.391 Thread 0x000001d74565bf90 flushing  nmethod 0x000001d72edfc210
Event: 25906.391 Thread 0x000001d74565bf90 flushing  nmethod 0x000001d72edfc610
Event: 25906.391 Thread 0x000001d74565bf90 flushing  nmethod 0x000001d72ee04590
Event: 25906.391 Thread 0x000001d74565bf90 flushing  nmethod 0x000001d72ee3c410
Event: 25906.391 Thread 0x000001d74565bf90 flushing  nmethod 0x000001d72ef95f90
Event: 25906.391 Thread 0x000001d74565bf90 flushing  nmethod 0x000001d72ef9d610
Event: 25907.290 Thread 0x000001d74565bf90 flushing  nmethod 0x000001d72cbf0c10
Event: 25907.295 Thread 0x000001d74565bf90 flushing  nmethod 0x000001d72d457110
Event: 25907.295 Thread 0x000001d74565bf90 flushing  nmethod 0x000001d72d457510
Event: 25907.295 Thread 0x000001d74565bf90 flushing  nmethod 0x000001d72d457890
Event: 25907.295 Thread 0x000001d74565bf90 flushing  nmethod 0x000001d72d45a410
Event: 25907.295 Thread 0x000001d74565bf90 flushing  nmethod 0x000001d72d45af10
Event: 25907.295 Thread 0x000001d74565bf90 flushing  nmethod 0x000001d72d45b890
Event: 25907.295 Thread 0x000001d74565bf90 flushing  nmethod 0x000001d72d45cf10
Event: 25907.296 Thread 0x000001d74565bf90 flushing  nmethod 0x000001d72da8d090
Event: 25907.296 Thread 0x000001d74565bf90 flushing  nmethod 0x000001d72dc9f090
Event: 25907.299 Thread 0x000001d74565bf90 flushing  nmethod 0x000001d72ea33a90

Events (20 events):
Event: 25890.996 Thread 0x000001d798772800 Thread exited: 0x000001d798772800
Event: 25891.021 Thread 0x000001d798770820 Thread exited: 0x000001d798770820
Event: 25892.384 Thread 0x000001d798768350 Thread added: 0x000001d79876f2e0
Event: 25892.385 Thread 0x000001d798768350 Thread added: 0x000001d798770820
Event: 25893.969 Thread 0x000001d798770820 Thread exited: 0x000001d798770820
Event: 25899.001 Thread 0x000001d798768350 Thread exited: 0x000001d798768350
Event: 25899.001 Thread 0x000001d79876f2e0 Thread exited: 0x000001d79876f2e0
Event: 25899.019 Thread 0x000001d745658cb0 Thread added: 0x000001d798768350
Event: 25900.906 Thread 0x000001d798768350 Thread exited: 0x000001d798768350
Event: 25904.891 Thread 0x000001d745658cb0 Thread added: 0x000001d798768350
Event: 25904.892 Thread 0x000001d798768350 Thread added: 0x000001d7987702d0
Event: 25904.893 Thread 0x000001d798768350 Thread added: 0x000001d798772800
Event: 25906.224 Thread 0x000001d798772800 Thread exited: 0x000001d798772800
Event: 25906.237 Thread 0x000001d7987702d0 Thread added: 0x000001d79876d850
Event: 25909.258 Thread 0x000001d79876d850 Thread exited: 0x000001d79876d850
Event: 25909.259 Thread 0x000001d7987702d0 Thread exited: 0x000001d7987702d0
Event: 25913.564 Thread 0x000001d798768350 Thread exited: 0x000001d798768350
Event: 25918.278 Thread 0x000001d745658cb0 Thread added: 0x000001d798768350
Event: 25918.285 Thread 0x000001d798768350 Thread added: 0x000001d79876f2e0
Event: 25918.287 Thread 0x000001d798768350 Thread added: 0x000001d79876fd80


Dynamic libraries:
0x00007ff65a580000 - 0x00007ff65a58e000 	C:\Program Files\Eclipse Adoptium\jdk-17.0.18.8-hotspot\bin\java.exe
0x00007ffc8ef20000 - 0x00007ffc8f187000 	C:\WINDOWS\SYSTEM32\ntdll.dll
0x00007ffc8cf90000 - 0x00007ffc8d059000 	C:\WINDOWS\System32\KERNEL32.DLL
0x00007ffc8bb70000 - 0x00007ffc8bf64000 	C:\WINDOWS\System32\KERNELBASE.dll
0x00007ffc8cad0000 - 0x00007ffc8cc1b000 	C:\WINDOWS\System32\ucrtbase.dll
0x00007ffc888a0000 - 0x00007ffc888be000 	C:\Program Files\Eclipse Adoptium\jdk-17.0.18.8-hotspot\bin\VCRUNTIME140.dll
0x00007ffc725c0000 - 0x00007ffc725d8000 	C:\Program Files\Eclipse Adoptium\jdk-17.0.18.8-hotspot\bin\jli.dll
0x00007ffc8ec10000 - 0x00007ffc8edd5000 	C:\WINDOWS\System32\USER32.dll
0x00007ffc8b7f0000 - 0x00007ffc8b817000 	C:\WINDOWS\System32\win32u.dll
0x00007ffc8df70000 - 0x00007ffc8df9b000 	C:\WINDOWS\System32\GDI32.dll
0x00007ffc72050000 - 0x00007ffc722e3000 	C:\WINDOWS\WinSxS\amd64_microsoft.windows.common-controls_6595b64144ccf1df_6.0.26100.8115_none_3e075c82e3354f9c\COMCTL32.dll
0x00007ffc8b820000 - 0x00007ffc8b94b000 	C:\WINDOWS\System32\gdi32full.dll
0x00007ffc8dec0000 - 0x00007ffc8df69000 	C:\WINDOWS\System32\msvcrt.dll
0x00007ffc8ba10000 - 0x00007ffc8bab3000 	C:\WINDOWS\System32\msvcp_win.dll
0x00007ffc8de50000 - 0x00007ffc8de82000 	C:\WINDOWS\System32\IMM32.DLL
0x000000005cc80000 - 0x000000005cc8c000 	C:\Program Files (x86)\360\Total Security\safemon\SafeWrapper.dll
0x00007ffc8ced0000 - 0x00007ffc8cf86000 	C:\WINDOWS\System32\ADVAPI32.dll
0x00007ffc8d160000 - 0x00007ffc8d207000 	C:\WINDOWS\System32\sechost.dll
0x00007ffc8dc90000 - 0x00007ffc8dda8000 	C:\WINDOWS\System32\RPCRT4.dll
0x00007ffc6fe20000 - 0x00007ffc6fecc000 	C:\Program Files (x86)\360\Total Security\safemon\libzdtp64.dll
0x00007ffc8d3e0000 - 0x00007ffc8db47000 	C:\WINDOWS\System32\SHELL32.dll
0x00007ffc8bf70000 - 0x00007ffc8c0da000 	C:\WINDOWS\System32\wintypes.dll
0x00007ffc8e090000 - 0x00007ffc8e412000 	C:\WINDOWS\System32\combase.dll
0x00007ffc8e020000 - 0x00007ffc8e086000 	C:\WINDOWS\System32\SHLWAPI.dll
0x00007ffc8c260000 - 0x00007ffc8cac8000 	C:\WINDOWS\System32\Windows.Storage.dll
0x00007ffc8b2d0000 - 0x00007ffc8b2db000 	C:\WINDOWS\SYSTEM32\VERSION.dll
0x00007ffc7bcd0000 - 0x00007ffc7bcdc000 	C:\Program Files\Eclipse Adoptium\jdk-17.0.18.8-hotspot\bin\vcruntime140_1.dll
0x00007ffc66900000 - 0x00007ffc6698d000 	C:\Program Files\Eclipse Adoptium\jdk-17.0.18.8-hotspot\bin\msvcp140.dll
0x00007ffc0c240000 - 0x00007ffc0ceab000 	C:\Program Files\Eclipse Adoptium\jdk-17.0.18.8-hotspot\bin\server\jvm.dll
0x00007ffc8eac0000 - 0x00007ffc8eb40000 	C:\WINDOWS\System32\WS2_32.dll
0x00007ffc8b650000 - 0x00007ffc8b6ae000 	C:\WINDOWS\SYSTEM32\POWRPROF.dll
0x00007ffc83250000 - 0x00007ffc83286000 	C:\WINDOWS\SYSTEM32\WINMM.dll
0x00007ffc8b630000 - 0x00007ffc8b644000 	C:\WINDOWS\SYSTEM32\UMPDC.dll
0x00007ffc8a4d0000 - 0x00007ffc8a4eb000 	C:\WINDOWS\SYSTEM32\kernel.appcore.dll
0x00007ffc7a8f0000 - 0x00007ffc7a8fa000 	C:\Program Files\Eclipse Adoptium\jdk-17.0.18.8-hotspot\bin\jimage.dll
0x00007ffc89120000 - 0x00007ffc89362000 	C:\WINDOWS\SYSTEM32\DBGHELP.DLL
0x00007ffc8db50000 - 0x00007ffc8dc28000 	C:\WINDOWS\System32\OLEAUT32.dll
0x00007ffc70b20000 - 0x00007ffc70b5b000 	C:\WINDOWS\SYSTEM32\dbgcore.DLL
0x00007ffc8bac0000 - 0x00007ffc8bb65000 	C:\WINDOWS\System32\bcryptPrimitives.dll
0x00007ffc675e0000 - 0x00007ffc6761b000 	C:\Program Files\Eclipse Adoptium\jdk-17.0.18.8-hotspot\bin\jdwp.dll
0x00007ffc725e0000 - 0x00007ffc725ee000 	C:\Program Files\Eclipse Adoptium\jdk-17.0.18.8-hotspot\bin\instrument.dll
0x00007ffc6fed0000 - 0x00007ffc6fef5000 	C:\Program Files\Eclipse Adoptium\jdk-17.0.18.8-hotspot\bin\java.dll
0x00007ffc0da80000 - 0x00007ffc0dc91000 	C:\Users\kotei\AppData\Local\Temp\idea_libasyncProfiler_dll_temp_folder37402\libasyncProfiler.dll
0x00007ffc6fde0000 - 0x00007ffc6fdf8000 	C:\Program Files\Eclipse Adoptium\jdk-17.0.18.8-hotspot\bin\zip.dll
0x00007ffc2b810000 - 0x00007ffc2b8e7000 	C:\Program Files\Eclipse Adoptium\jdk-17.0.18.8-hotspot\bin\jsvml.dll
0x00007ffc8d060000 - 0x00007ffc8d158000 	C:\WINDOWS\System32\SHCORE.dll
0x00007ffc8b710000 - 0x00007ffc8b739000 	C:\WINDOWS\SYSTEM32\profapi.dll
0x00007ffc70860000 - 0x00007ffc7086c000 	C:\Program Files\Eclipse Adoptium\jdk-17.0.18.8-hotspot\bin\dt_socket.dll
0x00007ffc89f00000 - 0x00007ffc89f32000 	C:\WINDOWS\SYSTEM32\IPHLPAPI.DLL
0x00007ffc8aa20000 - 0x00007ffc8aa8c000 	C:\WINDOWS\system32\mswsock.dll
0x00007ffc70820000 - 0x00007ffc7083a000 	C:\Program Files\Eclipse Adoptium\jdk-17.0.18.8-hotspot\bin\net.dll
0x00007ffc7c310000 - 0x00007ffc7c43d000 	C:\WINDOWS\SYSTEM32\WINHTTP.dll
0x00007ffc6fe00000 - 0x00007ffc6fe16000 	C:\Program Files\Eclipse Adoptium\jdk-17.0.18.8-hotspot\bin\nio.dll
0x00007ffc89fa0000 - 0x00007ffc8a0d2000 	C:\WINDOWS\SYSTEM32\DNSAPI.dll
0x00007ffc8e440000 - 0x00007ffc8e44a000 	C:\WINDOWS\System32\NSI.dll
0x00007ffc7c600000 - 0x00007ffc7c60b000 	C:\Windows\System32\rasadhlp.dll
0x00007ffc7d3e0000 - 0x00007ffc7d466000 	C:\WINDOWS\System32\fwpuclnt.dll
0x00007ffc71150000 - 0x00007ffc7115a000 	C:\Program Files\Eclipse Adoptium\jdk-17.0.18.8-hotspot\bin\management.dll
0x00007ffc70ae0000 - 0x00007ffc70aec000 	C:\Program Files\Eclipse Adoptium\jdk-17.0.18.8-hotspot\bin\management_ext.dll
0x00007ffc8de40000 - 0x00007ffc8de48000 	C:\WINDOWS\System32\PSAPI.DLL
0x00007ffc8ae20000 - 0x00007ffc8ae3b000 	C:\WINDOWS\SYSTEM32\CRYPTSP.dll
0x00007ffc8a430000 - 0x00007ffc8a469000 	C:\WINDOWS\system32\rsaenh.dll
0x00007ffc8aad0000 - 0x00007ffc8ab03000 	C:\WINDOWS\SYSTEM32\USERENV.dll
0x00007ffc8b6e0000 - 0x00007ffc8b70a000 	C:\WINDOWS\SYSTEM32\bcrypt.dll
0x00007ffc8ac80000 - 0x00007ffc8ac8c000 	C:\WINDOWS\SYSTEM32\CRYPTBASE.dll
0x00007ffc7c4b0000 - 0x00007ffc7c4cd000 	C:\WINDOWS\SYSTEM32\dhcpcsvc6.DLL
0x00007ffc7c610000 - 0x00007ffc7c635000 	C:\WINDOWS\SYSTEM32\dhcpcsvc.DLL
0x00007ffc63d70000 - 0x00007ffc63d88000 	C:\WINDOWS\system32\napinsp.dll
0x00007ffc639e0000 - 0x00007ffc639f3000 	C:\WINDOWS\System32\winrnr.dll
0x00007ffc63200000 - 0x00007ffc63222000 	C:\WINDOWS\system32\nlansp_c.dll
0x00007ffc7add0000 - 0x00007ffc7ade6000 	C:\WINDOWS\system32\wshbth.dll
0x00007ffc79b80000 - 0x00007ffc79b89000 	C:\Program Files\Eclipse Adoptium\jdk-17.0.18.8-hotspot\bin\extnet.dll
0x00007ffc79c10000 - 0x00007ffc79c1e000 	C:\Program Files\Eclipse Adoptium\jdk-17.0.18.8-hotspot\bin\sunmscapi.dll
0x00007ffc8c0e0000 - 0x00007ffc8c257000 	C:\WINDOWS\System32\CRYPT32.dll
0x00007ffc8af80000 - 0x00007ffc8afb0000 	C:\WINDOWS\SYSTEM32\ncrypt.dll
0x00007ffc8af30000 - 0x00007ffc8af6f000 	C:\WINDOWS\SYSTEM32\NTASN1.dll
0x00007ffc675d0000 - 0x00007ffc675e0000 	C:\Program Files\Eclipse Adoptium\jdk-17.0.18.8-hotspot\bin\verify.dll
0x00007ffc69230000 - 0x00007ffc69238000 	C:\WINDOWS\system32\wshunix.dll

dbghelp: loaded successfully - version: 4.0.5 - missing functions: none
symbol engine: initialized successfully - sym options: 0x614 - pdb path: .;C:\Program Files\Eclipse Adoptium\jdk-17.0.18.8-hotspot\bin;C:\WINDOWS\SYSTEM32;C:\WINDOWS\WinSxS\amd64_microsoft.windows.common-controls_6595b64144ccf1df_6.0.26100.8115_none_3e075c82e3354f9c;C:\Program Files (x86)\360\Total Security\safemon;C:\Program Files\Eclipse Adoptium\jdk-17.0.18.8-hotspot\bin\server;C:\Users\kotei\AppData\Local\Temp\idea_libasyncProfiler_dll_temp_folder37402

VM Arguments:
jvm_args: -agentlib:jdwp=transport=dt_socket,address=127.0.0.1:59647,suspend=y,server=n -javaagent:C:\Users\kotei\AppData\Local\JetBrains\IntelliJIdea2025.2\captureAgent\debugger-agent.jar=file:///C:/Users/kotei/AppData/Local/Temp/capture2340456059387620954.props -agentpath:C:\Users\kotei\AppData\Local\Temp\idea_libasyncProfiler_dll_temp_folder37402\libasyncProfiler.dll=version,jfr,event=wall,interval=10ms,cstack=no,file=C:\Users\kotei\IdeaSnapshots\AutoAPIGeneratorApplication_2026_05_04_094442.jfr,dbghelppath=C:\Users\kotei\AppData\Local\Temp\idea_dbghelp_dll_temp_folder1525\dbghelp.dll,log=C:\Users\kotei\AppData\Local\Temp\AutoAPIGeneratorApplication_2026_05_04_094442.jfr.log.txt,logLevel=DEBUG -XX:TieredStopAtLevel=1 -Dspring.output.ansi.enabled=always -Dcom.sun.management.jmxremote -Dspring.jmx.enabled=true -Dspring.liveBeansView.mbeanDomain -Dspring.application.admin.enabled=true -Dmanagement.endpoints.jmx.exposure.include=* -Dkotlinx.coroutines.debug.enable.creation.stack.trace=false -Ddebugger.agent.enable.coroutines=true -Dkotlinx.coroutines.debug.enable.flows.stack.trace=true -Dkotlinx.coroutines.debug.enable.mutable.state.flows.stack.trace=true -Dfile.encoding=UTF-8 
java_command: com.usg.autoAPIGenerator.AutoAPIGeneratorApplication
java_class_path (initial): C:\Users\kotei\OneDrive\Documents\KEY PROJECTS\API AUTOMATION\SERVER\target\classes;C:\Users\kotei\.m2\repository\org\springframework\boot\spring-boot-starter-data-jpa\3.4.12\spring-boot-starter-data-jpa-3.4.12.jar;C:\Users\kotei\.m2\repository\org\springframework\boot\spring-boot-starter\3.4.12\spring-boot-starter-3.4.12.jar;C:\Users\kotei\.m2\repository\org\springframework\boot\spring-boot-starter-logging\3.4.12\spring-boot-starter-logging-3.4.12.jar;C:\Users\kotei\.m2\repository\ch\qos\logback\logback-classic\1.5.21\logback-classic-1.5.21.jar;C:\Users\kotei\.m2\repository\ch\qos\logback\logback-core\1.5.21\logback-core-1.5.21.jar;C:\Users\kotei\.m2\repository\org\apache\logging\log4j\log4j-to-slf4j\2.24.3\log4j-to-slf4j-2.24.3.jar;C:\Users\kotei\.m2\repository\org\apache\logging\log4j\log4j-api\2.24.3\log4j-api-2.24.3.jar;C:\Users\kotei\.m2\repository\org\slf4j\jul-to-slf4j\2.0.17\jul-to-slf4j-2.0.17.jar;C:\Users\kotei\.m2\repository\org\yaml\snakeyaml\2.3\snakeyaml-2.3.jar;C:\Users\kotei\.m2\repository\org\springframework\boot\spring-boot-starter-jdbc\3.4.12\spring-boot-starter-jdbc-3.4.12.jar;C:\Users\kotei\.m2\repository\com\zaxxer\HikariCP\5.1.0\HikariCP-5.1.0.jar;C:\Users\kotei\.m2\repository\org\springframework\spring-jdbc\6.2.14\spring-jdbc-6.2.14.jar;C:\Users\kotei\.m2\repository\org\hibernate\orm\hibernate-core\6.6.36.Final\hibernate-core-6.6.36.Final.jar;C:\Users\kotei\.m2\repository\jakarta\persistence\jakarta.persistence-api\3.1.0\jakarta.persistence-api-3.1.0.jar;C:\Users\kotei\.m2\repository\jakarta\transaction\jakarta.transaction-api\2.0.1\jakarta.transaction-api-2.0.1.jar;C:\Users\kotei\.m2\repository\org\jboss\logging\jboss-logging\3.6.1.Final\jboss-logging-3.6.1.Final.jar;C:\Users\kotei\.m2\repository\org\hibernate\common\hibernate-commons-annotations\7.0.3.Final\hibernate-commons-annotations-7.0.3.Final.jar;C:\Users\kotei\.m2\repository\io\smallrye\jandex\3.2.0\jandex-3.2.0.jar;C:\Users\kotei\.m2\repository\com\fast
Launcher Type: SUN_STANDARD

[Global flags]
     intx CICompilerCount                          = 4                                         {product} {ergonomic}
     uint ConcGCThreads                            = 2                                         {product} {ergonomic}
     uint G1ConcRefinementThreads                  = 8                                         {product} {ergonomic}
   size_t G1HeapRegionSize                         = 4194304                                   {product} {ergonomic}
    uintx GCDrainStackTargetSize                   = 64                                        {product} {ergonomic}
   size_t InitialHeapSize                          = 532676608                                 {product} {ergonomic}
     bool ManagementServer                         = true                                      {product} {command line}
   size_t MarkStackSize                            = 4194304                                   {product} {ergonomic}
   size_t MaxHeapSize                              = 8514437120                                {product} {ergonomic}
   size_t MaxNewSize                               = 5108662272                                {product} {ergonomic}
   size_t MinHeapDeltaBytes                        = 4194304                                   {product} {ergonomic}
   size_t MinHeapSize                              = 8388608                                   {product} {ergonomic}
    uintx NonProfiledCodeHeapSize                  = 0                                      {pd product} {ergonomic}
     bool ProfileInterpreter                       = false                                  {pd product} {command line}
    uintx ProfiledCodeHeapSize                     = 0                                      {pd product} {ergonomic}
   size_t SoftMaxHeapSize                          = 8514437120                             {manageable} {ergonomic}
     intx TieredStopAtLevel                        = 1                                         {product} {command line}
     bool UseCompressedClassPointers               = true                           {product lp64_product} {ergonomic}
     bool UseCompressedOops                        = true                           {product lp64_product} {ergonomic}
     bool UseG1GC                                  = true                                      {product} {ergonomic}
     bool UseLargePagesIndividualAllocation        = false                                  {pd product} {ergonomic}

Logging:
Log output configuration:
 #0: stdout all=warning uptime,level,tags
 #1: stderr all=off uptime,level,tags

Environment Variables:
JAVA_HOME=C:\Program Files\Eclipse Adoptium\jdk-17.0.18.8-hotspot
PATH=C:\Program Files\Eclipse Adoptium\jdk-17.0.18.8-hotspot\bin;C:\Program Files\Common Files\Oracle\Java\javapath;C:\WINDOWS\system32;C:\WINDOWS;C:\WINDOWS\System32\Wbem;C:\WINDOWS\System32\WindowsPowerShell\v1.0\;C:\WINDOWS\System32\OpenSSH\;C:\Program Files\nodejs\;C:\Program Files\Apache\Maven\bin;C:\Program Files\Git\cmd;C:\Program Files\PostgreSQL\18\bin;C:\Program Files\Eclipse Adoptium\jdk-17.0.18.8-hotspot\bin;C:\Program Files\PuTTY\;C:\Users\kotei\AppData\Local\Microsoft\WindowsApps;C:\Users\kotei\AppData\Local\Programs\Microsoft VS Code\bin;C:\Users\kotei\AppData\Roaming\npm;
USERNAME=kotei
OS=Windows_NT
PROCESSOR_IDENTIFIER=Intel64 Family 6 Model 140 Stepping 1, GenuineIntel
TMP=C:\Users\kotei\AppData\Local\Temp
TEMP=C:\Users\kotei\AppData\Local\Temp



Periodic native trim disabled


---------------  S Y S T E M  ---------------

OS:
 Windows 11 , 64 bit Build 26100 (10.0.26100.8246)
OS uptime: 0 days 7:15 hours
Hyper-V role detected

CPU: total 8 (initial active 8) (4 cores per cpu, 2 threads per core) family 6 model 140 stepping 1 microcode 0x86, cx8, cmov, fxsr, ht, mmx, 3dnowpref, sse, sse2, sse3, ssse3, sse4.1, sse4.2, popcnt, lzcnt, tsc, tscinvbit, avx, avx2, aes, erms, clmul, bmi1, bmi2, adx, avx512f, avx512dq, avx512cd, avx512bw, avx512vl, sha, fma, vzeroupper, avx512_vpopcntdq, avx512_vpclmulqdq, avx512_vaes, avx512_vnni, clflush, clflushopt, clwb, avx512_vbmi2, avx512_vbmi, hv
Processor Information for processor 0
  Max Mhz: 2419, Current Mhz: 2419, Mhz Limit: 2419
Processor Information for processor 1
  Max Mhz: 2419, Current Mhz: 1209, Mhz Limit: 2419
Processor Information for processor 2
  Max Mhz: 2419, Current Mhz: 1209, Mhz Limit: 2419
Processor Information for processor 3
  Max Mhz: 2419, Current Mhz: 1209, Mhz Limit: 2419
Processor Information for processor 4
  Max Mhz: 2419, Current Mhz: 1209, Mhz Limit: 2419
Processor Information for processor 5
  Max Mhz: 2419, Current Mhz: 1209, Mhz Limit: 2419
Processor Information for processor 6
  Max Mhz: 2419, Current Mhz: 1209, Mhz Limit: 2419
Processor Information for processor 7
  Max Mhz: 2419, Current Mhz: 1209, Mhz Limit: 2419

Memory: 4k page, system-wide physical 32466M (14062M free)
TotalPageFile size 34514M (AvailPageFile size 15099M)
current process WorkingSet (physical memory assigned to process): 930M, peak: 930M
current process commit charge ("private bytes"): 1199M, peak: 1199M

vm_info: OpenJDK 64-Bit Server VM (17.0.18+8) for windows-amd64 JRE (17.0.18+8), built on Jan 20 2026 22:28:22 by "admin" with MS VC++ 17.12 (VS2022)

END.
