#
# A fatal error has been detected by the Java Runtime Environment:
#
#  Internal Error (sharedRuntime.cpp:596), pid=612, tid=15764
#  Error: ShouldNotReachHere()
#
# JRE version: Java(TM) SE Runtime Environment (25.0.1+8) (build 25.0.1+8-LTS-27)
# Java VM: Java HotSpot(TM) 64-Bit Server VM (25.0.1+8-LTS-27, mixed mode, emulated-client, sharing, tiered, compressed oops, compressed class ptrs, g1 gc, windows-amd64)
# Problematic frame:
# V  [jvm.dll+0x81f4dd]
#
# No core dump will be written. Minidumps are not enabled by default on client versions of Windows
#
# If you would like to submit a bug report, please visit:
#   https://bugreport.java.com/bugreport/crash.jsp
#

---------------  S U M M A R Y ------------

Command Line: -agentlib:jdwp=transport=dt_socket,address=127.0.0.1:50376,suspend=y,server=n -javaagent:C:\Users\kotei\AppData\Local\JetBrains\IntelliJIdea2025.2\captureAgent\debugger-agent.jar=file:///C:/Users/kotei/AppData/Local/Temp/capture16994571898752242576.props -agentpath:C:\Users\kotei\AppData\Local\Temp\idea_libasyncProfiler_dll_temp_folder2692\libasyncProfiler.dll=version,jfr,event=wall,interval=10ms,cstack=no,file=C:\Users\kotei\IdeaSnapshots\ApiAutomationApplication_2026_02_08_190706.jfr,dbghelppath=C:\Users\kotei\AppData\Local\Temp\idea_dbghelp_dll_temp_folder128\dbghelp.dll,log=C:\Users\kotei\AppData\Local\Temp\ApiAutomationApplication_2026_02_08_190706.jfr.log.txt,logLevel=DEBUG -XX:TieredStopAtLevel=1 -Dspring.output.ansi.enabled=always -Dcom.sun.management.jmxremote -Dspring.jmx.enabled=true -Dspring.liveBeansView.mbeanDomain -Dspring.application.admin.enabled=true -Dmanagement.endpoints.jmx.exposure.include=* -Dkotlinx.coroutines.debug.enable.creation.stack.trace=false -Ddebugger.agent.enable.coroutines=true -Dkotlinx.coroutines.debug.enable.flows.stack.trace=true -Dkotlinx.coroutines.debug.enable.mutable.state.flows.stack.trace=true -Dfile.encoding=UTF-8 -Dsun.stdout.encoding=UTF-8 -Dsun.stderr.encoding=UTF-8 com.usg.apiAutomation.ApiAutomationApplication

Host: 11th Gen Intel(R) Core(TM) i5-1135G7 @ 2.40GHz, 8 cores, 31G,  Windows 11 , 64 bit Build 26100 (10.0.26100.7623)
Time: Sun Feb  8 20:07:50 2026 Greenwich Standard Time elapsed time: 3647.037217 seconds (0d 1h 0m 47s)

---------------  T H R E A D  ---------------

Current thread (0x00000267c9095060):  JavaThread "restartedMain"        [_thread_in_Java, id=15764, stack(0x000000ba4e300000,0x000000ba4e400000) (1024K)]

Stack: [0x000000ba4e300000,0x000000ba4e400000],  sp=0x000000ba4e3ff3a0,  free space=1020k
Native frames: (J=compiled Java code, j=interpreted, Vv=VM code, C=native code)
V  [jvm.dll+0x81f4dd]  (no source info available)
C  0x00000267a8eadfc7  (no source info available)

The last pc belongs to exception handling (printed below).



Registers:
RAX=0x000002679dba0000, RBX=0x0000000000000000, RCX=0x00007ff829130c98, RDX=0x0000000000000000
RSP=0x000000ba4e3ff3a0, RBP=0x000000ba4e3ff460, RSI=0x00000267c9095060, RDI=0x000000060dbee520
R8 =0x000000060dbee520, R9 =0x0000000000000017, R10=0x00000000000000a5, R11=0x00007ff8293850c0
R12=0x0000000000000000, R13=0x000000009c79fdf6, R14=0x000000ba4e3ff3f8, R15=0x00000267c9095060
RIP=0x00007ff828dff4dd, EFLAGS=0x0000000000010246

XMM[0]=0x000000ba4e3ff3c0 0x0000000000000000
XMM[1]=0x0000000000000000 0x000000ba4e3ff378
XMM[2]=0x0000000000000000 0x0000000000000000
XMM[3]=0x000000ba4e3ff460 0x0003000000000000
XMM[4]=0x0000000000000000 0x0000000000000000
XMM[5]=0x7070612065766974 0x6361207265747369
XMM[6]=0x0000000000000000 0x0000000000000000
XMM[7]=0x0000000000000000 0x0000000000000000
XMM[8]=0x0000000000000000 0x0000000000000000
XMM[9]=0x0000000000000000 0x0000000000000000
XMM[10]=0x0000000000000000 0x0000000000000000
XMM[11]=0x0000000000000000 0x0000000000000000
XMM[12]=0x0000000000000000 0x0000000000000000
XMM[13]=0x0000000000000000 0x0000000000000000
XMM[14]=0x0000000000000000 0x0000000000000000
XMM[15]=0x0000000000000000 0x0000000000000000
  MXCSR=0x00001fa0


Register to memory mapping:

RAX=0x000002679dba0000 points into unknown readable memory: 0x0000000000000058 | 58 00 00 00 00 00 00 00
RBX=0x0 is null
RCX=0x00007ff829130c98 jvm.dll
RDX=0x0 is null
RSP=0x000000ba4e3ff3a0 is pointing into the stack for thread: 0x00000267c9095060
RBP=0x000000ba4e3ff460 is pointing into the stack for thread: 0x00000267c9095060
RSI=0x00000267c9095060 is a thread
RDI=0x000000060dbee520 is an oop: org.springframework.core.env.AbstractPropertyResolver$$Lambda/0x000000009d1cabf0 
{0x000000060dbee520} - klass: 'org/springframework/core/env/AbstractPropertyResolver$$Lambda+0x000000009d1cabf0' - flags: is_hidden_class 

 - ---- fields (total size 2 words):
 - private final 'arg$1' 'Lorg/springframework/core/env/AbstractPropertyResolver;' @12  a 'org/springframework/boot/context/properties/source/ConfigurationPropertySourcesPropertyResolver'{0x000000060d8be540} (0xc1b17ca8)
R8 =0x000000060dbee520 is an oop: org.springframework.core.env.AbstractPropertyResolver$$Lambda/0x000000009d1cabf0 
{0x000000060dbee520} - klass: 'org/springframework/core/env/AbstractPropertyResolver$$Lambda+0x000000009d1cabf0' - flags: is_hidden_class 

 - ---- fields (total size 2 words):
 - private final 'arg$1' 'Lorg/springframework/core/env/AbstractPropertyResolver;' @12  a 'org/springframework/boot/context/properties/source/ConfigurationPropertySourcesPropertyResolver'{0x000000060d8be540} (0xc1b17ca8)
R9 =0x0000000000000017 is an unknown value
R10=0x00000000000000a5 is an unknown value
R11=0x00007ff8293850c0 jvm.dll
R12=0x0 is null
R13=0x000000009c79fdf6 is pointing into metadata
R14=0x000000ba4e3ff3f8 is pointing into the stack for thread: 0x00000267c9095060
R15=0x00000267c9095060 is a thread

Top of Stack: (sp=0x000000ba4e3ff3a0)
0x000000ba4e3ff3a0:   0000000000000000 000000009c1bd968   ........h.......
0x000000ba4e3ff3b0:   0000000000000000 000000ba4e3ff400   ..........?N....
0x000000ba4e3ff3c0:   00000267c96f8830 00000267a8eadfc7   0.o.g.......g...
0x000000ba4e3ff3d0:   000000ba4e3ff400 00000267c9d29f18   ..?N........g...
0x000000ba4e3ff3e0:   deaddeaf00000000 000000060d81d9d8   ................
0x000000ba4e3ff3f0:   000000060dbee520 000000060a6c0cc8    .........l.....
0x000000ba4e3ff400:   000000060d81d9d8 0000000000000000   ................
0x000000ba4e3ff410:   000000060d81d980 fffffffffffffff7   ................
0x000000ba4e3ff420:   00000267bace1087 0000000000000004   ....g...........
0x000000ba4e3ff430:   00000267bace13c8 0000000000000000   ....g...........
0x000000ba4e3ff440:   0000000604c068b8 00000267bace10f0   .h..........g...
0x000000ba4e3ff450:   fffffffffffffff4 000000ba4e3ff480   ..........?N....
0x000000ba4e3ff460:   000000ba4e3ff560 00000267a8ea12ed   `.?N........g...
0x000000ba4e3ff470:   000000060d81d980 000000060d81cfe8   ................
0x000000ba4e3ff480:   000000060d802050 0000000000000000   P ..............
0x000000ba4e3ff490:   0000000000000000 0000000000000000   ................
0x000000ba4e3ff4a0:   0000000000000000 0000000000000000   ................
0x000000ba4e3ff4b0:   0000000000000000 0000000000000000   ................
0x000000ba4e3ff4c0:   0000000000000000 0000000000000000   ................
0x000000ba4e3ff4d0:   0000000000000000 0000000000000000   ................
0x000000ba4e3ff4e0:   0000000000000000 0000000000000000   ................
0x000000ba4e3ff4f0:   0000000000000000 0000000000000000   ................
0x000000ba4e3ff500:   0000000000000000 0000000000000000   ................
0x000000ba4e3ff510:   0000000000000000 0000000000000000   ................
0x000000ba4e3ff520:   0000000000000000 000000ba4e3ff818   ..........?N....
0x000000ba4e3ff530:   000000ba4e3ff7b8 000000ba4e3ff6e0   ..?N......?N....
0x000000ba4e3ff540:   000000ba4e3ff880 00000267a8eae960   ..?N....`...g...
0x000000ba4e3ff550:   000000ba4e3ff7b0 00000267c9095060   ..?N....`P..g...
0x000000ba4e3ff560:   000000ba4e3ff619 00007ff828a5b530   ..?N....0..(....
0x000000ba4e3ff570:   000000ba4e3ff5c0 000000ba4e3ff888   ..?N......?N....
0x000000ba4e3ff580:   000000ba0000000a 00000267bace10f0   ............g...
0x000000ba4e3ff590:   00000267a8eae960 000000ba4e3ff7b8   `...g.....?N....

Instructions: (pc=0x00007ff828dff4dd)
  0x00007ff828dff3dd:   1a 48 63 83 ac 00 00 00 48 03 c3 48 8b 5c 24 30
  0x00007ff828dff3ed:   48 8b 74 24 38 48 83 c4 20 5f c3 48 8d 8e 50 05
  0x00007ff828dff3fd:   00 00 e8 4c bf 01 00 48 8b 86 c0 03 00 00 48 39
  0x00007ff828dff40d:   86 60 05 00 00 74 07 48 89 86 60 05 00 00 48 8b
  0x00007ff828dff41d:   15 5e 04 56 00 48 63 4a 44 48 63 42 24 48 03 ca
  0x00007ff828dff42d:   48 03 c1 48 8b 5c 24 30 48 8b 74 24 38 48 83 c4
  0x00007ff828dff43d:   20 5f c3 48 3b 3d d9 0c 56 00 75 17 48 8b 05 e0
  0x00007ff828dff44d:   0c 56 00 48 8b 5c 24 30 48 8b 74 24 38 48 83 c4
  0x00007ff828dff45d:   20 5f c3 48 85 d2 74 1d 80 78 38 0b 75 17 48 8b
  0x00007ff828dff46d:   05 a6 0f 56 00 48 8b 5c 24 30 48 8b 74 24 38 48
  0x00007ff828dff47d:   83 c4 20 5f c3 48 8b 05 37 93 51 00 48 85 c0 74
  0x00007ff828dff48d:   2c 4c 8b 40 08 4c 3b c7 77 23 48 63 40 14 49 03
  0x00007ff828dff49d:   c0 48 3b f8 73 17 48 8b 05 ae 94 51 00 48 8b 5c
  0x00007ff828dff4ad:   24 30 48 8b 74 24 38 48 83 c4 20 5f c3 48 85 d2
  0x00007ff828dff4bd:   74 06 80 7a 38 06 74 28 48 8b cf e8 d3 b6 15 00
  0x00007ff828dff4cd:   84 c0 48 8d 0d c2 17 33 00 48 8b 05 13 50 4c 00
=>0x00007ff828dff4dd:   c6 00 58 75 35 ba 54 02 00 00 e8 14 d1 ad ff cc
  0x00007ff828dff4ed:   48 8b 05 fc 4f 4c 00 4c 8d 0d 3d 17 33 00 4c 8d
  0x00007ff828dff4fd:   05 56 17 33 00 ba 49 02 00 00 48 8d 0d 8a 17 33
  0x00007ff828dff50d:   00 c6 00 58 e8 2a d1 ad ff cc 4c 8d 0d b2 17 33
  0x00007ff828dff51d:   00 ba 4a 02 00 00 4c 8d 05 e6 17 33 00 e8 11 d1
  0x00007ff828dff52d:   ad ff cc 40 56 48 83 ec 30 8b 42 30 48 8b f2 c1
  0x00007ff828dff53d:   e8 03 a8 01 0f 84 cb 00 00 00 65 48 8b 04 25 58
  0x00007ff828dff54d:   00 00 00 8b 0d a6 82 58 00 48 89 5c 24 40 48 89
  0x00007ff828dff55d:   6c 24 48 48 89 7c 24 50 48 8b 1c c8 b8 48 00 00
  0x00007ff828dff56d:   00 4c 89 74 24 28 4c 89 7c 24 20 80 3c 18 00 75
  0x00007ff828dff57d:   05 e8 a5 87 1c 00 b8 20 00 00 00 48 8b 04 18 48
  0x00007ff828dff58d:   8b 98 a8 03 00 00 48 8b 05 96 da 52 00 48 8b 7b
  0x00007ff828dff59d:   18 48 8b 6b 20 4c 8b 73 28 4c 8b 7b 08 48 85 c0
  0x00007ff828dff5ad:   74 17 48 8b ce e8 39 ef f2 ff 48 8b d0 48 8d 0d
  0x00007ff828dff5bd:   47 18 33 00 e8 0a a0 ff ff 48 83 3f 00 74 13 49
  0x00007ff828dff5cd:   8b d7 48 8b cb e8 79 29 8f ff 48 8b cf e8 51 29


Stack slot to memory mapping:

stack at sp + 0 slots: 0x0 is null
stack at sp + 1 slots: {method} {0x000000009c1bd970} 'invoke' '(Ljava/lang/Object;[Ljava/lang/Object;)Ljava/lang/Object;' in 'java/lang/reflect/Method'
stack at sp + 2 slots: 0x0 is null
stack at sp + 3 slots: 0x000000ba4e3ff400 is pointing into the stack for thread: 0x00000267c9095060
stack at sp + 4 slots: 0x00000267c96f8830 points into unknown readable memory: 0x00000030000000a0 | a0 00 00 00 30 00 00 00
stack at sp + 5 slots: 0x00000267a8eadfc7 is at code_begin+3879 in an Interpreter codelet
exception handling  [0x00000267a8ead0a0, 0x00000267a8eadfd8]  3896 bytes
stack at sp + 6 slots: 0x000000ba4e3ff400 is pointing into the stack for thread: 0x00000267c9095060
stack at sp + 7 slots: 0x00000267c9d29f18 points into unknown readable memory: 0x88003d6d6da52a41 | 41 2a a5 6d 6d 3d 00 88

Lock stack of current Java thread (top to bottom):

exception handling  [0x00000267a8ead0a0, 0x00000267a8eadfd8]  3896 bytes
[MachCode]
  0x00000267a8ead0a0: 48c7 45f0 | 0000 0000 | 4c8b 6dc0 | 4c8b 75c8 | 4e8d 74f5 | 004d 33e4 | 488b d048 | 8b4d b848 
  0x00000267a8ead0c0: 8d64 cd00 | 48c7 45f0 | 0000 0000 | e805 0000 | 00e9 5f01 | 0000 488d | 4424 084c | 896d c049 
  0x00000267a8ead0e0: 8bcf c5f8 | 7749 89af | 3804 0000 | 4989 8728 | 0400 0048 | 83ec 2040 | f6c4 0f0f | 8419 0000 
  0x00000267a8ead100: 0048 83ec | 0848 b8e0 | 26a5 28f8 | 7f00 00ff | d048 83c4 | 08e9 0c00 | 0000 48b8 | e026 a528 
  0x00000267a8ead120: f87f 0000 | ffd0 4883 | c420 49c7 | 8728 0400 | 0000 0000 | 0049 c787 | 3804 0000 | 0000 0000 
  0x00000267a8ead140: 49c7 8730 | 0400 0000 | 0000 00c5 | f877 418b | 8fb4 0500 | 00f6 c101 | 0f84 4200 | 0000 f6c1 
  0x00000267a8ead160: 020f 8539 | 0000 0048 | 83ec 2040 | f6c4 0f0f | 8419 0000 | 0048 83ec | 0848 b8d0 | f0a4 28f8 
  0x00000267a8ead180: 7f00 00ff | d048 83c4 | 08e9 0c00 | 0000 48b8 | d0f0 a428 | f87f 0000 | ffd0 4883 | c420 ffe0 
  0x00000267a8ead1a0: 498b 8f78 | 0600 0048 | 85c9 0f84 | 5500 0000 | 8b89 9c00 | 0000 83f9 | 010f 8546 | 0000 0049 
  0x00000267a8ead1c0: 8b8f 7806 | 0000 8b89 | a000 0000 | 4883 ec20 | 40f6 c40f | 0f84 1900 | 0000 4883 | ec08 48b8 
  0x00000267a8ead1e0: c0f0 a428 | f87f 0000 | ffd0 4883 | c408 e90c | 0000 0048 | b8c0 f0a4 | 28f8 7f00 | 00ff d048 
  0x00000267a8ead200: 83c4 20ff | e049 837f | 0800 0f84 | 0500 0000 | e9cb 3fff | ff49 8b97 | 8004 0000 | 49c7 8780 
  0x00000267a8ead220: 0400 0000 | 0000 004c | 8b6d c04c | 8b75 c84e | 8d74 f500 | c352 ffe0 | 488b 4db8 | 488d 64cd 
  0x00000267a8ead240: 0048 c745 | f000 0000 | 004c 8b6d | c041 8b97 | b405 0000 | 83ca 0241 | 8997 b405 | 0000 488b 
  0x00000267a8ead260: 5508 488b | ca48 83ec | 2040 f6c4 | 0f0f 8419 | 0000 0048 | 83ec 0848 | b8c0 32a5 | 28f8 7f00 
  0x00000267a8ead280: 00ff d048 | 83c4 08e9 | 0c00 0000 | 48b8 c032 | a528 f87f | 0000 ffd0 | 4883 c420 | 85c0 0f85 
  0x00000267a8ead2a0: e102 0000 | 488b 45e8 | 488b 4008 | 0fb7 402e | c1e0 034c | 8b75 c84e | 8d74 f500 | 4c2b f049 
  0x00000267a8ead2c0: 83c6 084d | 8bc6 488b | d049 8bcf | 4883 ec20 | 40f6 c40f | 0f84 1900 | 0000 4883 | ec08 48b8 
  0x00000267a8ead2e0: a093 8e28 | f87f 0000 | ffd0 4883 | c408 e90c | 0000 0048 | b8a0 938e | 28f8 7f00 | 00ff d048 
  0x00000267a8ead300: 83c4 2041 | 8a9f f104 | 0000 41c6 | 87f1 0400 | 0000 488b | 4de8 0fb7 | 492c f6c1 | 200f 84c5 
  0x00000267a8ead320: 0000 00f6 | c3ff 0f85 | 9001 0000 | 488d 55a8 | 488b 4208 | 4885 c00f | 8505 0000 | 00e9 a600 
  0x00000267a8ead340: 0000 4c89 | 6dc0 4c8b | 4a08 48c7 | 4208 0000 | 0000 458b | 87d8 0600 | 004f 3b4c | 07f8 0f85 
  0x00000267a8ead360: 4200 0000 | 4183 afd8 | 0600 0008 | 4f3b 4c07 | f00f 842a | 0000 0049 | 8b01 a802 | 0f85 1200 
  0x00000267a8ead380: 0000 4c8b | c049 83c8 | 01f0 4d0f | b101 0f84 | 0d00 0000 | 4183 87d8 | 0600 0008 | e905 0000 
  0x00000267a8ead3a0: 00e9 3e00 | 0000 4c89 | 4a08 488b | ca48 83ec | 2040 f6c4 | 0f0f 8419 | 0000 0048 | 83ec 0848 
  0x00000267a8ead3c0: b830 38a5 | 28f8 7f00 | 00ff d048 | 83c4 08e9 | 0c00 0000 | 48b8 3038 | a528 f87f | 0000 ffd0 
  0x00000267a8ead3e0: 4883 c420 | 4c8b 6dc0 | 488b 55b8 | 488d 54d5 | 0048 8d5d | b8e9 bd00 | 0000 488b | d24c 896d 
  0x00000267a8ead400: c04c 8b4a | 0848 c742 | 0800 0000 | 0045 8b87 | d806 0000 | 4f3b 4c07 | f80f 8542 | 0000 0041 
  0x00000267a8ead420: 83af d806 | 0000 084f | 3b4c 07f0 | 0f84 2a00 | 0000 498b | 01a8 020f | 8512 0000 | 004c 8bc0 
  0x00000267a8ead440: 4983 c801 | f04d 0fb1 | 010f 840d | 0000 0041 | 8387 d806 | 0000 08e9 | 0500 0000 | e93e 0000 
  0x00000267a8ead460: 004c 894a | 0848 8bca | 4883 ec20 | 40f6 c40f | 0f84 1900 | 0000 4883 | ec08 48b8 | 3038 a528 
  0x00000267a8ead480: f87f 0000 | ffd0 4883 | c408 e90c | 0000 0048 | b830 38a5 | 28f8 7f00 | 00ff d048 | 83c4 204c 
  0x00000267a8ead4a0: 8b6d c0e9 | 40ff ffff | 4883 7a08 | 000f 8547 | ffff ff48 | 83c2 1048 | 3bd3 75ec | 41c6 8796 
  0x00000267a8ead4c0: 0300 0001 | 493b 6f28 | 0f87 0500 | 0000 e980 | 0000 00c5 | f877 4989 | af38 0400 | 0049 bad3 
  0x00000267a8ead4e0: d4ea a867 | 0200 004d | 8997 3004 | 0000 4989 | a728 0400 | 0049 8bcf | 4883 ec20 | 40f6 c40f 
  0x00000267a8ead500: 0f84 1900 | 0000 4883 | ec08 48b8 | d01e a528 | f87f 0000 | ffd0 4883 | c408 e90c | 0000 0048 
  0x00000267a8ead520: b8d0 1ea5 | 28f8 7f00 | 00ff d048 | 83c4 2049 | c787 2804 | 0000 0000 | 0000 49c7 | 8738 0400 
  0x00000267a8ead540: 0000 0000 | 0049 c787 | 3004 0000 | 0000 0000 | c5f8 7748 | 8b5d f8c9 | 41c6 8796 | 0300 0000 
  0x00000267a8ead560: 5a48 8be3 | 493b a7c8 | 0500 0072 | 0b49 c787 | c805 0000 | 0000 0000 | 41c7 87b4 | 0500 0004 
  0x00000267a8ead580: 0000 00ff | e241 8a9f | f104 0000 | 41c6 87f1 | 0400 0000 | 488b 4de8 | 0fb7 492c | f6c1 200f 
  0x00000267a8ead5a0: 84c5 0000 | 00f6 c3ff | 0f85 9001 | 0000 488d | 55a8 488b | 4208 4885 | c00f 8505 | 0000 00e9 
  0x00000267a8ead5c0: a600 0000 | 4c89 6dc0 | 4c8b 4a08 | 48c7 4208 | 0000 0000 | 458b 87d8 | 0600 004f | 3b4c 07f8 
  0x00000267a8ead5e0: 0f85 4200 | 0000 4183 | afd8 0600 | 0008 4f3b | 4c07 f00f | 842a 0000 | 0049 8b01 | a802 0f85 
  0x00000267a8ead600: 1200 0000 | 4c8b c049 | 83c8 01f0 | 4d0f b101 | 0f84 0d00 | 0000 4183 | 87d8 0600 | 0008 e905 
  0x00000267a8ead620: 0000 00e9 | 3e00 0000 | 4c89 4a08 | 488b ca48 | 83ec 2040 | f6c4 0f0f | 8419 0000 | 0048 83ec 
  0x00000267a8ead640: 0848 b830 | 38a5 28f8 | 7f00 00ff | d048 83c4 | 08e9 0c00 | 0000 48b8 | 3038 a528 | f87f 0000 
  0x00000267a8ead660: ffd0 4883 | c420 4c8b | 6dc0 488b | 55b8 488d | 54d5 0048 | 8d5d b8e9 | bd00 0000 | 488b d24c 
  0x00000267a8ead680: 896d c04c | 8b4a 0848 | c742 0800 | 0000 0045 | 8b87 d806 | 0000 4f3b | 4c07 f80f | 8542 0000 
  0x00000267a8ead6a0: 0041 83af | d806 0000 | 084f 3b4c | 07f0 0f84 | 2a00 0000 | 498b 01a8 | 020f 8512 | 0000 004c 
  0x00000267a8ead6c0: 8bc0 4983 | c801 f04d | 0fb1 010f | 840d 0000 | 0041 8387 | d806 0000 | 08e9 0500 | 0000 e93e 
  0x00000267a8ead6e0: 0000 004c | 894a 0848 | 8bca 4883 | ec20 40f6 | c40f 0f84 | 1900 0000 | 4883 ec08 | 48b8 3038 
  0x00000267a8ead700: a528 f87f | 0000 ffd0 | 4883 c408 | e90c 0000 | 0048 b830 | 38a5 28f8 | 7f00 00ff | d048 83c4 
  0x00000267a8ead720: 204c 8b6d | c0e9 40ff | ffff 4883 | 7a08 000f | 8547 ffff | ff48 83c2 | 1048 3bd3 | 75ec 41c6 
  0x00000267a8ead740: 8796 0300 | 0001 493b | 6f28 0f87 | 0500 0000 | e980 0000 | 00c5 f877 | 4989 af38 | 0400 0049 
  0x00000267a8ead760: ba55 d7ea | a867 0200 | 004d 8997 | 3004 0000 | 4989 a728 | 0400 0049 | 8bcf 4883 | ec20 40f6 
  0x00000267a8ead780: c40f 0f84 | 1900 0000 | 4883 ec08 | 48b8 d01e | a528 f87f | 0000 ffd0 | 4883 c408 | e90c 0000 
  0x00000267a8ead7a0: 0048 b8d0 | 1ea5 28f8 | 7f00 00ff | d048 83c4 | 2049 c787 | 2804 0000 | 0000 0000 | 49c7 8738 
  0x00000267a8ead7c0: 0400 0000 | 0000 0049 | c787 3004 | 0000 0000 | 0000 c5f8 | 7748 8b5d | f8c9 41c6 | 8796 0300 
  0x00000267a8ead7e0: 0000 5a48 | 8be3 493b | a7c8 0500 | 0072 0b49 | c787 c805 | 0000 0000 | 0000 488b | d44c 8b45 
  0x00000267a8ead800: f04e 8d44 | c500 c5f8 | 7749 89af | 3804 0000 | 49ba 06d8 | eaa8 6702 | 0000 4d89 | 9730 0400 
  0x00000267a8ead820: 0049 89a7 | 2804 0000 | 498b cf48 | 83ec 2040 | f6c4 0f0f | 8419 0000 | 0048 83ec | 0848 b840 
  0x00000267a8ead840: 3fa5 28f8 | 7f00 00ff | d048 83c4 | 08e9 0c00 | 0000 48b8 | 403f a528 | f87f 0000 | ffd0 4883 
  0x00000267a8ead860: c420 49c7 | 8728 0400 | 0000 0000 | 0049 c787 | 3804 0000 | 0000 0000 | 49c7 8730 | 0400 0000 
  0x00000267a8ead880: 0000 00c5 | f877 488b | 4df0 488d | 64cd 0048 | c745 f000 | 0000 004c | 8b6d c04c | 8b75 c84e 
  0x00000267a8ead8a0: 8d74 f500 | 41c7 87b4 | 0500 0000 | 0000 0041 | 807d 00b8 | 0f85 8501 | 0000 488b | 55e8 498b 
  0x00000267a8ead8c0: 06e8 0500 | 0000 e968 | 0100 004d | 8bcd 4c8b | c248 8bd0 | 488d 4424 | 084c 896d | c049 8bcf 
  0x00000267a8ead8e0: c5f8 7749 | 89af 3804 | 0000 4989 | 8728 0400 | 0048 83ec | 2040 f6c4 | 0f0f 8419 | 0000 0048 
  0x00000267a8ead900: 83ec 0848 | b830 35a5 | 28f8 7f00 | 00ff d048 | 83c4 08e9 | 0c00 0000 | 48b8 3035 | a528 f87f 
  0x00000267a8ead920: 0000 ffd0 | 4883 c420 | 49c7 8728 | 0400 0000 | 0000 0049 | c787 3804 | 0000 0000 | 0000 49c7 
  0x00000267a8ead940: 8730 0400 | 0000 0000 | 00c5 f877 | 418b 8fb4 | 0500 00f6 | c101 0f84 | 4200 0000 | f6c1 020f 
  0x00000267a8ead960: 8539 0000 | 0048 83ec | 2040 f6c4 | 0f0f 8419 | 0000 0048 | 83ec 0848 | b8d0 f0a4 | 28f8 7f00 
  0x00000267a8ead980: 00ff d048 | 83c4 08e9 | 0c00 0000 | 48b8 d0f0 | a428 f87f | 0000 ffd0 | 4883 c420 | ffe0 498b 
  0x00000267a8ead9a0: 8f78 0600 | 0048 85c9 | 0f84 5500 | 0000 8b89 | 9c00 0000 | 83f9 010f | 8546 0000 | 0049 8b8f 
  0x00000267a8ead9c0: 7806 0000 | 8b89 a000 | 0000 4883 | ec20 40f6 | c40f 0f84 | 1900 0000 | 4883 ec08 | 48b8 c0f0 
  0x00000267a8ead9e0: a428 f87f | 0000 ffd0 | 4883 c408 | e90c 0000 | 0048 b8c0 | f0a4 28f8 | 7f00 00ff | d048 83c4 
  0x00000267a8eada00: 20ff e049 | 837f 0800 | 0f84 0500 | 0000 e9cd | 37ff ff49 | 8b87 8004 | 0000 49c7 | 8780 0400 
  0x00000267a8eada20: 0000 0000 | 004c 8b6d | c04c 8b75 | c84e 8d74 | f500 c348 | 85c0 0f84 | 0300 0000 | 4889 0341 
  0x00000267a8eada40: 0fb6 5d00 | 49ba 80e0 | 3629 f87f | 0000 41ff | 24da 5849 | 8987 8004 | 0000 418a | 9ff1 0400 
  0x00000267a8eada60: 0041 c687 | f104 0000 | 0048 8b4d | e80f b749 | 2cf6 c120 | 0f84 1c02 | 0000 f6c3 | ff0f 853e 
  0x00000267a8eada80: 0400 0048 | 8d55 a848 | 8b42 0848 | 85c0 0f85 | 5c01 0000 | e805 0000 | 00e9 4d01 | 0000 488d 
  0x00000267a8eadaa0: 4424 084c | 896d c049 | 8bcf c5f8 | 7749 89af | 3804 0000 | 4989 8728 | 0400 0048 | 83ec 2040 
  0x00000267a8eadac0: f6c4 0f0f | 8419 0000 | 0048 83ec | 0848 b8f0 | 3ba5 28f8 | 7f00 00ff | d048 83c4 | 08e9 0c00 
  0x00000267a8eadae0: 0000 48b8 | f03b a528 | f87f 0000 | ffd0 4883 | c420 49c7 | 8728 0400 | 0000 0000 | 0049 c787 
  0x00000267a8eadb00: 3804 0000 | 0000 0000 | 49c7 8730 | 0400 0000 | 0000 00c5 | f877 418b | 8fb4 0500 | 00f6 c101 
  0x00000267a8eadb20: 0f84 4200 | 0000 f6c1 | 020f 8539 | 0000 0048 | 83ec 2040 | f6c4 0f0f | 8419 0000 | 0048 83ec 
  0x00000267a8eadb40: 0848 b8d0 | f0a4 28f8 | 7f00 00ff | d048 83c4 | 08e9 0c00 | 0000 48b8 | d0f0 a428 | f87f 0000 
  0x00000267a8eadb60: ffd0 4883 | c420 ffe0 | 498b 8f78 | 0600 0048 | 85c9 0f84 | 5500 0000 | 8b89 9c00 | 0000 83f9 
  0x00000267a8eadb80: 010f 8546 | 0000 0049 | 8b8f 7806 | 0000 8b89 | a000 0000 | 4883 ec20 | 40f6 c40f | 0f84 1900 
  0x00000267a8eadba0: 0000 4883 | ec08 48b8 | c0f0 a428 | f87f 0000 | ffd0 4883 | c408 e90c | 0000 0048 | b8c0 f0a4 
  0x00000267a8eadbc0: 28f8 7f00 | 00ff d048 | 83c4 20ff | e049 837f | 0800 0f84 | 0500 0000 | e903 36ff | ff4c 8b6d 
  0x00000267a8eadbe0: c04c 8b75 | c84e 8d74 | f500 c3e9 | a600 0000 | 4c89 6dc0 | 4c8b 4a08 | 48c7 4208 | 0000 0000 
  0x00000267a8eadc00: 458b 87d8 | 0600 004f | 3b4c 07f8 | 0f85 4200 | 0000 4183 | afd8 0600 | 0008 4f3b | 4c07 f00f 
  0x00000267a8eadc20: 842a 0000 | 0049 8b01 | a802 0f85 | 1200 0000 | 4c8b c049 | 83c8 01f0 | 4d0f b101 | 0f84 0d00 
  0x00000267a8eadc40: 0000 4183 | 87d8 0600 | 0008 e905 | 0000 00e9 | 3e00 0000 | 4c89 4a08 | 488b ca48 | 83ec 2040 
  0x00000267a8eadc60: f6c4 0f0f | 8419 0000 | 0048 83ec | 0848 b830 | 38a5 28f8 | 7f00 00ff | d048 83c4 | 08e9 0c00 
  0x00000267a8eadc80: 0000 48b8 | 3038 a528 | f87f 0000 | ffd0 4883 | c420 4c8b | 6dc0 488b | 55b8 488d | 54d5 0048 
  0x00000267a8eadca0: 8d5d b8e9 | 1402 0000 | 488b d24c | 896d c04c | 8b4a 0848 | c742 0800 | 0000 0045 | 8b87 d806 
  0x00000267a8eadcc0: 0000 4f3b | 4c07 f80f | 8542 0000 | 0041 83af | d806 0000 | 084f 3b4c | 07f0 0f84 | 2a00 0000 
  0x00000267a8eadce0: 498b 01a8 | 020f 8512 | 0000 004c | 8bc0 4983 | c801 f04d | 0fb1 010f | 840d 0000 | 0041 8387 
  0x00000267a8eadd00: d806 0000 | 08e9 0500 | 0000 e93e | 0000 004c | 894a 0848 | 8bca 4883 | ec20 40f6 | c40f 0f84 
  0x00000267a8eadd20: 1900 0000 | 4883 ec08 | 48b8 3038 | a528 f87f | 0000 ffd0 | 4883 c408 | e90c 0000 | 0048 b830 
  0x00000267a8eadd40: 38a5 28f8 | 7f00 00ff | d048 83c4 | 204c 8b6d | c0e8 0500 | 0000 e94d | 0100 0048 | 8d44 2408 
  0x00000267a8eadd60: 4c89 6dc0 | 498b cfc5 | f877 4989 | af38 0400 | 0049 8987 | 2804 0000 | 4883 ec20 | 40f6 c40f 
  0x00000267a8eadd80: 0f84 1900 | 0000 4883 | ec08 48b8 | f03b a528 | f87f 0000 | ffd0 4883 | c408 e90c | 0000 0048 
  0x00000267a8eadda0: b8f0 3ba5 | 28f8 7f00 | 00ff d048 | 83c4 2049 | c787 2804 | 0000 0000 | 0000 49c7 | 8738 0400 
  0x00000267a8eaddc0: 0000 0000 | 0049 c787 | 3004 0000 | 0000 0000 | c5f8 7741 | 8b8f b405 | 0000 f6c1 | 010f 8442 
  0x00000267a8eadde0: 0000 00f6 | c102 0f85 | 3900 0000 | 4883 ec20 | 40f6 c40f | 0f84 1900 | 0000 4883 | ec08 48b8 
  0x00000267a8eade00: d0f0 a428 | f87f 0000 | ffd0 4883 | c408 e90c | 0000 0048 | b8d0 f0a4 | 28f8 7f00 | 00ff d048 
  0x00000267a8eade20: 83c4 20ff | e049 8b8f | 7806 0000 | 4885 c90f | 8455 0000 | 008b 899c | 0000 0083 | f901 0f85 
  0x00000267a8eade40: 4600 0000 | 498b 8f78 | 0600 008b | 89a0 0000 | 0048 83ec | 2040 f6c4 | 0f0f 8419 | 0000 0048 
  0x00000267a8eade60: 83ec 0848 | b8c0 f0a4 | 28f8 7f00 | 00ff d048 | 83c4 08e9 | 0c00 0000 | 48b8 c0f0 | a428 f87f 
  0x00000267a8eade80: 0000 ffd0 | 4883 c420 | ffe0 4983 | 7f08 000f | 8405 0000 | 00e9 4633 | ffff 4c8b | 6dc0 4c8b 
  0x00000267a8eadea0: 75c8 4e8d | 74f5 00c3 | e9e9 fdff | ff48 837a | 0800 0f85 | f0fd ffff | 4883 c210 | 483b d375 
  0x00000267a8eadec0: ec41 c687 | 9603 0000 | 0149 3b6f | 280f 8705 | 0000 00e9 | 8000 0000 | c5f8 7749 | 89af 3804 
  0x00000267a8eadee0: 0000 49ba | d8de eaa8 | 6702 0000 | 4d89 9730 | 0400 0049 | 89a7 2804 | 0000 498b | cf48 83ec 
  0x00000267a8eadf00: 2040 f6c4 | 0f0f 8419 | 0000 0048 | 83ec 0848 | b8d0 1ea5 | 28f8 7f00 | 00ff d048 | 83c4 08e9 
  0x00000267a8eadf20: 0c00 0000 | 48b8 d01e | a528 f87f | 0000 ffd0 | 4883 c420 | 49c7 8728 | 0400 0000 | 0000 0049 
  0x00000267a8eadf40: c787 3804 | 0000 0000 | 0000 49c7 | 8730 0400 | 0000 0000 | 00c5 f877 | 488b 5df8 | c941 c687 
  0x00000267a8eadf60: 9603 0000 | 005a 488b | e349 3ba7 | c805 0000 | 720b 49c7 | 87c8 0500 | 0000 0000 | 0049 8b87 
  0x00000267a8eadf80: 8004 0000 | 49c7 8780 | 0400 0000 | 0000 0050 | 5249 8bcf | 4883 ec20 | 40f6 c40f | 0f84 1900 
  0x00000267a8eadfa0: 0000 4883 | ec08 48b8 | a0b6 df28 | f87f 0000 | ffd0 4883 | c408 e90c | 0000 0048 | b8a0 b6df 
  0x00000267a8eadfc0: 28f8 7f00 | 00ff d048 | 83c4 2048 | 8bd8 5a58 | ffe3 660f | 1f44 0000 
[/MachCode]

---------------  P R O C E S S  ---------------

Threads class SMR info:
_java_thread_list=0x00000267c9993740, length=22, elements={
0x00000267b8d55be0, 0x00000267b8d565c0, 0x00000267b8d57c10, 0x00000267b8d587d0,
0x00000267b8d595b0, 0x00000267b8d5a170, 0x00000267b8d696f0, 0x00000267b8efa710,
0x00000267b8efb0f0, 0x00000267b8f1ddc0, 0x00000267b8f3abc0, 0x00000267b8f88b30,
0x00000267b9079dc0, 0x00000267beac1170, 0x00000267c1a0f2c0, 0x00000267c83ad2d0,
0x00000267c8dda980, 0x00000267c9092180, 0x00000267c9095060, 0x00000267c9910f00,
0x00000267c990fee0, 0x00000267c9911f20
}

Java Threads: ( => current thread )
  0x00000267b8d55be0 JavaThread "Reference Handler"          daemon [_thread_blocked, id=12248, stack(0x000000ba4ed00000,0x000000ba4ee00000) (1024K)]
  0x00000267b8d565c0 JavaThread "Finalizer"                  daemon [_thread_blocked, id=7460, stack(0x000000ba4ee00000,0x000000ba4ef00000) (1024K)]
  0x00000267b8d57c10 JavaThread "Signal Dispatcher"          daemon [_thread_blocked, id=16344, stack(0x000000ba4ef00000,0x000000ba4f000000) (1024K)]
  0x00000267b8d587d0 JavaThread "Attach Listener"            daemon [_thread_blocked, id=7180, stack(0x000000ba4f000000,0x000000ba4f100000) (1024K)]
  0x00000267b8d595b0 JavaThread "Service Thread"             daemon [_thread_blocked, id=6572, stack(0x000000ba4f100000,0x000000ba4f200000) (1024K)]
  0x00000267b8d5a170 JavaThread "Monitor Deflation Thread"   daemon [_thread_blocked, id=14704, stack(0x000000ba4f200000,0x000000ba4f300000) (1024K)]
  0x00000267b8d696f0 JavaThread "C1 CompilerThread0"         daemon [_thread_blocked, id=18664, stack(0x000000ba4f300000,0x000000ba4f400000) (1024K)]
  0x00000267b8efa710 JavaThread "JDWP Transport Listener: dt_socket" daemon [_thread_blocked, id=14316, stack(0x000000ba4f500000,0x000000ba4f600000) (1024K)]
  0x00000267b8efb0f0 JavaThread "JDWP Event Helper Thread"   daemon [_thread_blocked, id=10948, stack(0x000000ba4f600000,0x000000ba4f700000) (1024K)]
  0x00000267b8f1ddc0 JavaThread "JDWP Command Reader"        daemon [_thread_in_native, id=15160, stack(0x000000ba4f700000,0x000000ba4f800000) (1024K)]
  0x00000267b8f3abc0 JavaThread "Common-Cleaner"             daemon [_thread_blocked, id=9408, stack(0x000000ba4f800000,0x000000ba4f900000) (1024K)]
  0x00000267b8f88b30 JavaThread "IntelliJ Suspend Helper"    daemon [_thread_blocked, id=1008, stack(0x000000ba4f900000,0x000000ba4fa00000) (1024K)]
  0x00000267b9079dc0 JavaThread "Notification Thread"        daemon [_thread_blocked, id=4740, stack(0x000000ba4fa00000,0x000000ba4fb00000) (1024K)]
  0x00000267beac1170 JavaThread "RMI TCP Accept-0"           daemon [_thread_in_native, id=14572, stack(0x000000ba4fd00000,0x000000ba4fe00000) (1024K)]
  0x00000267c1a0f2c0 JavaThread "PostgreSQL-JDBC-Cleaner"    daemon [_thread_blocked, id=12780, stack(0x000000ba50c00000,0x000000ba50d00000) (1024K)]
  0x00000267c83ad2d0 JavaThread "Live Reload Server"         daemon [_thread_in_native, id=16772, stack(0x000000ba51800000,0x000000ba51900000) (1024K)]
  0x00000267c8dda980 JavaThread "DestroyJavaVM"                     [_thread_blocked, id=8608, stack(0x000000ba4e500000,0x000000ba4e600000) (1024K)]
  0x00000267c9092180 JavaThread "Thread-5"                          [_thread_blocked, id=3588, stack(0x000000ba4e200000,0x000000ba4e300000) (1024K)]
=>0x00000267c9095060 JavaThread "restartedMain"                     [_thread_in_Java, id=15764, stack(0x000000ba4e300000,0x000000ba4e400000) (1024K)]
  0x00000267c9910f00 JavaThread "C1 CompilerThread1"         daemon [_thread_blocked, id=20244, stack(0x000000ba4f400000,0x000000ba4f500000) (1024K)]
  0x00000267c990fee0 JavaThread "C1 CompilerThread2"         daemon [_thread_blocked, id=18540, stack(0x000000ba4fb00000,0x000000ba4fc00000) (1024K)]
  0x00000267c9911f20 JavaThread "C1 CompilerThread3"         daemon [_thread_blocked, id=6152, stack(0x000000ba4fc00000,0x000000ba4fd00000) (1024K)]
Total: 22

Other Threads:
  0x00000267b8d44400 VMThread "VM Thread"                           [id=9948, stack(0x000000ba4ec00000,0x000000ba4ed00000) (1024K)]
  0x000002679fb43280 WatcherThread "VM Periodic Task Thread"        [id=4476, stack(0x000000ba4eb00000,0x000000ba4ec00000) (1024K)]
  0x000002679fab40b0 WorkerThread "GC Thread#0"                     [id=4280, stack(0x000000ba4e600000,0x000000ba4e700000) (1024K)]
  0x00000267beab0160 WorkerThread "GC Thread#1"                     [id=16952, stack(0x000000ba50000000,0x000000ba50100000) (1024K)]
  0x00000267beaafd10 WorkerThread "GC Thread#2"                     [id=15440, stack(0x000000ba50100000,0x000000ba50200000) (1024K)]
  0x00000267beab05b0 WorkerThread "GC Thread#3"                     [id=3284, stack(0x000000ba50200000,0x000000ba50300000) (1024K)]
  0x00000267beab1b40 WorkerThread "GC Thread#4"                     [id=2240, stack(0x000000ba50300000,0x000000ba50400000) (1024K)]
  0x00000267beab12a0 WorkerThread "GC Thread#5"                     [id=9384, stack(0x000000ba50400000,0x000000ba50500000) (1024K)]
  0x00000267beab0a00 WorkerThread "GC Thread#6"                     [id=18504, stack(0x000000ba50500000,0x000000ba50600000) (1024K)]
  0x00000267beab16f0 WorkerThread "GC Thread#7"                     [id=8232, stack(0x000000ba50600000,0x000000ba50700000) (1024K)]
  0x000002679face540 ConcurrentGCThread "G1 Main Marker"            [id=15040, stack(0x000000ba4e700000,0x000000ba4e800000) (1024K)]
  0x000002679facf880 WorkerThread "G1 Conc#0"                       [id=10136, stack(0x000000ba4e800000,0x000000ba4e900000) (1024K)]
  0x00000267bf88f9d0 WorkerThread "G1 Conc#1"                       [id=14812, stack(0x000000ba50800000,0x000000ba50900000) (1024K)]
  0x000002679fb23630 ConcurrentGCThread "G1 Refine#0"               [id=10436, stack(0x000000ba4e900000,0x000000ba4ea00000) (1024K)]
  0x000002679fb24040 ConcurrentGCThread "G1 Service"                [id=15948, stack(0x000000ba4ea00000,0x000000ba4eb00000) (1024K)]
Total: 15

Threads with active compile tasks:
Total: 0

VM state: not at safepoint (normal execution)

VM Mutex/Monitor currently owned by a thread: None

Heap address: 0x0000000604800000, size: 8120 MB, Compressed Oops mode: Zero based, Oop shift amount: 3

CDS archive(s) mapped at: [0x000000009c000000-0x000000009cdd0000-0x000000009cdd0000), size 14483456, SharedBaseAddress: 0x000000009c000000, ArchiveRelocationMode: 1.
Compressed class space mapped at: 0x000000009d000000-0x00000000dd000000, reserved size: 1073741824
UseCompressedClassPointers 1, UseCompactObjectHeaders 0
Narrow klass pointer bits 32, Max shift 3
Narrow klass base: 0x000000009c000000, Narrow klass shift: 0
Encoding Range: [0x000000009c000000 - 0x000000019c000000), (4294967296 bytes)
Klass Range:    [0x000000009c010000 - 0x00000000dd000000), (1090453504 bytes)
Klass ID Range:  [65536 - 1090519033) (1090453497)
Protection zone: [0x000000009c000000 - 0x000000009c010000), (65536 bytes)

GC Precious Log:
 CardTable entry size: 512
 Card Set container configuration: InlinePtr #cards 4 size 8 Array Of Cards #cards 32 size 80 Howl #buckets 8 coarsen threshold 7372 Howl Bitmap #cards 1024 size 144 coarsen threshold 921 Card regions per heap region 1 cards per card region 8192
 CPUs: 8 total, 8 available
 Memory: 32466M
 Large Page Support: Disabled
 NUMA Support: Disabled
 Compressed Oops: Enabled (Zero based)
 Heap Region Size: 4M
 Heap Min Capacity: 8M
 Heap Initial Capacity: 508M
 Heap Max Capacity: 8120M
 Pre-touch: Disabled
 Parallel Workers: 8
 Concurrent Workers: 2
 Concurrent Refinement Workers: 8
 Periodic GC: Disabled

Heap:
 garbage-first heap   total reserved 8314880K, committed 151552K, used 89878K [0x0000000604800000, 0x0000000800000000)
  region size 4096K, 14 young (57344K), 0 survivors (0K)

Heap Regions: E=young(eden), S=young(survivor), O=old, HS=humongous(starts), HC=humongous(continues), CS=collection set, F=free, TAMS=top-at-mark-start, PB=parsable bottom
|   0|0x0000000604800000, 0x0000000604bfff70, 0x0000000604c00000| 99%| O|  |TAMS 0x0000000604800000| PB 0x0000000604800000| Untracked |  0
|   1|0x0000000604c00000, 0x0000000604ffffd0, 0x0000000605000000| 99%| O|  |TAMS 0x0000000604c00000| PB 0x0000000604c00000| Untracked |  0
|   2|0x0000000605000000, 0x0000000605400000, 0x0000000605400000|100%| O|  |TAMS 0x0000000605000000| PB 0x0000000605000000| Untracked |  0
|   3|0x0000000605400000, 0x00000006057e0980, 0x0000000605800000| 96%| O|  |TAMS 0x0000000605400000| PB 0x0000000605400000| Untracked |  0
|   4|0x0000000605800000, 0x0000000605bffff8, 0x0000000605c00000| 99%| O|  |TAMS 0x0000000605800000| PB 0x0000000605800000| Untracked |  0
|   5|0x0000000605c00000, 0x0000000605ffe760, 0x0000000606000000| 99%| O|  |TAMS 0x0000000605c00000| PB 0x0000000605c00000| Untracked |  0
|   6|0x0000000606000000, 0x00000006063fffe8, 0x0000000606400000| 99%| O|  |TAMS 0x0000000606000000| PB 0x0000000606000000| Untracked |  0
|   7|0x0000000606400000, 0x0000000606639498, 0x0000000606800000| 55%| O|  |TAMS 0x0000000606400000| PB 0x0000000606400000| Untracked |  0
|   8|0x0000000606800000, 0x0000000606ba15f0, 0x0000000606c00000| 90%| O|  |TAMS 0x0000000606800000| PB 0x0000000606800000| Untracked |  0
|   9|0x0000000606c00000, 0x0000000606c4d500, 0x0000000607000000|  7%| O|  |TAMS 0x0000000606c00000| PB 0x0000000606c00000| Untracked |  0
|  10|0x0000000607000000, 0x00000006071bea10, 0x0000000607400000| 43%| O|  |TAMS 0x0000000607000000| PB 0x0000000607000000| Untracked |  0
|  11|0x0000000607400000, 0x0000000607400000, 0x0000000607800000|  0%| F|  |TAMS 0x0000000607400000| PB 0x0000000607400000| Untracked |  0
|  12|0x0000000607800000, 0x0000000607800000, 0x0000000607c00000|  0%| F|  |TAMS 0x0000000607800000| PB 0x0000000607800000| Untracked |  0
|  13|0x0000000607c00000, 0x0000000607c00000, 0x0000000608000000|  0%| F|  |TAMS 0x0000000607c00000| PB 0x0000000607c00000| Untracked |  0
|  14|0x0000000608000000, 0x0000000608000000, 0x0000000608400000|  0%| F|  |TAMS 0x0000000608000000| PB 0x0000000608000000| Untracked |  0
|  15|0x0000000608400000, 0x0000000608400000, 0x0000000608800000|  0%| F|  |TAMS 0x0000000608400000| PB 0x0000000608400000| Untracked |  0
|  16|0x0000000608800000, 0x0000000608800000, 0x0000000608c00000|  0%| F|  |TAMS 0x0000000608800000| PB 0x0000000608800000| Untracked |  0
|  17|0x0000000608c00000, 0x0000000608c00000, 0x0000000609000000|  0%| F|  |TAMS 0x0000000608c00000| PB 0x0000000608c00000| Untracked |  0
|  18|0x0000000609000000, 0x0000000609000000, 0x0000000609400000|  0%| F|  |TAMS 0x0000000609000000| PB 0x0000000609000000| Untracked |  0
|  19|0x0000000609400000, 0x0000000609400000, 0x0000000609800000|  0%| F|  |TAMS 0x0000000609400000| PB 0x0000000609400000| Untracked |  0
|  20|0x0000000609800000, 0x0000000609800000, 0x0000000609c00000|  0%| F|  |TAMS 0x0000000609800000| PB 0x0000000609800000| Untracked |  0
|  21|0x0000000609c00000, 0x0000000609c00000, 0x000000060a000000|  0%| F|  |TAMS 0x0000000609c00000| PB 0x0000000609c00000| Untracked |  0
|  22|0x000000060a000000, 0x000000060a000000, 0x000000060a400000|  0%| F|  |TAMS 0x000000060a000000| PB 0x000000060a000000| Untracked |  0
|  23|0x000000060a400000, 0x000000060a6e7cf0, 0x000000060a800000| 72%| E|  |TAMS 0x000000060a400000| PB 0x000000060a400000| Complete |  0
|  24|0x000000060a800000, 0x000000060ac00000, 0x000000060ac00000|100%| E|CS|TAMS 0x000000060a800000| PB 0x000000060a800000| Complete |  0
|  25|0x000000060ac00000, 0x000000060b000000, 0x000000060b000000|100%| E|CS|TAMS 0x000000060ac00000| PB 0x000000060ac00000| Complete |  0
|  26|0x000000060b000000, 0x000000060b400000, 0x000000060b400000|100%| E|CS|TAMS 0x000000060b000000| PB 0x000000060b000000| Complete |  0
|  27|0x000000060b400000, 0x000000060b800000, 0x000000060b800000|100%| E|CS|TAMS 0x000000060b400000| PB 0x000000060b400000| Complete |  0
|  28|0x000000060b800000, 0x000000060bc00000, 0x000000060bc00000|100%| E|CS|TAMS 0x000000060b800000| PB 0x000000060b800000| Complete |  0
|  29|0x000000060bc00000, 0x000000060c000000, 0x000000060c000000|100%| E|CS|TAMS 0x000000060bc00000| PB 0x000000060bc00000| Complete |  0
|  30|0x000000060c000000, 0x000000060c400000, 0x000000060c400000|100%| E|CS|TAMS 0x000000060c000000| PB 0x000000060c000000| Complete |  0
|  31|0x000000060c400000, 0x000000060c800000, 0x000000060c800000|100%| E|CS|TAMS 0x000000060c400000| PB 0x000000060c400000| Complete |  0
|  32|0x000000060c800000, 0x000000060cc00000, 0x000000060cc00000|100%| E|CS|TAMS 0x000000060c800000| PB 0x000000060c800000| Complete |  0
|  33|0x000000060cc00000, 0x000000060d000000, 0x000000060d000000|100%| E|CS|TAMS 0x000000060cc00000| PB 0x000000060cc00000| Complete |  0
|  34|0x000000060d000000, 0x000000060d400000, 0x000000060d400000|100%| E|CS|TAMS 0x000000060d000000| PB 0x000000060d000000| Complete |  0
|  35|0x000000060d400000, 0x000000060d800000, 0x000000060d800000|100%| E|CS|TAMS 0x000000060d400000| PB 0x000000060d400000| Complete |  0
|  36|0x000000060d800000, 0x000000060dc00000, 0x000000060dc00000|100%| E|CS|TAMS 0x000000060d800000| PB 0x000000060d800000| Complete |  0

Card table byte_map: [0x00000267ad4e0000,0x00000267ae4c0000] _byte_map_base: 0x00000267aa4bc000

Marking Bits: (CMBitMap*) 0x000002679fab4840
 Bits: [0x00000267ae4c0000, 0x00000267b63a0000)

Polling page: 0x000002679dbb0000

Metaspace:
Metaspace        used 96442K, committed 97280K, reserved 1179648K
 class space     used 10951K, committed 11328K, reserved 1048576K

Usage:
  Non-class:     83.49 MB used.
      Class:     10.69 MB used.
       Both:     94.18 MB used.

Virtual space:
  Non-class space:      128.00 MB reserved,      83.94 MB ( 66%) committed,  2 nodes.
      Class space:        1.00 GB reserved,      11.06 MB (  1%) committed,  1 nodes.
             Both:        1.12 GB reserved,      95.00 MB (  8%) committed. 

Chunk freelists:
   Non-Class:  11.28 MB
       Class:  4.84 MB
        Both:  16.12 MB

MaxMetaspaceSize: unlimited
CompressedClassSpaceSize: 1.00 GB
Initial GC threshold: 21.00 MB
Current GC threshold: 157.62 MB
CDS: on
 - commit_granule_bytes: 65536.
 - commit_granule_words: 8192.
 - virtual_space_node_default_size: 8388608.
 - enlarge_chunks_in_place: 1.
UseCompressedClassPointers 1, UseCompactObjectHeaders 0
Narrow klass pointer bits 32, Max shift 3
Narrow klass base: 0x000000009c000000, Narrow klass shift: 0
Encoding Range: [0x000000009c000000 - 0x000000019c000000), (4294967296 bytes)
Klass Range:    [0x000000009c010000 - 0x00000000dd000000), (1090453504 bytes)
Klass ID Range:  [65536 - 1090519033) (1090453497)
Protection zone: [0x000000009c000000 - 0x000000009c010000), (65536 bytes)


Internal statistics:

num_allocs_failed_limit: 13.
num_arena_births: 1702.
num_arena_deaths: 474.
num_vsnodes_births: 3.
num_vsnodes_deaths: 0.
num_space_committed: 1520.
num_space_uncommitted: 0.
num_chunks_returned_to_freelist: 533.
num_chunks_taken_from_freelist: 5174.
num_chunk_merges: 125.
num_chunk_splits: 3523.
num_chunks_enlarged: 2638.
num_inconsistent_stats: 0.

CodeCache: size=49152Kb used=17003Kb max_used=17003Kb free=32148Kb
 bounds [0x00000267a8ea0000, 0x00000267a9f60000, 0x00000267abea0000]
 total_blobs=12586, nmethods=11679, adapters=826, full_count=0
Compilation: enabled, stopped_count=0, restarted_count=0

Compilation events (20 events):
Event: 3646.929 Thread 0x00000267c9911f20 12917       1       org.springframework.boot.autoconfigure.condition.ConditionMessage$ItemsBuilder::atAll (8 bytes)
Event: 3646.929 Thread 0x00000267c9911f20 nmethod 12917 0x00000267a9e46b08 code [0x00000267a9e46c00, 0x00000267a9e46d00]
Event: 3646.938 Thread 0x00000267c9911f20 12918       1       java.lang.invoke.LambdaForm$MH/0x000000009d39c000::invoke (39 bytes)
Event: 3646.938 Thread 0x00000267c9911f20 nmethod 12918 0x00000267a9e46608 code [0x00000267a9e46700, 0x00000267a9e46a50]
Event: 3646.942 Thread 0x00000267c9911f20 12919       1       org.springframework.boot.autoconfigure.condition.ConditionEvaluationReport$ConditionAndOutcome::equals (69 bytes)
Event: 3646.942 Thread 0x00000267c990fee0 12921       1       org.springframework.boot.autoconfigure.condition.ConditionMessage::equals (33 bytes)
Event: 3646.942 Thread 0x00000267b8d696f0 12920       1       org.springframework.boot.autoconfigure.condition.ConditionOutcome::equals (66 bytes)
Event: 3646.942 Thread 0x00000267c990fee0 nmethod 12921 0x00000267a9e46308 code [0x00000267a9e46400, 0x00000267a9e465e0]
Event: 3646.942 Thread 0x00000267b8d696f0 nmethod 12920 0x00000267a9e45f88 code [0x00000267a9e46080, 0x00000267a9e462c0]
Event: 3646.942 Thread 0x00000267c9911f20 nmethod 12919 0x00000267a9e45c08 code [0x00000267a9e45d00, 0x00000267a9e45f58]
Event: 3646.952 Thread 0x00000267c9911f20 12922   !   1       org.springframework.context.annotation.ConfigurationClassUtils::checkConfigurationClassCandidate (315 bytes)
Event: 3646.953 Thread 0x00000267b8d696f0 12923       1       org.springframework.core.type.StandardAnnotationMetadata::isAnnotatedMethod (29 bytes)
Event: 3646.953 Thread 0x00000267b8d696f0 nmethod 12923 0x00000267a9e45808 code [0x00000267a9e45900, 0x00000267a9e45b90]
Event: 3646.954 Thread 0x00000267c9911f20 nmethod 12922 0x00000267a9e44288 code [0x00000267a9e44380, 0x00000267a9e45780]
Event: 3646.955 Thread 0x00000267c9910f00 12924   !   1       org.springframework.context.annotation.ConfigurationClassUtils::hasBeanMethods (49 bytes)
Event: 3646.955 Thread 0x00000267c9911f20 12925       1       org.springframework.core.type.StandardClassMetadata::getIntrospectedClass (5 bytes)
Event: 3646.955 Thread 0x00000267c9911f20 nmethod 12925 0x00000267a9e43f88 code [0x00000267a9e44080, 0x00000267a9e44148]
Event: 3646.956 Thread 0x00000267c9910f00 nmethod 12924 0x00000267a9e43b08 code [0x00000267a9e43c00, 0x00000267a9e43f28]
Event: 3646.992 Thread 0x00000267b8d696f0 12926       1       org.springframework.core.io.support.SpringFactoriesLoader$FactoryInstantiator::findSingleConstructor (14 bytes)
Event: 3646.992 Thread 0x00000267b8d696f0 nmethod 12926 0x00000267a9e43808 code [0x00000267a9e43900, 0x00000267a9e43a08]

GC Heap Usage History (20 events):
Event: 12.369 {heap Before GC invocations=16 (full 0):
 garbage-first heap   total reserved 8314880K, committed 122880K, used 102988K [0x0000000604800000, 0x0000000800000000)
  region size 4096K, 18 young (73728K), 2 survivors (8192K)
}
Event: 12.376 {heap After GC invocations=17 (full 0):
 garbage-first heap   total reserved 8314880K, committed 122880K, used 41119K [0x0000000604800000, 0x0000000800000000)
  region size 4096K, 2 young (8192K), 2 survivors (8192K)
}
Event: 12.899 {heap Before GC invocations=17 (full 0):
 garbage-first heap   total reserved 8314880K, committed 122880K, used 106655K [0x0000000604800000, 0x0000000800000000)
  region size 4096K, 18 young (73728K), 2 survivors (8192K)
}
Event: 12.905 {heap After GC invocations=18 (full 0):
 garbage-first heap   total reserved 8314880K, committed 323584K, used 39960K [0x0000000604800000, 0x0000000800000000)
  region size 4096K, 2 young (8192K), 2 survivors (8192K)
}
Event: 28.501 {heap Before GC invocations=18 (full 0):
 garbage-first heap   total reserved 8314880K, committed 323584K, used 220184K [0x0000000604800000, 0x0000000800000000)
  region size 4096K, 47 young (192512K), 2 survivors (8192K)
}
Event: 28.537 {heap After GC invocations=19 (full 0):
 garbage-first heap   total reserved 8314880K, committed 323584K, used 50386K [0x0000000604800000, 0x0000000800000000)
  region size 4096K, 4 young (16384K), 4 survivors (16384K)
}
Event: 70.048 {heap Before GC invocations=19 (full 0):
 garbage-first heap   total reserved 8314880K, committed 323584K, used 79058K [0x0000000604800000, 0x0000000800000000)
  region size 4096K, 12 young (49152K), 4 survivors (16384K)
}
Event: 70.081 {heap After GC invocations=20 (full 0):
 garbage-first heap   total reserved 8314880K, committed 323584K, used 51169K [0x0000000604800000, 0x0000000800000000)
  region size 4096K, 3 young (12288K), 3 survivors (12288K)
}
Event: 2006.239 {heap Before GC invocations=21 (full 0):
 garbage-first heap   total reserved 8314880K, committed 192512K, used 153569K [0x0000000604800000, 0x0000000800000000)
  region size 4096K, 28 young (114688K), 3 survivors (12288K)
}
Event: 2006.246 {heap After GC invocations=22 (full 0):
 garbage-first heap   total reserved 8314880K, committed 192512K, used 52408K [0x0000000604800000, 0x0000000800000000)
  region size 4096K, 1 young (4096K), 1 survivors (4096K)
}
Event: 2262.269 {heap Before GC invocations=22 (full 0):
 garbage-first heap   total reserved 8314880K, committed 192512K, used 163000K [0x0000000604800000, 0x0000000800000000)
  region size 4096K, 28 young (114688K), 1 survivors (4096K)
}
Event: 2262.273 {heap After GC invocations=23 (full 0):
 garbage-first heap   total reserved 8314880K, committed 192512K, used 53186K [0x0000000604800000, 0x0000000800000000)
  region size 4096K, 1 young (4096K), 1 survivors (4096K)
}
Event: 2668.548 {heap Before GC invocations=23 (full 0):
 garbage-first heap   total reserved 8314880K, committed 192512K, used 163778K [0x0000000604800000, 0x0000000800000000)
  region size 4096K, 28 young (114688K), 1 survivors (4096K)
}
Event: 2668.550 {heap After GC invocations=24 (full 0):
 garbage-first heap   total reserved 8314880K, committed 192512K, used 52832K [0x0000000604800000, 0x0000000800000000)
  region size 4096K, 1 young (4096K), 1 survivors (4096K)
}
Event: 3074.439 {heap Before GC invocations=24 (full 0):
 garbage-first heap   total reserved 8314880K, committed 192512K, used 163424K [0x0000000604800000, 0x0000000800000000)
  region size 4096K, 28 young (114688K), 1 survivors (4096K)
}
Event: 3074.443 {heap After GC invocations=25 (full 0):
 garbage-first heap   total reserved 8314880K, committed 192512K, used 52826K [0x0000000604800000, 0x0000000800000000)
  region size 4096K, 1 young (4096K), 1 survivors (4096K)
}
Event: 3411.540 {heap Before GC invocations=26 (full 0):
 garbage-first heap   total reserved 8314880K, committed 192512K, used 163418K [0x0000000604800000, 0x0000000800000000)
  region size 4096K, 28 young (114688K), 1 survivors (4096K)
}
Event: 3411.544 {heap After GC invocations=27 (full 0):
 garbage-first heap   total reserved 8314880K, committed 192512K, used 53374K [0x0000000604800000, 0x0000000800000000)
  region size 4096K, 1 young (4096K), 1 survivors (4096K)
}
Event: 3645.983 {heap Before GC invocations=27 (full 0):
 garbage-first heap   total reserved 8314880K, committed 192512K, used 118910K [0x0000000604800000, 0x0000000800000000)
  region size 4096K, 18 young (73728K), 1 survivors (4096K)
}
Event: 3646.056 {heap After GC invocations=28 (full 1):
 garbage-first heap   total reserved 8314880K, committed 151552K, used 36630K [0x0000000604800000, 0x0000000800000000)
  region size 4096K, 0 young (0K), 0 survivors (0K)
}

Metaspace Usage History (20 events):
Event: 12.369 {metaspace Before GC invocations=16 (full 0):
 Metaspace       used 75812K, committed 76288K, reserved 1179648K
  class space    used 8519K, committed 8704K, reserved 1048576K
}
Event: 12.376 {metaspace After GC invocations=17 (full 0):
 Metaspace       used 75812K, committed 76288K, reserved 1179648K
  class space    used 8519K, committed 8704K, reserved 1048576K
}
Event: 12.899 {metaspace Before GC invocations=17 (full 0):
 Metaspace       used 77760K, committed 78272K, reserved 1179648K
  class space    used 8720K, committed 8960K, reserved 1048576K
}
Event: 12.905 {metaspace After GC invocations=18 (full 0):
 Metaspace       used 77760K, committed 78272K, reserved 1179648K
  class space    used 8720K, committed 8960K, reserved 1048576K
}
Event: 28.501 {metaspace Before GC invocations=18 (full 0):
 Metaspace       used 95358K, committed 96192K, reserved 1179648K
  class space    used 10811K, committed 11200K, reserved 1048576K
}
Event: 28.537 {metaspace After GC invocations=19 (full 0):
 Metaspace       used 95358K, committed 96192K, reserved 1179648K
  class space    used 10811K, committed 11200K, reserved 1048576K
}
Event: 70.048 {metaspace Before GC invocations=19 (full 0):
 Metaspace       used 95612K, committed 96512K, reserved 1179648K
  class space    used 10853K, committed 11264K, reserved 1048576K
}
Event: 70.081 {metaspace After GC invocations=20 (full 0):
 Metaspace       used 95612K, committed 96512K, reserved 1179648K
  class space    used 10853K, committed 11264K, reserved 1048576K
}
Event: 2006.239 {metaspace Before GC invocations=21 (full 0):
 Metaspace       used 95618K, committed 96512K, reserved 1179648K
  class space    used 10855K, committed 11264K, reserved 1048576K
}
Event: 2006.246 {metaspace After GC invocations=22 (full 0):
 Metaspace       used 95618K, committed 96512K, reserved 1179648K
  class space    used 10855K, committed 11264K, reserved 1048576K
}
Event: 2262.269 {metaspace Before GC invocations=22 (full 0):
 Metaspace       used 95860K, committed 96832K, reserved 1179648K
  class space    used 10915K, committed 11328K, reserved 1048576K
}
Event: 2262.273 {metaspace After GC invocations=23 (full 0):
 Metaspace       used 95860K, committed 96832K, reserved 1179648K
  class space    used 10915K, committed 11328K, reserved 1048576K
}
Event: 2668.548 {metaspace Before GC invocations=23 (full 0):
 Metaspace       used 95860K, committed 96832K, reserved 1179648K
  class space    used 10915K, committed 11328K, reserved 1048576K
}
Event: 2668.550 {metaspace After GC invocations=24 (full 0):
 Metaspace       used 95860K, committed 96832K, reserved 1179648K
  class space    used 10915K, committed 11328K, reserved 1048576K
}
Event: 3074.439 {metaspace Before GC invocations=24 (full 0):
 Metaspace       used 95860K, committed 96832K, reserved 1179648K
  class space    used 10915K, committed 11328K, reserved 1048576K
}
Event: 3074.443 {metaspace After GC invocations=25 (full 0):
 Metaspace       used 95860K, committed 96832K, reserved 1179648K
  class space    used 10915K, committed 11328K, reserved 1048576K
}
Event: 3411.540 {metaspace Before GC invocations=26 (full 0):
 Metaspace       used 95680K, committed 96832K, reserved 1179648K
  class space    used 10863K, committed 11328K, reserved 1048576K
}
Event: 3411.544 {metaspace After GC invocations=27 (full 0):
 Metaspace       used 95680K, committed 96832K, reserved 1179648K
  class space    used 10863K, committed 11328K, reserved 1048576K
}
Event: 3645.983 {metaspace Before GC invocations=27 (full 0):
 Metaspace       used 95782K, committed 96832K, reserved 1179648K
  class space    used 10889K, committed 11328K, reserved 1048576K
}
Event: 3646.056 {metaspace After GC invocations=28 (full 1):
 Metaspace       used 95701K, committed 96832K, reserved 1179648K
  class space    used 10867K, committed 11328K, reserved 1048576K
}

Dll operation events (12 events):
Event: 0.020 Loaded shared library C:\Program Files\Java\jdk-25\bin\java.dll
Event: 0.022 Loaded shared library C:\Program Files\Java\jdk-25\bin\zip.dll
Event: 0.338 Loaded shared library C:\Program Files\Java\jdk-25\bin\instrument.dll
Event: 0.365 Loaded shared library C:\Program Files\Java\jdk-25\bin\verify.dll
Event: 0.455 Loaded shared library C:\Program Files\Java\jdk-25\bin\jimage.dll
Event: 0.493 Loaded shared library C:\Program Files\Java\jdk-25\bin\net.dll
Event: 0.496 Loaded shared library C:\Program Files\Java\jdk-25\bin\nio.dll
Event: 0.521 Loaded shared library C:\Program Files\Java\jdk-25\bin\zip.dll
Event: 0.711 Loaded shared library C:\Program Files\Java\jdk-25\bin\management.dll
Event: 0.746 Loaded shared library C:\Program Files\Java\jdk-25\bin\management_ext.dll
Event: 1.170 Loaded shared library C:\Program Files\Java\jdk-25\bin\extnet.dll
Event: 3.085 Loaded shared library C:\Program Files\Java\jdk-25\bin\sunmscapi.dll

Deoptimization events (20 events):
Event: 3647.020 Thread 0x00000267c9095060 DEOPT PACKING pc=0x00000267a957defc sp=0x000000ba4e3fe420
Event: 3647.020 Thread 0x00000267c9095060 DEOPT UNPACKING pc=0x00000267a8ef12a2 sp=0x000000ba4e3fd970 mode 1
Event: 3647.020 Thread 0x00000267c9095060 DEOPT PACKING pc=0x00000267a957e8a4 sp=0x000000ba4e3fe530
Event: 3647.020 Thread 0x00000267c9095060 DEOPT UNPACKING pc=0x00000267a8ef12a2 sp=0x000000ba4e3fda90 mode 1
Event: 3647.020 Thread 0x00000267c9095060 DEOPT PACKING pc=0x00000267a957f54c sp=0x000000ba4e3fe300
Event: 3647.020 Thread 0x00000267c9095060 DEOPT UNPACKING pc=0x00000267a8ef12a2 sp=0x000000ba4e3fd860 mode 1
Event: 3647.020 Thread 0x00000267c9095060 DEOPT PACKING pc=0x00000267a957defc sp=0x000000ba4e3fe420
Event: 3647.020 Thread 0x00000267c9095060 DEOPT UNPACKING pc=0x00000267a8ef12a2 sp=0x000000ba4e3fd970 mode 1
Event: 3647.020 Thread 0x00000267c9095060 DEOPT PACKING pc=0x00000267a957e8a4 sp=0x000000ba4e3fe530
Event: 3647.020 Thread 0x00000267c9095060 DEOPT UNPACKING pc=0x00000267a8ef12a2 sp=0x000000ba4e3fda90 mode 1
Event: 3647.020 Thread 0x00000267c9095060 DEOPT PACKING pc=0x00000267a957f54c sp=0x000000ba4e3fe300
Event: 3647.020 Thread 0x00000267c9095060 DEOPT UNPACKING pc=0x00000267a8ef12a2 sp=0x000000ba4e3fd860 mode 1
Event: 3647.020 Thread 0x00000267c9095060 DEOPT PACKING pc=0x00000267a957defc sp=0x000000ba4e3fe420
Event: 3647.020 Thread 0x00000267c9095060 DEOPT UNPACKING pc=0x00000267a8ef12a2 sp=0x000000ba4e3fd970 mode 1
Event: 3647.020 Thread 0x00000267c9095060 DEOPT PACKING pc=0x00000267a957e8a4 sp=0x000000ba4e3fe530
Event: 3647.020 Thread 0x00000267c9095060 DEOPT UNPACKING pc=0x00000267a8ef12a2 sp=0x000000ba4e3fda90 mode 1
Event: 3647.023 Thread 0x00000267c9095060 DEOPT PACKING pc=0x00000267a96d6914 sp=0x000000ba4e3ff1c0
Event: 3647.023 Thread 0x00000267c9095060 DEOPT UNPACKING pc=0x00000267a8ef12a2 sp=0x000000ba4e3fe6c0 mode 1
Event: 3647.023 Thread 0x00000267c9095060 DEOPT PACKING pc=0x00000267a971fe6c sp=0x000000ba4e3ff360
Event: 3647.023 Thread 0x00000267c9095060 DEOPT UNPACKING pc=0x00000267a8ef12a2 sp=0x000000ba4e3fe838 mode 1

Classes loaded (20 events):
Event: 3647.013 Loading class org/springframework/boot/diagnostics/FailureAnalysisReporter
Event: 3647.013 Loading class org/springframework/boot/diagnostics/FailureAnalysisReporter done
Event: 3647.013 Loading class org/springframework/boot/diagnostics/LoggingFailureAnalysisReporter
Event: 3647.013 Loading class org/springframework/boot/diagnostics/LoggingFailureAnalysisReporter done
Event: 3647.014 Loading class ch/qos/logback/classic/spi/ThrowableProxy
Event: 3647.014 Loading class ch/qos/logback/classic/spi/ThrowableProxy done
Event: 3647.016 Loading class ch/qos/logback/classic/spi/StackTraceElementProxy
Event: 3647.016 Loading class ch/qos/logback/classic/spi/StackTraceElementProxy done
Event: 3647.016 Loading class ch/qos/logback/classic/spi/ThrowableProxyUtil
Event: 3647.017 Loading class ch/qos/logback/classic/spi/ThrowableProxyUtil done
Event: 3647.017 Loading class ch/qos/logback/classic/spi/PackagingDataCalculator
Event: 3647.017 Loading class ch/qos/logback/classic/spi/PackagingDataCalculator done
Event: 3647.018 Loading class ch/qos/logback/classic/spi/STEUtil
Event: 3647.018 Loading class ch/qos/logback/classic/spi/STEUtil done
Event: 3647.019 Loading class ch/qos/logback/classic/spi/ClassPackagingData
Event: 3647.019 Loading class ch/qos/logback/classic/spi/ClassPackagingData done
Event: 3647.022 Loading class org/springframework/boot/SpringBootExceptionHandler
Event: 3647.022 Loading class org/springframework/boot/SpringBootExceptionHandler done
Event: 3647.022 Loading class org/springframework/boot/SpringBootExceptionHandler$LoggedExceptionHandlerThreadLocal
Event: 3647.022 Loading class org/springframework/boot/SpringBootExceptionHandler$LoggedExceptionHandlerThreadLocal done

Classes unloaded (20 events):
Event: 3646.008 Thread 0x00000267b8d44400 Unloading class 0x000000009db1b800 'java/lang/invoke/LambdaForm$BMH+0x000000009db1b800'
Event: 3646.008 Thread 0x00000267b8d44400 Unloading class 0x000000009db14800 'java/lang/invoke/LambdaForm$BMH+0x000000009db14800'
Event: 3646.008 Thread 0x00000267b8d44400 Unloading class 0x000000009db13400 'java/lang/invoke/LambdaForm$BMH+0x000000009db13400'
Event: 3646.008 Thread 0x00000267b8d44400 Unloading class 0x000000009db11c00 'java/lang/invoke/LambdaForm$BMH+0x000000009db11c00'
Event: 3646.008 Thread 0x00000267b8d44400 Unloading class 0x000000009db10800 'java/lang/invoke/LambdaForm$MH+0x000000009db10800'
Event: 3646.008 Thread 0x00000267b8d44400 Unloading class 0x000000009db10000 'java/lang/invoke/LambdaForm$MH+0x000000009db10000'
Event: 3646.008 Thread 0x00000267b8d44400 Unloading class 0x000000009db0dc00 'java/lang/invoke/LambdaForm$MH+0x000000009db0dc00'
Event: 3646.008 Thread 0x00000267b8d44400 Unloading class 0x000000009db0d400 'java/lang/invoke/LambdaForm$MH+0x000000009db0d400'
Event: 3646.008 Thread 0x00000267b8d44400 Unloading class 0x000000009db0d000 'java/lang/invoke/LambdaForm$MH+0x000000009db0d000'
Event: 3646.008 Thread 0x00000267b8d44400 Unloading class 0x000000009db0cc00 'java/lang/invoke/LambdaForm$BMH+0x000000009db0cc00'
Event: 3646.008 Thread 0x00000267b8d44400 Unloading class 0x000000009db0b000 'java/lang/invoke/LambdaForm$MH+0x000000009db0b000'
Event: 3646.008 Thread 0x00000267b8d44400 Unloading class 0x000000009db0a800 'java/lang/invoke/LambdaForm$MH+0x000000009db0a800'
Event: 3646.008 Thread 0x00000267b8d44400 Unloading class 0x000000009db0a400 'java/lang/invoke/LambdaForm$MH+0x000000009db0a400'
Event: 3646.008 Thread 0x00000267b8d44400 Unloading class 0x000000009db0a000 'java/lang/invoke/LambdaForm$BMH+0x000000009db0a000'
Event: 3646.008 Thread 0x00000267b8d44400 Unloading class 0x000000009db08c00 'java/lang/invoke/LambdaForm$BMH+0x000000009db08c00'
Event: 3646.008 Thread 0x00000267b8d44400 Unloading class 0x000000009db03c00 'java/lang/invoke/LambdaForm$MH+0x000000009db03c00'
Event: 3646.008 Thread 0x00000267b8d44400 Unloading class 0x000000009db02400 'java/lang/invoke/LambdaForm$BMH+0x000000009db02400'
Event: 3646.008 Thread 0x00000267b8d44400 Unloading class 0x000000009d718400 'java/lang/invoke/LambdaForm$MH+0x000000009d718400'
Event: 3646.008 Thread 0x00000267b8d44400 Unloading class 0x000000009d454c00 'java/lang/invoke/LambdaForm$MH+0x000000009d454c00'
Event: 3646.008 Thread 0x00000267b8d44400 Unloading class 0x000000009d454000 'java/lang/invoke/LambdaForm$DMH+0x000000009d454000'

Classes redefined (1 events):
Event: 0.406 Thread 0x00000267b8d44400 redefined class name=java.lang.Throwable, count=1

Internal exceptions (20 events):
Event: 3200.510 Thread 0x00000267c8dd1ce0 Exception <a 'sun/nio/fs/WindowsException'{0x000000060d068608}> (0x000000060d068608) 
thrown [s\open\src\hotspot\share\prims\jni.cpp, line 516]
Event: 3231.777 Thread 0x00000267c83adaa0 Exception <a 'sun/nio/fs/WindowsException'{0x000000060c9b3358}> (0x000000060c9b3358) 
thrown [s\open\src\hotspot\share\prims\jni.cpp, line 516]
Event: 3231.791 Thread 0x00000267c8dd24b0 Exception <a 'sun/nio/fs/WindowsException'{0x000000060ca569c0}> (0x000000060ca569c0) 
thrown [s\open\src\hotspot\share\prims\jni.cpp, line 516]
Event: 3231.802 Thread 0x00000267c83ab390 Exception <a 'sun/nio/fs/WindowsException'{0x000000060cab8168}> (0x000000060cab8168) 
thrown [s\open\src\hotspot\share\prims\jni.cpp, line 516]
Event: 3232.482 Thread 0x00000267c8dd43f0 Exception <a 'sun/nio/fs/WindowsException'{0x000000060cb07308}> (0x000000060cb07308) 
thrown [s\open\src\hotspot\share\prims\jni.cpp, line 516]
Event: 3232.486 Thread 0x00000267c8dd43f0 Exception <a 'sun/nio/fs/WindowsException'{0x000000060cb118d0}> (0x000000060cb118d0) 
thrown [s\open\src\hotspot\share\prims\jni.cpp, line 516]
Event: 3232.510 Thread 0x00000267c8dd3c20 Exception <a 'sun/nio/fs/WindowsException'{0x000000060cb49930}> (0x000000060cb49930) 
thrown [s\open\src\hotspot\share\prims\jni.cpp, line 516]
Event: 3232.513 Thread 0x00000267c8dd3c20 Exception <a 'sun/nio/fs/WindowsException'{0x000000060cb53fe8}> (0x000000060cb53fe8) 
thrown [s\open\src\hotspot\share\prims\jni.cpp, line 516]
Event: 3245.653 Thread 0x00000267c8dd0570 Exception <a 'sun/nio/fs/WindowsException'{0x000000060c771a48}> (0x000000060c771a48) 
thrown [s\open\src\hotspot\share\prims\jni.cpp, line 516]
Event: 3245.671 Thread 0x00000267c83abb60 Exception <a 'sun/nio/fs/WindowsException'{0x000000060c7ca7a8}> (0x000000060c7ca7a8) 
thrown [s\open\src\hotspot\share\prims\jni.cpp, line 516]
Event: 3245.686 Thread 0x00000267c8dd5b60 Exception <a 'sun/nio/fs/WindowsException'{0x000000060c0b8140}> (0x000000060c0b8140) 
thrown [s\open\src\hotspot\share\prims\jni.cpp, line 516]
Event: 3246.263 Thread 0x00000267c8dd1510 Exception <a 'sun/nio/fs/WindowsException'{0x000000060c0f3a60}> (0x000000060c0f3a60) 
thrown [s\open\src\hotspot\share\prims\jni.cpp, line 516]
Event: 3246.266 Thread 0x00000267c8dd1510 Exception <a 'sun/nio/fs/WindowsException'{0x000000060c0fe028}> (0x000000060c0fe028) 
thrown [s\open\src\hotspot\share\prims\jni.cpp, line 516]
Event: 3246.295 Thread 0x00000267c8dd1ce0 Exception <a 'sun/nio/fs/WindowsException'{0x000000060c13f430}> (0x000000060c13f430) 
thrown [s\open\src\hotspot\share\prims\jni.cpp, line 516]
Event: 3246.299 Thread 0x00000267c8dd1ce0 Exception <a 'sun/nio/fs/WindowsException'{0x000000060c149880}> (0x000000060c149880) 
thrown [s\open\src\hotspot\share\prims\jni.cpp, line 516]
Event: 3645.982 Thread 0x00000267c15f22f0 Exception <a 'java/lang/InterruptedException'{0x00000007ffdb7d88}: sleep interrupted> (0x00000007ffdb7d88) 
thrown [s\open\src\hotspot\share\prims\jvm.cpp, line 2904]
Event: 3646.076 Thread 0x00000267c9095060 Exception <a 'sun/nio/fs/WindowsException'{0x000000060d8bf3b0}> (0x000000060d8bf3b0) 
thrown [s\open\src\hotspot\share\prims\jni.cpp, line 516]
Event: 3646.558 Thread 0x00000267c9095060 Exception <a 'java/lang/NoSuchMethodError'{0x000000060bde44d8}: 'void java.lang.invoke.DelegatingMethodHandle$Holder.reinvoke_L(java.lang.Object, java.lang.Object, int)'> (0x000000060bde44d8) 
thrown [s\open\src\hotspot\share\interpreter\linkResolver.cpp, line 804]
Event: 3646.956 Thread 0x00000267c9095060 Exception <a 'java/lang/IncompatibleClassChangeError'{0x000000060a518828}: Class org.springframework.core.env.AbstractPropertyResolver$$Lambda/0x000000009d1cabf0 does not implement the requested interface org.springframework.beans.factory.config.SingletonBeanRegistry> (0x000000060a518828) 
thrown [s\open\src\hotspot\share\interpreter\interpreterRuntime.cpp, line 634]
Event: 3646.997 Thread 0x00000267c9095060 Exception <a 'java/lang/NoClassDefFoundError'{0x000000060a602308}: liquibase/exception/ChangeLogParseException> (0x000000060a602308) 
thrown [s\open\src\hotspot\share\classfile\systemDictionary.cpp, line 316]

VM Operations (20 events):
Event: 2668.548 Executing safepoint VM operation: G1CollectForAllocation (G1 Evacuation Pause)
Event: 2668.550 Executing safepoint VM operation: G1CollectForAllocation (G1 Evacuation Pause) done
Event: 3074.439 Executing safepoint VM operation: G1CollectForAllocation (G1 Evacuation Pause)
Event: 3074.443 Executing safepoint VM operation: G1CollectForAllocation (G1 Evacuation Pause) done
Event: 3074.498 Executing safepoint VM operation: G1PauseRemark
Event: 3074.520 Executing safepoint VM operation: G1PauseRemark done
Event: 3074.538 Executing safepoint VM operation: G1PauseCleanup
Event: 3074.538 Executing safepoint VM operation: G1PauseCleanup done
Event: 3201.137 Executing non-safepoint VM operation: HandshakeAllThreads (HandshakeForDeflation)
Event: 3201.137 Executing non-safepoint VM operation: HandshakeAllThreads (HandshakeForDeflation) done
Event: 3201.137 Executing non-safepoint VM operation: RendezvousGCThreads
Event: 3201.137 Executing non-safepoint VM operation: RendezvousGCThreads done
Event: 3261.323 Executing non-safepoint VM operation: HandshakeAllThreads (HandshakeForDeflation)
Event: 3261.323 Executing non-safepoint VM operation: HandshakeAllThreads (HandshakeForDeflation) done
Event: 3261.323 Executing non-safepoint VM operation: RendezvousGCThreads
Event: 3261.323 Executing non-safepoint VM operation: RendezvousGCThreads done
Event: 3411.540 Executing safepoint VM operation: G1CollectForAllocation (G1 Evacuation Pause)
Event: 3411.544 Executing safepoint VM operation: G1CollectForAllocation (G1 Evacuation Pause) done
Event: 3645.983 Executing safepoint VM operation: G1CollectFull (System.gc())
Event: 3646.056 Executing safepoint VM operation: G1CollectFull (System.gc()) done

Memory protections (0 events):
No events

Nmethod flushes (20 events):
Event: 3074.518 Thread 0x00000267b8d44400 flushing  nmethod 0x00000267a964a508
Event: 3074.518 Thread 0x00000267b8d44400 flushing  nmethod 0x00000267a964ab08
Event: 3074.518 Thread 0x00000267b8d44400 flushing  nmethod 0x00000267a964d308
Event: 3074.518 Thread 0x00000267b8d44400 flushing  nmethod 0x00000267a9666b88
Event: 3074.518 Thread 0x00000267b8d44400 flushing  nmethod 0x00000267a9666f88
Event: 3074.518 Thread 0x00000267b8d44400 flushing  nmethod 0x00000267a9667288
Event: 3074.518 Thread 0x00000267b8d44400 flushing  nmethod 0x00000267a9667588
Event: 3074.518 Thread 0x00000267b8d44400 flushing  nmethod 0x00000267a9667888
Event: 3074.518 Thread 0x00000267b8d44400 flushing  nmethod 0x00000267a9668288
Event: 3074.518 Thread 0x00000267b8d44400 flushing  nmethod 0x00000267a9668588
Event: 3074.518 Thread 0x00000267b8d44400 flushing  nmethod 0x00000267a9668888
Event: 3074.518 Thread 0x00000267b8d44400 flushing  nmethod 0x00000267a9669408
Event: 3074.518 Thread 0x00000267b8d44400 flushing  nmethod 0x00000267a96ad388
Event: 3074.518 Thread 0x00000267b8d44400 flushing  nmethod 0x00000267a97ed488
Event: 3074.518 Thread 0x00000267b8d44400 flushing  nmethod 0x00000267a98b5488
Event: 3074.518 Thread 0x00000267b8d44400 flushing  nmethod 0x00000267a98b7788
Event: 3074.518 Thread 0x00000267b8d44400 flushing  nmethod 0x00000267a99a8a88
Event: 3074.518 Thread 0x00000267b8d44400 flushing  nmethod 0x00000267a99f1d88
Event: 3074.518 Thread 0x00000267b8d44400 flushing  nmethod 0x00000267a9a54a88
Event: 3646.018 Thread 0x00000267b8d44400 flushing  nmethod 0x00000267a903df88

Events (20 events):
Event: 3645.938 Thread 0x00000267c8dd0570 Thread exited: 0x00000267c8dd0570
Event: 3645.938 Thread 0x00000267c8dd43f0 Thread exited: 0x00000267c8dd43f0
Event: 3645.938 Thread 0x00000267c83abb60 Thread exited: 0x00000267c83abb60
Event: 3645.938 Thread 0x00000267c8dd1ce0 Thread exited: 0x00000267c8dd1ce0
Event: 3645.938 Thread 0x00000267c8dd3c20 Thread exited: 0x00000267c8dd3c20
Event: 3645.938 Thread 0x00000267c8dd1510 Thread exited: 0x00000267c8dd1510
Event: 3645.963 Thread 0x00000267c9092180 Thread added: 0x00000267c9095060
Event: 3645.964 Thread 0x00000267c1a13140 Thread exited: 0x00000267c1a13140
Event: 3645.966 Thread 0x00000267c9095060 Thread exited: 0x00000267c9095060
Event: 3645.981 Thread 0x00000267c15ee470 Thread exited: 0x00000267c15ee470
Event: 3645.981 Thread 0x00000267c03707b0 Thread exited: 0x00000267c03707b0
Event: 3645.982 Thread 0x00000267c15f22f0 Thread exited: 0x00000267c15f22f0
Event: 3646.060 Thread 0x00000267c9092180 Thread added: 0x00000267c9095060
Event: 3646.061 Thread 0x00000267c9095060 Thread exited: 0x00000267c9095060
Event: 3646.061 Thread 0x00000267c9092180 Thread added: 0x00000267c9095060
Event: 3646.081 Thread 0x00000267b8d696f0 Thread added: 0x00000267c9910f00
Event: 3646.081 Thread 0x00000267b8d696f0 Thread added: 0x00000267c990fee0
Event: 3646.081 Thread 0x00000267b8d696f0 Thread added: 0x00000267c9911f20
Event: 3646.328 Thread 0x00000267c9095060 Thread added: 0x00000267c909d530
Event: 3646.380 Thread 0x00000267c909d530 Thread exited: 0x00000267c909d530


Dynamic libraries:
0x00007ff6865f0000 - 0x00007ff686600000 	C:\Program Files\Java\jdk-25\bin\java.exe
0x00007ff870dc0000 - 0x00007ff871027000 	C:\WINDOWS\SYSTEM32\ntdll.dll
0x00007ff86f6d0000 - 0x00007ff86f799000 	C:\WINDOWS\System32\KERNEL32.DLL
0x00007ff86e350000 - 0x00007ff86e73f000 	C:\WINDOWS\System32\KERNELBASE.dll
0x00007ff86ea10000 - 0x00007ff86eb5b000 	C:\WINDOWS\System32\ucrtbase.dll
0x00007ff86a9b0000 - 0x00007ff86a9c7000 	C:\Program Files\Java\jdk-25\bin\jli.dll
0x00007ff86ed60000 - 0x00007ff86ef25000 	C:\WINDOWS\System32\USER32.dll
0x00007ff86e9e0000 - 0x00007ff86ea07000 	C:\WINDOWS\System32\win32u.dll
0x00007ff8705a0000 - 0x00007ff8705cb000 	C:\WINDOWS\System32\GDI32.dll
0x00007ff86e8b0000 - 0x00007ff86e9dc000 	C:\WINDOWS\System32\gdi32full.dll
0x00007ff86e800000 - 0x00007ff86e8a3000 	C:\WINDOWS\System32\msvcp_win.dll
0x00007ff86a9d0000 - 0x00007ff86a9ee000 	C:\Program Files\Java\jdk-25\bin\VCRUNTIME140.dll
0x00007ff854a60000 - 0x00007ff854cf3000 	C:\WINDOWS\WinSxS\amd64_microsoft.windows.common-controls_6595b64144ccf1df_6.0.26100.7309_none_3e05feeae336a044\COMCTL32.dll
0x00007ff8704f0000 - 0x00007ff870599000 	C:\WINDOWS\System32\msvcrt.dll
0x00007ff86f7b0000 - 0x00007ff86f7e1000 	C:\WINDOWS\System32\IMM32.DLL
0x0000000061eb0000 - 0x0000000061ebc000 	C:\Program Files (x86)\360\Total Security\safemon\SafeWrapper.dll
0x00007ff8705e0000 - 0x00007ff870694000 	C:\WINDOWS\System32\ADVAPI32.dll
0x00007ff8706c0000 - 0x00007ff870766000 	C:\WINDOWS\System32\sechost.dll
0x00007ff86f7f0000 - 0x00007ff86f908000 	C:\WINDOWS\System32\RPCRT4.dll
0x00007ff853f50000 - 0x00007ff853ffc000 	C:\Program Files (x86)\360\Total Security\safemon\libzdtp64.dll
0x00007ff86fab0000 - 0x00007ff870203000 	C:\WINDOWS\System32\SHELL32.dll
0x00007ff86e060000 - 0x00007ff86e1ca000 	C:\WINDOWS\System32\wintypes.dll
0x00007ff86f330000 - 0x00007ff86f6b6000 	C:\WINDOWS\System32\combase.dll
0x00007ff870260000 - 0x00007ff8702c6000 	C:\WINDOWS\System32\SHLWAPI.dll
0x00007ff86d9f0000 - 0x00007ff86d9fb000 	C:\WINDOWS\SYSTEM32\VERSION.dll
0x00007ff868580000 - 0x00007ff86858c000 	C:\Program Files\Java\jdk-25\bin\vcruntime140_1.dll
0x00007ff85d120000 - 0x00007ff85d1ad000 	C:\Program Files\Java\jdk-25\bin\msvcp140.dll
0x00007ff8285e0000 - 0x00007ff82943f000 	C:\Program Files\Java\jdk-25\bin\server\jvm.dll
0x00007ff870770000 - 0x00007ff8707e4000 	C:\WINDOWS\System32\WS2_32.dll
0x00007ff86dd70000 - 0x00007ff86ddce000 	C:\WINDOWS\SYSTEM32\POWRPROF.dll
0x00007ff869c80000 - 0x00007ff869cb5000 	C:\WINDOWS\SYSTEM32\WINMM.dll
0x00007ff86dd50000 - 0x00007ff86dd64000 	C:\WINDOWS\SYSTEM32\UMPDC.dll
0x00007ff86cc10000 - 0x00007ff86cc2b000 	C:\WINDOWS\SYSTEM32\kernel.appcore.dll
0x00007ff85d240000 - 0x00007ff85d24a000 	C:\Program Files\Java\jdk-25\bin\jimage.dll
0x00007ff86b4c0000 - 0x00007ff86b702000 	C:\WINDOWS\SYSTEM32\DBGHELP.DLL
0x00007ff86efc0000 - 0x00007ff86f096000 	C:\WINDOWS\System32\OLEAUT32.dll
0x00007ff869120000 - 0x00007ff86915c000 	C:\WINDOWS\SYSTEM32\dbgcore.DLL
0x00007ff86e750000 - 0x00007ff86e7f5000 	C:\WINDOWS\System32\bcryptPrimitives.dll
0x00007ff854030000 - 0x00007ff85406d000 	C:\Program Files\Java\jdk-25\bin\jdwp.dll
0x00007ff85d210000 - 0x00007ff85d220000 	C:\Program Files\Java\jdk-25\bin\instrument.dll
0x00007ff85d220000 - 0x00007ff85d23f000 	C:\Program Files\Java\jdk-25\bin\java.dll
0x00007ff86f910000 - 0x00007ff86faa7000 	C:\WINDOWS\System32\ole32.dll
0x00007ff8283c0000 - 0x00007ff8285d1000 	C:\Users\kotei\AppData\Local\Temp\idea_libasyncProfiler_dll_temp_folder2692\libasyncProfiler.dll
0x00007ff85d1f0000 - 0x00007ff85d207000 	C:\Program Files\Java\jdk-25\bin\zip.dll
0x00007ff86ba60000 - 0x00007ff86c2be000 	C:\WINDOWS\SYSTEM32\windows.storage.dll
0x00007ff8703f0000 - 0x00007ff8704e5000 	C:\WINDOWS\System32\SHCORE.dll
0x00007ff86de30000 - 0x00007ff86de59000 	C:\WINDOWS\SYSTEM32\profapi.dll
0x00007ff856f10000 - 0x00007ff856f1c000 	C:\Program Files\Java\jdk-25\bin\dt_socket.dll
0x00007ff86c650000 - 0x00007ff86c684000 	C:\WINDOWS\SYSTEM32\IPHLPAPI.DLL
0x00007ff86d160000 - 0x00007ff86d1cb000 	C:\WINDOWS\system32\mswsock.dll
0x00007ff854860000 - 0x00007ff854870000 	C:\Program Files\Java\jdk-25\bin\verify.dll
0x00007ff854000000 - 0x00007ff854012000 	C:\Program Files\Java\jdk-25\bin\net.dll
0x00007ff853ef0000 - 0x00007ff853f06000 	C:\Program Files\Java\jdk-25\bin\nio.dll
0x00007ff86c6f0000 - 0x00007ff86c81c000 	C:\WINDOWS\SYSTEM32\DNSAPI.dll
0x00007ff8705d0000 - 0x00007ff8705da000 	C:\WINDOWS\System32\NSI.dll
0x00007ff865dc0000 - 0x00007ff865dcb000 	C:\Windows\System32\rasadhlp.dll
0x00007ff867a90000 - 0x00007ff867b16000 	C:\WINDOWS\System32\fwpuclnt.dll
0x00007ff8540e0000 - 0x00007ff8540ea000 	C:\Program Files\Java\jdk-25\bin\management.dll
0x00007ff853ed0000 - 0x00007ff853edc000 	C:\Program Files\Java\jdk-25\bin\management_ext.dll
0x00007ff86ed50000 - 0x00007ff86ed58000 	C:\WINDOWS\System32\PSAPI.DLL
0x00007ff86d550000 - 0x00007ff86d56b000 	C:\WINDOWS\SYSTEM32\CRYPTSP.dll
0x00007ff86cb70000 - 0x00007ff86cbaa000 	C:\WINDOWS\system32\rsaenh.dll
0x00007ff86d210000 - 0x00007ff86d23b000 	C:\WINDOWS\SYSTEM32\USERENV.dll
0x00007ff86de00000 - 0x00007ff86de2a000 	C:\WINDOWS\SYSTEM32\bcrypt.dll
0x00007ff86d3b0000 - 0x00007ff86d3bc000 	C:\WINDOWS\SYSTEM32\CRYPTBASE.dll
0x00007ff846db0000 - 0x00007ff846dc8000 	C:\WINDOWS\system32\napinsp.dll
0x00007ff845600000 - 0x00007ff845612000 	C:\WINDOWS\System32\winrnr.dll
0x00007ff8455d0000 - 0x00007ff8455f2000 	C:\WINDOWS\system32\nlansp_c.dll
0x00007ff8455b0000 - 0x00007ff8455c6000 	C:\WINDOWS\system32\wshbth.dll
0x00007ff8546d0000 - 0x00007ff8546d9000 	C:\Program Files\Java\jdk-25\bin\extnet.dll
0x00007ff8547e0000 - 0x00007ff8547ee000 	C:\Program Files\Java\jdk-25\bin\sunmscapi.dll
0x00007ff86e1d0000 - 0x00007ff86e347000 	C:\WINDOWS\System32\CRYPT32.dll
0x00007ff86d6a0000 - 0x00007ff86d6d0000 	C:\WINDOWS\SYSTEM32\ncrypt.dll
0x00007ff86d650000 - 0x00007ff86d68f000 	C:\WINDOWS\SYSTEM32\NTASN1.dll
0x00007ff840e10000 - 0x00007ff840e18000 	C:\WINDOWS\system32\wshunix.dll

JVMTI agents:
jdwp path:C:\Program Files\Java\jdk-25\bin\jdwp.dll, loaded, initialized, options:transport=dt_socket,address=127.0.0.1:50376,suspend=y,server=n
C:\Users\kotei\AppData\Local\JetBrains\IntelliJIdea2025.2\captureAgent\debugger-agent.jar path:C:\Program Files\Java\jdk-25\bin\instrument.dll, loaded, initialized, instrumentlib options:file:///C:/Users/kotei/AppData/Local/Temp/capture16994571898752242576.props
C:\Users\kotei\AppData\Local\Temp\idea_libasyncProfiler_dll_temp_folder2692\libasyncProfiler.dll path:C:\Users\kotei\AppData\Local\Temp\idea_libasyncProfiler_dll_temp_folder2692\libasyncProfiler.dll, loaded, initialized, options:version,jfr,event=wall,interval=10ms,cstack=no,file=C:\Users\kotei\IdeaSnapshots\ApiAutomationApplication_2026_02_08_190706.jfr,dbghelppath=C:\Users\kotei\AppData\Local\Temp\idea_dbghelp_dll_temp_folder128\dbghelp.dll,log=C:\Users\kotei\AppData\Local\Temp\ApiAutomationApplication_2026_02_08_190706.jfr.log.txt,logLevel=DEBUG

dbghelp: loaded successfully - version: 4.0.5 - missing functions: none
symbol engine: initialized successfully - sym options: 0x614 - pdb path: .;C:\Program Files\Java\jdk-25\bin;C:\WINDOWS\SYSTEM32;C:\WINDOWS\WinSxS\amd64_microsoft.windows.common-controls_6595b64144ccf1df_6.0.26100.7309_none_3e05feeae336a044;C:\Program Files (x86)\360\Total Security\safemon;C:\Program Files\Java\jdk-25\bin\server;C:\Users\kotei\AppData\Local\Temp\idea_libasyncProfiler_dll_temp_folder2692

VM Arguments:
jvm_args: -agentlib:jdwp=transport=dt_socket,address=127.0.0.1:50376,suspend=y,server=n -javaagent:C:\Users\kotei\AppData\Local\JetBrains\IntelliJIdea2025.2\captureAgent\debugger-agent.jar=file:///C:/Users/kotei/AppData/Local/Temp/capture16994571898752242576.props -agentpath:C:\Users\kotei\AppData\Local\Temp\idea_libasyncProfiler_dll_temp_folder2692\libasyncProfiler.dll=version,jfr,event=wall,interval=10ms,cstack=no,file=C:\Users\kotei\IdeaSnapshots\ApiAutomationApplication_2026_02_08_190706.jfr,dbghelppath=C:\Users\kotei\AppData\Local\Temp\idea_dbghelp_dll_temp_folder128\dbghelp.dll,log=C:\Users\kotei\AppData\Local\Temp\ApiAutomationApplication_2026_02_08_190706.jfr.log.txt,logLevel=DEBUG -XX:TieredStopAtLevel=1 -Dspring.output.ansi.enabled=always -Dcom.sun.management.jmxremote -Dspring.jmx.enabled=true -Dspring.liveBeansView.mbeanDomain -Dspring.application.admin.enabled=true -Dmanagement.endpoints.jmx.exposure.include=* -Dkotlinx.coroutines.debug.enable.creation.stack.trace=false -Ddebugger.agent.enable.coroutines=true -Dkotlinx.coroutines.debug.enable.flows.stack.trace=true -Dkotlinx.coroutines.debug.enable.mutable.state.flows.stack.trace=true -Dfile.encoding=UTF-8 -Dsun.stdout.encoding=UTF-8 -Dsun.stderr.encoding=UTF-8 
java_command: com.usg.apiAutomation.ApiAutomationApplication
java_class_path (initial): C:\Users\kotei\OneDrive\Documents\KEY PROJECTS\API AUTOMATION\SERVER\target\classes;C:\Users\kotei\.m2\repository\org\springframework\boot\spring-boot-starter-data-jpa\3.4.12\spring-boot-starter-data-jpa-3.4.12.jar;C:\Users\kotei\.m2\repository\org\springframework\boot\spring-boot-starter\3.4.12\spring-boot-starter-3.4.12.jar;C:\Users\kotei\.m2\repository\org\springframework\boot\spring-boot-starter-logging\3.4.12\spring-boot-starter-logging-3.4.12.jar;C:\Users\kotei\.m2\repository\ch\qos\logback\logback-classic\1.5.21\logback-classic-1.5.21.jar;C:\Users\kotei\.m2\repository\ch\qos\logback\logback-core\1.5.21\logback-core-1.5.21.jar;C:\Users\kotei\.m2\repository\org\apache\logging\log4j\log4j-to-slf4j\2.24.3\log4j-to-slf4j-2.24.3.jar;C:\Users\kotei\.m2\repository\org\apache\logging\log4j\log4j-api\2.24.3\log4j-api-2.24.3.jar;C:\Users\kotei\.m2\repository\org\slf4j\jul-to-slf4j\2.0.17\jul-to-slf4j-2.0.17.jar;C:\Users\kotei\.m2\repository\org\yaml\snakeyaml\2.3\snakeyaml-2.3.jar;C:\Users\kotei\.m2\repository\org\springframework\boot\spring-boot-starter-jdbc\3.4.12\spring-boot-starter-jdbc-3.4.12.jar;C:\Users\kotei\.m2\repository\com\zaxxer\HikariCP\5.1.0\HikariCP-5.1.0.jar;C:\Users\kotei\.m2\repository\org\springframework\spring-jdbc\6.2.14\spring-jdbc-6.2.14.jar;C:\Users\kotei\.m2\repository\org\hibernate\orm\hibernate-core\6.6.36.Final\hibernate-core-6.6.36.Final.jar;C:\Users\kotei\.m2\repository\jakarta\persistence\jakarta.persistence-api\3.1.0\jakarta.persistence-api-3.1.0.jar;C:\Users\kotei\.m2\repository\jakarta\transaction\jakarta.transaction-api\2.0.1\jakarta.transaction-api-2.0.1.jar;C:\Users\kotei\.m2\repository\org\jboss\logging\jboss-logging\3.6.1.Final\jboss-logging-3.6.1.Final.jar;C:\Users\kotei\.m2\repository\org\hibernate\common\hibernate-commons-annotations\7.0.3.Final\hibernate-commons-annotations-7.0.3.Final.jar;C:\Users\kotei\.m2\repository\io\smallrye\jandex\3.2.0\jandex-3.2.0.jar;C:\Users\kotei\.m2\repository\com\fasterxml\classmate\1.7.1\classmate-1.7.1.jar;C:\Users\kotei\.m2\repository\net\bytebuddy\byte-buddy\1.15.11\byte-buddy-1.15.11.jar;C:\Users\kotei\.m2\repository\org\glassfish\jaxb\jaxb-runtime\4.0.6\jaxb-runtime-4.0.6.jar;C:\Users\kotei\.m2\repository\org\glassfish\jaxb\jaxb-core\4.0.6\jaxb-core-4.0.6.jar;C:\Users\kotei\.m2\repository\org\glassfish\jaxb\txw2\4.0.6\txw2-4.0.6.jar;C:\Users\kotei\.m2\repository\com\sun\istack\istack-commons-runtime\4.1.2\istack-commons-runtime-4.1.2.jar;C:\Users\kotei\.m2\repository\jakarta\inject\jakarta.inject-api\2.0.1\jakarta.inject-api-2.0.1.jar;C:\Users\kotei\.m2\repository\org\antlr\antlr4-runtime\4.13.0\antlr4-runtime-4.13.0.jar;C:\Users\kotei\.m2\repository\org\springframework\data\spring-data-jpa\3.4.12\spring-data-jpa-3.4.12.jar;C:\Users\kotei\.m2\repository\org\springframework\data\spring-data-commons\3.4.12\spring-data-commons-3.4.12.jar;C:\Users\kotei\.m2\repository\org\springframework\spring-orm\6.2.14\spring-orm-6.2.14.jar;C:\Users\kotei\.m2\repository\org\springframework\spring-context\6.2.14\spring-context-6.2.14.jar;C:\Users\kotei\.m2\repository\org\springframework\spring-tx\6.2.14\spring-tx-6.2.14.jar;C:\Users\kotei\.m2\repository\org\springframework\spring-beans\6.2.14\spring-beans-6.2.14.jar;C:\Users\kotei\.m2\repository\org\springframework\spring-aspects\6.2.14\spring-aspects-6.2.14.jar;C:\Users\kotei\.m2\repository\org\aspectj\aspectjweaver\1.9.25\aspectjweaver-1.9.25.jar;C:\Users\kotei\.m2\repository\org\springframework\boot\spring-boot-starter-security\3.4.12\spring-boot-starter-security-3.4.12.jar;C:\Users\kotei\.m2\repository\org\springframework\spring-aop\6.2.14\spring-aop-6.2.14.jar;C:\Users\kotei\.m2\repository\org\springframework\security\spring-security-config\6.4.13\spring-security-config-6.4.13.jar;C:\Users\kotei\.m2\repository\org\springframework\security\spring-security-web\6.4.13\spring-security-web-6.4.13.jar;C:\Users\kotei\.m2\repository\org\springframework\spring-expression\6.2.14\spring-expression-6.2.14.jar;C:\Users\kotei\.m2\repository\org\springframework\boot\spring-boot-starter-validation\3.4.12\spring-boot-starter-validation-3.4.12.jar;C:\Users\kotei\.m2\repository\org\apache\tomcat\embed\tomcat-embed-el\10.1.49\tomcat-embed-el-10.1.49.jar;C:\Users\kotei\.m2\repository\org\hibernate\validator\hibernate-validator\8.0.3.Final\hibernate-validator-8.0.3.Final.jar;C:\Users\kotei\.m2\repository\jakarta\validation\jakarta.validation-api\3.0.2\jakarta.validation-api-3.0.2.jar;C:\Users\kotei\.m2\repository\org\springframework\boot\spring-boot-starter-web\3.4.12\spring-boot-starter-web-3.4.12.jar;C:\Users\kotei\.m2\repository\org\springframework\boot\spring-boot-starter-json\3.4.12\spring-boot-starter-json-3.4.12.jar;C:\Users\kotei\.m2\repository\com\fasterxml\jackson\datatype\jackson-datatype-jdk8\2.18.5\jackson-datatype-jdk8-2.18.5.jar;C:\Users\kotei\.m2\repository\com\fasterxml\jackson\datatype\jackson-datatype-jsr310\2.18.5\jackson-datatype-jsr310-2.18.5.jar;C:\Users\kotei\.m2\repository\com\fasterxml\jackson\module\jackson-module-parameter-names\2.18.5\jackson-module-parameter-names-2.18.5.jar;C:\Users\kotei\.m2\repository\org\springframework\spring-web\6.2.14\spring-web-6.2.14.jar;C:\Users\kotei\.m2\repository\io\micrometer\micrometer-observation\1.14.13\micrometer-observation-1.14.13.jar;C:\Users\kotei\.m2\repository\io\micrometer\micrometer-commons\1.14.13\micrometer-commons-1.14.13.jar;C:\Users\kotei\.m2\repository\org\springframework\spring-webmvc\6.2.14\spring-webmvc-6.2.14.jar;C:\Users\kotei\.m2\repository\org\springframework\boot\spring-boot-devtools\3.4.12\spring-boot-devtools-3.4.12.jar;C:\Users\kotei\.m2\repository\org\springframework\boot\spring-boot\3.4.12\spring-boot-3.4.12.jar;C:\Users\kotei\.m2\repository\org\springframework\boot\spring-boot-autoconfigure\3.4.12\spring-boot-autoconfigure-3.4.12.jar;C:\Users\kotei\.m2\repository\org\postgresql\postgresql\42.7.8\postgresql-42.7.8.jar;C:\Users\kotei\.m2\repository\org\checkerframework\checker-qual\3.49.5\checker-qual-3.49.5.jar;C:\Users\kotei\.m2\repository\org\projectlombok\lombok\1.18.42\lombok-1.18.42.jar;C:\Users\kotei\.m2\repository\org\springframework\boot\spring-boot-starter-tomcat\3.4.12\spring-boot-starter-tomcat-3.4.12.jar;C:\Users\kotei\.m2\repository\jakarta\annotation\jakarta.annotation-api\2.1.1\jakarta.annotation-api-2.1.1.jar;C:\Users\kotei\.m2\repository\org\apache\tomcat\embed\tomcat-embed-core\10.1.49\tomcat-embed-core-10.1.49.jar;C:\Users\kotei\.m2\repository\org\apache\tomcat\embed\tomcat-embed-websocket\10.1.49\tomcat-embed-websocket-10.1.49.jar;C:\Users\kotei\.m2\repository\jakarta\xml\bind\jakarta.xml.bind-api\4.0.4\jakarta.xml.bind-api-4.0.4.jar;C:\Users\kotei\.m2\repository\jakarta\activation\jakarta.activation-api\2.1.4\jakarta.activation-api-2.1.4.jar;C:\Users\kotei\.m2\repository\org\springframework\spring-core\6.2.14\spring-core-6.2.14.jar;C:\Users\kotei\.m2\repository\org\springframework\spring-jcl\6.2.14\spring-jcl-6.2.14.jar;C:\Users\kotei\.m2\repository\org\springframework\security\spring-security-core\6.4.13\spring-security-core-6.4.13.jar;C:\Users\kotei\.m2\repository\org\springframework\security\spring-security-crypto\6.4.13\spring-security-crypto-6.4.13.jar;C:\Users\kotei\.m2\repository\com\vladmihalcea\hibernate-types-60\2.21.1\hibernate-types-60-2.21.1.jar;C:\Users\kotei\.m2\repository\javax\xml\bind\jaxb-api\2.3.0\jaxb-api-2.3.0.jar;C:\Users\kotei\.m2\repository\org\springdoc\springdoc-openapi-starter-webmvc-ui\2.7.0\springdoc-openapi-starter-webmvc-ui-2.7.0.jar;C:\Users\kotei\.m2\repository\org\springdoc\springdoc-openapi-starter-webmvc-api\2.7.0\springdoc-openapi-starter-webmvc-api-2.7.0.jar;C:\Users\kotei\.m2\repository\org\springdoc\springdoc-openapi-starter-common\2.7.0\springdoc-openapi-starter-common-2.7.0.jar;C:\Users\kotei\.m2\repository\io\swagger\core\v3\swagger-core-jakarta\2.2.25\swagger-core-jakarta-2.2.25.jar;C:\Users\kotei\.m2\repository\org\apache\commons\commons-lang3\3.17.0\commons-lang3-3.17.0.jar;C:\Users\kotei\.m2\repository\io\swagger\core\v3\swagger-annotations-jakarta\2.2.25\swagger-annotations-jakarta-2.2.25.jar;C:\Users\kotei\.m2\repository\io\swagger\core\v3\swagger-models-jakarta\2.2.25\swagger-models-jakarta-2.2.25.jar;C:\Users\kotei\.m2\repository\com\fasterxml\jackson\dataformat\jackson-dataformat-yaml\2.18.5\jackson-dataformat-yaml-2.18.5.jar;C:\Users\kotei\.m2\repository\org\webjars\swagger-ui\5.18.2\swagger-ui-5.18.2.jar;C:\Users\kotei\.m2\repository\org\webjars\webjars-locator-lite\1.0.1\webjars-locator-lite-1.0.1.jar;C:\Users\kotei\.m2\repository\org\jspecify\jspecify\1.0.0\jspecify-1.0.0.jar;C:\Users\kotei\.m2\repository\org\java-websocket\Java-WebSocket\1.5.6\Java-WebSocket-1.5.6.jar;C:\Users\kotei\.m2\repository\org\slf4j\slf4j-api\2.0.17\slf4j-api-2.0.17.jar;C:\Users\kotei\.m2\repository\org\springframework\boot\spring-boot-starter-websocket\3.4.12\spring-boot-starter-websocket-3.4.12.jar;C:\Users\kotei\.m2\repository\org\springframework\spring-messaging\6.2.14\spring-messaging-6.2.14.jar;C:\Users\kotei\.m2\repository\org\springframework\spring-websocket\6.2.14\spring-websocket-6.2.14.jar;C:\Users\kotei\.m2\repository\io\jsonwebtoken\jjwt-api\0.12.3\jjwt-api-0.12.3.jar;C:\Users\kotei\.m2\repository\io\jsonwebtoken\jjwt-impl\0.12.3\jjwt-impl-0.12.3.jar;C:\Users\kotei\.m2\repository\io\jsonwebtoken\jjwt-jackson\0.12.3\jjwt-jackson-0.12.3.jar;C:\Users\kotei\.m2\repository\com\fasterxml\jackson\core\jackson-databind\2.18.5\jackson-databind-2.18.5.jar;C:\Users\kotei\.m2\repository\com\fasterxml\jackson\core\jackson-annotations\2.18.5\jackson-annotations-2.18.5.jar;C:\Users\kotei\.m2\repository\com\fasterxml\jackson\core\jackson-core\2.18.5\jackson-core-2.18.5.jar;C:\Users\kotei\.m2\repository\org\springframework\boot\spring-boot-starter-mail\3.4.12\spring-boot-starter-mail-3.4.12.jar;C:\Users\kotei\.m2\repository\org\springframework\spring-context-support\6.2.14\spring-context-support-6.2.14.jar;C:\Users\kotei\.m2\repository\org\eclipse\angus\jakarta.mail\2.0.5\jakarta.mail-2.0.5.jar;C:\Users\kotei\.m2\repository\org\eclipse\angus\angus-activation\2.0.3\angus-activation-2.0.3.jar;C:\Users\kotei\.m2\repository\com\sun\mail\jakarta.mail\2.0.1\jakarta.mail-2.0.1.jar;C:\Users\kotei\.m2\repository\com\sun\activation\jakarta.activation\2.0.1\jakarta.activation-2.0.1.jar;C:\Users\kotei\.m2\repository\com\googlecode\libphonenumber\libphonenumber\8.13.17\libphonenumber-8.13.17.jar;C:\Program Files\JetBrains\IntelliJ IDEA 2025.2.4\lib\idea_rt.jar
Launcher Type: SUN_STANDARD

[Global flags]
     intx CICompilerCount                          = 4                                         {product} {ergonomic}
     uint ConcGCThreads                            = 2                                         {product} {ergonomic}
     uint G1ConcRefinementThreads                  = 8                                         {product} {ergonomic}
   size_t G1HeapRegionSize                         = 4194304                                   {product} {ergonomic}
   size_t InitialHeapSize                          = 532676608                                 {product} {ergonomic}
     bool ManagementServer                         = true                                      {product} {command line}
   size_t MarkStackSize                            = 4194304                                   {product} {ergonomic}
   size_t MarkStackSizeMax                         = 536870912                                 {product} {ergonomic}
   size_t MaxHeapSize                              = 8514437120                                {product} {ergonomic}
   size_t MaxNewSize                               = 5108662272                                {product} {ergonomic}
   size_t MinHeapDeltaBytes                        = 4194304                                   {product} {ergonomic}
   size_t MinHeapSize                              = 8388608                                   {product} {ergonomic}
    uintx NonNMethodCodeHeapSize                   = 4096                                   {pd product} {ergonomic}
    uintx NonProfiledCodeHeapSize                  = 0                                      {pd product} {ergonomic}
     bool ProfileInterpreter                       = false                                  {pd product} {command line}
    uintx ProfiledCodeHeapSize                     = 0                                      {pd product} {ergonomic}
   size_t SoftMaxHeapSize                          = 8514437120                             {manageable} {ergonomic}
     intx TieredStopAtLevel                        = 1                                         {product} {command line}
     bool UseCompressedOops                        = true                           {product lp64_product} {ergonomic}
     bool UseG1GC                                  = true                                      {product} {ergonomic}
     bool UseLargePagesIndividualAllocation        = false                                  {pd product} {ergonomic}

Logging:
Log output configuration:
 #0: stdout all=warning uptime,level,tags foldmultilines=false
 #1: stderr all=off uptime,level,tags foldmultilines=false

Release file:
IMPLEMENTOR="Oracle Corporation" 
JAVA_RUNTIME_VERSION="25.0.1+8-LTS-27" 
JAVA_VERSION="25.0.1" 
JAVA_VERSION_DATE="2025-10-21" 
LIBC="default" 
MODULES="java.base java.compiler java.datatransfer java.xml java.prefs java.desktop java.instrument java.logging java.management java.security.sasl java.naming java.rmi java.management.rmi java.net.http java.scripting java.security.jgss java.transaction.xa java.sql java.sql.rowset java.xml.crypto java.se java.smartcardio jdk.accessibility jdk.internal.jvmstat jdk.attach jdk.charsets jdk.internal.opt jdk.zipfs jdk.compiler jdk.crypto.cryptoki jdk.crypto.ec jdk.crypto.mscapi jdk.dynalink jdk.internal.ed jdk.editpad jdk.internal.vm.ci jdk.graal.compiler jdk.graal.compiler.management jdk.hotspot.agent jdk.httpserver jdk.incubator.vector jdk.internal.le jdk.internal.md jdk.jartool jdk.javadoc jdk.jcmd jdk.management jdk.management.agent jdk.jconsole jdk.jdeps jdk.jdwp.agent jdk.jdi jdk.jfr jdk.jlink jdk.jpackage jdk.jshell jdk.jsobject jdk.jstatd jdk.localedata jdk.management.jfr jdk.naming.dns jdk.naming.rmi jdk.net jdk.nio.mapmode jdk.sctp jdk.security.auth jdk.security.jgss jdk.unsupported jdk.unsupported.desktop jdk.xml.dom" 
OS_ARCH="x86_64" 
OS_NAME="Windows" 
SOURCE=".:git:862c85bc42b7 open:git:78770bfaefd2" 

Environment Variables:
JAVA_HOME=C:\Program Files\Eclipse Adoptium\jdk-17.0.17.10-hotspot
PATH=C:\Program Files\Eclipse Adoptium\jdk-17.0.17.10-hotspot\bin;C:\Program Files\Common Files\Oracle\Java\javapath;C:\WINDOWS\system32;C:\WINDOWS;C:\WINDOWS\System32\Wbem;C:\WINDOWS\System32\WindowsPowerShell\v1.0\;C:\WINDOWS\System32\OpenSSH\;C:\Program Files\nodejs\;C:\Program Files\Apache\Maven\bin;C:\Program Files\Git\cmd;C:\Program Files\PostgreSQL\18\bin;C:\Program Files\Eclipse Adoptium\jdk-17.0.17.10-hotspot\bin;C:\Users\kotei\AppData\Local\Microsoft\WindowsApps;C:\Users\kotei\AppData\Local\Programs\Microsoft VS Code\bin;C:\Users\kotei\AppData\Roaming\npm
USERNAME=kotei
OS=Windows_NT
PROCESSOR_IDENTIFIER=Intel64 Family 6 Model 140 Stepping 1, GenuineIntel
TMP=C:\Users\kotei\AppData\Local\Temp
TEMP=C:\Users\kotei\AppData\Local\Temp




Compilation memory statistics disabled.

Periodic native trim disabled

---------------  S Y S T E M  ---------------

OS:
 Windows 11 , 64 bit Build 26100 (10.0.26100.7623)
OS uptime: 0 days 1:54 hours
Hyper-V role detected

CPU: total 8 (initial active 8) (4 cores per cpu, 2 threads per core) family 6 model 140 stepping 1 microcode 0x86, cx8, cmov, fxsr, ht, mmx, 3dnowpref, sse, sse2, sse3, ssse3, sse4.1, sse4.2, popcnt, lzcnt, tsc, tscinvbit, avx, avx2, aes, erms, clmul, bmi1, bmi2, adx, avx512f, avx512dq, avx512cd, avx512bw, avx512vl, sha, fma, vzeroupper, avx512_vpopcntdq, avx512_vpclmulqdq, avx512_vaes, avx512_vnni, clflush, clflushopt, clwb, avx512_vbmi2, avx512_vbmi, hv, rdtscp, rdpid, fsrm, gfni, avx512_bitalg, f16c, cet_ibt, cet_ss, avx512_ifma
Processor Information for the first 8 processors :
  Max Mhz: 2419, Current Mhz: 2419, Mhz Limit: 2419

Memory: 4k page, system-wide physical 32466M (17431M free)
TotalPageFile size 34514M (AvailPageFile size 19374M)
current process WorkingSet (physical memory assigned to process): 438M, peak: 576M
current process commit charge ("private bytes"): 485M, peak: 669M

vm_info: Java HotSpot(TM) 64-Bit Server VM (25.0.1+8-LTS-27) for windows-amd64 JRE (25.0.1+8-LTS-27), built on 2025-09-25T16:41:16Z with unknown MS VC++:1943

END.
